Project patterns Original size 32 Crunched size 32
Teleporters Original size 8 Crunched size 8
XGM Null sound Original size 256 Crunched size 256
XGM Null song Original size 172 Crunched size 172
Get Y lookup table map_new Original size 64 Crunched size 64
XGM PCM sound Original size 3584 Crunched size 3584
XGM 68K Plugin Driver Original size 806 Crunched size 806
Project sound Original size 168 Crunched size 168
XGM PCM sound Original size 2816 Crunched size 2816
XGM Core Driver Original size 5888 Crunched size 5888
XGM PCM sound Original size 3072 Crunched size 3072
XGM PCM sound Original size 5120 Crunched size 5120
XGM PCM sound Original size 5632 Crunched size 5632
Default MD font Original size 2048 Crunched size 2048
Default MD number font Original size 320 Crunched size 320
Project virtual machine (codeblocks) Original size 9226 Crunched size 9226
Panel  Original size 10332 Crunched size 10332
Panel md_32x_background Original size 144230 Crunched size 144230
Panel md_32x_graveyard Original size 16700 Crunched size 16700
Panel md_background Original size 18120 Crunched size 18120
Panel title Original size 21116 Crunched size 21116
Project blocks Original size 476 Crunched size 476
Project actors Original size 2068 Crunched size 2068
Pattern data for 1 Original size 1740 Crunched size 1740
Map header map_new Original size 16392 Crunched size 16392
Map tile data  map_new Original size 4832 Crunched size 95
Map block data for map_new Original size 4832 Crunched size 87
Map path node data for map_new Original size 132 Crunched size 132
Map event data for map_new Original size 64 Crunched size 64
Project name table Original size 1624 Crunched size 1624
Streamed project patterns Original size 87008 Crunched size 87008
Images Original size 6012 Crunched size 6012
Animations Original size 448 Crunched size 448
Animation Frames Original size 1936 Crunched size 1936
Mega Drive header Original size 3664 Crunched size 3664
Var Data Original size 58 Crunched size 58
Attack Data Original size 132 Crunched size 132

=== Possibly unused animations ===
ghost_r
hero_attack2_r
hero_attack2_l

=== Possibly unused Actors ===
ghost
hell_gato
skeleton_spawn_left
skeleton_spawn_right

=== Possibly unused sound effects ===
attack
hurt
jump

=== Codeblocks by compiled size ===
load_level: 966
set_yresolution: 386 (Unused?)
flipscreen_smooth: 306 (Unused?)
do_teleport: 300
pre_startup: 270
pause: 252 (Unused?)
flipxymove: 250 (Unused?)
waitforframes: 186
startup: 184
on_hurt_player: 178
player_hurt_handler: 178
snap_to_screen: 158 (Unused?)
player_control_handler: 158
flipymove: 146 (Unused?)
load_panel: 146
pre_quit: 144 (Unused?)
bg_handler: 138 (Unused?)
flipxmove: 130
destroy_all_blocks: 120 (Unused?)
load_music: 118 (Unused?)
pre_load_level: 118
on_spawn_skeleton: 118
unload_level: 114
on_skeleton_risen: 114
reset_level: 112
waitforfireup: 106
waitforfiredown: 102
player_handler: 102
load_panel_bottom: 96 (Unused?)
load_panel_top: 96 (Unused?)
unload_panel: 92
pre_anim5: 86 (Unused?)
waitforfirehit: 86
on_try_spawn_skeleton_left: 86
on_try_spawn_skeleton_right: 86
player_crouch_handler: 86
fadeout: 84
AUTOGEN_OUTOFSCREEN_on_leave_left_on_leave_right_None_None: 78
wrap_screen_bottom: 76 (Unused?)
wrap_screen_right: 76 (Unused?)
on_kill_enemy: 76
wrap_screen_left: 72 (Unused?)
wrap_screen_top: 72 (Unused?)
flipscreen: 70 (Unused?)
jump_actor: 62
unload_panel_bottom: 62
unload_panel_top: 62
fadein: 58
destroy_all_actors: 56 (Unused?)
load_panel_finish: 56
destroy_actor: 54
AUTOGEN_OUTOFSCREEN_None_None_None_reset_level: 54
load_music_finish: 52
regenerate_screen: 52
return: 52 (Unused?)
destroy_block: 48 (Unused?)
quit: 46 (Unused?)
key_up_pressed: 44 (Unused?)
regenerate_screen_wait: 42
on_leave_left: 42
on_leave_right: 42
set_actor_invisible: 42
key_down_pressed: 38 (Unused?)
key_left_pressed: 38 (Unused?)
key_right_pressed: 38 (Unused?)
key_attack_pressed: 32 (Unused?)
key_down_released: 32 (Unused?)
key_left_released: 32 (Unused?)
key_right_released: 32 (Unused?)
key_up_released: 32 (Unused?)
vm_registers: 26 (Unused?)
vm_constants: 26 (Unused?)
debug_breakpoint: 26 (Unused?)
vm_constants_controlbits: 26 (Unused?)
vm_constants_notes: 26 (Unused?)
vm_constants_platform: 26 (Unused?)
vm_constants_tile_properties: 26 (Unused?)
color_off: 26 (Unused?)
color_on: 26 (Unused?)
