RAM reserved for level tiles: 12684 bytes (largest level: map_new)

XGM Null song Original size 172 Crunched size 172
Teleporters Original size 8 Crunched size 8
XGM Null sound Original size 256 Crunched size 256
XGM 68K Plugin Driver Original size 804 Crunched size 804
Project sound Original size 168 Crunched size 168
Project patterns Original size 32 Crunched size 32
Commands for Joystick 1 Original size 12 Crunched size 12
XGM PCM sound Original size 3584 Crunched size 3584
XGM Core Driver Original size 5888 Crunched size 5888
XGM PCM sound Original size 2816 Crunched size 2816
XGM PCM sound Original size 3072 Crunched size 3072
XGM PCM sound Original size 5120 Crunched size 5120
XGM PCM sound Original size 5632 Crunched size 5632
Default MD font Original size 2048 Crunched size 2048
Default MD number font Original size 320 Crunched size 320
Project virtual machine (codeblocks) Original size 11570 Crunched size 11570
Panel  Original size 10334 Crunched size 10334
Panel md_background Original size 18122 Crunched size 18122
Panel title Original size 21118 Crunched size 21118
Project blocks Original size 476 Crunched size 476
Project actors Original size 2068 Crunched size 2068
Pattern data for 1 Original size 1740 Crunched size 1740
Map header map_new Original size 16396 Crunched size 16396
Get Y lookup table map_new Original size 84 Crunched size 84
Map tile data  map_new Original size 6342 Crunched size 95
Map block data for map_new Original size 6342 Crunched size 87
Map path node data for map_new Original size 132 Crunched size 132
Map event data for map_new Original size 64 Crunched size 64
Project name table Original size 1624 Crunched size 1624
Streamed project patterns Original size 87008 Crunched size 87008
Images Original size 6340 Crunched size 6340
Animations Original size 448 Crunched size 448
Animation Frames Original size 1936 Crunched size 1936
Mega Drive header Original size 2902 Crunched size 2902
Var Data Original size 44 Crunched size 44
Attack Data Original size 132 Crunched size 132

=== Possibly unused animations ===
ghost_r
hero_attack2_r
hero_attack2_l

=== Possibly unused Actors ===
ghost
hell_gato
skeleton_spawn_left
skeleton_spawn_right

=== Possibly unused sound effects ===
attack
hurt
jump

=== Codeblocks by compiled size ===
load_level: 724
do_teleport: 404
set_yresolution: 398 (Unused?)
flipscreen_smooth: 310 (Unused?)
flipxymove: 278 (Unused?)
player_hurt_handler: 228
pre_startup: 212
waitforframes: 194
on_hurt_player: 190
startup: 188
reset_level: 178
check_talkpad: 172 (Unused?)
flipymove: 162 (Unused?)
snap_to_screen: 158 (Unused?)
player_control_handler: 158
pre_quit: 152 (Unused?)
load_panel: 146
flipxmove: 142
unload_level: 142
bg_handler: 140 (Unused?)
pause: 138 (Unused?)
on_spawn_skeleton: 134
load_music: 130 (Unused?)
on_skeleton_risen: 126
destroy_all_blocks: 124 (Unused?)
pre_load_level: 122
waitforfireup: 114
fadein: 112
waitforfiredown: 110
unload_panel: 106
player_handler: 106
load_panel_bottom: 96 (Unused?)
load_panel_top: 96 (Unused?)
destroy_child_actors: 94 (Unused?)
autogen_hero_attack_l_1: 90
autogen_hero_attack_l_2: 90
autogen_hero_attack_l_3: 90
autogen_hero_attack_l_4: 90
autogen_hero_attack_l_5: 90
autogen_hero_attack2_r_1: 90
autogen_hero_attack2_r_2: 90
autogen_hero_attack2_r_3: 90
autogen_hero_attack2_r_4: 90
autogen_hero_attack2_r_5: 90
autogen_hero_attack2_l_1: 90
autogen_hero_attack2_l_2: 90
autogen_hero_attack2_l_3: 90
autogen_hero_attack2_l_4: 90
autogen_hero_attack2_l_5: 90
on_try_spawn_skeleton_left: 90
on_try_spawn_skeleton_right: 90
player_crouch_handler: 90
fadeout: 88
autogen_hero_attack_r_2: 88
autogen_hero_attack_r_3: 88
autogen_hero_attack_r_4: 88
autogen_hero_attack_r_5: 88
pre_anim5: 86 (Unused?)
waitforfirehit: 86
autogen_hero_attack_r_1: 86
on_kill_enemy: 84
AUTOGEN_OUTOFSCREEN_on_leave_left_on_leave_right_None_None: 78
load_music_finish: 76
wrap_screen_bottom: 76 (Unused?)
wrap_screen_right: 76 (Unused?)
flipscreen: 72 (Unused?)
wrap_screen_left: 72 (Unused?)
wrap_screen_top: 72 (Unused?)
jump_actor: 66
load_panel_finish: 66
unload_panel_bottom: 62
unload_panel_top: 62
destroy_all_actors: 60 (Unused?)
destroy_actor: 58
regenerate_screen: 58
AUTOGEN_OUTOFSCREEN_None_None_None_reset_level: 54
destroy_block: 52 (Unused?)
return: 52 (Unused?)
quit: 50 (Unused?)
regenerate_screen_wait: 46
on_leave_left: 46
on_leave_right: 46
set_actor_invisible: 46
key_up_pressed: 44 (Unused?)
freeze_actor: 40 (Unused?)
unfreeze_actor: 40 (Unused?)
key_down_pressed: 38 (Unused?)
key_left_pressed: 38 (Unused?)
key_right_pressed: 38 (Unused?)
block_coll_force: 32 (Unused?)
block_coll_passthru: 32 (Unused?)
clear_block_collision: 32
key_attack_pressed: 32 (Unused?)
key_down_released: 32 (Unused?)
key_left_released: 32 (Unused?)
key_right_released: 32 (Unused?)
key_up_released: 32 (Unused?)
vm_registers: 26 (Unused?)
vm_constants: 26 (Unused?)
debug_breakpoint: 26 (Unused?)
hardware_amiga: 26 (Unused?)
hardware_megadrive: 26 (Unused?)
set_ntsc: 26
vm_constants_audiodriver: 26 (Unused?)
vm_constants_controlbits: 26 (Unused?)
vm_constants_notes: 26 (Unused?)
vm_constants_platform: 26 (Unused?)
vm_constants_tile_properties: 26 (Unused?)
color_off: 26 (Unused?)
color_on: 26 (Unused?)
