=== Image optimisations ===

=== Estimated memory usages ===

For chip:
Map gfx (level gfx bundle 1): 146880
Music memory (): 0
BP Buffer memory: 157872
core sfx/gfx memory: 211645
Parallax memory: 0
OS/other estimated: 99328

For other:
Map cache memory: 3306
Map header cache memory: 3306
Map data memory: 24500
Map background memory: 1500
EXE memory: 210108
vm memory: 9396
project memory: 10846
memory reserved for active actors on screen (32): 4744
memory reserved for dormant actors in map (256): 9216
OS/other estimated: 105472

Accounted memory chip: 721197
Accounted memory other: 276922
Accounted memory total: 998119

=== Misc ===
Maps and Asset Bundles Count: 2
Maps and Asset Bundles Data Size: 24
Actor Count: 13
Actor Data Size: 2444
Block Count: 7
Block Data Size: 476
Anim5 Count: 0
Anim5 Data Size: 0
Sound Count: 6
Sound Data Size: 168
Teleporter Count: 1
Teleporter Data Size: 8
Animations Count: 30
Animations Data Size: 480
AnimationFrame Count: 123
AnimationFrame Data Size: 1968
ImageFrames: 114
ImageFrame Data Size: 5016
Sprites: 3
Sprites Data Size: 42
Attack Data: 2
Attack Data Size: 132
Misc data size: 86
Panel scorpion_eng_splashscreen Original size 35158 Crunched size 3258
Panel title Original size 47458 Crunched size 10434
Header data for map map_new Original size 7992 Crunched size 496
Tile data for map map_new (mem restrictions:None) Original size 24500 Crunched size 3306
Background for map map_new Original size 1500 Crunched size 150
Asset bundle 0 (Core project asset bundle) Original size 211645 Crunched size 87890
Asset bundle 1 (map_new) Original size 146880 Crunched size 59462
Project Header Original size 4036 Crunched size 1234
Project Data Original size 10846 Crunched size 3002
Project virtual machine (codeblocks) Original size 9396 Crunched size 2742
Project virtual machine redirects Original size 4 Crunched size 4

=== Possibly unused animations ===
ghost_r
hero_attack2_r
hero_attack2_l

=== Possibly unused Actors ===
bgactor
bgactor2
ghost
hell_gato
skeleton_spawn_left
skeleton_spawn_right

=== Possibly unused sound effects ===
attack
hurt
jump

=== Codeblocks by compiled size ===
load_level: 986
set_yresolution: 446 (Unused?)
do_teleport: 320
flipscreen_smooth: 306 (Unused?)
pre_startup: 290
pause: 252 (Unused?)
flipxymove: 250 (Unused?)
startup: 196
waitforframes: 186
on_hurt_player: 178
player_hurt_handler: 178
snap_to_screen: 158 (Unused?)
player_control_handler: 158
flipymove: 146 (Unused?)
load_panel: 146
pre_quit: 144
bg_handler: 138 (Unused?)
flipxmove: 130
destroy_all_blocks: 120 (Unused?)
load_music: 118 (Unused?)
pre_load_level: 118
on_spawn_skeleton: 118
unload_level: 114
on_skeleton_risen: 114
waitforfireup: 106
reset_level: 106
waitforfiredown: 102
player_handler: 102
load_panel_bottom: 96 (Unused?)
load_panel_top: 96 (Unused?)
unload_panel: 92
pre_anim5: 86 (Unused?)
waitforfirehit: 86
on_try_spawn_skeleton_left: 86
on_try_spawn_skeleton_right: 86
player_crouch_handler: 86
fadeout: 84
AUTOGEN_OUTOFSCREEN_on_leave_left_on_leave_right_None_None: 78
wrap_screen_bottom: 76 (Unused?)
wrap_screen_right: 76 (Unused?)
on_kill_enemy: 76
wrap_screen_left: 72 (Unused?)
wrap_screen_top: 72 (Unused?)
flipscreen: 70 (Unused?)
quit: 66 (Unused?)
jump_actor: 62
unload_panel_bottom: 62
unload_panel_top: 62
fadein: 58
destroy_all_actors: 56 (Unused?)
load_panel_finish: 56
destroy_actor: 54
AUTOGEN_OUTOFSCREEN_None_None_None_reset_level: 54
load_music_finish: 52
regenerate_screen: 52
return: 52 (Unused?)
destroy_block: 48 (Unused?)
key_up_pressed: 44
regenerate_screen_wait: 42
on_leave_left: 42
on_leave_right: 42
set_actor_invisible: 42
color_off: 38
color_on: 38
key_down_pressed: 38
key_left_pressed: 38
key_right_pressed: 38
key_attack_pressed: 32
key_down_released: 32
key_left_released: 32
key_right_released: 32
key_up_released: 32
vm_registers: 26 (Unused?)
vm_constants: 26 (Unused?)
debug_breakpoint: 26 (Unused?)
vm_constants_controlbits: 26 (Unused?)
vm_constants_notes: 26 (Unused?)
vm_constants_platform: 26 (Unused?)
vm_constants_tile_properties: 26 (Unused?)
