Compiled on Wednesday, 10 July 2024 9:45:24 p.m.
Version string: SE2024.1.240710.14.52.EX

=== Misc ===
ImageFrames: 20
ImageFrame Data Size: 880
Maps and Asset Bundles Count: 2
Maps and Asset Bundles Data Size: 24
Actor Count: 5
Actor Data Size: 900
Block Count: 1
Block Data Size: 68
Anim5 Count: 0
Anim5 Data Size: 0
Sound Count: 1
Sound Data Size: 28
Teleporter Count: 1
Teleporter Data Size: 8
Animations Count: 13
Animations Data Size: 208
AnimationFrame Count: 21
AnimationFrame Data Size: 336
Sprites: 10
Sprites Data Size: 140
Attack Data: 3
Attack Data Size: 264
Misc data size: 28
=== Image optimisations ===
Panel scorpion_eng_splashscreen Original size 55172 Crunched size 3460
Project virtual machine (codeblocks) Original size 10628 Crunched size 3174
Header data for map level1 Original size 8000 Crunched size 258
Tile data for map level1 (mem restrictions:No_Blocks) Original size 4420 Crunched size 474
Background for map level1 Original size 1492 Crunched size 316
Parallax for map level1 Original size 26752 Crunched size 4294
Asset bundle 0 (Core project asset bundle) Original size 9748 Crunched size 4954
Asset bundle 1 (level1) Original size 5352 Crunched size 2200
Misc Data (paths, hurt boxes etc) Original size 2 Crunched size 2
Project Header Original size 4036 Crunched size 1198
Project Data Original size 2886 Crunched size 894
Project virtual machine redirects Original size 4 Crunched size 4

=== Accounted Memory Usage ===
(Note that this isn't a full account of memory usage, just the memory we can account for)

For chip:
Map gfx (Panel: scorpion_eng_splashscreen): 55172
Music memory (): 0
BP Buffer memory: 105600
core sfx/gfx memory: 9748
Parallax memory: 26752
OS/other estimated: 99328

For other:
Map cache memory: 0
Map header cache memory: 0
Map data memory: 4420
Map background memory: 1492
EXE memory: 217016
vm memory: 10628
project memory: 2886
memory reserved for active actors on screen (32): 4616
memory reserved for dormant actors in map (256): 9216
OS/other estimated: 105472

Accounted memory chip: 296600
Accounted memory other: 355746
Accounted memory total: 652346

=== Possibly unused Actors ===
player

=== Codeblocks by compiled size ===
load_level: 568
startup: 480
handler_spinner: 436
autogen_anim_player_shot_r_0: 428
autogen_anim_player_shot_l_0: 428
do_teleport: 424
pre_startup: 354
level1code: 342
flipscreen_smooth: 310 (Unused?)
player_autogen_attack: 286
flipxymove: 278 (Unused?)
block_find: 206 (Unused?)
set_yresolution: 202
waitforframes: 194
check_talkpad: 192 (Unused?)
player_shot: 188 (Unused?)
block_count: 178 (Unused?)
pause: 176
flipymove: 162 (Unused?)
snap_to_screen: 158
pre_quit: 152
load_panel: 146
flipxmove: 142 (Unused?)
unload_level: 142
spawn_wave: 142 (Unused?)
handler_drone: 138
destroy_all_blocks: 128 (Unused?)
pre_load_level: 122
waitforfireup: 114
fadein: 112
waitforfiredown: 110
unload_panel: 106
projectile_hit: 106
load_panel_bottom: 96 (Unused?)
load_panel_top: 96 (Unused?)
destroy_child_actors: 94 (Unused?)
fadeout: 88
pre_anim5: 86 (Unused?)
waitforfirehit: 86
load_music: 78 (Unused?)
AUTOGEN_OUTOFSCREEN_snap_to_screen_snap_to_screen_None_None: 78
load_music_finish: 76
wrap_screen_bottom: 76 (Unused?)
wrap_screen_right: 76 (Unused?)
set_ntsc: 74 (Unused?)
flipscreen: 72 (Unused?)
wrap_screen_left: 72 (Unused?)
wrap_screen_top: 72 (Unused?)
quit: 70
jump_actor: 66 (Unused?)
load_panel_finish: 66
unload_panel_bottom: 62
unload_panel_top: 62
destroy_all_actors: 60 (Unused?)
destroy_actor: 58
regenerate_screen: 58
AUTOGEN_OUTOFSCREEN_None_destroy_actor_None_None: 54
destroy_block: 52 (Unused?)
return: 52 (Unused?)
regenerate_screen_wait: 46
spawn_player: 46
freeze_actor: 40 (Unused?)
unfreeze_actor: 40 (Unused?)
player_handler: 36
block_coll_force: 32 (Unused?)
block_coll_passthru: 32 (Unused?)
clear_block_collision: 32
vm_registers: 26 (Unused?)
debug_breakpoint: 26 (Unused?)
vm_constants_tile_properties: 26 (Unused?)
