Attack Data Original size 132 Crunched size 132
Default MD font Original size 2048 Crunched size 2048
Map event data for map_new Original size 64 Crunched size 64
Map header map_new Original size 16396 Crunched size 16396
Map block data for map_new Original size 4832 Crunched size 184
Map path node data for map_new Original size 132 Crunched size 132
MDS Sequence file Original size 184 Crunched size 184
MDS PCM file Original size 23123 Crunched size 23123
Map tile data  map_new Original size 4832 Crunched size 194
Get Y lookup table map_new Original size 64 Crunched size 64
Default MD number font Original size 320 Crunched size 320
Project name table Original size 1624 Crunched size 1624
Project actors Original size 2068 Crunched size 2068
Project blocks Original size 476 Crunched size 476
Teleporters Original size 8 Crunched size 8
Animation Frames Original size 1936 Crunched size 1936
Mega Drive header Original size 3660 Crunched size 3660
Images Original size 6012 Crunched size 6012
Panel  Original size 10322 Crunched size 10322
Panel title Original size 21106 Crunched size 21106
Panel md_background Original size 18110 Crunched size 18110
Animations Original size 448 Crunched size 448
Project patterns Original size 32 Crunched size 32
Pattern data for 1 Original size 1740 Crunched size 1740
Streamed project patterns Original size 87008 Crunched size 87008
Project sound Original size 144 Crunched size 144
Var Data Original size 58 Crunched size 58
Project virtual machine (codeblocks) Original size 9072 Crunched size 9072

=== Possibly unused animations ===
ghost_r
hero_attack2_r
hero_attack2_l

=== Possibly unused Actors ===
ghost
hell_gato
skeleton_spawn_left
skeleton_spawn_right

=== Possibly unused sound effects ===
attack
hurt
jump

=== Codeblocks by compiled size ===
load_level: 906
set_yresolution: 388 (Unused?)
do_teleport: 372
flipscreen_smooth: 346 (Unused?)
flipxymove: 306 (Unused?)
pre_startup: 262
pause: 252 (Unused?)
on_hurt_player: 204
snap_to_screen: 190 (Unused?)
player_hurt_handler: 184
startup: 184
flipymove: 174 (Unused?)
flipxmove: 158
player_control_handler: 158
bg_handler: 154 (Unused?)
load_panel: 146
pre_quit: 146 (Unused?)
reset_level: 142
on_spawn_skeleton: 130
on_skeleton_risen: 126
destroy_all_blocks: 124 (Unused?)
pre_load_level: 118
unload_level: 114
player_handler: 108
on_try_spawn_skeleton_left: 100
on_try_spawn_skeleton_right: 100
load_panel_bottom: 96 (Unused?)
load_panel_top: 96 (Unused?)
waitforfireup: 94
unload_panel: 92
wrap_screen_bottom: 92 (Unused?)
wrap_screen_right: 92 (Unused?)
waitforfiredown: 90
AUTOGEN_OUTOFSCREEN_on_leave_left_on_leave_right_None_None: 90
wrap_screen_left: 88 (Unused?)
wrap_screen_top: 88 (Unused?)
flipscreen: 86 (Unused?)
pre_anim5: 86 (Unused?)
waitforfirehit: 86
player_crouch_handler: 86
fadeout: 84
on_kill_enemy: 80
waitforframes: 78
destroy_all_actors: 62 (Unused?)
jump_actor: 62
load_music: 62 (Unused?)
unload_panel_bottom: 62
unload_panel_top: 62
AUTOGEN_OUTOFSCREEN_None_None_None_reset_level: 62
fadein: 58
load_panel_finish: 56
destroy_actor: 54
regenerate_screen: 52
return: 52 (Unused?)
destroy_block: 48 (Unused?)
quit: 46 (Unused?)
key_up_pressed: 44 (Unused?)
regenerate_screen_wait: 42
on_leave_left: 42
on_leave_right: 42
set_actor_invisible: 42
key_down_pressed: 38 (Unused?)
key_left_pressed: 38 (Unused?)
key_right_pressed: 38 (Unused?)
key_attack_pressed: 32 (Unused?)
key_down_released: 32 (Unused?)
key_left_released: 32 (Unused?)
key_right_released: 32 (Unused?)
key_up_released: 32 (Unused?)
vm_registers: 26 (Unused?)
vm_constants: 26 (Unused?)
debug_breakpoint: 26 (Unused?)
vm_constants_controlbits: 26 (Unused?)
vm_constants_notes: 26 (Unused?)
vm_constants_tile_properties: 26 (Unused?)
vm_constants_platform: 26 (Unused?)
color_off: 26 (Unused?)
color_on: 26 (Unused?)
