Default MD font Original size 2048 Crunched size 2048
Default MD number font Original size 320 Crunched size 320
Project virtual machine (codeblocks) Original size 7242 Crunched size 7242
Panel  Original size 10332 Crunched size 10332
Project blocks Original size 408 Crunched size 408
Project actors Original size 376 Crunched size 376
Project patterns Original size 160 Crunched size 160
Pattern data for 1 Original size 6 Crunched size 6
Dynamic pattern data for 1 Original size 32 Crunched size 32
Map header new_map Original size 8440 Crunched size 8440
Get Y lookup table new_map Original size 64 Crunched size 64
Map tile data  new_map Original size 288 Crunched size 36
Map block data for new_map Original size 288 Crunched size 26
Map path node data for new_map Original size 12 Crunched size 12
Map event data for new_map Original size 32 Crunched size 32
Project name table Original size 16 Crunched size 16
Streamed project patterns Original size 1792 Crunched size 1792
Images Original size 312 Crunched size 312
Animations Original size 112 Crunched size 112
Animation Frames Original size 480 Crunched size 480
Mega Drive header Original size 2894 Crunched size 2894
Teleporters Original size 8 Crunched size 8
Var Data Original size 16 Crunched size 16
Attack Data Original size 66 Crunched size 66
Commands for Joystick 1 Original size 12 Crunched size 12

=== Possibly unused Actors ===
new_actor

=== Codeblocks by compiled size ===
load_level: 686
set_yresolution: 386 (Unused?)
do_teleport: 348
flipscreen_smooth: 306 (Unused?)
flipxymove: 250 (Unused?)
waitforframes: 186
pre_startup: 182
check_talkpad: 168 (Unused?)
snap_to_screen: 158 (Unused?)
flipymove: 146 (Unused?)
load_panel: 146
pre_quit: 144 (Unused?)
startup: 136
flipxmove: 130 (Unused?)
pause: 126
destroy_all_blocks: 120 (Unused?)
load_music: 118 (Unused?)
pre_load_level: 118
unload_level: 114
waitforfireup: 106
get_on_stairs: 106
fadein: 102
waitforfiredown: 102
load_panel_bottom: 96 (Unused?)
load_panel_top: 96 (Unused?)
unload_panel: 92
destroy_child_actors: 90 (Unused?)
pre_anim5: 86 (Unused?)
waitforfirehit: 86
fadeout: 84
wrap_screen_bottom: 76 (Unused?)
wrap_screen_right: 76 (Unused?)
wrap_screen_left: 72 (Unused?)
wrap_screen_top: 72 (Unused?)
flipscreen: 70 (Unused?)
load_music_finish: 64
jump_actor: 62 (Unused?)
unload_panel_bottom: 62
unload_panel_top: 62
destroy_all_actors: 56 (Unused?)
load_panel_finish: 56
destroy_actor: 54
regenerate_screen: 52
return: 52 (Unused?)
destroy_block: 48 (Unused?)
quit: 46 (Unused?)
regenerate_screen_wait: 42
freeze_actor: 36 (Unused?)
unfreeze_actor: 36 (Unused?)
block_coll_force: 32 (Unused?)
block_coll_passthru: 32 (Unused?)
vm_registers: 26 (Unused?)
vm_constants: 26 (Unused?)
debug_breakpoint: 26 (Unused?)
vm_constants_audiodriver: 26 (Unused?)
vm_constants_controlbits: 26 (Unused?)
vm_constants_notes: 26 (Unused?)
vm_constants_platform: 26 (Unused?)
vm_constants_tile_properties: 26 (Unused?)
