=== Image optimisations ===

=== Estimated memory usages ===

For chip:
Map gfx (Panel: scorpion_eng_splashscreen): 35154
Music memory (): 0
BP Buffer memory: 109200
core sfx/gfx memory: 6800
Parallax memory: 0

For other:
Map cache memory: 0
Map header cache memory: 0
Map data memory: 1628
Map background memory: 2672
EXE memory: 206484
vm memory: 7050
project memory: 2102

Accounted memory chip: 151154
Accounted memory other: 219936
Accounted memory total: 371090

=== Misc ===
Maps and Asset Bundles Count: 2
Maps and Asset Bundles Data Size: 24
Actor Count: 2
Actor Data Size: 376
Block Count: 6
Block Data Size: 408
Anim5 Count: 0
Anim5 Data Size: 0
Sound Count: 1
Sound Data Size: 24
Teleporter Count: 1
Teleporter Data Size: 8
Animations Count: 7
Animations Data Size: 112
AnimationFrame Count: 30
AnimationFrame Data Size: 480
ImageFrames: 13
ImageFrame Data Size: 572
Sprites: 1
Sprites Data Size: 14
Attack Data: 1
Attack Data Size: 66
Misc data size: 16
Asset bundle 0 (Core project asset bundle) Original size 6800 Crunched size 2426
Asset bundle 1 (new_map) Original size 480 Crunched size 66
Background for map new_map Original size 2672 Crunched size 92
Tile data for map new_map (mem restrictions:None) Original size 1628 Crunched size 244
Header data for map new_map Original size 7996 Crunched size 232
Project Data Original size 2102 Crunched size 570
Project Header Original size 4032 Crunched size 1190
Panel scorpion_eng_splashscreen Original size 35154 Crunched size 3258
Project virtual machine (codeblocks) Original size 7050 Crunched size 2234
Project virtual machine redirects Original size 4 Crunched size 4

=== Possibly unused Actors ===
new_actor

=== Codeblocks by compiled size ===
load_level: 926
set_yresolution: 448 (Unused?)
do_teleport: 392
flipscreen_smooth: 346 (Unused?)
flipxymove: 306 (Unused?)
pre_startup: 282
pause: 252
snap_to_screen: 190 (Unused?)
flipymove: 174 (Unused?)
flipxmove: 158 (Unused?)
load_panel: 146
pre_quit: 146
get_on_stairs: 130
startup: 128
destroy_all_blocks: 124 (Unused?)
pre_load_level: 118
unload_level: 114
load_panel_bottom: 96 (Unused?)
load_panel_top: 96 (Unused?)
waitforfireup: 94
unload_panel: 92
wrap_screen_bottom: 92 (Unused?)
wrap_screen_right: 92 (Unused?)
waitforfiredown: 90
wrap_screen_left: 88 (Unused?)
wrap_screen_top: 88 (Unused?)
flipscreen: 86 (Unused?)
pre_anim5: 86 (Unused?)
waitforfirehit: 86
fadeout: 84
waitforframes: 78
quit: 66 (Unused?)
destroy_all_actors: 62 (Unused?)
jump_actor: 62 (Unused?)
load_music: 62 (Unused?)
unload_panel_bottom: 62
unload_panel_top: 62
fadein: 58
load_panel_finish: 56
destroy_actor: 54
regenerate_screen: 52
return: 52 (Unused?)
destroy_block: 48 (Unused?)
regenerate_screen_wait: 42
vm_registers: 26 (Unused?)
vm_constants: 26 (Unused?)
debug_breakpoint: 26 (Unused?)
vm_constants_controlbits: 26 (Unused?)
vm_constants_notes: 26 (Unused?)
vm_constants_tile_properties: 26 (Unused?)
vm_constants_platform: 26 (Unused?)
