=== Image optimisations ===

=== Estimated memory usages ===

For chip:
Map gfx (Panel: scorpion_eng_splashscreen): 35158
Music memory (): 0
BP Buffer memory: 105600
core sfx/gfx memory: 7272
Parallax memory: 26752
OS/other estimated: 99328

For other:
Map cache memory: 0
Map header cache memory: 0
Map data memory: 4412
Map background memory: 1492
EXE memory: 210108
vm memory: 8968
project memory: 2302
memory reserved for active actors on screen (32): 4744
memory reserved for dormant actors in map (256): 9216
OS/other estimated: 105472

Accounted memory chip: 379582
Accounted memory other: 241242
Accounted memory total: 620824

=== Misc ===
Maps and Asset Bundles Count: 2
Maps and Asset Bundles Data Size: 24
Actor Count: 5
Actor Data Size: 940
Block Count: 1
Block Data Size: 68
Anim5 Count: 0
Anim5 Data Size: 0
Sound Count: 1
Sound Data Size: 28
Teleporter Count: 1
Teleporter Data Size: 8
Animations Count: 6
Animations Data Size: 96
AnimationFrame Count: 14
AnimationFrame Data Size: 224
ImageFrames: 13
ImageFrame Data Size: 572
Sprites: 8
Sprites Data Size: 112
Attack Data: 3
Attack Data Size: 198
Misc data size: 30
Panel scorpion_eng_splashscreen Original size 35158 Crunched size 3258
Header data for map level1 Original size 7992 Crunched size 256
Tile data for map level1 (mem restrictions:No_Blocks) Original size 4412 Crunched size 452
Background for map level1 Original size 1492 Crunched size 312
Parallax for map level1 Original size 26752 Crunched size 4294
Asset bundle 0 (Core project asset bundle) Original size 7272 Crunched size 3792
Asset bundle 1 (level1) Original size 5760 Crunched size 2216
Project Header Original size 4036 Crunched size 1192
Project Data Original size 2302 Crunched size 666
Project virtual machine (codeblocks) Original size 8968 Crunched size 2638
Project virtual machine redirects Original size 4 Crunched size 4

=== Possibly unused Actors ===
player
shot1

=== Codeblocks by compiled size ===
load_level: 986
set_yresolution: 446
startup: 412
handler_spinner: 408
level1code: 334
do_teleport: 320
flipscreen_smooth: 306 (Unused?)
pre_startup: 290
pause: 252
flipxymove: 250 (Unused?)
waitforframes: 186
snap_to_screen: 158
flipymove: 146 (Unused?)
load_panel: 146
pre_quit: 144
spawn_wave: 138 (Unused?)
flipxmove: 130 (Unused?)
handler_drone: 130
destroy_all_blocks: 120 (Unused?)
load_music: 118 (Unused?)
pre_load_level: 118
unload_level: 114
waitforfireup: 106
waitforfiredown: 102
player_shot: 100
projectile_hit: 98
load_panel_bottom: 96 (Unused?)
load_panel_top: 96 (Unused?)
unload_panel: 92
pre_anim5: 86 (Unused?)
waitforfirehit: 86
fadeout: 84
AUTOGEN_OUTOFSCREEN_snap_to_screen_snap_to_screen_None_None: 78
wrap_screen_bottom: 76 (Unused?)
wrap_screen_right: 76 (Unused?)
wrap_screen_left: 72 (Unused?)
wrap_screen_top: 72 (Unused?)
flipscreen: 70 (Unused?)
quit: 66 (Unused?)
jump_actor: 62 (Unused?)
unload_panel_bottom: 62
unload_panel_top: 62
fadein: 58
player_handler: 58
destroy_all_actors: 56 (Unused?)
load_panel_finish: 56
destroy_actor: 54
AUTOGEN_OUTOFSCREEN_None_destroy_actor_None_None: 54
load_music_finish: 52
regenerate_screen: 52
return: 52 (Unused?)
destroy_block: 48 (Unused?)
regenerate_screen_wait: 42
spawn_player: 42
vm_registers: 26 (Unused?)
vm_constants: 26 (Unused?)
debug_breakpoint: 26 (Unused?)
vm_constants_controlbits: 26 (Unused?)
vm_constants_notes: 26 (Unused?)
vm_constants_platform: 26 (Unused?)
vm_constants_tile_properties: 26 (Unused?)
