Compiled on Monday, 18 November 2024 12:30:32 p.m.
Version string: SE2024.2.241117.23.03.EX

=== Misc ===
ImageFrames: 20
ImageFrame Data Size: 880
Maps and Asset Bundles Count: 2
Maps and Asset Bundles Data Size: 24
Actor Count: 4
Actor Data Size: 720
Block Count: 1
Block Data Size: 68
Anim5 Count: 0
Anim5 Data Size: 0
Sound Count: 1
Sound Data Size: 28
Teleporter Count: 1
Teleporter Data Size: 8
Animations Count: 13
Animations Data Size: 208
AnimationFrame Count: 21
AnimationFrame Data Size: 336
Sprites: 10
Sprites Data Size: 140
Attack Data: 3
Attack Data Size: 264
Misc data size: 50
=== Image optimisations ===
Panel (background color #000) Original size 1296 Crunched size 76
Panel scorpion_eng_splashscreen Original size 36788 Crunched size 3376
Panel entry Original size 31252 Crunched size 1654
Panel bobs entry Original size 7002 Crunched size 1482
Panel hud Original size 3900 Crunched size 460
Panel bobs hud Original size 878 Crunched size 284
Panel title Original size 34684 Crunched size 2608
Panel bobs title Original size 6908 Crunched size 1460
Project virtual machine (codeblocks) Original size 11096 Crunched size 3614
Map actor data for level1 Original size 28 Crunched size 28
Header data for map level1 Original size 840 Crunched size 162
Tile data for map level1 (mem restrictions:No_Blocks) Original size 1348 Crunched size 290
Asset bundle 0 (Core project asset bundle) Original size 9782 Crunched size 4950
Asset bundle 1 (level1) Original size 1624 Crunched size 826
Misc Data (paths, hurt boxes etc) Original size 2 Crunched size 2
Project Header Original size 4404 Crunched size 1230
Project Data Original size 2728 Crunched size 892
Project virtual machine redirects Original size 4 Crunched size 4

=== Accounted Memory Usage ===
(Note that this isn't a full account of memory usage, just the memory we can account for)

For chip:
Map gfx (Panel: title): 41592
Music memory (): 0
BP Buffer memory: 104832
core sfx/gfx memory: 9782
Parallax memory: 0
OS/other estimated: 99328

For other:
Map cache memory: 0
Map header cache memory: 0
Map actor cache memory: 0
Map data memory: 1348
Map background memory: 1296
EXE memory: 199692
vm memory: 11096
project memory: 2728
memory reserved for active actors on screen (32): 4616
memory reserved for dormant actors in map (128): 4608
OS/other estimated: 105472

Accounted memory chip: 255534
Accounted memory other: 330856
Accounted memory total: 586390

=== Codeblocks by compiled size ===
game_over: 1744
load_level: 550
pre_startup: 444
do_teleport: 402
flipscreen_smooth: 310 (Unused?)
player_autogen_attack: 286
flipxymove: 278 (Unused?)
game_start: 268
load_next_level: 252 (Unused?)
block_find: 206 (Unused?)
set_yresolution: 202 (Unused?)
waitforframes: 194
check_talkpad: 192 (Unused?)
block_count: 178 (Unused?)
game_loop: 178
pause: 176
flipymove: 162 (Unused?)
snap_to_screen: 158
pre_quit: 152
load_panel: 146
flipxmove: 142 (Unused?)
unload_level: 142
destroy_all_blocks: 128 (Unused?)
restart_this_level: 128 (Unused?)
pre_load_level: 122
autogen_anim_player_shot_l_0: 118
autogen_anim_player_shot_r_0: 118
waitforfireup: 114
fadein: 112
waitforfiredown: 110
unload_panel: 106
hit_enemy: 104
load_panel_bottom: 96
load_panel_top: 96 (Unused?)
destroy_child_actors: 94 (Unused?)
fadeout: 88
pre_anim5: 86 (Unused?)
waitforfirehit: 86
load_music: 78 (Unused?)
AUTOGEN_OUTOFSCREEN_snap_to_screen_snap_to_screen_None_None: 78
load_music_finish: 76
wrap_screen_bottom: 76 (Unused?)
wrap_screen_right: 76 (Unused?)
set_ntsc: 74 (Unused?)
startup: 74
flipscreen: 72 (Unused?)
wrap_screen_left: 72 (Unused?)
wrap_screen_top: 72 (Unused?)
quit: 70
jump_actor: 66 (Unused?)
load_panel_finish: 66
unload_panel_bottom: 62
unload_panel_top: 62
destroy_all_actors: 60 (Unused?)
destroy_actor: 58
regenerate_screen: 58
autogen_anim_player_l_0: 58
autogen_anim_player_r_0: 58
AUTOGEN_OUTOFSCREEN_None_destroy_actor_None_None: 54
destroy_block: 52 (Unused?)
return: 52 (Unused?)
regenerate_screen_wait: 46
freeze_actor: 40 (Unused?)
unfreeze_actor: 40 (Unused?)
block_coll_force: 32 (Unused?)
block_coll_passthru: 32 (Unused?)
clear_block_collision: 32
vm_registers: 26 (Unused?)
debug_breakpoint: 26 (Unused?)
vm_constants_tile_properties: 26 (Unused?)
