Compiled on Thursday, 8 May 2025 7:42:53 p.m.
Version string: SE2024.2.250507.23.16.EX

=== Misc ===
ImageFrames: 20
ImageFrame Data Size: 880
Maps and Asset Bundles Count: 2
Maps and Asset Bundles Data Size: 24
Actor Count: 4
Actor Data Size: 720
Block Count: 1
Block Data Size: 68
Anim5 Count: 0
Anim5 Data Size: 0
Sound Count: 1
Sound Data Size: 28
Teleporter Count: 1
Teleporter Data Size: 8
Animations Count: 13
Animations Data Size: 208
AnimationFrame Count: 21
AnimationFrame Data Size: 336
Sprites: 10
Sprites Data Size: 140
Attack Data: 3
Attack Data Size: 264
Misc data size: 50
=== Image optimisations ===
Panel (background color #000) Original size 1296 Crunched size 76
Panel scorpion_eng_splashscreen Original size 36792 Crunched size 3380
Panel entry Original size 31256 Crunched size 1656
Panel bobs entry Original size 7002 Crunched size 1482
Panel hud Original size 3904 Crunched size 460
Panel bobs hud Original size 878 Crunched size 284
Panel title Original size 34688 Crunched size 2614
Panel bobs title Original size 6908 Crunched size 1460
Project virtual machine (codeblocks) Original size 11434 Crunched size 3458
Map actor data for level1 Original size 28 Crunched size 28
Header data for map level1 Original size 844 Crunched size 162
Tile data for map level1 (mem restrictions:No_Blocks) Original size 1352 Crunched size 306
Asset bundle 0 (Core project asset bundle) Original size 11730 Crunched size 5766
Asset bundle 1 (level1) Original size 2198 Crunched size 1212
Misc Data (paths, hurt boxes etc) Original size 2 Crunched size 2
Project Header Original size 4408 Crunched size 1232
Project Data Original size 2728 Crunched size 896
Project virtual machine redirects Original size 4 Crunched size 4

=== Accounted Memory Usage ===
(Note that this isn't a full account of memory usage, just the memory we can account for)

For chip:
Map gfx (Panel: scorpion_eng_splashscreen): 36792
Music memory (): 0
BP Buffer memory: 131040
Core sfx/gfx memory: 11730
Parallax memory: 0
OS/other estimated: 99328

For other:
Map cache memory: 0
Map header cache memory: 0
Map actor cache memory: 0
Map data memory: 1352
Map background memory: 1296
EXE memory: 203968
vm memory: 11434
project memory: 2728
memory reserved for active actors on screen (32): 4616
memory reserved for dormant actors in map (128): 4608
OS/other estimated: 105472

Accounted memory chip: 278890
Accounted memory other: 335474
Accounted memory total: 614364

=== Codeblocks by compiled size ===
game_over: 2004
load_level: 550
pre_startup: 500
do_teleport: 402
flipscreen_smooth: 310 (Unused?)
player_autogen_attack: 286
game_start: 282
flipxymove: 278 (Unused?)
load_next_level: 252 (Unused?)
block_find: 206 (Unused?)
set_yresolution: 202
waitforframes: 194
check_talkpad: 192 (Unused?)
pause: 184
game_loop: 184
block_count: 178 (Unused?)
flipymove: 162 (Unused?)
pre_quit: 160
snap_to_screen: 158
load_panel: 146
flipxmove: 142 (Unused?)
unload_level: 142
destroy_all_blocks: 128 (Unused?)
restart_this_level: 128 (Unused?)
pre_load_level: 122
autogen_anim_player_shot_l_0: 118
autogen_anim_player_shot_r_0: 118
fadein: 112
hit_enemy: 110
unload_panel: 106
waitforfireup: 102
waitforfiredown: 98
load_panel_bottom: 96
load_panel_top: 96 (Unused?)
destroy_child_actors: 94 (Unused?)
fadeout: 88
pre_anim5: 86 (Unused?)
waitforfirehit: 86
load_music: 78 (Unused?)
AUTOGEN_OUTOFSCREEN_snap_to_screen_snap_to_screen_None_None: 78
load_music_finish: 76
wrap_screen_bottom: 76 (Unused?)
wrap_screen_right: 76 (Unused?)
set_ntsc: 74 (Unused?)
startup: 74
flipscreen: 72 (Unused?)
wrap_screen_left: 72 (Unused?)
wrap_screen_top: 72 (Unused?)
quit: 70
jump_actor: 66 (Unused?)
load_panel_finish: 66
unload_panel_bottom: 62
unload_panel_top: 62
destroy_all_actors: 60 (Unused?)
destroy_actor: 58
regenerate_screen: 58
autogen_anim_player_l_0: 58
autogen_anim_player_r_0: 58
AUTOGEN_OUTOFSCREEN_None_destroy_actor_None_None: 54
destroy_block: 52 (Unused?)
return: 52 (Unused?)
regenerate_screen_wait: 46
freeze_actor: 40 (Unused?)
unfreeze_actor: 40 (Unused?)
block_coll_force: 32 (Unused?)
block_coll_passthru: 32 (Unused?)
clear_block_collision: 32
vm_registers: 26 (Unused?)
debug_breakpoint: 26 (Unused?)
vm_constants_tile_properties: 26 (Unused?)
