=== Image optimisations ===

=== Estimated memory usages ===

For chip:
Map gfx (Panel: scorpion_eng_splashscreen): 37090
Music memory: 0
BP Buffer memory: 157824
core sfx/gfx memory: 6096
Parallax memory: 0

For other:
Map cache memory: 0
Map header cache memory: 0
Map data memory: 2380
Map background memory: 2672
EXE memory: 211040
vm memory: 6352
project memory: 2760

Accounted memory chip: 201010
Accounted memory other: 225204
Accounted memory total: 426214

=== Misc ===
Maps and Asset Bundles Count: 2
Maps and Asset Bundles Data Size: 24
Actor Count: 2
Actor Data Size: 592
Block Count: 1
Block Data Size: 52
Anim5 Count: 1
Anim5 Data Size: 1036
Sound Count: 1
Sound Data Size: 32
Teleporter Count: 1
Teleporter Data Size: 8
Animations Count: 9
Animations Data Size: 144
AnimationFrame Count: 12
AnimationFrame Data Size: 192
ImageFrames: 10
ImageFrame Data Size: 680
Asset bundle 0 (Core project asset bundle) Original size 6096 Crunched size 1474
Asset bundle 1 (map1) Original size 14748 Crunched size 3308
Background for map map1 Original size 2672 Crunched size 92
Tile data for map map1 (mem restrictions:No_Blocks) Original size 2380 Crunched size 484
Header data for map map1 Original size 8756 Crunched size 268
Project Data Original size 2760 Crunched size 382
Project Header Original size 4040 Crunched size 1188
Panel scorpion_eng_splashscreen Original size 37090 Crunched size 3292
Project virtual machine (codeblocks) Original size 6352 Crunched size 1738
Project virtual machine redirects Original size 4 Crunched size 4
