Compiled on Sunday, 25 May 2025 10:01:31 p.m.
Version string: SE2024.2.250518.20.03.EX

ImageFrame Data Size: 1178
Actor Count: 7
Actor Data Size: 1260
Animations Count: 17
Animations Data Size: 272
AnimationFrame Count: 56
AnimationFrame Data Size: 896
MDS Bin file Original size 8202 Crunched size 8202
MDS Sequence file Original size 150 Crunched size 150
Project sound Original size 140 Crunched size 140
Default MD font Original size 2048 Crunched size 2048
Project patterns Original size 88 Crunched size 88
Map tile data  level00 Original size 920 Crunched size 79
Dynamic pattern data for 1 Original size 32 Crunched size 32
Pattern data for 1 Original size 84 Crunched size 84
Map event data for level00 Original size 44 Crunched size 44
Get Y lookup table level00 Original size 80 Crunched size 80
Map path node data for level00 Original size 12 Crunched size 12
Map actor data for level00 Original size 28 Crunched size 12
Map block data for level00 Original size 920 Crunched size 12
Map tile data  level01 Original size 920 Crunched size 63
Dynamic pattern data for 2 Original size 32 Crunched size 32
Pattern data for 2 Original size 24 Crunched size 24
Misc Data (paths, hurt boxes etc) Original size 2 Crunched size 2
MDS PCM file Original size 17581 Crunched size 17581
Project virtual machine (codeblocks) Original size 13058 Crunched size 13058
Panel  Original size 10362 Crunched size 10362
Panel md_parallax Original size 8236 Crunched size 8236
Project blocks Original size 816 Crunched size 816
Images Original size 1178 Crunched size 1178
Project actors Original size 1260 Crunched size 1260
Tile data for map level00 (mem restrictions:None) Original size 1120 Crunched size 1120
Header data for map level00 Original size 844 Crunched size 844
Tile data for map level01 (mem restrictions:None) Original size 1120 Crunched size 1120
Map event data for level01 Original size 44 Crunched size 44
Get Y lookup table level01 Original size 80 Crunched size 80
Map path node data for level01 Original size 12 Crunched size 12
Map animation data forlevel01 Original size 1064 Crunched size 1064
Map actor data for level01 Original size 56 Crunched size 19
Header data for map level01 Original size 844 Crunched size 844
Map block data for level01 Original size 920 Crunched size 21
Map tile data  level02 Original size 920 Crunched size 56
Tile data for map level02 (mem restrictions:None) Original size 1120 Crunched size 1120
Dynamic pattern data for 3 Original size 32 Crunched size 32
Pattern data for 3 Original size 42 Crunched size 42
Map event data for level02 Original size 44 Crunched size 44
Get Y lookup table level02 Original size 80 Crunched size 80
Map path node data for level02 Original size 12 Crunched size 12
Map animation data forlevel02 Original size 1064 Crunched size 1064
Map actor data for level02 Original size 56 Crunched size 19
Header data for map level02 Original size 844 Crunched size 844
Map block data for level02 Original size 920 Crunched size 16
Map tile data  level03 Original size 920 Crunched size 70
Tile data for map level03 (mem restrictions:None) Original size 1120 Crunched size 1120
Dynamic pattern data for 4 Original size 32 Crunched size 32
Pattern data for 4 Original size 36 Crunched size 36
Map event data for level03 Original size 44 Crunched size 44
Get Y lookup table level03 Original size 80 Crunched size 80
Map path node data for level03 Original size 12 Crunched size 12
Map animation data forlevel03 Original size 1064 Crunched size 1064
Map actor data for level03 Original size 56 Crunched size 21
Header data for map level03 Original size 844 Crunched size 844
Map block data for level03 Original size 920 Crunched size 23
Map tile data  level04 Original size 920 Crunched size 68
Tile data for map level04 (mem restrictions:None) Original size 1120 Crunched size 1120
Dynamic pattern data for 5 Original size 32 Crunched size 32
Pattern data for 5 Original size 24 Crunched size 24
Map event data for level04 Original size 44 Crunched size 44
Get Y lookup table level04 Original size 80 Crunched size 80
Map path node data for level04 Original size 12 Crunched size 12
Map animation data forlevel04 Original size 1064 Crunched size 1064
Map actor data for level04 Original size 56 Crunched size 19
Header data for map level04 Original size 844 Crunched size 844
Map block data for level04 Original size 920 Crunched size 26
Map tile data  level05 Original size 920 Crunched size 53
Tile data for map level05 (mem restrictions:None) Original size 1120 Crunched size 1120
Dynamic pattern data for 6 Original size 32 Crunched size 32
Pattern data for 6 Original size 30 Crunched size 30
Map event data for level05 Original size 44 Crunched size 44
Get Y lookup table level05 Original size 80 Crunched size 80
Map path node data for level05 Original size 12 Crunched size 12
Map animation data forlevel05 Original size 1064 Crunched size 1064
Map actor data for level05 Original size 56 Crunched size 20
Header data for map level05 Original size 844 Crunched size 844
Map block data for level05 Original size 920 Crunched size 21
Map tile data  level06 Original size 920 Crunched size 78
Tile data for map level06 (mem restrictions:None) Original size 1120 Crunched size 1120
Dynamic pattern data for 7 Original size 32 Crunched size 32
Pattern data for 7 Original size 24 Crunched size 24
Map event data for level06 Original size 44 Crunched size 44
Get Y lookup table level06 Original size 80 Crunched size 80
Map path node data for level06 Original size 12 Crunched size 12
Map animation data forlevel06 Original size 1064 Crunched size 1064
Map actor data for level06 Original size 56 Crunched size 20
Header data for map level06 Original size 844 Crunched size 844
Map block data for level06 Original size 920 Crunched size 29
Map tile data  level07 Original size 920 Crunched size 88
Tile data for map level07 (mem restrictions:None) Original size 1120 Crunched size 1120
Dynamic pattern data for 8 Original size 32 Crunched size 32
Pattern data for 8 Original size 30 Crunched size 30
Map event data for level07 Original size 44 Crunched size 44
Get Y lookup table level07 Original size 80 Crunched size 80
Map path node data for level07 Original size 12 Crunched size 12
Map animation data forlevel07 Original size 2128 Crunched size 2128
Map actor data for level07 Original size 56 Crunched size 19
Header data for map level07 Original size 844 Crunched size 844
Map block data for level07 Original size 920 Crunched size 39
Map tile data  level08 Original size 920 Crunched size 74
Tile data for map level08 (mem restrictions:None) Original size 1120 Crunched size 1120
Dynamic pattern data for 9 Original size 32 Crunched size 32
Pattern data for 9 Original size 24 Crunched size 24
Map event data for level08 Original size 44 Crunched size 44
Get Y lookup table level08 Original size 80 Crunched size 80
Map path node data for level08 Original size 12 Crunched size 12
Map animation data forlevel08 Original size 1064 Crunched size 1064
Map actor data for level08 Original size 56 Crunched size 19
Header data for map level08 Original size 844 Crunched size 844
Map block data for level08 Original size 920 Crunched size 28
Map tile data  level09 Original size 2520 Crunched size 170
Tile data for map level09 (mem restrictions:None) Original size 3360 Crunched size 3360
Dynamic pattern data for 10 Original size 32 Crunched size 32
Pattern data for 10 Original size 30 Crunched size 30
Map event data for level09 Original size 44 Crunched size 44
Get Y lookup table level09 Original size 80 Crunched size 80
Map path node data for level09 Original size 12 Crunched size 12
Map animation data forlevel09 Original size 2128 Crunched size 2128
Map actor data for level09 Original size 140 Crunched size 35
Header data for map level09 Original size 844 Crunched size 844
Map block data for level09 Original size 2520 Crunched size 41
Map tile data  level10 Original size 920 Crunched size 84
Tile data for map level10 (mem restrictions:None) Original size 1120 Crunched size 1120
Dynamic pattern data for 11 Original size 32 Crunched size 32
Pattern data for 11 Original size 24 Crunched size 24
Map event data for level10 Original size 44 Crunched size 44
Get Y lookup table level10 Original size 80 Crunched size 80
Map path node data for level10 Original size 12 Crunched size 12
Map animation data forlevel10 Original size 1064 Crunched size 1064
Map actor data for level10 Original size 56 Crunched size 19
Header data for map level10 Original size 844 Crunched size 844
Map block data for level10 Original size 920 Crunched size 32
Map tile data  level11 Original size 920 Crunched size 107
Tile data for map level11 (mem restrictions:None) Original size 1120 Crunched size 1120
Dynamic pattern data for 12 Original size 32 Crunched size 32
Pattern data for 12 Original size 24 Crunched size 24
Map event data for level11 Original size 44 Crunched size 44
Get Y lookup table level11 Original size 80 Crunched size 80
Map path node data for level11 Original size 12 Crunched size 12
Map animation data forlevel11 Original size 1064 Crunched size 1064
Map actor data for level11 Original size 56 Crunched size 19
Header data for map level11 Original size 844 Crunched size 844
Map block data for level11 Original size 920 Crunched size 47
Map tile data  level12 Original size 920 Crunched size 95
Tile data for map level12 (mem restrictions:None) Original size 1120 Crunched size 1120
Dynamic pattern data for 13 Original size 32 Crunched size 32
Pattern data for 13 Original size 24 Crunched size 24
Map event data for level12 Original size 44 Crunched size 44
Get Y lookup table level12 Original size 80 Crunched size 80
Map path node data for level12 Original size 12 Crunched size 12
Map animation data forlevel12 Original size 1064 Crunched size 1064
Map actor data for level12 Original size 56 Crunched size 19
Header data for map level12 Original size 844 Crunched size 844
Map block data for level12 Original size 920 Crunched size 27
Map tile data  level99 Original size 920 Crunched size 55
Tile data for map level99 (mem restrictions:None) Original size 1120 Crunched size 1120
Dynamic pattern data for 14 Original size 32 Crunched size 32
Pattern data for 14 Original size 6 Crunched size 6
Map event data for level99 Original size 44 Crunched size 44
Get Y lookup table level99 Original size 80 Crunched size 80
Map path node data for level99 Original size 12 Crunched size 12
Map actor data for level99 Original size 28 Crunched size 12
Header data for map level99 Original size 844 Crunched size 844
Map block data for level99 Original size 920 Crunched size 6
Project name table Original size 296 Crunched size 296
Streamed project patterns Original size 8768 Crunched size 8768
Animations Original size 272 Crunched size 272
Animation Frames Original size 896 Crunched size 896
Project Header Original size 3266 Crunched size 3266
Var Data Original size 86 Crunched size 86
Attack Data Original size 88 Crunched size 88
Teleporters Original size 8 Crunched size 8
Commands for Joystick 1 Original size 12 Crunched size 12

=== Accounted Memory Usage ===
(Note that this isn't a full account of memory usage, just the memory we can account for)
RAM reserved for level tiles: (largest level: level09): 5040
memory reserved for active actors on screen (32): 4616
memory reserved for dormant actors in map (128): 4608

Total: 14264 bytes

=== Codeblocks by compiled size ===
try_push_block: 670
load_level: 510
block_stop: 466
set_yresolution: 390 (Unused?)
do_teleport: 382
pre_startup: 360
flipscreen_smooth: 310 (Unused?)
flipxymove: 278 (Unused?)
try_present_hit_target: 270
load_next_level: 252 (Unused?)
block_find: 206 (Unused?)
waitforframes: 194
block_exit_level: 188
block_count: 178
check_talkpad: 172 (Unused?)
flipymove: 162 (Unused?)
restartlevel: 162
pre_quit: 160 (Unused?)
snap_to_screen: 158 (Unused?)
load_panel: 146
flipxmove: 142 (Unused?)
unload_level: 142
pause: 138 (Unused?)
AUTOGEN_OUTOFSCREEN_try_next_level_try_next_level_try_next_level_try_next_level: 130
destroy_all_blocks: 128 (Unused?)
restart_this_level: 128 (Unused?)
pre_load_level: 122
rudolph_at_exit: 114
fadein: 112
convert_present_to_block: 112
try_crush_reindeer: 110
unload_panel: 106
waitforfireup: 102
waitforfiredown: 98
load_panel_bottom: 96 (Unused?)
load_panel_top: 96 (Unused?)
convert_block_to_present: 96
destroy_child_actors: 94 (Unused?)
present_down: 94
present_left: 94
present_right: 94
santa_update_handler: 90
fadeout: 88
pre_anim5: 86 (Unused?)
waitforfirehit: 86
puff_of_smoke_end: 80
load_music_finish: 76
wrap_screen_bottom: 76 (Unused?)
wrap_screen_right: 76 (Unused?)
startup: 76
flipscreen: 72 (Unused?)
wrap_screen_left: 72 (Unused?)
wrap_screen_top: 72 (Unused?)
load_music: 70
jump_actor: 66 (Unused?)
load_panel_finish: 66
unload_panel_bottom: 62
unload_panel_top: 62
freeze_test: 62 (Unused?)
destroy_all_actors: 60 (Unused?)
go_to_next_level: 60
destroy_actor: 58
regenerate_screen: 58
change_to_puff: 58
moving_block_collision: 58
santa_hit_fire: 58
AUTOGEN_OUTOFSCREEN_None_None_None_restartlevel: 54
destroy_block: 52 (Unused?)
return: 52 (Unused?)
autogen_anim_smoke_puff_0: 52
autogen_santa_jump_l_0: 52
quit: 50 (Unused?)
try_next_level: 50
regenerate_screen_wait: 46
resume_movement: 46
freeze_actor: 40
unfreeze_actor: 40 (Unused?)
autogen_rudolph_falling_l_0: 38
fall_straight_down: 38
block_coll_force: 32 (Unused?)
block_coll_passthru: 32
clear_block_collision: 32
vm_registers: 26 (Unused?)
debug_breakpoint: 26 (Unused?)
set_ntsc: 26
vm_constants_tile_properties: 26 (Unused?)
