Compiled on Wednesday, 17 July 2024 3:04:01 p.m.
Version string: SE2024.1.240716.23.57.EX

ImageFrames: 76
ImageFrame Data Size: 3362
Actor Count: 8
Actor Data Size: 1440
Animations Count: 18
Animations Data Size: 288
AnimationFrame Count: 57
AnimationFrame Data Size: 912
Music file dor_castle_00121 Original size 44292 Crunched size 23226
Project virtual machine (codeblocks) Original size 10950 Crunched size 10950
Panel  Original size 3118 Crunched size 3118
Panel md_parallax Original size 4462 Crunched size 4462
Project blocks Original size 816 Crunched size 816
Images Original size 3362 Crunched size 3362
Project actors Original size 1440 Crunched size 1440
Map block data for level00 Original size 920 Crunched size 920
Header data for map level00 Original size 8000 Crunched size 8000
Map tile data  level00 Original size 920 Crunched size 920
Tile data for map level00 (mem restrictions:None) Original size 2240 Crunched size 2240
Map event data for level00 Original size 40 Crunched size 40
Get Y lookup table level00 Original size 80 Crunched size 80
Map path node data for level00 Original size 12 Crunched size 12
Map block data for level01 Original size 920 Crunched size 920
Header data for map level01 Original size 8000 Crunched size 8000
Map tile data  level01 Original size 920 Crunched size 920
Tile data for map level01 (mem restrictions:None) Original size 2240 Crunched size 2240
Map event data for level01 Original size 40 Crunched size 40
Get Y lookup table level01 Original size 80 Crunched size 80
Map path node data for level01 Original size 12 Crunched size 12
Map block data for level02 Original size 920 Crunched size 920
Header data for map level02 Original size 8000 Crunched size 8000
Map tile data  level02 Original size 920 Crunched size 920
Tile data for map level02 (mem restrictions:None) Original size 2240 Crunched size 2240
Map event data for level02 Original size 40 Crunched size 40
Get Y lookup table level02 Original size 80 Crunched size 80
Map path node data for level02 Original size 12 Crunched size 12
Map block data for level03 Original size 920 Crunched size 920
Header data for map level03 Original size 8000 Crunched size 8000
Map tile data  level03 Original size 920 Crunched size 920
Tile data for map level03 (mem restrictions:None) Original size 2240 Crunched size 2240
Map event data for level03 Original size 40 Crunched size 40
Get Y lookup table level03 Original size 80 Crunched size 80
Map path node data for level03 Original size 12 Crunched size 12
Map block data for level04 Original size 920 Crunched size 920
Header data for map level04 Original size 8000 Crunched size 8000
Map tile data  level04 Original size 920 Crunched size 920
Tile data for map level04 (mem restrictions:None) Original size 2240 Crunched size 2240
Map event data for level04 Original size 40 Crunched size 40
Get Y lookup table level04 Original size 80 Crunched size 80
Map path node data for level04 Original size 12 Crunched size 12
Map block data for level05 Original size 920 Crunched size 920
Header data for map level05 Original size 8000 Crunched size 8000
Map tile data  level05 Original size 920 Crunched size 920
Tile data for map level05 (mem restrictions:None) Original size 2240 Crunched size 2240
Map event data for level05 Original size 40 Crunched size 40
Get Y lookup table level05 Original size 80 Crunched size 80
Map path node data for level05 Original size 12 Crunched size 12
Map block data for level06 Original size 920 Crunched size 920
Header data for map level06 Original size 8000 Crunched size 8000
Map tile data  level06 Original size 920 Crunched size 920
Tile data for map level06 (mem restrictions:None) Original size 2240 Crunched size 2240
Map event data for level06 Original size 40 Crunched size 40
Get Y lookup table level06 Original size 80 Crunched size 80
Map path node data for level06 Original size 12 Crunched size 12
Map block data for level07 Original size 920 Crunched size 920
Header data for map level07 Original size 8000 Crunched size 8000
Map tile data  level07 Original size 920 Crunched size 920
Tile data for map level07 (mem restrictions:None) Original size 2240 Crunched size 2240
Map event data for level07 Original size 40 Crunched size 40
Get Y lookup table level07 Original size 80 Crunched size 80
Map path node data for level07 Original size 12 Crunched size 12
Map block data for level08 Original size 920 Crunched size 920
Header data for map level08 Original size 8000 Crunched size 8000
Map tile data  level08 Original size 920 Crunched size 920
Tile data for map level08 (mem restrictions:None) Original size 2240 Crunched size 2240
Map event data for level08 Original size 40 Crunched size 40
Get Y lookup table level08 Original size 80 Crunched size 80
Map path node data for level08 Original size 12 Crunched size 12
Map block data for level09 Original size 2520 Crunched size 2520
Header data for map level09 Original size 8000 Crunched size 8000
Map tile data  level09 Original size 2520 Crunched size 2520
Tile data for map level09 (mem restrictions:None) Original size 6720 Crunched size 6720
Map event data for level09 Original size 40 Crunched size 40
Get Y lookup table level09 Original size 80 Crunched size 80
Map path node data for level09 Original size 12 Crunched size 12
Map block data for level10 Original size 920 Crunched size 920
Header data for map level10 Original size 8000 Crunched size 8000
Map tile data  level10 Original size 920 Crunched size 920
Tile data for map level10 (mem restrictions:None) Original size 2240 Crunched size 2240
Map event data for level10 Original size 40 Crunched size 40
Get Y lookup table level10 Original size 80 Crunched size 80
Map path node data for level10 Original size 12 Crunched size 12
Map block data for level11 Original size 920 Crunched size 920
Header data for map level11 Original size 8000 Crunched size 8000
Map tile data  level11 Original size 920 Crunched size 920
Tile data for map level11 (mem restrictions:None) Original size 2240 Crunched size 2240
Map event data for level11 Original size 40 Crunched size 40
Get Y lookup table level11 Original size 80 Crunched size 80
Map path node data for level11 Original size 12 Crunched size 12
Map block data for level12 Original size 920 Crunched size 920
Header data for map level12 Original size 8000 Crunched size 8000
Map tile data  level12 Original size 920 Crunched size 920
Tile data for map level12 (mem restrictions:None) Original size 2240 Crunched size 2240
Map event data for level12 Original size 40 Crunched size 40
Get Y lookup table level12 Original size 80 Crunched size 80
Map path node data for level12 Original size 12 Crunched size 12
Map block data for level99 Original size 920 Crunched size 920
Header data for map level99 Original size 8000 Crunched size 8000
Map tile data  level99 Original size 920 Crunched size 920
Tile data for map level99 (mem restrictions:None) Original size 2240 Crunched size 2240
Map event data for level99 Original size 40 Crunched size 40
Get Y lookup table level99 Original size 80 Crunched size 80
Map path node data for level99 Original size 12 Crunched size 12
Animations Original size 288 Crunched size 288
Animation Frames Original size 912 Crunched size 912
Project sound Original size 140 Crunched size 140
Misc Data (paths, hurt boxes etc) Original size 2 Crunched size 2
Project Header Original size 2902 Crunched size 2902
Var Data Original size 14 Crunched size 14
Attack Data Original size 176 Crunched size 176
Teleporters Original size 8 Crunched size 8
Commands for Joystick 1 Original size 12 Crunched size 12

=== Accounted Memory Usage ===
(Note that this isn't a full account of memory usage, just the memory we can account for)
RAM reserved for level tiles: (largest level: level09): 5040
memory reserved for active actors on screen (32): 4616
memory reserved for dormant actors in map (256): 9216

Total: 18872 bytes

=== Possibly unused blocks ===
block_fire_2
block_fire_3

=== Codeblocks by compiled size ===
try_push_block: 670
load_level: 528
block_stop: 466
do_teleport: 404
flipscreen_smooth: 310 (Unused?)
pre_startup: 298
flipxymove: 278 (Unused?)
try_present_hit_target: 270
set_yresolution: 256 (Unused?)
restartlevel: 210
block_find: 206 (Unused?)
waitforframes: 194
block_exit_level: 188
level_exit_actor_autogen_attack: 184
block_count: 178
check_talkpad: 172 (Unused?)
flipymove: 162 (Unused?)
snap_to_screen: 158 (Unused?)
pre_quit: 152 (Unused?)
load_panel: 146
flipxmove: 142 (Unused?)
unload_level: 142
pause: 138 (Unused?)
AUTOGEN_OUTOFSCREEN_try_next_level_try_next_level_try_next_level_try_next_level: 130
destroy_all_blocks: 128 (Unused?)
pre_load_level: 122
waitforfireup: 114
rudolph_at_exit: 114
fadein: 112
convert_present_to_block: 112
waitforfiredown: 110
try_crush_reindeer: 110
unload_panel: 106
load_panel_bottom: 96 (Unused?)
load_panel_top: 96 (Unused?)
convert_block_to_present: 96
destroy_child_actors: 94 (Unused?)
present_down: 94
present_left: 94
present_right: 94
santa_update_handler: 90
fadeout: 88
pre_anim5: 86 (Unused?)
waitforfirehit: 86
startup: 82
puff_of_smoke_end: 80
load_music_finish: 76
wrap_screen_bottom: 76 (Unused?)
wrap_screen_right: 76 (Unused?)
flipscreen: 72 (Unused?)
wrap_screen_left: 72 (Unused?)
wrap_screen_top: 72 (Unused?)
jump_actor: 66 (Unused?)
load_panel_finish: 66
load_music: 62
unload_panel_bottom: 62
unload_panel_top: 62
freeze_test: 62 (Unused?)
destroy_all_actors: 60 (Unused?)
go_to_next_level: 60
destroy_actor: 58
regenerate_screen: 58
change_to_puff: 58
moving_block_collision: 58
santa_hit_fire: 58
AUTOGEN_OUTOFSCREEN_None_None_None_restartlevel: 54
destroy_block: 52 (Unused?)
return: 52 (Unused?)
autogen_anim_smoke_puff_0: 52
autogen_santa_jump_r_0: 52
quit: 50 (Unused?)
try_next_level: 50
regenerate_screen_wait: 46
resume_movement: 46
freeze_actor: 40
unfreeze_actor: 40 (Unused?)
autogen_rudolph_falling_r_0: 38
fall_straight_down: 38
block_coll_force: 32 (Unused?)
block_coll_passthru: 32
clear_block_collision: 32
vm_registers: 26 (Unused?)
debug_breakpoint: 26 (Unused?)
set_ntsc: 26 (Unused?)
vm_constants_tile_properties: 26 (Unused?)
