Compiled on Sunday, 25 May 2025 9:23:07 p.m.
Version string: SE2024.2.250518.20.03.EX

=== Misc ===
ImageFrames: 55
ImageFrame Data Size: 2420
Maps and Asset Bundles Count: 15
Maps and Asset Bundles Data Size: 180
Actor Count: 7
Actor Data Size: 1260
Block Count: 12
Block Data Size: 816
Anim5 Count: 0
Anim5 Data Size: 0
Sound Count: 5
Sound Data Size: 140
Teleporter Count: 1
Teleporter Data Size: 8
Animations Count: 17
Animations Data Size: 272
AnimationFrame Count: 56
AnimationFrame Data Size: 896
Sprites: 1
Sprites Data Size: 14
Attack Data: 1
Attack Data Size: 88
Misc data size: 86
=== Image optimisations ===
Music file dor_castle_00121 Original size 44292 Crunched size 23226
Panel (background color #346) Original size 1296 Crunched size 76
Panel scorpion_eng_splashscreen Original size 36792 Crunched size 3380
Parallax for background level00_plx Original size 55168 Crunched size 2768
Panel (background)level00_plx Original size 2104 Crunched size 552
Parallax for background level99_plx Original size 55168 Crunched size 2768
Panel (background)level99_plx Original size 1504 Crunched size 404
Project virtual machine (codeblocks) Original size 11326 Crunched size 3360
Map actor data for level00 Original size 28 Crunched size 28
Header data for map level00 Original size 844 Crunched size 148
Tile data for map level00 (mem restrictions:None) Original size 4832 Crunched size 380
Map actor data for level01 Original size 56 Crunched size 56
Header data for map level01 Original size 844 Crunched size 152
Tile data for map level01 (mem restrictions:None) Original size 4928 Crunched size 408
Map actor data for level02 Original size 56 Crunched size 56
Header data for map level02 Original size 844 Crunched size 152
Tile data for map level02 (mem restrictions:None) Original size 4928 Crunched size 398
Map actor data for level03 Original size 56 Crunched size 56
Header data for map level03 Original size 844 Crunched size 152
Tile data for map level03 (mem restrictions:None) Original size 4928 Crunched size 414
Map actor data for level04 Original size 56 Crunched size 56
Header data for map level04 Original size 844 Crunched size 152
Tile data for map level04 (mem restrictions:None) Original size 4928 Crunched size 404
Map actor data for level05 Original size 56 Crunched size 56
Header data for map level05 Original size 844 Crunched size 152
Tile data for map level05 (mem restrictions:None) Original size 4928 Crunched size 378
Map actor data for level06 Original size 56 Crunched size 56
Header data for map level06 Original size 844 Crunched size 152
Tile data for map level06 (mem restrictions:None) Original size 4928 Crunched size 392
Map actor data for level07 Original size 56 Crunched size 56
Header data for map level07 Original size 844 Crunched size 152
Tile data for map level07 (mem restrictions:None) Original size 5024 Crunched size 496
Map actor data for level08 Original size 56 Crunched size 56
Header data for map level08 Original size 844 Crunched size 152
Tile data for map level08 (mem restrictions:None) Original size 4928 Crunched size 392
Map actor data for level09 Original size 140 Crunched size 92
Header data for map level09 Original size 844 Crunched size 152
Tile data for map level09 (mem restrictions:None) Original size 13024 Crunched size 762
Map actor data for level10 Original size 56 Crunched size 56
Header data for map level10 Original size 844 Crunched size 152
Tile data for map level10 (mem restrictions:None) Original size 4928 Crunched size 428
Map actor data for level11 Original size 56 Crunched size 56
Header data for map level11 Original size 844 Crunched size 152
Tile data for map level11 (mem restrictions:None) Original size 4928 Crunched size 526
Map actor data for level12 Original size 56 Crunched size 56
Header data for map level12 Original size 844 Crunched size 152
Tile data for map level12 (mem restrictions:None) Original size 4928 Crunched size 418
Map actor data for level99 Original size 28 Crunched size 28
Header data for map level99 Original size 844 Crunched size 152
Tile data for map level99 (mem restrictions:None) Original size 4832 Crunched size 276
Asset bundle 0 (Core project asset bundle) Original size 34002 Crunched size 12580
Asset bundle 1 (level00) Original size 5226 Crunched size 1024
Asset bundle 14 (level99) Original size 254 Crunched size 106
Misc Data (paths, hurt boxes etc) Original size 2 Crunched size 2
Project Header Original size 4408 Crunched size 1250
Project Data Original size 6182 Crunched size 1656
Project virtual machine redirects Original size 4 Crunched size 4

=== Accounted Memory Usage ===
(Note that this isn't a full account of memory usage, just the memory we can account for)

For chip:
Map gfx (Panel: scorpion_eng_splashscreen): 36792
Music memory (dor_castle_00121): 44292
BP Buffer memory: 89280
Core sfx/gfx memory: 34002
Parallax memory: 55168
OS/other estimated: 99328

For other:
Map cache memory: 762
Map header cache memory: 152
Map actor cache memory: 92
Map data memory: 13024
Map background memory: 2104
EXE memory: 204056
vm memory: 11326
project memory: 6182
memory reserved for active actors on screen (32): 4616
memory reserved for dormant actors in map (128): 4608
OS/other estimated: 105472

Accounted memory chip: 358862
Accounted memory other: 352394
Accounted memory total: 711256

=== Codeblocks by compiled size ===
try_push_block: 670
load_level: 550
block_stop: 466
pre_startup: 422
do_teleport: 402
flipscreen_smooth: 310 (Unused?)
flipxymove: 278 (Unused?)
try_present_hit_target: 270
load_next_level: 252 (Unused?)
block_find: 206 (Unused?)
set_yresolution: 202
waitforframes: 194
check_talkpad: 192 (Unused?)
block_exit_level: 188
pause: 184
block_count: 178
flipymove: 162 (Unused?)
restartlevel: 162
pre_quit: 160
snap_to_screen: 158 (Unused?)
load_panel: 146
flipxmove: 142 (Unused?)
unload_level: 142
AUTOGEN_OUTOFSCREEN_try_next_level_try_next_level_try_next_level_try_next_level: 130
destroy_all_blocks: 128 (Unused?)
restart_this_level: 128 (Unused?)
pre_load_level: 122
rudolph_at_exit: 114
fadein: 112
convert_present_to_block: 112
try_crush_reindeer: 110
unload_panel: 106
waitforfireup: 102
waitforfiredown: 98
load_panel_bottom: 96 (Unused?)
load_panel_top: 96 (Unused?)
convert_block_to_present: 96
destroy_child_actors: 94 (Unused?)
present_down: 94
present_left: 94
present_right: 94
santa_update_handler: 90
fadeout: 88
pre_anim5: 86 (Unused?)
waitforfirehit: 86
puff_of_smoke_end: 80
load_music: 78
load_music_finish: 76
wrap_screen_bottom: 76 (Unused?)
wrap_screen_right: 76 (Unused?)
startup: 76
set_ntsc: 74 (Unused?)
flipscreen: 72 (Unused?)
wrap_screen_left: 72 (Unused?)
wrap_screen_top: 72 (Unused?)
quit: 70 (Unused?)
jump_actor: 66 (Unused?)
load_panel_finish: 66
unload_panel_bottom: 62
unload_panel_top: 62
freeze_test: 62 (Unused?)
destroy_all_actors: 60 (Unused?)
go_to_next_level: 60
destroy_actor: 58
regenerate_screen: 58
change_to_puff: 58
moving_block_collision: 58
santa_hit_fire: 58
AUTOGEN_OUTOFSCREEN_None_None_None_restartlevel: 54
destroy_block: 52 (Unused?)
return: 52 (Unused?)
autogen_anim_smoke_puff_0: 52
autogen_santa_jump_l_0: 52
try_next_level: 50
regenerate_screen_wait: 46
resume_movement: 46
freeze_actor: 40
unfreeze_actor: 40 (Unused?)
autogen_rudolph_falling_l_0: 38
fall_straight_down: 38
block_coll_force: 32 (Unused?)
block_coll_passthru: 32
clear_block_collision: 32
vm_registers: 26 (Unused?)
debug_breakpoint: 26 (Unused?)
vm_constants_tile_properties: 26 (Unused?)
