=== Image optimisations ===

=== Estimated memory usages ===

For chip:
Map gfx (Panel: scorpion_eng_splashscreen): 37090
Music memory: 68256
BP Buffer memory: 131040
core sfx/gfx memory: 4
Parallax memory: 0

For other:
Map cache memory: 0
Map header cache memory: 0
Map data memory: 0
Map background memory: 0
EXE memory: 211680
vm memory: 6432
project memory: 2656

Accounted memory chip: 236390
Accounted memory other: 220768
Accounted memory total: 457158

=== Misc ===
Maps and Asset Bundles Count: 1
Maps and Asset Bundles Data Size: 12
Actor Count: 1
Actor Data Size: 296
Block Count: 1
Block Data Size: 52
Anim5 Count: 2
Anim5 Data Size: 2072
Sound Count: 1
Sound Data Size: 32
Teleporter Count: 1
Teleporter Data Size: 8
Animations Count: 1
Animations Data Size: 16
AnimationFrame Count: 2
AnimationFrame Data Size: 32
ImageFrames: 2
ImageFrame Data Size: 136
Anim5 pixelglass32 Original size 403272 Crunched size 243110
Asset bundle 0 (Core project asset bundle) Original size 4 Crunched size 4
Music file pixelglassintro Original size 68256 Crunched size 53206
Project Data Original size 2656 Crunched size 114
Project Header Original size 4040 Crunched size 1178
Panel scorpion_eng_splashscreen Original size 37090 Crunched size 3292
Project virtual machine (codeblocks) Original size 6432 Crunched size 1772
Project virtual machine redirects Original size 4 Crunched size 4
