=== Image optimisations ===

=== Estimated memory usages ===

For chip:
Map gfx (level gfx bundle 1): 48936
Music memory (): 0
BP Buffer memory: 184128
core sfx/gfx memory: 128066
Parallax memory: 0
OS/other estimated: 99328

For other:
Map cache memory: 0
Map header cache memory: 0
Map data memory: 7452
Map background memory: 1400
EXE memory: 210300
vm memory: 10374
project memory: 5748
memory reserved for active actors on screen (32): 4744
memory reserved for dormant actors in map (256): 9216
OS/other estimated: 105472

Accounted memory chip: 565930
Accounted memory other: 249234
Accounted memory total: 815164

=== Misc ===
Maps and Asset Bundles Count: 2
Maps and Asset Bundles Data Size: 24
Actor Count: 2
Actor Data Size: 376
Block Count: 1
Block Data Size: 68
Anim5 Count: 0
Anim5 Data Size: 0
Sound Count: 1
Sound Data Size: 28
Teleporter Count: 1
Teleporter Data Size: 8
Animations Count: 17
Animations Data Size: 272
AnimationFrame Count: 82
AnimationFrame Data Size: 1312
ImageFrames: 81
ImageFrame Data Size: 3564
Sprites: 1
Sprites Data Size: 14
Attack Data: 1
Attack Data Size: 66
Misc data size: 14
Panel scorpion_eng_splashscreen Original size 35160 Crunched size 3262
Header data for map default_map Original size 7996 Crunched size 562
Tile data for map default_map (mem restrictions:No_Blocks) Original size 7452 Crunched size 1100
Background for map default_map Original size 1400 Crunched size 80
Asset bundle 0 (Core project asset bundle) Original size 128066 Crunched size 10432
Asset bundle 1 (default_map) Original size 48936 Crunched size 17302
Project Header Original size 4036 Crunched size 1190
Project Data Original size 5748 Crunched size 1272
Project virtual machine (codeblocks) Original size 10374 Crunched size 2960
Project virtual machine redirects Original size 4 Crunched size 4

=== Codeblocks by compiled size ===
startup: 2196
load_level: 764
fade_from_white: 486
set_yresolution: 458 (Unused?)
do_teleport: 424
flipscreen_smooth: 310 (Unused?)
pre_startup: 282
flipxymove: 278 (Unused?)
waitforframes: 194
check_talkpad: 192 (Unused?)
pause: 176 (Unused?)
flipymove: 162 (Unused?)
snap_to_screen: 158 (Unused?)
pre_quit: 152
load_panel: 146
flipxmove: 142 (Unused?)
unload_level: 142
load_music: 130 (Unused?)
destroy_all_blocks: 124 (Unused?)
pre_load_level: 122
waitforfireup: 114
fadein: 112
waitforfiredown: 110
unload_panel: 106
load_panel_bottom: 96 (Unused?)
load_panel_top: 96 (Unused?)
destroy_child_actors: 94 (Unused?)
fadeout: 88
pre_anim5: 86 (Unused?)
waitforfirehit: 86
load_music_finish: 76
wrap_screen_bottom: 76 (Unused?)
wrap_screen_right: 76 (Unused?)
set_ntsc: 74 (Unused?)
flipscreen: 72 (Unused?)
wrap_screen_left: 72 (Unused?)
wrap_screen_top: 72 (Unused?)
quit: 70 (Unused?)
jump_actor: 66 (Unused?)
load_panel_finish: 66
unload_panel_bottom: 62
unload_panel_top: 62
destroy_all_actors: 60 (Unused?)
destroy_actor: 58
regenerate_screen: 58
destroy_block: 52 (Unused?)
return: 52 (Unused?)
regenerate_screen_wait: 46
spawn_generic: 46
freeze_actor: 40 (Unused?)
unfreeze_actor: 40 (Unused?)
block_coll_force: 32 (Unused?)
block_coll_passthru: 32 (Unused?)
clear_block_collision: 32
vm_registers: 26 (Unused?)
vm_constants: 26 (Unused?)
debug_breakpoint: 26 (Unused?)
hardware_amiga: 26 (Unused?)
hardware_megadrive: 26 (Unused?)
vm_constants_audiodriver: 26 (Unused?)
vm_constants_controlbits: 26 (Unused?)
vm_constants_notes: 26 (Unused?)
vm_constants_platform: 26 (Unused?)
vm_constants_tile_properties: 26 (Unused?)
