=== Image optimisations ===
Reduce width of animations\plant\plant1.png by 8 pixels to 16 to improve blit performance by 200.00%
Reduce width of animations\plant\plant1.png by 8 pixels to 16 to improve blit performance by 200.00%
Reduce width of animations\plant\plant_u15.png by 8 pixels to 16 to improve blit performance by 200.00%
Reduce width of animations\plant\plant_u14.png by 8 pixels to 16 to improve blit performance by 200.00%
Reduce width of animations\plant\plant_u13.png by 8 pixels to 16 to improve blit performance by 200.00%
Reduce width of animations\plant\plant_u12.png by 8 pixels to 16 to improve blit performance by 200.00%
Reduce width of animations\plant\plant_u11.png by 8 pixels to 16 to improve blit performance by 200.00%
Reduce width of animations\plant\plant_u10.png by 8 pixels to 16 to improve blit performance by 200.00%
Reduce width of animations\plant\plant_u9.png by 8 pixels to 16 to improve blit performance by 200.00%
Reduce width of animations\plant\plant_u8.png by 8 pixels to 16 to improve blit performance by 200.00%
Reduce width of animations\plant\plant_u7.png by 7 pixels to 16 to improve blit performance by 200.00%
Reduce width of animations\plant\plant_u6.png by 4 pixels to 16 to improve blit performance by 200.00%
Reduce width of animations\plant\plant_u5.png by 4 pixels to 16 to improve blit performance by 200.00%
Reduce width of animations\plant\plant_u4.png by 4 pixels to 16 to improve blit performance by 200.00%
Reduce width of animations\plant\plant_u3.png by 3 pixels to 16 to improve blit performance by 200.00%
Reduce width of animations\plant\plant_u3.png by 3 pixels to 16 to improve blit performance by 200.00%
Reduce width of animations\plant\plant_u4.png by 4 pixels to 16 to improve blit performance by 200.00%
Reduce width of animations\plant\plant_u5.png by 4 pixels to 16 to improve blit performance by 200.00%
Reduce width of animations\plant\plant_u6.png by 4 pixels to 16 to improve blit performance by 200.00%
Reduce width of animations\plant\plant_u7.png by 7 pixels to 16 to improve blit performance by 200.00%
Reduce width of animations\plant\plant_u8.png by 8 pixels to 16 to improve blit performance by 200.00%
Reduce width of animations\plant\plant_u9.png by 8 pixels to 16 to improve blit performance by 200.00%
Reduce width of animations\plant\plant_u10.png by 8 pixels to 16 to improve blit performance by 200.00%
Reduce width of animations\plant\plant_u11.png by 8 pixels to 16 to improve blit performance by 200.00%
Reduce width of animations\plant\plant_u12.png by 8 pixels to 16 to improve blit performance by 200.00%
Reduce width of animations\plant\plant_u13.png by 8 pixels to 16 to improve blit performance by 200.00%
Reduce width of animations\plant\plant_u14.png by 8 pixels to 16 to improve blit performance by 200.00%
Reduce width of animations\plant\plant_u15.png by 8 pixels to 16 to improve blit performance by 200.00%
Reduce width of animations\plant\plantred1.png by 8 pixels to 16 to improve blit performance by 200.00%
Reduce width of animations\plant\plantred1.png by 8 pixels to 16 to improve blit performance by 200.00%
Reduce width of animations\plant\plantred_u15.png by 8 pixels to 16 to improve blit performance by 200.00%
Reduce width of animations\plant\plantred_u14.png by 8 pixels to 16 to improve blit performance by 200.00%
Reduce width of animations\plant\plantred_u13.png by 8 pixels to 16 to improve blit performance by 200.00%
Reduce width of animations\plant\plantred_u12.png by 8 pixels to 16 to improve blit performance by 200.00%
Reduce width of animations\plant\plantred_u11.png by 8 pixels to 16 to improve blit performance by 200.00%
Reduce width of animations\plant\plantred_u10.png by 8 pixels to 16 to improve blit performance by 200.00%
Reduce width of animations\plant\plantred_u9.png by 8 pixels to 16 to improve blit performance by 200.00%
Reduce width of animations\plant\plantred_u8.png by 8 pixels to 16 to improve blit performance by 200.00%
Reduce width of animations\plant\plantred_u7.png by 7 pixels to 16 to improve blit performance by 200.00%
Reduce width of animations\plant\plantred_u6.png by 4 pixels to 16 to improve blit performance by 200.00%
Reduce width of animations\plant\plantred_u5.png by 4 pixels to 16 to improve blit performance by 200.00%
Reduce width of animations\plant\plantred_u4.png by 4 pixels to 16 to improve blit performance by 200.00%
Reduce width of animations\plant\plantred_u3.png by 3 pixels to 16 to improve blit performance by 200.00%
Reduce width of animations\plant\plantred_u3.png by 3 pixels to 16 to improve blit performance by 200.00%
Reduce width of animations\plant\plantred_u4.png by 4 pixels to 16 to improve blit performance by 200.00%
Reduce width of animations\plant\plantred_u5.png by 4 pixels to 16 to improve blit performance by 200.00%
Reduce width of animations\plant\plantred_u6.png by 4 pixels to 16 to improve blit performance by 200.00%
Reduce width of animations\plant\plantred_u7.png by 7 pixels to 16 to improve blit performance by 200.00%
Reduce width of animations\plant\plantred_u8.png by 8 pixels to 16 to improve blit performance by 200.00%
Reduce width of animations\plant\plantred_u9.png by 8 pixels to 16 to improve blit performance by 200.00%
Reduce width of animations\plant\plantred_u10.png by 8 pixels to 16 to improve blit performance by 200.00%
Reduce width of animations\plant\plantred_u11.png by 8 pixels to 16 to improve blit performance by 200.00%
Reduce width of animations\plant\plantred_u12.png by 8 pixels to 16 to improve blit performance by 200.00%
Reduce width of animations\plant\plantred_u13.png by 8 pixels to 16 to improve blit performance by 200.00%
Reduce width of animations\plant\plantred_u14.png by 8 pixels to 16 to improve blit performance by 200.00%
Reduce width of animations\plant\plantred_u15.png by 8 pixels to 16 to improve blit performance by 200.00%

=== Misc ===
Saving song.mod as 1.mus. Original size: 52260
Actor Count: 42
Actor Data Size: 12264
Block Count: 41
Block Data Size: 2132
Anim5 Count: 1
Anim5 Data Size: 4
Sound Count: 8
Sound Data Size: 128
Teleporter Count: 1
Teleporter Data Size: 8
Animations Count: 83
Animations Data Size: 1328
AnimationFrame Count: 391
AnimationFrame Data Size: 31280
Crunching Panel scorpion_eng_splashscreen as 0.img. Original size: 37106. Crunched size: 3312
Saving Panel ui_title as 1.img. Original size: 55010
Saving Project virtual machine (codeblocks) as project.vm. Original size: 18114
Saving Header data for map level1 as 1.mhd. Original size: 11556
Saving Data for map level1 as 1.map. Original size: 24788
Saving Header data for map level2 as 2.mhd. Original size: 11556
Saving Data for map level2 as 2.map. Original size: 28828
Saving Header data for map level3 as 3.mhd. Original size: 11556
Saving Data for map level3 as 3.map. Original size: 19868
Saving Header data for map level4 as 4.mhd. Original size: 11556
Saving Data for map level4 as 4.map. Original size: 26708
Saving Header data for map level5 as 5.mhd. Original size: 11556
Saving Data for map level5 as 5.map. Original size: 24084
Saving Header data for map level6 as 6.mhd. Original size: 11556
Saving Data for map level6 as 6.map. Original size: 39028
Saving Asset bundle 0 as 0.gfx. Original size: 70592
Saving Asset bundle 1 as 1.gfx. Original size: 63576
Saving Asset bundle 2 as 2.gfx. Original size: 74320
Saving Asset bundle 3 as 3.gfx. Original size: 58832
Saving Asset bundle 4 as 4.gfx. Original size: 59216
Saving Asset bundle 5 as 5.gfx. Original size: 58832
Saving Asset bundle 6 as 6.gfx. Original size: 51792
Saving Project data as project.dat. Original size: 47276
Saving Scorpion header as project.hd. Original size: 3000

Estimated memory usages:

For chip:
Map gfx (level gfx bundle 2 ): 74320
Music memory: 52260
BP Buffer memory: 102400
core sfx/gfx memory: 70592

For other:
Map cache memory: 0
Map header cache memory: 0
Map data memory: 39028
EXE memory: 196948
vm memory: 18114
project memory: 47276

Accounted memory chip: 299572
Accounted memory other: 301366
Accounted memory total: 600938
