XGM Null song Original size 172 Crunched size 172
Animations Original size 16 Crunched size 16
Teleporters Original size 8 Crunched size 8
XGM Null sound Original size 256 Crunched size 256
XGM 68K Plugin Driver Original size 804 Crunched size 804
Project sound Original size 56 Crunched size 56
Project blocks Original size 68 Crunched size 68
Project patterns Original size 32 Crunched size 32
Streamed project patterns Original size 32 Crunched size 32
Var Data Original size 16 Crunched size 16
XGM PCM sound Original size 2560 Crunched size 2560
XGM Core Driver Original size 5888 Crunched size 5888
Default MD font Original size 2048 Crunched size 2048
Default MD number font Original size 320 Crunched size 320
Project virtual machine (codeblocks) Original size 9768 Crunched size 9768
Panel  Original size 10332 Crunched size 10332
Font for panel 1 Original size 2048 Crunched size 2048
Panel dialogue_talkpad Original size 1820 Crunched size 1820
Font for panel 2 Original size 2048 Crunched size 2048
Panel dialogue_talkpad2 Original size 3260 Crunched size 3260
Project actors Original size 188 Crunched size 188
Animation Frames Original size 32 Crunched size 32
Mega Drive header Original size 2894 Crunched size 2894

=== Codeblocks by compiled size ===
startup: 2642
load_level: 686
set_yresolution: 386 (Unused?)
do_teleport: 348
flipscreen_smooth: 306 (Unused?)
flipxymove: 250 (Unused?)
waitforframes: 186
pre_startup: 182
check_talkpad: 168
snap_to_screen: 158 (Unused?)
flipymove: 146 (Unused?)
load_panel: 146
pre_quit: 144 (Unused?)
flipxmove: 130 (Unused?)
pause: 126 (Unused?)
destroy_all_blocks: 120 (Unused?)
load_music: 118 (Unused?)
pre_load_level: 118
unload_level: 114
waitforfireup: 106
fadein: 102
waitforfiredown: 102
load_panel_bottom: 96 (Unused?)
load_panel_top: 96 (Unused?)
unload_panel: 92
destroy_child_actors: 90 (Unused?)
pre_anim5: 86 (Unused?)
waitforfirehit: 86
fadeout: 84
wrap_screen_bottom: 76 (Unused?)
wrap_screen_right: 76 (Unused?)
wrap_screen_left: 72 (Unused?)
wrap_screen_top: 72 (Unused?)
flipscreen: 70 (Unused?)
load_music_finish: 64
jump_actor: 62 (Unused?)
unload_panel_bottom: 62
unload_panel_top: 62
destroy_all_actors: 56 (Unused?)
load_panel_finish: 56
destroy_actor: 54
regenerate_screen: 52
return: 52 (Unused?)
savedata: 52 (Unused?)
destroy_block: 48 (Unused?)
quit: 46 (Unused?)
regenerate_screen_wait: 42
type: 42
freeze_actor: 36 (Unused?)
unfreeze_actor: 36 (Unused?)
block_coll_force: 32 (Unused?)
block_coll_passthru: 32 (Unused?)
vm_registers: 26 (Unused?)
vm_constants: 26 (Unused?)
debug_breakpoint: 26 (Unused?)
vm_constants_audiodriver: 26 (Unused?)
vm_constants_controlbits: 26 (Unused?)
vm_constants_notes: 26 (Unused?)
vm_constants_platform: 26 (Unused?)
vm_constants_tile_properties: 26 (Unused?)
