=== Image optimisations ===

=== Estimated memory usages ===

For chip:
Map gfx (Panel: store): 53640
Music memory (): 0
BP Buffer memory: 96096
core sfx/gfx memory: 109893
Parallax memory: 0
OS/other estimated: 99328

For other:
Map cache memory: 1652
Map header cache memory: 250
Map data memory: 12096
Map background memory: 1400
EXE memory: 210424
vm memory: 17470
project memory: 8860
memory reserved for active actors on screen (32): 4744
memory reserved for dormant actors in map (256): 9216
OS/other estimated: 105472

Accounted memory chip: 464429
Accounted memory other: 266112
Accounted memory total: 730541

=== Misc ===
Maps and Asset Bundles Count: 2
Maps and Asset Bundles Data Size: 24
Actor Count: 25
Actor Data Size: 4700
Block Count: 6
Block Data Size: 408
Anim5 Count: 0
Anim5 Data Size: 0
Sound Count: 9
Sound Data Size: 252
Teleporter Count: 1
Teleporter Data Size: 8
Animations Count: 23
Animations Data Size: 368
AnimationFrame Count: 46
AnimationFrame Data Size: 736
ImageFrames: 44
ImageFrame Data Size: 1936
Sprites: 13
Sprites Data Size: 182
Attack Data: 2
Attack Data Size: 132
Misc data size: 112
Panel scorpion_eng_splashscreen Original size 35160 Crunched size 3262
Panel emptypanel Original size 52960 Crunched size 2278
Panel main_panel Original size 47460 Crunched size 4560
Panel store Original size 53640 Crunched size 5010
Panel title_panel Original size 47460 Crunched size 14622
Panel ui Original size 18030 Crunched size 2604
Header data for map map Original size 7996 Crunched size 250
Tile data for map map (mem restrictions:None) Original size 12096 Crunched size 1652
Background for map map Original size 1400 Crunched size 80
Asset bundle 0 (Core project asset bundle) Original size 109893 Crunched size 43108
Asset bundle 1 (map) Original size 16334 Crunched size 3468
Project Header Original size 4036 Crunched size 1204
Project Data Original size 8860 Crunched size 1900
Project virtual machine (codeblocks) Original size 17470 Crunched size 5678
Project virtual machine redirects Original size 4 Crunched size 4

=== Codeblocks by compiled size ===
game_loop: 2576
store_selection: 1142
load_level: 764
game_over_bank: 480
activate: 464
beam_cross: 462
set_yresolution: 458 (Unused?)
random_dir: 438
startup: 428
do_teleport: 424
manager_heart: 404
manager: 400
beam_collision: 388
beam_test_side: 342
flipscreen_smooth: 310 (Unused?)
flipxymove: 278 (Unused?)
battery_drain: 266
store_manager: 260
hunt: 222
pre_startup: 204
waitforframes: 194
drop_chest: 194
check_talkpad: 192 (Unused?)
restart: 180 (Unused?)
pause: 176
flipymove: 162 (Unused?)
snap_to_screen: 158 (Unused?)
pre_quit: 152
load_panel: 146
flipxmove: 142 (Unused?)
unload_level: 142
flipxlook: 134
load_music: 130 (Unused?)
celebrate: 128
destroy_all_blocks: 124
destroyed_block: 124
pre_load_level: 122
chest_close: 118
hunt_kill: 118
waitforfireup: 114
fadein: 112
waitforfiredown: 110
unload_panel: 106
chest_open: 104
game_over: 104
load_panel_bottom: 96
load_panel_top: 96 (Unused?)
destroy_child_actors: 94 (Unused?)
return_to_northpole: 90
fadeout: 88
pre_anim5: 86 (Unused?)
waitforfirehit: 86
load_music_finish: 76
wrap_screen_bottom: 76 (Unused?)
wrap_screen_right: 76 (Unused?)
set_ntsc: 74 (Unused?)
flipscreen: 72 (Unused?)
wrap_screen_left: 72 (Unused?)
wrap_screen_top: 72 (Unused?)
quit: 70 (Unused?)
jump_actor: 66 (Unused?)
load_panel_finish: 66
chest_collision_left: 64
chest_collision_right: 64
unload_panel_bottom: 62
unload_panel_top: 62
destroy_all_actors: 60 (Unused?)
destroy_actor: 58
regenerate_screen: 58
kill_elf: 58
destroy_block: 52 (Unused?)
return: 52 (Unused?)
regenerate_screen_wait: 46
beam_sfx: 46
turn_right: 46
freeze_actor: 40 (Unused?)
unfreeze_actor: 40 (Unused?)
block_coll_force: 32 (Unused?)
block_coll_passthru: 32 (Unused?)
clear_block_collision: 32
vm_registers: 26 (Unused?)
vm_constants: 26 (Unused?)
debug_breakpoint: 26 (Unused?)
hardware_amiga: 26 (Unused?)
hardware_megadrive: 26 (Unused?)
vm_constants_audiodriver: 26 (Unused?)
vm_constants_controlbits: 26 (Unused?)
vm_constants_notes: 26 (Unused?)
vm_constants_platform: 26 (Unused?)
vm_constants_tile_properties: 26 (Unused?)
