RAM reserved for level tiles: 4488 bytes (largest level: map)

XGM Null song Original size 172 Crunched size 172
Map tile data  map Original size 2244 Crunched size 69
XGM 68K Plugin Driver Original size 804 Crunched size 804
Map block data for map Original size 2244 Crunched size 102
Map path node data for map Original size 12 Crunched size 12
Map event data for map Original size 32 Crunched size 32
Teleporters Original size 8 Crunched size 8
Commands for Joystick 1 Original size 12 Crunched size 12
XGM Null sound Original size 256 Crunched size 256
XGM Core Driver Original size 5888 Crunched size 5888
XGM PCM sound Original size 1536 Crunched size 1536
XGM PCM sound Original size 48384 Crunched size 48384
XGM PCM sound Original size 67072 Crunched size 67072
XGM PCM sound Original size 13824 Crunched size 13824
XGM PCM sound Original size 1280 Crunched size 1280
XGM PCM sound Original size 2048 Crunched size 2048
XGM PCM sound Original size 6144 Crunched size 6144
XGM PCM sound Original size 8704 Crunched size 8704
Project sound Original size 252 Crunched size 252
Default MD font Original size 2048 Crunched size 2048
Default MD number font Original size 320 Crunched size 320
Project virtual machine (codeblocks) Original size 17232 Crunched size 17232
Panel  Original size 10334 Crunched size 10334
Font for panel 1 Original size 2048 Crunched size 2048
Panel emptypanel Original size 3166 Crunched size 3166
Panel main_panel Original size 4158 Crunched size 4158
Font for panel 3 Original size 2048 Crunched size 2048
Number font for panel 3 Original size 320 Crunched size 320
Panel store Original size 5602 Crunched size 5602
Panel title_panel Original size 29406 Crunched size 29406
Font for panel 5 Original size 2048 Crunched size 2048
Number font for panel 5 Original size 320 Crunched size 320
Panel ui Original size 2910 Crunched size 2910
Project blocks Original size 408 Crunched size 408
Project actors Original size 4700 Crunched size 4700
Project patterns Original size 26240 Crunched size 26240
Pattern data for 1 Original size 934 Crunched size 934
Map header map Original size 11996 Crunched size 11996
Get Y lookup table map Original size 408 Crunched size 408
Project name table Original size 1072 Crunched size 1072
Streamed project patterns Original size 9984 Crunched size 9984
Images Original size 1778 Crunched size 1778
Animations Original size 368 Crunched size 368
Animation Frames Original size 736 Crunched size 736
Mega Drive header Original size 2902 Crunched size 2902
Var Data Original size 112 Crunched size 112
Attack Data Original size 132 Crunched size 132

=== Codeblocks by compiled size ===
game_loop: 2576
store_selection: 1142
load_level: 724
game_over_bank: 480
activate: 464
beam_cross: 462
random_dir: 438
startup: 428
do_teleport: 404
manager_heart: 404
manager: 400
set_yresolution: 398 (Unused?)
beam_collision: 388
beam_test_side: 342
flipscreen_smooth: 310 (Unused?)
flipxymove: 278 (Unused?)
battery_drain: 266
store_manager: 260
hunt: 222
pre_startup: 212
waitforframes: 194
drop_chest: 194
restart: 180 (Unused?)
check_talkpad: 172 (Unused?)
flipymove: 162 (Unused?)
snap_to_screen: 158 (Unused?)
pre_quit: 152 (Unused?)
load_panel: 146
flipxmove: 142 (Unused?)
unload_level: 142
pause: 138
flipxlook: 134
load_music: 130 (Unused?)
celebrate: 128
destroy_all_blocks: 124 (Unused?)
destroyed_block: 124
pre_load_level: 122
chest_close: 118
hunt_kill: 118
waitforfireup: 114
fadein: 112
waitforfiredown: 110
unload_panel: 106
chest_open: 104
game_over: 104
load_panel_bottom: 96
load_panel_top: 96 (Unused?)
destroy_child_actors: 94 (Unused?)
return_to_northpole: 90
fadeout: 88
pre_anim5: 86 (Unused?)
waitforfirehit: 86
load_music_finish: 76
wrap_screen_bottom: 76 (Unused?)
wrap_screen_right: 76 (Unused?)
flipscreen: 72 (Unused?)
wrap_screen_left: 72 (Unused?)
wrap_screen_top: 72 (Unused?)
jump_actor: 66 (Unused?)
load_panel_finish: 66
chest_collision_left: 64
chest_collision_right: 64
unload_panel_bottom: 62
unload_panel_top: 62
destroy_all_actors: 60 (Unused?)
destroy_actor: 58
regenerate_screen: 58
kill_elf: 58
destroy_block: 52 (Unused?)
return: 52 (Unused?)
quit: 50 (Unused?)
regenerate_screen_wait: 46
beam_sfx: 46
turn_right: 46
freeze_actor: 40 (Unused?)
unfreeze_actor: 40 (Unused?)
block_coll_force: 32 (Unused?)
block_coll_passthru: 32 (Unused?)
clear_block_collision: 32
vm_registers: 26 (Unused?)
vm_constants: 26 (Unused?)
debug_breakpoint: 26 (Unused?)
hardware_amiga: 26 (Unused?)
hardware_megadrive: 26 (Unused?)
set_ntsc: 26
vm_constants_audiodriver: 26 (Unused?)
vm_constants_controlbits: 26 (Unused?)
vm_constants_notes: 26 (Unused?)
vm_constants_platform: 26 (Unused?)
vm_constants_tile_properties: 26 (Unused?)
