Attack Data Original size 132 Crunched size 132
Default MD font Original size 2048 Crunched size 2048
Map event data for level1 Original size 32 Crunched size 32
Map header level1 Original size 9660 Crunched size 9660
Map block data for level1 Original size 972 Crunched size 64
Map path node data for level1 Original size 12 Crunched size 12
MDS Sequence file Original size 116 Crunched size 116
MDS PCM file Original size 4863 Crunched size 4863
Map tile data  level1 Original size 972 Crunched size 82
Get Y lookup table level1 Original size 72 Crunched size 72
Default MD number font Original size 320 Crunched size 320
Number font for panel 2 Original size 320 Crunched size 320
Project name table Original size 416 Crunched size 416
Project actors Original size 1880 Crunched size 1880
Project blocks Original size 68 Crunched size 68
Teleporters Original size 8 Crunched size 8
Animation Frames Original size 192 Crunched size 192
Mega Drive header Original size 3660 Crunched size 3660
Images Original size 498 Crunched size 498
Panel  Original size 10322 Crunched size 10322
Panel md_parallax Original size 8114 Crunched size 8114
Panel ui Original size 1870 Crunched size 1870
Animations Original size 160 Crunched size 160
Project patterns Original size 32 Crunched size 32
Pattern data for 1 Original size 420 Crunched size 420
Streamed project patterns Original size 6784 Crunched size 6784
Project sound Original size 96 Crunched size 96
Var Data Original size 16 Crunched size 16
Project virtual machine (codeblocks) Original size 8532 Crunched size 8532

=== Possibly unused animations ===
anim_sun

=== Possibly unused Actors ===
pole1
pole2
pole3
pole4
pole5
pole6

=== Codeblocks by compiled size ===
load_level: 906
levelstartloop: 448
set_yresolution: 388
do_teleport: 372
startup: 356
flipscreen_smooth: 346 (Unused?)
flipxymove: 306 (Unused?)
pre_startup: 262
pause: 252 (Unused?)
poleoffscreen: 234
snap_to_screen: 190 (Unused?)
flipymove: 174 (Unused?)
flipxmove: 158 (Unused?)
playerdead: 156
load_panel: 146
pre_quit: 146 (Unused?)
autoscroll: 134
planehandler: 132
destroy_all_blocks: 124 (Unused?)
pre_load_level: 118
unload_level: 114
load_panel_bottom: 96 (Unused?)
load_panel_top: 96 (Unused?)
waitforfireup: 94
unload_panel: 92
wrap_screen_bottom: 92 (Unused?)
wrap_screen_right: 92 (Unused?)
AUTOGEN_OUTOFSCREEN_None_None_playerdead_playerdead: 92
waitforfiredown: 90
wrap_screen_left: 88 (Unused?)
wrap_screen_top: 88 (Unused?)
flipscreen: 86 (Unused?)
pre_anim5: 86 (Unused?)
waitforfirehit: 86
spawnpole: 86
fadeout: 84
destroy_plane_offscreen: 84
waitforframes: 78
destroy_all_actors: 62 (Unused?)
jump_actor: 62 (Unused?)
load_music: 62
unload_panel_bottom: 62
unload_panel_top: 62
AUTOGEN_OUTOFSCREEN_None_None_None_destroy_plane_offscreen: 62
fadein: 58
load_panel_finish: 56
AUTOGEN_OUTOFSCREEN_poleoffscreen_None_None_None: 56
destroy_actor: 54
regenerate_screen: 52
return: 52 (Unused?)
destroy_block: 48 (Unused?)
quit: 46 (Unused?)
regenerate_screen_wait: 42
vm_registers: 26 (Unused?)
vm_constants: 26 (Unused?)
debug_breakpoint: 26 (Unused?)
vm_constants_controlbits: 26 (Unused?)
vm_constants_notes: 26 (Unused?)
vm_constants_tile_properties: 26 (Unused?)
vm_constants_platform: 26 (Unused?)
savedata: 26 (Unused?)
