=== Image optimisations ===

=== Estimated memory usages ===

For chip:
Map gfx (Panel: scorpion_eng_splashscreen): 35160
Music memory (song): 76316
BP Buffer memory: 104500
core sfx/gfx memory: 15321
Parallax memory: 40586
OS/other estimated: 99328

For other:
Map cache memory: 0
Map header cache memory: 0
Map data memory: 5212
Map background memory: 2036
EXE memory: 210424
vm memory: 9810
project memory: 3438
memory reserved for active actors on screen (32): 4744
memory reserved for dormant actors in map (256): 9216
OS/other estimated: 105472

Accounted memory chip: 476683
Accounted memory other: 244880
Accounted memory total: 721563

=== Misc ===
Maps and Asset Bundles Count: 2
Maps and Asset Bundles Data Size: 24
Actor Count: 11
Actor Data Size: 2068
Block Count: 1
Block Data Size: 68
Anim5 Count: 0
Anim5 Data Size: 0
Sound Count: 4
Sound Data Size: 112
Teleporter Count: 1
Teleporter Data Size: 8
Animations Count: 11
Animations Data Size: 176
AnimationFrame Count: 13
AnimationFrame Data Size: 208
ImageFrames: 12
ImageFrame Data Size: 528
Sprites: 7
Sprites Data Size: 98
Attack Data: 2
Attack Data Size: 132
Misc data size: 14
Music file song Original size 76316 Crunched size 46970
Panel scorpion_eng_splashscreen Original size 35160 Crunched size 3262
Panel ui Original size 5674 Crunched size 722
Header data for map level1 Original size 7996 Crunched size 254
Tile data for map level1 (mem restrictions:No_Blocks) Original size 5212 Crunched size 414
Background for map level1 Original size 2036 Crunched size 600
Parallax for map level1 Original size 40586 Crunched size 4134
Asset bundle 0 (Core project asset bundle) Original size 15321 Crunched size 4314
Asset bundle 1 (level1) Original size 15956 Crunched size 2436
Project Header Original size 4036 Crunched size 1198
Project Data Original size 3438 Crunched size 718
Project virtual machine (codeblocks) Original size 9810 Crunched size 2982
Project virtual machine redirects Original size 4 Crunched size 4

=== Possibly unused animations ===
anim_sun

=== Possibly unused Actors ===
new_actor
pole1
pole2
pole3
pole4
pole5
pole6

=== Codeblocks by compiled size ===
load_level: 764
set_yresolution: 458
levelstartloop: 440
startup: 434
do_teleport: 424
flipscreen_smooth: 310 (Unused?)
flipxymove: 278 (Unused?)
poleoffscreen: 248
pre_startup: 204
waitforframes: 194
check_talkpad: 192 (Unused?)
pause: 176 (Unused?)
flipymove: 162 (Unused?)
snap_to_screen: 158 (Unused?)
playerdead: 158
pre_quit: 152
load_panel: 146
flipxmove: 142 (Unused?)
unload_level: 142
planehandler: 138
load_music: 130
destroy_all_blocks: 124 (Unused?)
pre_load_level: 122
waitforfireup: 114
fadein: 112
waitforfiredown: 110
unload_panel: 106
load_panel_bottom: 96 (Unused?)
load_panel_top: 96 (Unused?)
destroy_child_actors: 94 (Unused?)
spawnpole: 92
autogen_anim_pole1_0: 90
autogen_anim_pole3_0: 90
autogen_anim_pole4_0: 90
autogen_anim_pole5_0: 90
fadeout: 88
pre_anim5: 86 (Unused?)
waitforfirehit: 86
autogen_anim_pole2_0: 86
AUTOGEN_OUTOFSCREEN_None_None_playerdead_playerdead: 78
load_music_finish: 76
wrap_screen_bottom: 76 (Unused?)
wrap_screen_right: 76 (Unused?)
set_ntsc: 74 (Unused?)
flipscreen: 72 (Unused?)
wrap_screen_left: 72 (Unused?)
wrap_screen_top: 72 (Unused?)
quit: 70
autoscroll: 70
jump_actor: 66
load_panel_finish: 66
unload_panel_bottom: 62
unload_panel_top: 62
destroy_all_actors: 60 (Unused?)
destroy_actor: 58
regenerate_screen: 58
AUTOGEN_OUTOFSCREEN_None_None_None_destroy_actor: 54
destroy_block: 52 (Unused?)
return: 52 (Unused?)
AUTOGEN_OUTOFSCREEN_poleoffscreen_None_None_None: 50
regenerate_screen_wait: 46
freeze_actor: 40 (Unused?)
unfreeze_actor: 40 (Unused?)
block_coll_force: 32 (Unused?)
block_coll_passthru: 32 (Unused?)
clear_block_collision: 32
vm_registers: 26 (Unused?)
vm_constants: 26 (Unused?)
debug_breakpoint: 26 (Unused?)
hardware_amiga: 26 (Unused?)
hardware_megadrive: 26 (Unused?)
vm_constants_audiodriver: 26 (Unused?)
vm_constants_controlbits: 26 (Unused?)
vm_constants_notes: 26 (Unused?)
vm_constants_platform: 26 (Unused?)
vm_constants_tile_properties: 26 (Unused?)
savedata: 26 (Unused?)
