=== Image optimisations ===
Reduce width of sprites\alexkidd\monkeylad_punch.png by 8 pixels to 16 to improve blit performance by 200.00%
Reduce width of sprites\alexkidd\monkeylad_punch.png by 8 pixels to 16 to reduce sprites by 2
Reduce width of sprites\alexkidd\monkeylad_punch.png by 8 pixels to 16 to improve blit performance by 200.00%
Reduce width of sprites\alexkidd\monkeylad_punch.png by 8 pixels to 16 to reduce sprites by 2
Reduce width of sprites\alexkidd\monkeylad_punch.png by 8 pixels to 16 to improve blit performance by 200.00%
Reduce width of sprites\alexkidd\monkeylad_punch.png by 8 pixels to 16 to reduce sprites by 2
Reduce width of sprites\alexkidd\monkeylad_punch.png by 8 pixels to 16 to improve blit performance by 200.00%
Reduce width of sprites\alexkidd\monkeylad_punch.png by 8 pixels to 16 to reduce sprites by 2
Reduce width of sprites\alexkidd\monkeylad_swim_idle.png by 8 pixels to 16 to improve blit performance by 200.00%
Reduce width of sprites\alexkidd\monkeylad_swim_idle.png by 8 pixels to 16 to reduce sprites by 2
Reduce width of sprites\alexkidd\monkeylad_swim_idle.png by 8 pixels to 16 to improve blit performance by 200.00%
Reduce width of sprites\alexkidd\monkeylad_swim_idle.png by 8 pixels to 16 to reduce sprites by 2
Reduce width of sprites\alexkidd\monkeylad_swim_1.png by 8 pixels to 16 to improve blit performance by 200.00%
Reduce width of sprites\alexkidd\monkeylad_swim_1.png by 8 pixels to 16 to reduce sprites by 2
Reduce width of sprites\alexkidd\monkeylad_swim_2.png by 8 pixels to 16 to improve blit performance by 200.00%
Reduce width of sprites\alexkidd\monkeylad_swim_2.png by 8 pixels to 16 to reduce sprites by 2
Reduce width of sprites\alexkidd\monkeylad_swim_1.png by 8 pixels to 16 to improve blit performance by 200.00%
Reduce width of sprites\alexkidd\monkeylad_swim_1.png by 8 pixels to 16 to reduce sprites by 2
Reduce width of sprites\alexkidd\monkeylad_swim_2.png by 8 pixels to 16 to improve blit performance by 200.00%
Reduce width of sprites\alexkidd\monkeylad_swim_2.png by 8 pixels to 16 to reduce sprites by 2
Reduce width of sprites\alexkidd_motorcycle\motorcycle1.png by 8 pixels to 16 to improve blit performance by 200.00%
Reduce width of sprites\alexkidd_motorcycle\motorcycle1.png by 8 pixels to 16 to reduce sprites by 2
Reduce width of sprites\alexkidd_motorcycle\motorcycle2.png by 8 pixels to 16 to improve blit performance by 200.00%
Reduce width of sprites\alexkidd_motorcycle\motorcycle2.png by 8 pixels to 16 to reduce sprites by 2
Reduce width of sprites\alexkidd_motorcycle\motorcycle_jump.png by 8 pixels to 16 to improve blit performance by 200.00%
Reduce width of sprites\alexkidd_motorcycle\motorcycle_jump.png by 8 pixels to 16 to reduce sprites by 2
Reduce width of sprites\enemy\bigfish1.png by 8 pixels to 16 to improve blit performance by 200.00%
Reduce width of sprites\enemy\bigfish1.png by 8 pixels to 16 to reduce sprites by 2
Reduce width of sprites\enemy\bigfish2.png by 8 pixels to 16 to improve blit performance by 200.00%
Reduce width of sprites\enemy\bigfish2.png by 8 pixels to 16 to reduce sprites by 2
Reduce width of sprites\enemy\bigfish1.png by 8 pixels to 16 to improve blit performance by 200.00%
Reduce width of sprites\enemy\bigfish1.png by 8 pixels to 16 to reduce sprites by 2
Reduce width of sprites\enemy\bigfish2.png by 8 pixels to 16 to improve blit performance by 200.00%
Reduce width of sprites\enemy\bigfish2.png by 8 pixels to 16 to reduce sprites by 2
Reduce width of sprites\enemy\bird1.png by 8 pixels to 16 to improve blit performance by 200.00%
Reduce width of sprites\enemy\bird1.png by 8 pixels to 16 to reduce sprites by 2
Reduce width of sprites\enemy\bird2.png by 7 pixels to 16 to improve blit performance by 200.00%
Reduce width of sprites\enemy\bird2.png by 7 pixels to 16 to reduce sprites by 2
Reduce width of sprites\enemy\bird1.png by 8 pixels to 16 to improve blit performance by 200.00%
Reduce width of sprites\enemy\bird1.png by 8 pixels to 16 to reduce sprites by 2
Reduce width of sprites\enemy\bird2.png by 7 pixels to 16 to improve blit performance by 200.00%
Reduce width of sprites\enemy\bird2.png by 7 pixels to 16 to reduce sprites by 2
Reduce width of sprites\enemy\big1.png by 8 pixels to 16 to improve blit performance by 200.00%
Reduce width of sprites\enemy\big1.png by 8 pixels to 16 to reduce sprites by 2
Reduce width of sprites\enemy\big2.png by 6 pixels to 16 to improve blit performance by 200.00%
Reduce width of sprites\enemy\big2.png by 6 pixels to 16 to reduce sprites by 2

=== Misc ===
Crunching song.mod as 1.mus. Original size: 78332. Crunched size: 46572
Actor Count: 14
Actor Data Size: 4088
Block Count: 13
Block Data Size: 676
Anim5 Count: 1
Anim5 Data Size: 4
Sound Count: 7
Sound Data Size: 224
Teleporter Count: 1
Teleporter Data Size: 8
Animations Count: 35
Animations Data Size: 560
AnimationFrame Count: 58
AnimationFrame Data Size: 928
ImageFrames: BlitzTool.BlitzWord
ImageFrame Data Size: 4352
Crunching Panel scorpion_eng_splashscreen as 0.img. Original size: 37106. Crunched size: 3312
Crunching Panel pnl_title as 1.img. Original size: 42210. Crunched size: 7106
Crunching Project virtual machine (codeblocks) as project.vm. Original size: 7750. Crunched size: 2588
Crunching Header data for map level1 as 1.mhd. Original size: 9276. Crunched size: 366
Crunching Data for map level1 as 1.map. Original size: 37632. Crunched size: 2606
Crunching Background for map level1 as 1.bg. Original size: 2672. Crunched size: 174
Crunching Header data for map level2 as 2.mhd. Original size: 9276. Crunched size: 412
Crunching Data for map level2 as 2.map. Original size: 24340. Crunched size: 1476
Crunching Background for map level2 as 2.bg. Original size: 2672. Crunched size: 148
Crunching Asset bundle 0 as 0.gfx. Original size: 83354. Crunched size: 30636
Crunching Asset bundle 1 as 1.gfx. Original size: 5888. Crunched size: 2764
Crunching Asset bundle 2 as 2.gfx. Original size: 3712. Crunched size: 1352
Crunching Project data as project.dat. Original size: 10840. Crunched size: 2990
Crunching Scorpion header as project.hd. Original size: 4036. Crunched size: 1214

Estimated memory usages:

For chip:
Map gfx (Panel: pnl_title): 42210
Music memory: 78332
BP Buffer memory: 91840
core sfx/gfx memory: 83354
Parallax memory: 0

For other:
Map cache memory: 0
Map header cache memory: 0
Map data memory: 37632
Map background memory: 2672
EXE memory: 198884
vm memory: 7750
project memory: 10840

Accounted memory chip: 295736
Accounted memory other: 257778
Accounted memory total: 553514
