=== Image optimisations ===

=== Estimated memory usages ===

For chip:
Map gfx (Panel: scorpion_eng_splashscreen): 35160
Music memory (): 0
BP Buffer memory: 131040
core sfx/gfx memory: 7524
Parallax memory: 0
OS/other estimated: 99328

For other:
Map cache memory: 0
Map header cache memory: 0
Map data memory: 2004
Map background memory: 1400
EXE memory: 210300
vm memory: 8556
project memory: 2132
memory reserved for active actors on screen (32): 4744
memory reserved for dormant actors in map (256): 9216
OS/other estimated: 105472

Accounted memory chip: 378524
Accounted memory other: 238352
Accounted memory total: 616876

=== Misc ===
Maps and Asset Bundles Count: 2
Maps and Asset Bundles Data Size: 24
Actor Count: 3
Actor Data Size: 564
Block Count: 5
Block Data Size: 340
Anim5 Count: 0
Anim5 Data Size: 0
Sound Count: 1
Sound Data Size: 28
Teleporter Count: 1
Teleporter Data Size: 8
Animations Count: 11
Animations Data Size: 176
AnimationFrame Count: 14
AnimationFrame Data Size: 224
ImageFrames: 14
ImageFrame Data Size: 616
Sprites: 5
Sprites Data Size: 70
Attack Data: 1
Attack Data Size: 66
Misc data size: 14
Panel scorpion_eng_splashscreen Original size 35160 Crunched size 3262
Header data for map map Original size 7996 Crunched size 238
Tile data for map map (mem restrictions:None) Original size 2004 Crunched size 214
Background for map map Original size 1400 Crunched size 80
Asset bundle 0 (Core project asset bundle) Original size 7524 Crunched size 2628
Asset bundle 1 (map) Original size 476 Crunched size 114
Project Header Original size 4036 Crunched size 1186
Project Data Original size 2132 Crunched size 562
Project virtual machine (codeblocks) Original size 8556 Crunched size 2598
Project virtual machine redirects Original size 4 Crunched size 4

=== Possibly unused blocks ===
block_blue
block_green
block_red
block_yellow

=== Possibly unused Actors ===
chaser
player

=== Codeblocks by compiled size ===
load_level: 764
chase_if_can_see: 700
set_yresolution: 458 (Unused?)
do_teleport: 424
flipscreen_smooth: 310 (Unused?)
flipxymove: 278 (Unused?)
pre_startup: 204
waitforframes: 194
check_talkpad: 192 (Unused?)
pause: 176 (Unused?)
flipymove: 162 (Unused?)
snap_to_screen: 158 (Unused?)
pre_quit: 152
startup: 150
load_panel: 146
flipxmove: 142 (Unused?)
unload_level: 142
load_music: 130 (Unused?)
AUTOGEN_OUTOFSCREEN_wrap_screen_left_wrap_screen_right_wrap_screen_top_wrap_screen_bottom: 130
destroy_all_blocks: 124 (Unused?)
pre_load_level: 122
waitforfireup: 114
fadein: 112
waitforfiredown: 110
unload_panel: 106
load_panel_bottom: 96 (Unused?)
load_panel_top: 96 (Unused?)
destroy_child_actors: 94 (Unused?)
fadeout: 88
pre_anim5: 86 (Unused?)
waitforfirehit: 86
load_music_finish: 76
wrap_screen_bottom: 76
wrap_screen_right: 76
set_ntsc: 74 (Unused?)
flipscreen: 72 (Unused?)
wrap_screen_left: 72
wrap_screen_top: 72
quit: 70 (Unused?)
jump_actor: 66 (Unused?)
load_panel_finish: 66
unload_panel_bottom: 62
unload_panel_top: 62
destroy_all_actors: 60 (Unused?)
destroy_actor: 58
regenerate_screen: 58
destroy_block: 52 (Unused?)
return: 52 (Unused?)
regenerate_screen_wait: 46
freeze_actor: 40 (Unused?)
unfreeze_actor: 40 (Unused?)
block_coll_force: 32 (Unused?)
block_coll_passthru: 32 (Unused?)
clear_block_collision: 32
vm_registers: 26 (Unused?)
vm_constants: 26 (Unused?)
debug_breakpoint: 26 (Unused?)
hardware_amiga: 26 (Unused?)
hardware_megadrive: 26 (Unused?)
vm_constants_audiodriver: 26 (Unused?)
vm_constants_controlbits: 26 (Unused?)
vm_constants_notes: 26 (Unused?)
vm_constants_platform: 26 (Unused?)
vm_constants_tile_properties: 26 (Unused?)
