=== Image optimisations ===

=== Misc ===
Maps and Asset Bundles Count: 2
Maps and Asset Bundles Data Size: 24
Actor Count: 5
Actor Data Size: 1480
Block Count: 4
Block Data Size: 208
Anim5 Count: 1
Anim5 Data Size: 4
Sound Count: 2
Sound Data Size: 64
Teleporter Count: 1
Teleporter Data Size: 8
Animations Count: 9
Animations Data Size: 144
AnimationFrame Count: 12
AnimationFrame Data Size: 192
ImageFrames: 13
ImageFrame Data Size: 884
Asset bundle 0 (Core project asset bundle) Original size 20592 Crunched size 12182
Asset bundle 1 (map1) Original size 9920 Crunched size 3046
Background for map map1 Original size 2672 Crunched size 92
Tile data for map map1 Original size 3428 Crunched size 568
Header data for map map1 Original size 9780 Crunched size 280
Project Data Original size 3008 Crunched size 520
Project Header Original size 4040 Crunched size 1188
Panel scorpion_eng_splashscreen Original size 37090 Crunched size 3292
Project virtual machine (codeblocks) Original size 6860 Crunched size 1850
Project virtual machine redirects Original size 4 Crunched size 4
