=== Image optimisations ===

=== Estimated memory usages ===

For chip:
Map gfx (Panel: scorpion_eng_splashscreen): 35934
Music memory (): 0
BP Buffer memory: 131040
core sfx/gfx memory: 7688
Parallax memory: 0

For other:
Map cache memory: 0
Map header cache memory: 0
Map data memory: 1624
Map background memory: 2672
EXE memory: 203028
vm memory: 7478
project memory: 2736

Accounted memory chip: 174662
Accounted memory other: 217538
Accounted memory total: 392200

=== Misc ===
Maps and Asset Bundles Count: 2
Maps and Asset Bundles Data Size: 24
Actor Count: 3
Actor Data Size: 600
Block Count: 5
Block Data Size: 260
Anim5 Count: 0
Anim5 Data Size: 0
Sound Count: 1
Sound Data Size: 24
Teleporter Count: 1
Teleporter Data Size: 8
Animations Count: 12
Animations Data Size: 192
AnimationFrame Count: 22
AnimationFrame Data Size: 352
ImageFrames: 24
ImageFrame Data Size: 1056
Sprites: 5
Sprites Data Size: 70
Attack Data: 2
Attack Data Size: 132
Misc data size: 16
Asset bundle 0 (Core project asset bundle) Original size 7688 Crunched size 2776
Asset bundle 1 (map) Original size 480 Crunched size 108
Background for map map Original size 2672 Crunched size 92
Tile data for map map (mem restrictions:None) Original size 1624 Crunched size 204
Header data for map map Original size 7996 Crunched size 240
Project Data Original size 2736 Crunched size 690
Project Header Original size 4032 Crunched size 1188
Panel scorpion_eng_splashscreen Original size 35934 Crunched size 3268
Project virtual machine (codeblocks) Original size 7478 Crunched size 2330
Project virtual machine redirects Original size 4 Crunched size 4

=== Possibly unused animations ===
anim_all

=== Possibly unused blocks ===
block_red

=== Possibly unused Actors ===
chaser
player

=== Codeblocks by compiled size ===
load_level: 1012
chase_if_can_see: 722
set_yresolution: 448 (Unused?)
do_teleport: 362
flipscreen_smooth: 346 (Unused?)
flipxymove: 306 (Unused?)
pause: 252 (Unused?)
pre_startup: 194
snap_to_screen: 190 (Unused?)
flipymove: 174 (Unused?)
flipxmove: 158 (Unused?)
load_panel: 146
pre_quit: 146
destroy_all_blocks: 124 (Unused?)
unload_level: 114
load_panel_bottom: 96 (Unused?)
load_panel_top: 96 (Unused?)
waitforfireup: 94
unload_panel: 92
wrap_screen_bottom: 92
wrap_screen_right: 92
startup: 92
waitforfiredown: 90
wrap_screen_left: 88
wrap_screen_top: 88
flipscreen: 86 (Unused?)
pre_anim5: 86 (Unused?)
waitforfirehit: 86
fadeout: 84
waitforframes: 78
quit: 66 (Unused?)
destroy_all_actors: 62 (Unused?)
jump_actor: 62 (Unused?)
load_music: 62 (Unused?)
unload_panel_bottom: 62
unload_panel_top: 62
fadein: 58
load_panel_finish: 56
destroy_actor: 54
regenerate_screen: 52
return: 52 (Unused?)
destroy_block: 48
regenerate_screen_wait: 42
debug_dump: 30 (Unused?)
vm_registers: 26 (Unused?)
vm_constants: 26 (Unused?)
debug_breakpoint: 26 (Unused?)
vm_constants_controlbits: 26 (Unused?)
vm_constants_notes: 26 (Unused?)
vm_constants_tile_properties: 26 (Unused?)
vm_constants_platform: 26 (Unused?)
