Compiled on Thursday, 8 May 2025 8:20:53 p.m.
Version string: SE2024.2.250507.23.16.EX

=== Misc ===
ImageFrames: 11
ImageFrame Data Size: 484
Maps and Asset Bundles Count: 2
Maps and Asset Bundles Data Size: 24
Actor Count: 5
Actor Data Size: 900
Block Count: 4
Block Data Size: 272
Anim5 Count: 0
Anim5 Data Size: 0
Sound Count: 2
Sound Data Size: 56
Teleporter Count: 1
Teleporter Data Size: 8
Animations Count: 9
Animations Data Size: 144
AnimationFrame Count: 12
AnimationFrame Data Size: 192
Sprites: 1
Sprites Data Size: 14
Attack Data: 2
Attack Data Size: 176
Misc data size: 32
=== Image optimisations ===
Panel (background color #5AF) Original size 1296 Crunched size 76
Panel scorpion_eng_splashscreen Original size 36792 Crunched size 3380
Project virtual machine (codeblocks) Original size 8404 Crunched size 2552
Map actor data for map1 Original size 28 Crunched size 28
Header data for map map1 Original size 844 Crunched size 156
Tile data for map map1 (mem restrictions:None) Original size 2920 Crunched size 570
Asset bundle 0 (Core project asset bundle) Original size 20590 Crunched size 12174
Asset bundle 1 (map1) Original size 9408 Crunched size 3032
Misc Data (paths, hurt boxes etc) Original size 2 Crunched size 2
Project Header Original size 4408 Crunched size 1228
Project Data Original size 2304 Crunched size 550
Project virtual machine redirects Original size 4 Crunched size 4

=== Accounted Memory Usage ===
(Note that this isn't a full account of memory usage, just the memory we can account for)

For chip:
Map gfx (Panel: scorpion_eng_splashscreen): 36792
Music memory (): 0
BP Buffer memory: 131520
Core sfx/gfx memory: 20590
Parallax memory: 0
OS/other estimated: 99328

For other:
Map cache memory: 0
Map header cache memory: 0
Map actor cache memory: 0
Map data memory: 2920
Map background memory: 1296
EXE memory: 203968
vm memory: 8404
project memory: 2304
memory reserved for active actors on screen (32): 4616
memory reserved for dormant actors in map (128): 4608
OS/other estimated: 105472

Accounted memory chip: 288230
Accounted memory other: 333588
Accounted memory total: 621818

=== Possibly unused sound effects ===
jet

=== Codeblocks by compiled size ===
load_level: 550
pre_startup: 422
do_teleport: 402
flipscreen_smooth: 310 (Unused?)
on_button_press: 300
flipxymove: 278 (Unused?)
load_next_level: 252 (Unused?)
block_find: 206 (Unused?)
set_yresolution: 202
waitforframes: 194
check_talkpad: 192 (Unused?)
pause: 184 (Unused?)
block_count: 178 (Unused?)
flipymove: 162 (Unused?)
pre_quit: 160
snap_to_screen: 158 (Unused?)
load_panel: 146
flipxmove: 142 (Unused?)
unload_level: 142
on_button_pressed_update: 136
destroy_all_blocks: 128 (Unused?)
restart_this_level: 128 (Unused?)
startup: 128
pre_load_level: 122
fadein: 112
unload_panel: 106
waitforfireup: 102
waitforfiredown: 98
load_panel_bottom: 96 (Unused?)
load_panel_top: 96 (Unused?)
destroy_child_actors: 94 (Unused?)
fadeout: 88
pre_anim5: 86 (Unused?)
waitforfirehit: 86
load_music: 78 (Unused?)
load_music_finish: 76
wrap_screen_bottom: 76 (Unused?)
wrap_screen_right: 76 (Unused?)
set_ntsc: 74 (Unused?)
flipscreen: 72 (Unused?)
wrap_screen_left: 72 (Unused?)
wrap_screen_top: 72 (Unused?)
quit: 70 (Unused?)
jump_actor: 66 (Unused?)
load_panel_finish: 66
unload_panel_bottom: 62
unload_panel_top: 62
destroy_all_actors: 60 (Unused?)
destroy_actor: 58
regenerate_screen: 58
destroy_block: 52 (Unused?)
return: 52 (Unused?)
regenerate_screen_wait: 46
freeze_actor: 40 (Unused?)
unfreeze_actor: 40 (Unused?)
block_coll_force: 32 (Unused?)
block_coll_passthru: 32 (Unused?)
clear_block_collision: 32
vm_registers: 26 (Unused?)
debug_breakpoint: 26 (Unused?)
vm_constants_tile_properties: 26 (Unused?)
