  Settings Copy: devs/system-configuration
  Internal copy file: system-configuration (size: 232)
  Write S/startup-sequence.
  Internal Copy command: C/cls
  Internal copy file: cls (size: 128)
  Internal Copy command: C/add21k
  Internal copy file: add21k (size: 1836)
  Copy file: game-crunched.exe (size: 72840)
Copy Whole Directory - ..\temp
Copy Whole Directory - ..\temp\data
  Copy file: 0.gfx (size: 70592)
  Copy file: 0.img (size: 3308)
  Copy file: 1.bg (size: 3400)
  Copy file: 1.gfx (size: 18432)
  Copy file: 1.img (size: 64670)
  Copy file: 1.map (size: 23956)
  Copy file: 1.mhd (size: 9788)
  Copy file: 1.mus (size: 52260)
  Copy file: 1.plx (size: 45144)
  Copy file: 2.bg (size: 2880)
  Copy file: 2.gfx (size: 34176)
  Copy file: 2.map (size: 28516)
  Copy file: 2.mhd (size: 9788)
  Copy file: 2.plx (size: 40144)
  Copy file: 3.bg (size: 3400)
  Copy file: 3.gfx (size: 15360)
  Copy file: 3.map (size: 19036)
  Copy file: 3.mhd (size: 9788)
  Copy file: 3.plx (size: 43472)
  Copy file: 4.bg (size: 3400)
  Copy file: 4.gfx (size: 15744)
  Copy file: 4.map (size: 25876)
  Copy file: 4.mhd (size: 9788)
  Copy file: 4.plx (size: 43472)
  Copy file: 5.bg (size: 3296)
  Copy file: 5.gfx (size: 15360)
  Copy file: 5.map (size: 23356)
  Copy file: 5.mhd (size: 9788)
  Copy file: 5.plx (size: 43472)
  Copy file: 6.bg (size: 2880)
  Copy file: 6.gfx (size: 8320)
  Copy file: 6.map (size: 38716)
[ERROR] no free space to copy "6.mhd"!! (free: 3072 > needed: 9788)
[ERROR] no free space to copy "6.plx"!! (free: 2560 > needed: 43472)
  Copy file: FLOPPY (size: 6)
[ERROR] no free space to copy "project.dat"!! (free: 1024 > needed: 38480)
[ERROR] no free space to copy "project.hd"!! (free: 512 > needed: 4036)
[ERROR] no free space to copy "project.vm"!! (free: 0 > needed: 22266)
Copy Whole Directory - ..\temp\s
Copy Whole Directory - ..\temp\savedata
Device : Floppy DD. Cylinders = 80, Heads = 2, Sectors = 11. Volumes = 1
Volume : Floppy 880 KBytes, "exe2adf" between sectors [0-1759]. OFS . Filled at 99.9%.
         2022/08/22  22:07:53  000888  C/
    128  2022/08/22  22:07:53  000889  C/cls
   1836  2022/08/22  22:07:53  000891  C/add21k
  72840  2022/08/22  22:07:53  000896  game-crunched.exe
         2022/08/22  22:07:54  000879  savedata/
         2022/08/22  22:07:53  000882  devs/
    232  2022/08/22  22:07:53  000883  devs/system-configuration
         2022/08/22  22:07:53  000885  S/
     29  2022/08/22  22:07:53  000886  S/startup-sequence
         2022/08/22  22:07:54  001049  data/
   3400  2022/08/22  22:07:53  001206  data/1.bg
  15744  2022/08/22  22:07:53  000358  data/4.gfx
   2880  2022/08/22  22:07:53  001666  data/2.bg
  25876  2022/08/22  22:07:53  000392  data/4.map
  34176  2022/08/22  22:07:53  001673  data/2.gfx
      0  2022/08/22  22:07:54  000873  data/6.mhd
   3400  2022/08/22  22:07:53  000154  data/3.bg
  28516  2022/08/22  22:07:53  001745  data/2.map
  70592  2022/08/22  22:07:53  001050  data/0.gfx
   9788  2022/08/22  22:07:53  000447  data/4.mhd
      0  2022/08/22  22:07:54  000877  data/project.dat
   3400  2022/08/22  22:07:53  000350  data/4.bg
  43472  2022/08/22  22:07:54  000673  data/5.plx
   9788  2022/08/22  22:07:53  000047  data/2.mhd
   3296  2022/08/22  22:07:54  000561  data/5.bg
      6  2022/08/22  22:07:54  000875  data/FLOPPY
  43472  2022/08/22  22:07:53  000258  data/3.plx
  64670  2022/08/22  22:07:53  001253  data/1.img
   9788  2022/08/22  22:07:53  001439  data/1.mhd
   2880  2022/08/22  22:07:54  000765  data/6.bg
  45144  2022/08/22  22:07:53  001571  data/1.plx
  15360  2022/08/22  22:07:54  000569  data/5.gfx
  23356  2022/08/22  22:07:54  000602  data/5.map
  15360  2022/08/22  22:07:53  000162  data/3.gfx
         2022/08/22  22:07:54  000879  data/savedata/
  19036  2022/08/22  22:07:53  000195  data/3.map
  18432  2022/08/22  22:07:53  001214  data/1.gfx
   9788  2022/08/22  22:07:54  000651  data/5.mhd
      0  2022/08/22  22:07:54  000874  data/6.plx
  23956  2022/08/22  22:07:53  001388  data/1.map
   9788  2022/08/22  22:07:53  000236  data/3.mhd
  43472  2022/08/22  22:07:54  000469  data/4.plx
  40144  2022/08/22  22:07:53  000069  data/2.plx
   3308  2022/08/22  22:07:53  001198  data/0.img
  52260  2022/08/22  22:07:53  001461  data/1.mus
   8320  2022/08/22  22:07:54  000772  data/6.gfx
      0  2022/08/22  22:07:54  000878  data/project.hd
  38716  2022/08/22  22:07:54  000791  data/6.map
>>> Created "..\_tmp" <<<
