=== Image optimisations ===

=== Estimated memory usages ===

For chip:
Map gfx (level gfx bundle 1): 38080
Music memory (): 0
BP Buffer memory: 131520
core sfx/gfx memory: 3608
Parallax memory: 57600
OS/other estimated: 99328

For other:
Map cache memory: 0
Map header cache memory: 0
Map data memory: 5092
Map background memory: 2052
EXE memory: 211412
vm memory: 8448
project memory: 1474
memory reserved for active actors on screen (32): 4744
memory reserved for dormant actors in map (256): 9216
OS/other estimated: 105472

Accounted memory chip: 435608
Accounted memory other: 242438
Accounted memory total: 678046

=== Misc ===
Maps and Asset Bundles Count: 2
Maps and Asset Bundles Data Size: 24
Actor Count: 4
Actor Data Size: 752
Block Count: 2
Block Data Size: 136
Anim5 Count: 0
Anim5 Data Size: 0
Sound Count: 1
Sound Data Size: 28
Teleporter Count: 1
Teleporter Data Size: 8
Animations Count: 4
Animations Data Size: 64
AnimationFrame Count: 5
AnimationFrame Data Size: 80
ImageFrames: 4
ImageFrame Data Size: 176
Sprites: 4
Sprites Data Size: 56
Attack Data: 2
Attack Data Size: 132
Misc data size: 16
Panel scorpion_eng_splashscreen Original size 35158 Crunched size 3262
Header data for map new_map Original size 7992 Crunched size 252
Tile data for map new_map (mem restrictions:None) Original size 5092 Crunched size 930
Background for map new_map Original size 2052 Crunched size 448
Parallax for map new_map Original size 57600 Crunched size 8218
Asset bundle 0 (Core project asset bundle) Original size 3608 Crunched size 688
Asset bundle 1 (new_map) Original size 38080 Crunched size 17652
Project Header Original size 4032 Crunched size 1188
Project Data Original size 1474 Crunched size 368
Project virtual machine (codeblocks) Original size 8448 Crunched size 2600
Project virtual machine redirects Original size 4 Crunched size 4

=== Possibly unused Actors ===
player
playershot

=== Codeblocks by compiled size ===
load_level: 726
set_yresolution: 446 (Unused?)
do_teleport: 368
flipscreen_smooth: 306 (Unused?)
levelmanager: 264
flipxymove: 250 (Unused?)
pre_startup: 206
check_talkpad: 188 (Unused?)
waitforframes: 186
startup: 180
pause: 164 (Unused?)
snap_to_screen: 158
flipymove: 146 (Unused?)
load_panel: 146
pre_quit: 144
enemyshotspawn: 136
flipxmove: 130 (Unused?)
AUTOGEN_OUTOFSCREEN_snap_to_screen_snap_to_screen_snap_to_screen_snap_to_screen: 130
AUTOGEN_OUTOFSCREEN_destroy_actor_destroy_actor_destroy_actor_destroy_actor: 130
destroy_all_blocks: 120 (Unused?)
load_music: 118 (Unused?)
pre_load_level: 118
unload_level: 114
palette_cycle: 110
waitforfireup: 106
AUTOGEN_OUTOFSCREEN_destroy_actor_destroy_actor_None_destroy_actor: 106
fadein: 102
waitforfiredown: 102
load_panel_bottom: 96 (Unused?)
load_panel_top: 96 (Unused?)
unload_panel: 92
destroy_child_actors: 90 (Unused?)
pre_anim5: 86 (Unused?)
waitforfirehit: 86
fadeout: 84
enemyshothit: 82
playerhitboss: 82
wrap_screen_bottom: 76 (Unused?)
wrap_screen_right: 76 (Unused?)
wrap_screen_left: 72 (Unused?)
wrap_screen_top: 72 (Unused?)
flipscreen: 70 (Unused?)
quit: 66
load_music_finish: 64
jump_actor: 62 (Unused?)
unload_panel_bottom: 62
unload_panel_top: 62
destroy_all_actors: 56 (Unused?)
load_panel_finish: 56
destroy_actor: 54
regenerate_screen: 52
return: 52 (Unused?)
destroy_block: 48 (Unused?)
regenerate_screen_wait: 42
freeze_actor: 36 (Unused?)
unfreeze_actor: 36 (Unused?)
block_coll_force: 32 (Unused?)
block_coll_passthru: 32 (Unused?)
vm_registers: 26 (Unused?)
vm_constants: 26 (Unused?)
debug_breakpoint: 26 (Unused?)
vm_constants_audiodriver: 26 (Unused?)
vm_constants_controlbits: 26 (Unused?)
vm_constants_notes: 26 (Unused?)
vm_constants_platform: 26 (Unused?)
vm_constants_tile_properties: 26 (Unused?)
