Compiled on Wednesday, 17 July 2024 3:01:53 p.m.
Version string: SE2024.1.240716.23.57.EX

=== Misc ===
ImageFrames: 54
ImageFrame Data Size: 2376
Maps and Asset Bundles Count: 2
Maps and Asset Bundles Data Size: 24
Actor Count: 14
Actor Data Size: 2520
Block Count: 1
Block Data Size: 68
Anim5 Count: 0
Anim5 Data Size: 0
Sound Count: 4
Sound Data Size: 112
Teleporter Count: 1
Teleporter Data Size: 8
Animations Count: 42
Animations Data Size: 672
AnimationFrame Count: 68
AnimationFrame Data Size: 1088
Sprites: 1
Sprites Data Size: 14
Attack Data: 6
Attack Data Size: 528
Misc data size: 14
=== Image optimisations ===
Panel scorpion_eng_splashscreen Original size 55172 Crunched size 3460
Panel scorepanel Original size 5672 Crunched size 736
Panel talkpad Original size 25640 Crunched size 5434
Panel titlepanel Original size 71194 Crunched size 12632
Project virtual machine (codeblocks) Original size 14996 Crunched size 4012
Header data for map map Original size 8000 Crunched size 304
Tile data for map map (mem restrictions:No_Blocks) Original size 8068 Crunched size 2430
Background for map map Original size 1396 Crunched size 82
Asset bundle 0 (Core project asset bundle) Original size 22262 Crunched size 9874
Asset bundle 1 (map) Original size 104768 Crunched size 49872
Misc Data (paths, hurt boxes etc) Original size 2 Crunched size 2
Project Header Original size 4036 Crunched size 1194
Project Data Original size 7426 Crunched size 2082
Project virtual machine redirects Original size 4 Crunched size 4

=== Accounted Memory Usage ===
(Note that this isn't a full account of memory usage, just the memory we can account for)

For chip:
Map gfx (level gfx bundle 1): 104768
Music memory (): 0
BP Buffer memory: 132960
core sfx/gfx memory: 22262
Parallax memory: 0
OS/other estimated: 99328

For other:
Map cache memory: 0
Map header cache memory: 0
Map data memory: 8068
Map background memory: 1396
EXE memory: 217056
vm memory: 14996
project memory: 7426
memory reserved for active actors on screen (32): 4616
memory reserved for dormant actors in map (256): 9216
OS/other estimated: 105472

Accounted memory chip: 359318
Accounted memory other: 368246
Accounted memory total: 727564

=== Possibly unused Actors ===
seasonchanger
spawner_player2

=== Codeblocks by compiled size ===
startup: 976
season_next: 680
load_level: 568
fallbottom: 518
do_teleport: 424
update_season: 372
pumpkin_hit: 370
pre_startup: 354
spring1_autogen_attack: 336
flipscreen_smooth: 310 (Unused?)
summer1_autogen_attack: 292
autumn1_autogen_attack: 286
winter1_autogen_attack: 286
flipxymove: 278 (Unused?)
shoot_lazer_dir: 232
snowball_hit: 216
block_find: 206 (Unused?)
set_yresolution: 202
push_actor: 202
push_player: 200
waitforframes: 194
check_talkpad: 192
null_autogen_attack: 184
block_count: 178 (Unused?)
pause: 176 (Unused?)
reset_seasonchanger: 168
flipymove: 162 (Unused?)
shoot_snowball: 160
snap_to_screen: 158 (Unused?)
pre_quit: 152
load_panel: 146
flipxmove: 142 (Unused?)
unload_level: 142
orb_bottom: 134
AUTOGEN_OUTOFSCREEN_keep_onscreen_keep_onscreen_destroy_actor_destroy_actor: 130
AUTOGEN_OUTOFSCREEN_orb_left_orb_right_orb_top_orb_bottom: 130
destroy_all_blocks: 128 (Unused?)
pre_load_level: 122
shoot_lazer: 122
orb_left: 118
orb_right: 118
orb_top: 118
shoot_pumpkin: 118
waitforfireup: 114
fadein: 112
waitforfiredown: 110
unload_panel: 106
AUTOGEN_OUTOFSCREEN_fallbottom_fallbottom_None_fallbottom: 106
AUTOGEN_OUTOFSCREEN_keep_onscreen_keep_onscreen_None_destroy_actor: 106
AUTOGEN_OUTOFSCREEN_destroy_actor_destroy_actor_None_destroy_actor: 106
collider_with_player: 100
spawn_player2: 98
load_panel_bottom: 96
load_panel_top: 96 (Unused?)
destroy_child_actors: 94 (Unused?)
fadeout: 88
pre_anim5: 86 (Unused?)
waitforfirehit: 86
keep_onscreen: 82
jump1: 80 (Unused?)
jump2: 80 (Unused?)
load_music: 78 (Unused?)
load_music_finish: 76
wrap_screen_bottom: 76 (Unused?)
wrap_screen_right: 76 (Unused?)
set_ntsc: 74 (Unused?)
wrap_bottom: 74 (Unused?)
flipscreen: 72 (Unused?)
wrap_screen_left: 72 (Unused?)
wrap_screen_top: 72 (Unused?)
quit: 70 (Unused?)
jump_actor: 66 (Unused?)
load_panel_finish: 66
wrap_top: 66 (Unused?)
wrap_left: 64 (Unused?)
wrap_right: 64 (Unused?)
unload_panel_bottom: 62
unload_panel_top: 62
destroy_all_actors: 60 (Unused?)
destroy_actor: 58
regenerate_screen: 58
pumpkin_vanish: 58
destroy_block: 52 (Unused?)
return: 52 (Unused?)
regenerate_screen_wait: 46
freeze_actor: 40 (Unused?)
unfreeze_actor: 40 (Unused?)
block_coll_force: 32 (Unused?)
block_coll_passthru: 32 (Unused?)
clear_block_collision: 32
vm_registers: 26 (Unused?)
debug_breakpoint: 26 (Unused?)
vm_constants_tile_properties: 26 (Unused?)
