Compiled on Wednesday, 17 July 2024 3:00:38 p.m.
Version string: SE2024.1.240716.23.57.EX

ImageFrames: 35
ImageFrame Data Size: 1558
Actor Count: 14
Actor Data Size: 2520
Animations Count: 42
Animations Data Size: 672
AnimationFrame Count: 68
AnimationFrame Data Size: 1088
Map path node data for map Original size 12 Crunched size 12
Map block data for map Original size 1960 Crunched size 7
Misc Data (paths, hurt boxes etc) Original size 2 Crunched size 2
XGM Null sound Original size 256 Crunched size 256
XGM Null song Original size 172 Crunched size 172
Project blocks Original size 68 Crunched size 68
Var Data Original size 14 Crunched size 14
XGM PCM sound Original size 4096 Crunched size 4096
XGM 68K Plugin Driver Original size 812 Crunched size 812
Project sound Original size 112 Crunched size 112
Project patterns Original size 32 Crunched size 32
Map event data for map Original size 40 Crunched size 40
Teleporters Original size 8 Crunched size 8
XGM PCM sound Original size 3072 Crunched size 3072
XGM Core Driver Original size 5888 Crunched size 5888
XGM PCM sound Original size 6400 Crunched size 6400
Default MD font Original size 2048 Crunched size 2048
Project virtual machine (codeblocks) Original size 14912 Crunched size 14912
Panel  Original size 10350 Crunched size 10350
Number font for panel 1 Original size 320 Crunched size 320
Panel scorepanel Original size 1038 Crunched size 1038
Font for panel 2 Original size 2048 Crunched size 2048
Panel talkpad Original size 974 Crunched size 974
Font for panel 3 Original size 2048 Crunched size 2048
Number font for panel 3 Original size 320 Crunched size 320
Panel titlepanel Original size 17250 Crunched size 17250
Images Original size 1558 Crunched size 1558
Project actors Original size 2520 Crunched size 2520
Map tile data  map Original size 1960 Crunched size 70
Tile data for map map (mem restrictions:None) Original size 2688 Crunched size 2688
Dynamic pattern data for 1 Original size 54144 Crunched size 54144
Get Y lookup table map Original size 80 Crunched size 80
Header data for map map Original size 8000 Crunched size 8000
Project name table Original size 9048 Crunched size 9048
Streamed project patterns Original size 2784 Crunched size 2784
Animations Original size 672 Crunched size 672
Animation Frames Original size 1088 Crunched size 1088
Project Header Original size 2902 Crunched size 2902
Attack Data Original size 528 Crunched size 528

=== Accounted Memory Usage ===
(Note that this isn't a full account of memory usage, just the memory we can account for)
RAM reserved for level tiles: (largest level: map): 3920
memory reserved for active actors on screen (32): 4616
memory reserved for dormant actors in map (256): 9216

Total: 17752 bytes

=== Possibly unused Actors ===
seasonchanger
spawner_player2

=== Codeblocks by compiled size ===
startup: 910
season_next: 680
load_level: 528
fallbottom: 518
do_teleport: 404
set_yresolution: 390 (Unused?)
update_season: 372
pumpkin_hit: 370
pre_startup: 342
spring1_autogen_attack: 336
flipscreen_smooth: 310 (Unused?)
summer1_autogen_attack: 292
autumn1_autogen_attack: 286
winter1_autogen_attack: 286
flipxymove: 278 (Unused?)
shoot_lazer_dir: 232
snowball_hit: 216
block_find: 206 (Unused?)
push_actor: 202
push_player: 200
waitforframes: 194
null_autogen_attack: 184
block_count: 178 (Unused?)
check_talkpad: 172
reset_seasonchanger: 168
flipymove: 162 (Unused?)
shoot_snowball: 160
snap_to_screen: 158 (Unused?)
pre_quit: 152 (Unused?)
load_panel: 146
flipxmove: 142 (Unused?)
unload_level: 142
pause: 138 (Unused?)
orb_bottom: 134
AUTOGEN_OUTOFSCREEN_keep_onscreen_keep_onscreen_destroy_actor_destroy_actor: 130
AUTOGEN_OUTOFSCREEN_orb_left_orb_right_orb_top_orb_bottom: 130
destroy_all_blocks: 128 (Unused?)
pre_load_level: 122
shoot_lazer: 122
orb_left: 118
orb_right: 118
orb_top: 118
shoot_pumpkin: 118
waitforfireup: 114
fadein: 112
waitforfiredown: 110
unload_panel: 106
AUTOGEN_OUTOFSCREEN_fallbottom_fallbottom_None_fallbottom: 106
AUTOGEN_OUTOFSCREEN_keep_onscreen_keep_onscreen_None_destroy_actor: 106
AUTOGEN_OUTOFSCREEN_destroy_actor_destroy_actor_None_destroy_actor: 106
collider_with_player: 100
spawn_player2: 98
load_panel_bottom: 96
load_panel_top: 96 (Unused?)
destroy_child_actors: 94 (Unused?)
fadeout: 88
pre_anim5: 86 (Unused?)
waitforfirehit: 86
keep_onscreen: 82
jump1: 80 (Unused?)
jump2: 80 (Unused?)
load_music_finish: 76
wrap_screen_bottom: 76 (Unused?)
wrap_screen_right: 76 (Unused?)
wrap_bottom: 74 (Unused?)
flipscreen: 72 (Unused?)
wrap_screen_left: 72 (Unused?)
wrap_screen_top: 72 (Unused?)
load_music: 70 (Unused?)
jump_actor: 66 (Unused?)
load_panel_finish: 66
wrap_top: 66 (Unused?)
wrap_left: 64 (Unused?)
wrap_right: 64 (Unused?)
unload_panel_bottom: 62
unload_panel_top: 62
destroy_all_actors: 60 (Unused?)
destroy_actor: 58
regenerate_screen: 58
pumpkin_vanish: 58
destroy_block: 52 (Unused?)
return: 52 (Unused?)
quit: 50 (Unused?)
regenerate_screen_wait: 46
freeze_actor: 40 (Unused?)
unfreeze_actor: 40 (Unused?)
block_coll_force: 32 (Unused?)
block_coll_passthru: 32 (Unused?)
clear_block_collision: 32
vm_registers: 26 (Unused?)
debug_breakpoint: 26 (Unused?)
set_ntsc: 26
vm_constants_tile_properties: 26 (Unused?)
