Compiled on Sunday, 16 February 2025 10:24:26 a.m.
Version string: SE2024.2.250211.14.18.EX

=== Misc ===
ImageFrames: 106
ImageFrame Data Size: 4664
Maps and Asset Bundles Count: 2
Maps and Asset Bundles Data Size: 24
Actor Count: 13
Actor Data Size: 2340
Block Count: 7
Block Data Size: 476
Anim5 Count: 0
Anim5 Data Size: 0
Sound Count: 6
Sound Data Size: 168
Teleporter Count: 1
Teleporter Data Size: 8
Animations Count: 28
Animations Data Size: 448
AnimationFrame Count: 107
AnimationFrame Data Size: 1712
Sprites: 3
Sprites Data Size: 42
Attack Data: 4
Attack Data Size: 352
Misc data size: 158
=== Image optimisations ===
Panel (background color #000) Original size 1296 Crunched size 76
Panel scorpion_eng_splashscreen Original size 36792 Crunched size 3380
Panel title Original size 46592 Crunched size 10436
Project virtual machine (codeblocks) Original size 11382 Crunched size 3242
Map actor data for map_new Original size 560 Crunched size 186
Header data for map map_new Original size 844 Crunched size 290
Tile data for map map_new (mem restrictions:None) Original size 24512 Crunched size 3748
Asset bundle 0 (Core project asset bundle) Original size 218807 Crunched size 88276
Asset bundle 1 (map_new) Original size 145050 Crunched size 59250
Misc Data (paths, hurt boxes etc) Original size 2 Crunched size 2
Project Header Original size 4404 Crunched size 1272
Project Data Original size 10394 Crunched size 3102
Project virtual machine redirects Original size 4 Crunched size 4

=== Accounted Memory Usage ===
(Note that this isn't a full account of memory usage, just the memory we can account for)

For chip:
Map gfx (level gfx bundle 1): 145050
Music memory (): 0
BP Buffer memory: 157872
core sfx/gfx memory: 218807
Parallax memory: 0
OS/other estimated: 99328

For other:
Map cache memory: 3748
Map header cache memory: 290
Map actor cache memory: 186
Map data memory: 24512
Map background memory: 1296
EXE memory: 202140
vm memory: 11382
project memory: 10394
memory reserved for active actors on screen (32): 4616
memory reserved for dormant actors in map (128): 4608
OS/other estimated: 105472

Accounted memory chip: 621057
Accounted memory other: 368644
Accounted memory total: 989701

=== Possibly unused sound effects ===
hurt
jump

=== Codeblocks by compiled size ===
load_level: 550
pre_startup: 444
do_teleport: 402
flipscreen_smooth: 310 (Unused?)
flipxymove: 278 (Unused?)
player_hurt_handler: 254
load_next_level: 252 (Unused?)
hero_autogen_attack: 242
block_find: 206 (Unused?)
set_yresolution: 202
waitforframes: 194
check_talkpad: 192 (Unused?)
on_hurt_player: 190
hero_crouch_autogen_attack: 184
reset_level: 180
block_count: 178 (Unused?)
pause: 176 (Unused?)
flipymove: 162 (Unused?)
snap_to_screen: 158 (Unused?)
player_control_handler: 158
pre_quit: 152
load_panel: 146
flipxmove: 142
unload_level: 142
bg_handler: 140 (Unused?)
on_spawn_skeleton: 140
startup: 136
destroy_all_blocks: 128 (Unused?)
restart_this_level: 128 (Unused?)
on_skeleton_risen: 126
pre_load_level: 122
fadein: 112
unload_panel: 106
player_handler: 106
waitforfireup: 102
waitforfiredown: 98
load_panel_bottom: 96 (Unused?)
load_panel_top: 96 (Unused?)
destroy_child_actors: 94 (Unused?)
autogen_hero_attack_l_1: 90
autogen_hero_attack_l_2: 90
autogen_hero_attack_l_3: 90
on_kill_enemy: 90
on_try_spawn_skeleton_left: 90
on_try_spawn_skeleton_right: 90
player_crouch_handler: 90
fadeout: 88
autogen_hero_attack_r_2: 88
autogen_hero_attack_r_3: 88
pre_anim5: 86 (Unused?)
waitforfirehit: 86
autogen_hero_attack_r_1: 86
load_music: 78 (Unused?)
AUTOGEN_OUTOFSCREEN_on_leave_left_on_leave_right_None_None: 78
load_music_finish: 76
wrap_screen_bottom: 76 (Unused?)
wrap_screen_right: 76 (Unused?)
set_ntsc: 74 (Unused?)
flipscreen: 72 (Unused?)
wrap_screen_left: 72 (Unused?)
wrap_screen_top: 72 (Unused?)
quit: 70 (Unused?)
jump_actor: 66
load_panel_finish: 66
unload_panel_bottom: 62
unload_panel_top: 62
destroy_all_actors: 60 (Unused?)
destroy_actor: 58
regenerate_screen: 58
autogen_hero_fall_l_1: 58
key_attack_pressed: 58
AUTOGEN_OUTOFSCREEN_None_None_None_reset_level: 54
destroy_block: 52 (Unused?)
return: 52 (Unused?)
color_off: 52 (Unused?)
color_on: 52 (Unused?)
regenerate_screen_wait: 46
on_leave_left: 46
on_leave_right: 46
set_actor_invisible: 46
key_up_pressed: 44
freeze_actor: 40 (Unused?)
unfreeze_actor: 40 (Unused?)
key_down_pressed: 38
key_left_pressed: 38
key_right_pressed: 38
block_coll_force: 32 (Unused?)
block_coll_passthru: 32 (Unused?)
clear_block_collision: 32
key_down_released: 32
key_left_released: 32
key_right_released: 32
key_up_released: 32
vm_registers: 26 (Unused?)
debug_breakpoint: 26 (Unused?)
vm_constants_tile_properties: 26 (Unused?)
