Compiled on Sunday, 11 August 2024 12:45:44 p.m.
Version string: SE2024.2.240809.14.10.EX

ImageFrames: 123
ImageFrame Data Size: 5412
Actor Count: 11
Actor Data Size: 1980
Animations Count: 26
Animations Data Size: 416
AnimationFrame Count: 105
AnimationFrame Data Size: 1680
XGM Null song Original size 172 Crunched size 172
Misc Data (paths, hurt boxes etc) Original size 2 Crunched size 2
XGM Null sound Original size 256 Crunched size 256
XGM 68K Plugin Driver Original size 802 Crunched size 802
Project sound Original size 168 Crunched size 168
Project patterns Original size 32 Crunched size 32
Teleporters Original size 8 Crunched size 8
Commands for Joystick 1 Original size 12 Crunched size 12
XGM PCM sound Original size 3584 Crunched size 3584
XGM Core Driver Original size 5888 Crunched size 5888
XGM PCM sound Original size 2816 Crunched size 2816
XGM PCM sound Original size 3072 Crunched size 3072
XGM PCM sound Original size 5120 Crunched size 5120
XGM PCM sound Original size 5632 Crunched size 5632
Default MD font Original size 2048 Crunched size 2048
Project virtual machine (codeblocks) Original size 11452 Crunched size 11452
Panel  Original size 10350 Crunched size 10350
Panel md_32x_background Original size 144248 Crunched size 144248
Panel md_32x_graveyard Original size 16718 Crunched size 16718
Panel md_background Original size 18138 Crunched size 18138
Panel title Original size 21134 Crunched size 21134
Project blocks Original size 476 Crunched size 476
Images Original size 5412 Crunched size 5412
Project actors Original size 1980 Crunched size 1980
Map tile data  map_new Original size 4832 Crunched size 95
Tile data for map map_new (mem restrictions:None) Original size 8400 Crunched size 8400
Pattern data for 1 Original size 1740 Crunched size 1740
Map event data for map_new Original size 72 Crunched size 72
Get Y lookup table map_new Original size 64 Crunched size 64
Map path node data for map_new Original size 132 Crunched size 132
Header data for map map_new Original size 8000 Crunched size 8000
Map block data for map_new Original size 4832 Crunched size 87
Project name table Original size 1624 Crunched size 1624
Streamed project patterns Original size 57536 Crunched size 57536
Animations Original size 416 Crunched size 416
Animation Frames Original size 1680 Crunched size 1680
Project Header Original size 2902 Crunched size 2902
Var Data Original size 42 Crunched size 42
Attack Data Original size 352 Crunched size 352

=== Accounted Memory Usage ===
(Note that this isn't a full account of memory usage, just the memory we can account for)
RAM reserved for level tiles: (largest level: map_new): 9664
memory reserved for active actors on screen (32): 4616
memory reserved for dormant actors in map (256): 9216

Total: 23496 bytes

=== Possibly unused Actors ===
ghost
hell_gato
skeleton_spawn_left
skeleton_spawn_right

=== Possibly unused sound effects ===
hurt
jump

=== Codeblocks by compiled size ===
load_level: 528
do_teleport: 404
set_yresolution: 390 (Unused?)
pre_startup: 342
flipscreen_smooth: 310 (Unused?)
load_next_level: 300 (Unused?)
flipxymove: 278 (Unused?)
player_hurt_handler: 254
hero_autogen_attack: 242
block_find: 206 (Unused?)
waitforframes: 194
on_hurt_player: 190
startup: 188
hero_crouch_autogen_attack: 184
reset_level: 184
block_count: 178 (Unused?)
check_talkpad: 172 (Unused?)
flipymove: 162 (Unused?)
snap_to_screen: 158 (Unused?)
player_control_handler: 158
pre_quit: 152 (Unused?)
restart_this_level: 150 (Unused?)
load_panel: 146
flipxmove: 142
unload_level: 142
bg_handler: 140 (Unused?)
on_spawn_skeleton: 140
pause: 138 (Unused?)
destroy_all_blocks: 128 (Unused?)
on_skeleton_risen: 126
pre_load_level: 122
waitforfireup: 114
fadein: 112
waitforfiredown: 110
unload_panel: 106
player_handler: 106
load_panel_bottom: 96 (Unused?)
load_panel_top: 96 (Unused?)
destroy_child_actors: 94 (Unused?)
autogen_hero_attack_l_1: 90
autogen_hero_attack_l_2: 90
autogen_hero_attack_l_3: 90
on_kill_enemy: 90
on_try_spawn_skeleton_left: 90
on_try_spawn_skeleton_right: 90
player_crouch_handler: 90
fadeout: 88
autogen_hero_attack_r_2: 88
autogen_hero_attack_r_3: 88
pre_anim5: 86 (Unused?)
waitforfirehit: 86
autogen_hero_attack_r_1: 86
AUTOGEN_OUTOFSCREEN_on_leave_left_on_leave_right_None_None: 78
load_music_finish: 76
wrap_screen_bottom: 76 (Unused?)
wrap_screen_right: 76 (Unused?)
flipscreen: 72 (Unused?)
wrap_screen_left: 72 (Unused?)
wrap_screen_top: 72 (Unused?)
load_music: 70 (Unused?)
jump_actor: 66
load_panel_finish: 66
autogen_hero_fall_l_1: 66
new_codeblock: 66 (Unused?)
unload_panel_bottom: 62
unload_panel_top: 62
destroy_all_actors: 60 (Unused?)
destroy_actor: 58
regenerate_screen: 58
AUTOGEN_OUTOFSCREEN_None_None_None_reset_level: 54
destroy_block: 52 (Unused?)
return: 52 (Unused?)
quit: 50 (Unused?)
regenerate_screen_wait: 46
on_leave_left: 46
on_leave_right: 46
set_actor_invisible: 46
key_up_pressed: 44 (Unused?)
freeze_actor: 40 (Unused?)
unfreeze_actor: 40 (Unused?)
key_down_pressed: 38 (Unused?)
key_left_pressed: 38 (Unused?)
key_right_pressed: 38 (Unused?)
block_coll_force: 32 (Unused?)
block_coll_passthru: 32 (Unused?)
clear_block_collision: 32
key_attack_pressed: 32 (Unused?)
key_down_released: 32 (Unused?)
key_left_released: 32 (Unused?)
key_right_released: 32 (Unused?)
key_up_released: 32 (Unused?)
vm_registers: 26 (Unused?)
debug_breakpoint: 26 (Unused?)
set_ntsc: 26
vm_constants_tile_properties: 26 (Unused?)
color_off: 26 (Unused?)
color_on: 26 (Unused?)
