Compiled on Sunday, 25 May 2025 9:20:50 p.m.
Version string: SE2024.2.250518.20.03.EX

ImageFrame Data Size: 5210
Actor Count: 11
Actor Data Size: 1980
Animations Count: 26
Animations Data Size: 416
AnimationFrame Count: 105
AnimationFrame Data Size: 1680
XGM Null song Original size 172 Crunched size 172
Project patterns Original size 4 Crunched size 4
Misc Data (paths, hurt boxes etc) Original size 2 Crunched size 2
Teleporters Original size 8 Crunched size 8
Commands for Joystick 1 Original size 12 Crunched size 12
XGM Null sound Original size 256 Crunched size 256
XGM 68K Plugin Driver Original size 852 Crunched size 852
Project sound Original size 168 Crunched size 168
XGM PCM sound Original size 3584 Crunched size 3584
XGM Core Driver Original size 5888 Crunched size 5888
XGM PCM sound Original size 2816 Crunched size 2816
XGM PCM sound Original size 3072 Crunched size 3072
XGM PCM sound Original size 5120 Crunched size 5120
XGM PCM sound Original size 5632 Crunched size 5632
Default MD font Original size 2048 Crunched size 2048
Project virtual machine (codeblocks) Original size 12766 Crunched size 12766
Panel  Original size 10362 Crunched size 10362
Panel md_background Original size 18150 Crunched size 18150
Panel title Original size 21146 Crunched size 21146
Project blocks Original size 476 Crunched size 476
Images Original size 5210 Crunched size 5210
Project actors Original size 1980 Crunched size 1980
Map tile data  map_new Original size 6342 Crunched size 95
Tile data for map map_new (mem restrictions:None) Original size 8400 Crunched size 8400
Pattern data for 1 Original size 1740 Crunched size 1740
Map event data for map_new Original size 76 Crunched size 76
Get Y lookup table map_new Original size 84 Crunched size 84
Map path node data for map_new Original size 132 Crunched size 132
Map actor data for map_new Original size 560 Crunched size 99
Header data for map map_new Original size 844 Crunched size 844
Map block data for map_new Original size 6342 Crunched size 87
Project name table Original size 1624 Crunched size 1624
Streamed project patterns Original size 57536 Crunched size 57536
Animations Original size 416 Crunched size 416
Animation Frames Original size 1680 Crunched size 1680
Project Header Original size 3266 Crunched size 3266
Var Data Original size 122 Crunched size 122
Attack Data Original size 264 Crunched size 264

=== Accounted Memory Usage ===
(Note that this isn't a full account of memory usage, just the memory we can account for)
RAM reserved for level tiles: (largest level: map_new): 12684
memory reserved for active actors on screen (32): 4616
memory reserved for dormant actors in map (128): 4608

Total: 21908 bytes

=== Possibly unused sound effects ===
hurt
jump

=== Codeblocks by compiled size ===
load_level: 510
set_yresolution: 390 (Unused?)
do_teleport: 382
pre_startup: 360
flipscreen_smooth: 310 (Unused?)
flipxymove: 278 (Unused?)
player_hurt_handler: 254
load_next_level: 252 (Unused?)
hero_autogen_attack: 242
block_find: 206 (Unused?)
waitforframes: 194
on_hurt_player: 190
block_count: 178 (Unused?)
check_talkpad: 172 (Unused?)
flipymove: 162 (Unused?)
pre_quit: 160 (Unused?)
snap_to_screen: 158 (Unused?)
player_control_handler: 158
load_panel: 146
flipxmove: 142
unload_level: 142
bg_handler: 140 (Unused?)
on_spawn_skeleton: 140
pause: 138 (Unused?)
destroy_all_blocks: 128 (Unused?)
restart_this_level: 128 (Unused?)
reset_level: 128
on_skeleton_risen: 126
pre_load_level: 122
fadein: 112
unload_panel: 106
player_handler: 106
waitforfireup: 102
waitforfiredown: 98
load_panel_bottom: 96 (Unused?)
load_panel_top: 96 (Unused?)
destroy_child_actors: 94 (Unused?)
autogen_hero_attack_l_1: 90
autogen_hero_attack_l_2: 90
autogen_hero_attack_l_3: 90
on_try_spawn_skeleton_left: 90
on_try_spawn_skeleton_right: 90
player_crouch_handler: 90
fadeout: 88
autogen_hero_attack_r_2: 88
autogen_hero_attack_r_3: 88
pre_anim5: 86 (Unused?)
waitforfirehit: 86
autogen_hero_attack_r_1: 86
on_kill_enemy: 84
startup: 84
AUTOGEN_OUTOFSCREEN_on_leave_left_on_leave_right_None_None: 78
load_music_finish: 76
wrap_screen_bottom: 76 (Unused?)
wrap_screen_right: 76 (Unused?)
flipscreen: 72 (Unused?)
wrap_screen_left: 72 (Unused?)
wrap_screen_top: 72 (Unused?)
load_music: 70 (Unused?)
jump_actor: 66
load_panel_finish: 66
unload_panel_bottom: 62
unload_panel_top: 62
destroy_all_actors: 60 (Unused?)
destroy_actor: 58
regenerate_screen: 58
autogen_hero_fall_l_1: 58
key_attack_pressed: 58 (Unused?)
AUTOGEN_OUTOFSCREEN_None_None_None_reset_level: 54
destroy_block: 52 (Unused?)
return: 52 (Unused?)
quit: 50 (Unused?)
regenerate_screen_wait: 46
on_leave_left: 46
on_leave_right: 46
set_actor_invisible: 46
key_up_pressed: 44 (Unused?)
freeze_actor: 40 (Unused?)
unfreeze_actor: 40 (Unused?)
key_down_pressed: 38 (Unused?)
key_left_pressed: 38 (Unused?)
key_right_pressed: 38 (Unused?)
block_coll_force: 32 (Unused?)
block_coll_passthru: 32 (Unused?)
clear_block_collision: 32
key_down_released: 32 (Unused?)
key_left_released: 32 (Unused?)
key_right_released: 32 (Unused?)
key_up_released: 32 (Unused?)
vm_registers: 26 (Unused?)
debug_breakpoint: 26 (Unused?)
set_ntsc: 26
vm_constants_tile_properties: 26 (Unused?)
color_off: 26 (Unused?)
color_on: 26 (Unused?)
