Compiled on Wednesday, 10 July 2024 9:38:09 p.m.
Version string: SE2024.1.240710.14.52.EX

ImageFrames: 0
ImageFrame Data Size: 0
Actor Count: 1
Actor Data Size: 180
Animations Count: 1
Animations Data Size: 16
AnimationFrame Count: 2
AnimationFrame Data Size: 32
Project sound Original size 56 Crunched size 56
Project patterns Original size 32 Crunched size 32
Animations Original size 16 Crunched size 16
Misc Data (paths, hurt boxes etc) Original size 2 Crunched size 2
Teleporters Original size 8 Crunched size 8
XGM Null sound Original size 256 Crunched size 256
XGM Null song Original size 172 Crunched size 172
Project blocks Original size 68 Crunched size 68
Var Data Original size 14 Crunched size 14
XGM PCM sound Original size 2560 Crunched size 2560
XGM 68K Plugin Driver Original size 812 Crunched size 812
XGM Core Driver Original size 5888 Crunched size 5888
Default MD font Original size 2048 Crunched size 2048
Project virtual machine (codeblocks) Original size 9840 Crunched size 9840
Panel  Original size 10350 Crunched size 10350
Font for panel 1 Original size 2048 Crunched size 2048
Panel dialogue_talkpad Original size 1678 Crunched size 1678
Font for panel 2 Original size 2048 Crunched size 2048
Panel dialogue_talkpad2 Original size 3118 Crunched size 3118
Project actors Original size 180 Crunched size 180
Streamed project patterns Original size 32 Crunched size 32
Animation Frames Original size 32 Crunched size 32
Project Header Original size 2902 Crunched size 2902
Attack Data Original size 88 Crunched size 88

=== Accounted Memory Usage ===
(Note that this isn't a full account of memory usage, just the memory we can account for)
RAM reserved for level tiles: (largest level: NA): 0
memory reserved for active actors on screen (32): 4616
memory reserved for dormant actors in map (256): 9216

Total: 13832 bytes

=== Codeblocks by compiled size ===
startup: 2346
load_level: 528
do_teleport: 404
set_yresolution: 390 (Unused?)
pre_startup: 342
flipscreen_smooth: 310 (Unused?)
flipxymove: 278 (Unused?)
block_find: 206 (Unused?)
waitforframes: 194
block_count: 178 (Unused?)
check_talkpad: 172
flipymove: 162 (Unused?)
snap_to_screen: 158 (Unused?)
pre_quit: 152 (Unused?)
load_panel: 146
flipxmove: 142 (Unused?)
unload_level: 142
pause: 138 (Unused?)
destroy_all_blocks: 128 (Unused?)
pre_load_level: 122
waitforfireup: 114
fadein: 112
waitforfiredown: 110
unload_panel: 106
load_panel_bottom: 96 (Unused?)
load_panel_top: 96 (Unused?)
destroy_child_actors: 94 (Unused?)
fadeout: 88
pre_anim5: 86 (Unused?)
waitforfirehit: 86
load_music_finish: 76
wrap_screen_bottom: 76 (Unused?)
wrap_screen_right: 76 (Unused?)
flipscreen: 72 (Unused?)
wrap_screen_left: 72 (Unused?)
wrap_screen_top: 72 (Unused?)
load_music: 70 (Unused?)
jump_actor: 66 (Unused?)
load_panel_finish: 66
unload_panel_bottom: 62
unload_panel_top: 62
destroy_all_actors: 60 (Unused?)
destroy_actor: 58
regenerate_screen: 58
destroy_block: 52 (Unused?)
return: 52 (Unused?)
type: 52
quit: 50 (Unused?)
regenerate_screen_wait: 46
freeze_actor: 40 (Unused?)
unfreeze_actor: 40 (Unused?)
block_coll_force: 32 (Unused?)
block_coll_passthru: 32 (Unused?)
clear_block_collision: 32
vm_registers: 26 (Unused?)
debug_breakpoint: 26 (Unused?)
set_ntsc: 26
vm_constants_tile_properties: 26 (Unused?)
