Compiled on Wednesday, 10 July 2024 9:38:37 p.m.
Version string: SE2024.1.240710.14.52.EX

=== Misc ===
ImageFrames: 1
ImageFrame Data Size: 44
Maps and Asset Bundles Count: 1
Maps and Asset Bundles Data Size: 12
Actor Count: 1
Actor Data Size: 180
Block Count: 1
Block Data Size: 68
Anim5 Count: 0
Anim5 Data Size: 0
Sound Count: 2
Sound Data Size: 56
Teleporter Count: 1
Teleporter Data Size: 8
Animations Count: 1
Animations Data Size: 16
AnimationFrame Count: 2
AnimationFrame Data Size: 32
Sprites: 1
Sprites Data Size: 14
Attack Data: 1
Attack Data Size: 88
Misc data size: 14
=== Image optimisations ===
Panel scorpion_eng_splashscreen Original size 55172 Crunched size 3460
Panel dialogue_talkpad Original size 23336 Crunched size 2878
Panel dialogue_talkpad2 Original size 23336 Crunched size 3282
Project virtual machine (codeblocks) Original size 9728 Crunched size 3372
Asset bundle 0 (Core project asset bundle) Original size 7776 Crunched size 1506
Misc Data (paths, hurt boxes etc) Original size 2 Crunched size 2
Project Header Original size 4036 Crunched size 1176
Project Data Original size 534 Crunched size 102
Project virtual machine redirects Original size 4 Crunched size 4

=== Accounted Memory Usage ===
(Note that this isn't a full account of memory usage, just the memory we can account for)

For chip:
Map gfx (Panel: scorpion_eng_splashscreen): 55172
Music memory (): 0
BP Buffer memory: 131040
core sfx/gfx memory: 7776
Parallax memory: 0
OS/other estimated: 99328

For other:
Map cache memory: 0
Map header cache memory: 0
Map data memory: 0
Map background memory: 0
EXE memory: 217016
vm memory: 9728
project memory: 534
memory reserved for active actors on screen (32): 4616
memory reserved for dormant actors in map (256): 9216
OS/other estimated: 105472

Accounted memory chip: 293316
Accounted memory other: 346582
Accounted memory total: 639898

=== Codeblocks by compiled size ===
startup: 2216
load_level: 568
do_teleport: 424
pre_startup: 354
flipscreen_smooth: 310 (Unused?)
flipxymove: 278 (Unused?)
block_find: 206 (Unused?)
set_yresolution: 202 (Unused?)
waitforframes: 194
check_talkpad: 192
block_count: 178 (Unused?)
pause: 176 (Unused?)
flipymove: 162 (Unused?)
snap_to_screen: 158 (Unused?)
pre_quit: 152
load_panel: 146
flipxmove: 142 (Unused?)
unload_level: 142
destroy_all_blocks: 128 (Unused?)
pre_load_level: 122
waitforfireup: 114
fadein: 112
waitforfiredown: 110
unload_panel: 106
load_panel_bottom: 96 (Unused?)
load_panel_top: 96 (Unused?)
destroy_child_actors: 94 (Unused?)
fadeout: 88
pre_anim5: 86 (Unused?)
waitforfirehit: 86
load_music: 78 (Unused?)
load_music_finish: 76
wrap_screen_bottom: 76 (Unused?)
wrap_screen_right: 76 (Unused?)
set_ntsc: 74 (Unused?)
flipscreen: 72 (Unused?)
wrap_screen_left: 72 (Unused?)
wrap_screen_top: 72 (Unused?)
quit: 70 (Unused?)
jump_actor: 66 (Unused?)
load_panel_finish: 66
unload_panel_bottom: 62
unload_panel_top: 62
destroy_all_actors: 60 (Unused?)
destroy_actor: 58
regenerate_screen: 58
destroy_block: 52 (Unused?)
return: 52 (Unused?)
type: 52
regenerate_screen_wait: 46
freeze_actor: 40 (Unused?)
unfreeze_actor: 40 (Unused?)
block_coll_force: 32 (Unused?)
block_coll_passthru: 32 (Unused?)
clear_block_collision: 32
vm_registers: 26 (Unused?)
debug_breakpoint: 26 (Unused?)
vm_constants_tile_properties: 26 (Unused?)
