Compiled on Saturday, 12 April 2025 2:08:38 p.m.
Version string: SE2024.2.250412.13.59.EX

=== Misc ===
ImageFrames: 1
ImageFrame Data Size: 44
Maps and Asset Bundles Count: 1
Maps and Asset Bundles Data Size: 12
Actor Count: 1
Actor Data Size: 180
Block Count: 1
Block Data Size: 68
Anim5 Count: 0
Anim5 Data Size: 0
Sound Count: 2
Sound Data Size: 56
Teleporter Count: 1
Teleporter Data Size: 8
Animations Count: 1
Animations Data Size: 16
AnimationFrame Count: 2
AnimationFrame Data Size: 32
Sprites: 1
Sprites Data Size: 14
Attack Data: 1
Attack Data Size: 88
Misc data size: 18
=== Image optimisations ===
Panel scorpion_eng_splashscreen Original size 36792 Crunched size 3380
Panel dialogue_talkpad Original size 12544 Crunched size 766
Panel bobs dialogue_talkpad Original size 6488 Crunched size 1936
Panel dialogue_talkpad2 Original size 12544 Crunched size 1156
Panel bobs dialogue_talkpad2 Original size 6488 Crunched size 1936
Project virtual machine (codeblocks) Original size 10032 Crunched size 3390
Asset bundle 0 (Core project asset bundle) Original size 7776 Crunched size 1506
Misc Data (paths, hurt boxes etc) Original size 2 Crunched size 2
Project Header Original size 4408 Crunched size 1212
Project Data Original size 538 Crunched size 102
Project virtual machine redirects Original size 4 Crunched size 4

=== Accounted Memory Usage ===
(Note that this isn't a full account of memory usage, just the memory we can account for)

For chip:
Map gfx (Panel: scorpion_eng_splashscreen): 36792
Music memory (): 0
BP Buffer memory: 131040
core sfx/gfx memory: 7776
Parallax memory: 0
OS/other estimated: 99328

For other:
Map cache memory: 0
Map header cache memory: 0
Map actor cache memory: 0
Map data memory: 0
Map background memory: 0
EXE memory: 203152
vm memory: 10032
project memory: 538
memory reserved for active actors on screen (32): 4616
memory reserved for dormant actors in map (128): 4608
OS/other estimated: 105472

Accounted memory chip: 274936
Accounted memory other: 328418
Accounted memory total: 603354

=== Codeblocks by compiled size ===
startup: 2110
load_level: 550
pre_startup: 422
do_teleport: 402
flipscreen_smooth: 310 (Unused?)
flipxymove: 278 (Unused?)
load_next_level: 252 (Unused?)
block_find: 206 (Unused?)
set_yresolution: 202
waitforframes: 194
check_talkpad: 192
pause: 184 (Unused?)
block_count: 178 (Unused?)
flipymove: 162 (Unused?)
pre_quit: 160
snap_to_screen: 158 (Unused?)
load_panel: 146
flipxmove: 142 (Unused?)
unload_level: 142
destroy_all_blocks: 128 (Unused?)
restart_this_level: 128 (Unused?)
pre_load_level: 122
fadein: 112
unload_panel: 106
waitforfireup: 102
waitforfiredown: 98
load_panel_bottom: 96 (Unused?)
load_panel_top: 96 (Unused?)
destroy_child_actors: 94 (Unused?)
fadeout: 88
pre_anim5: 86 (Unused?)
waitforfirehit: 86
load_music: 78 (Unused?)
load_music_finish: 76
wrap_screen_bottom: 76 (Unused?)
wrap_screen_right: 76 (Unused?)
set_ntsc: 74 (Unused?)
flipscreen: 72 (Unused?)
wrap_screen_left: 72 (Unused?)
wrap_screen_top: 72 (Unused?)
quit: 70 (Unused?)
jump_actor: 66 (Unused?)
load_panel_finish: 66
unload_panel_bottom: 62
unload_panel_top: 62
destroy_all_actors: 60 (Unused?)
destroy_actor: 58
regenerate_screen: 58
destroy_block: 52 (Unused?)
return: 52 (Unused?)
type: 52
regenerate_screen_wait: 46
freeze_actor: 40 (Unused?)
unfreeze_actor: 40 (Unused?)
block_coll_force: 32 (Unused?)
block_coll_passthru: 32 (Unused?)
clear_block_collision: 32
vm_registers: 26 (Unused?)
debug_breakpoint: 26 (Unused?)
vm_constants_tile_properties: 26 (Unused?)
