Compiled on Wednesday, 10 July 2024 9:43:12 p.m.
Version string: SE2024.1.240710.14.52.EX

=== Misc ===
ImageFrames: 9
ImageFrame Data Size: 396
Maps and Asset Bundles Count: 2
Maps and Asset Bundles Data Size: 24
Actor Count: 2
Actor Data Size: 360
Block Count: 7
Block Data Size: 476
Anim5 Count: 0
Anim5 Data Size: 0
Sound Count: 1
Sound Data Size: 28
Teleporter Count: 1
Teleporter Data Size: 8
Animations Count: 9
Animations Data Size: 144
AnimationFrame Count: 12
AnimationFrame Data Size: 192
Sprites: 1
Sprites Data Size: 14
Attack Data: 2
Attack Data Size: 176
Misc data size: 14
=== Image optimisations ===
Panel scorpion_eng_splashscreen Original size 55172 Crunched size 3460
Project virtual machine (codeblocks) Original size 8134 Crunched size 2486
Header data for map map1 Original size 8000 Crunched size 254
Tile data for map map1 (mem restrictions:None) Original size 3562 Crunched size 592
Background for map map1 Original size 1396 Crunched size 82
Asset bundle 0 (Core project asset bundle) Original size 7248 Crunched size 1884
Asset bundle 1 (map1) Original size 12582 Crunched size 3266
Misc Data (paths, hurt boxes etc) Original size 2 Crunched size 2
Project Header Original size 4036 Crunched size 1190
Project Data Original size 1834 Crunched size 436
Project virtual machine redirects Original size 4 Crunched size 4

=== Accounted Memory Usage ===
(Note that this isn't a full account of memory usage, just the memory we can account for)

For chip:
Map gfx (Panel: scorpion_eng_splashscreen): 55172
Music memory (): 0
BP Buffer memory: 157824
core sfx/gfx memory: 7248
Parallax memory: 0
OS/other estimated: 99328

For other:
Map cache memory: 0
Map header cache memory: 0
Map data memory: 3562
Map background memory: 1396
EXE memory: 217016
vm memory: 8134
project memory: 1834
memory reserved for active actors on screen (32): 4616
memory reserved for dormant actors in map (256): 9216
OS/other estimated: 105472

Accounted memory chip: 319572
Accounted memory other: 351246
Accounted memory total: 670818

=== Possibly unused blocks ===
train3
train4

=== Possibly unused Actors ===
player_fox

=== Codeblocks by compiled size ===
load_level: 568
do_teleport: 424
handle_train: 370
pre_startup: 354
flipscreen_smooth: 310 (Unused?)
flipxymove: 278 (Unused?)
block_find: 206 (Unused?)
set_yresolution: 202 (Unused?)
waitforframes: 194
check_talkpad: 192 (Unused?)
player_fox_autogen_attack: 184
block_count: 178 (Unused?)
pause: 176 (Unused?)
flipymove: 162 (Unused?)
snap_to_screen: 158 (Unused?)
pre_quit: 152
startup: 150
load_panel: 146
flipxmove: 142 (Unused?)
unload_level: 142
destroy_all_blocks: 128 (Unused?)
pre_load_level: 122
waitforfireup: 114
fadein: 112
waitforfiredown: 110
unload_panel: 106
load_panel_bottom: 96 (Unused?)
load_panel_top: 96 (Unused?)
destroy_child_actors: 94 (Unused?)
fadeout: 88
pre_anim5: 86 (Unused?)
waitforfirehit: 86
load_music: 78 (Unused?)
load_music_finish: 76
wrap_screen_bottom: 76 (Unused?)
wrap_screen_right: 76 (Unused?)
set_ntsc: 74 (Unused?)
flipscreen: 72 (Unused?)
wrap_screen_left: 72 (Unused?)
wrap_screen_top: 72 (Unused?)
quit: 70 (Unused?)
jump_actor: 66 (Unused?)
load_panel_finish: 66
unload_panel_bottom: 62
unload_panel_top: 62
destroy_all_actors: 60 (Unused?)
destroy_actor: 58
regenerate_screen: 58
destroy_block: 52
return: 52 (Unused?)
regenerate_screen_wait: 46
freeze_actor: 40 (Unused?)
unfreeze_actor: 40 (Unused?)
block_coll_force: 32 (Unused?)
block_coll_passthru: 32 (Unused?)
clear_block_collision: 32
vm_registers: 26 (Unused?)
debug_breakpoint: 26 (Unused?)
vm_constants_tile_properties: 26 (Unused?)
