=== Image optimisations ===
Reduce width of sprites\fox\fall1.png by 10 pixels to 16 to improve blit performance by 200.00%
Reduce width of sprites\fox\fall3.png by 14 pixels to 16 to improve blit performance by 200.00%
Reduce width of sprites\fox\fall1.png by 10 pixels to 16 to improve blit performance by 200.00%
Reduce width of sprites\fox\fall3.png by 14 pixels to 16 to improve blit performance by 200.00%
Reduce width of sprites\fox\skid.png by 13 pixels to 16 to improve blit performance by 200.00%
Reduce width of sprites\fox\idle.png by 9 pixels to 16 to improve blit performance by 200.00%
Reduce width of sprites\fox\dance1.png by 9 pixels to 16 to improve blit performance by 200.00%
Reduce width of sprites\fox\dance2.png by 5 pixels to 16 to improve blit performance by 200.00%
Reduce width of sprites\fox\dance3.png by 4 pixels to 16 to improve blit performance by 200.00%
Reduce width of sprites\fox\dance4.png by 5 pixels to 16 to improve blit performance by 200.00%
Reduce width of sprites\fox\dance5.png by 9 pixels to 16 to improve blit performance by 200.00%
Reduce width of sprites\fox\dance4.png by 5 pixels to 16 to improve blit performance by 200.00%
Reduce width of sprites\fox\dance3.png by 4 pixels to 16 to improve blit performance by 200.00%
Reduce width of sprites\fox\dance2.png by 5 pixels to 16 to improve blit performance by 200.00%
Reduce width of sprites\fox\skid.png by 13 pixels to 16 to improve blit performance by 200.00%
Reduce width of sprites\fox\idle.png by 9 pixels to 16 to improve blit performance by 200.00%
Reduce width of sprites\fox\dance1.png by 9 pixels to 16 to improve blit performance by 200.00%
Reduce width of sprites\fox\dance2.png by 5 pixels to 16 to improve blit performance by 200.00%
Reduce width of sprites\fox\dance3.png by 4 pixels to 16 to improve blit performance by 200.00%
Reduce width of sprites\fox\dance4.png by 5 pixels to 16 to improve blit performance by 200.00%
Reduce width of sprites\fox\dance5.png by 9 pixels to 16 to improve blit performance by 200.00%
Reduce width of sprites\fox\dance4.png by 5 pixels to 16 to improve blit performance by 200.00%
Reduce width of sprites\fox\dance3.png by 4 pixels to 16 to improve blit performance by 200.00%
Reduce width of sprites\fox\dance2.png by 5 pixels to 16 to improve blit performance by 200.00%
Reduce width of sprites\fox\jump1.png by 4 pixels to 32 to improve blit performance by 100.00%
Reduce width of sprites\fox\jump2.png by 1 pixels to 32 to improve blit performance by 100.00%
Reduce width of sprites\fox\jump3.png by 13 pixels to 16 to improve blit performance by 200.00%
Reduce width of sprites\fox\jump1.png by 4 pixels to 32 to improve blit performance by 100.00%
Reduce width of sprites\fox\jump2.png by 1 pixels to 32 to improve blit performance by 100.00%
Reduce width of sprites\fox\jump3.png by 13 pixels to 16 to improve blit performance by 200.00%
Reduce width of sprites\fox\run1.png by 15 pixels to 16 to improve blit performance by 200.00%
Reduce width of sprites\fox\run2.png by 1 pixels to 32 to improve blit performance by 100.00%
Reduce width of sprites\fox\run3.png by 2 pixels to 32 to improve blit performance by 100.00%
Reduce width of sprites\fox\run4.png by 15 pixels to 16 to improve blit performance by 200.00%
Reduce width of sprites\fox\run5.png by 15 pixels to 16 to improve blit performance by 200.00%
Reduce width of sprites\fox\run6.png by 15 pixels to 16 to improve blit performance by 200.00%
Reduce width of sprites\fox\run7.png by 2 pixels to 32 to improve blit performance by 100.00%
Reduce width of sprites\fox\run8.png by 1 pixels to 32 to improve blit performance by 100.00%
Reduce width of sprites\fox\srun1.png by 11 pixels to 32 to improve blit performance by 100.00%
Reduce width of sprites\fox\srun2.png by 13 pixels to 32 to improve blit performance by 100.00%
Reduce width of sprites\fox\run1.png by 15 pixels to 16 to improve blit performance by 200.00%
Reduce width of sprites\fox\run2.png by 1 pixels to 32 to improve blit performance by 100.00%
Reduce width of sprites\fox\run3.png by 2 pixels to 32 to improve blit performance by 100.00%
Reduce width of sprites\fox\run4.png by 15 pixels to 16 to improve blit performance by 200.00%
Reduce width of sprites\fox\run5.png by 15 pixels to 16 to improve blit performance by 200.00%
Reduce width of sprites\fox\run6.png by 15 pixels to 16 to improve blit performance by 200.00%
Reduce width of sprites\fox\run7.png by 2 pixels to 32 to improve blit performance by 100.00%
Reduce width of sprites\fox\run8.png by 1 pixels to 32 to improve blit performance by 100.00%
Reduce width of sprites\fox\srun1.png by 11 pixels to 32 to improve blit performance by 100.00%
Reduce width of sprites\fox\srun2.png by 13 pixels to 32 to improve blit performance by 100.00%

=== Estimated memory usages ===

For chip:
Map gfx (Panel: pnl_title): 41050
Music memory: 78332
BP Buffer memory: 132000
core sfx/gfx memory: 113666
Parallax memory: 0

For other:
Map cache memory: 0
Map header cache memory: 0
Map data memory: 6228
Map background memory: 2672
EXE memory: 201336
vm memory: 6270
project memory: 4814

Accounted memory chip: 365048
Accounted memory other: 221320
Accounted memory total: 586368

=== Misc ===
Maps and Asset Bundles Count: 2
Maps and Asset Bundles Data Size: 24
Actor Count: 3
Actor Data Size: 648
Block Count: 16
Block Data Size: 832
Anim5 Count: 0
Anim5 Data Size: 0
Sound Count: 7
Sound Data Size: 224
Teleporter Count: 1
Teleporter Data Size: 8
Animations Count: 9
Animations Data Size: 144
AnimationFrame Count: 54
AnimationFrame Data Size: 864
ImageFrames: 43
ImageFrame Data Size: 1892
Sprites: 1
Sprites Data Size: 14
Attack Data: 2
Attack Data Size: 132
Misc data size: 30
Asset bundle 0 (Core project asset bundle) Original size 113666 Crunched size 38394
Asset bundle 1 (soniclevel) Original size 15840 Crunched size 4502
Background for map soniclevel Original size 2672 Crunched size 92
Music file song Original size 78332 Crunched size 46572
Tile data for map soniclevel (mem restrictions:None) Original size 6228 Crunched size 920
Header data for map soniclevel Original size 7988 Crunched size 282
Project Data Original size 4814 Crunched size 1470
Project Header Original size 4040 Crunched size 1196
Panel scorpion_eng_splashscreen Original size 35930 Crunched size 3266
Panel pnl_title Original size 41050 Crunched size 7092
Project virtual machine (codeblocks) Original size 6270 Crunched size 1896
Project virtual machine redirects Original size 4 Crunched size 4

Codeblocks by compiled size: 

load_level: 988
do_teleport: 362
flipscreen_smooth: 346
flipxymove: 306
set_yresolution: 200
snap_to_screen: 190
pre_startup: 188
flipymove: 174
pre_quit: 166
flipxmove: 158
blocktest: 156
load_panel: 146
destroy_all_blocks: 124
startup: 116
unload_level: 114
load_panel_bottom: 96
load_panel_top: 96
waitforfirehit: 96
unload_panel: 92
wrap_screen_bottom: 92
wrap_screen_right: 92
wrap_screen_left: 88
wrap_screen_top: 88
flipscreen: 86
pre_anim5: 86
fadeout: 84
waitforframes: 78
quit: 66
destroy_all_actors: 62
jump_actor: 62
load_music: 62
unload_panel_bottom: 62
unload_panel_top: 62
load_panel_finish: 56
destroy_actor: 54
fadein: 52
regenerate_screen: 52
return: 52
destroy_block: 48
regenerate_screen_wait: 42
ai_forceleft: 42
ai_forceright: 42
debug_dump: 30
vm_registers: 26
vm_constants: 26
vm_registers_amiga: 26
debug_breakpoint: 26
vm_constants_notes: 26
vm_constants_tile_properties: 26
