=== Image optimisations ===
Reduce width of anims\platform.png by 8 pixels to 16 to improve blit performance by 200.00%
Reduce width of anims\jump1.png by 1 pixels to 16 to improve blit performance by 200.00%
Reduce width of anims\jump1.png by 1 pixels to 16 to reduce sprites by 2
Reduce width of anims\jump1.png by 1 pixels to 16 to improve blit performance by 200.00%
Reduce width of anims\jump1.png by 1 pixels to 16 to reduce sprites by 2
Reduce width of anims\walk4.png by 1 pixels to 16 to improve blit performance by 200.00%
Reduce width of anims\walk4.png by 1 pixels to 16 to reduce sprites by 2
Reduce width of anims\walk4.png by 1 pixels to 16 to improve blit performance by 200.00%
Reduce width of anims\walk4.png by 1 pixels to 16 to reduce sprites by 2

=== Misc ===
Actor Count: 5
Actor Data Size: 1480
Block Count: 3
Block Data Size: 156
Anim5 Count: 1
Anim5 Data Size: 4
Sound Count: 1
Sound Data Size: 32
Teleporter Count: 1
Teleporter Data Size: 8
Animations Count: 12
Animations Data Size: 192
AnimationFrame Count: 24
AnimationFrame Data Size: 384
ImageFrames: BlitzTool.BlitzWord
ImageFrame Data Size: 1344
Crunching Panel scorpion_eng_splashscreen as 0.img. Original size: 37106. Crunched size: 3308
Crunching Project virtual machine (codeblocks) as project.vm. Original size: 6114. Crunched size: 2064
Crunching Header data for map new_map as 1.mhd. Original size: 9788. Crunched size: 300
Crunching Data for map new_map as 1.map. Original size: 3924. Crunched size: 628
Crunching Background for map new_map as 1.bg. Original size: 2672. Crunched size: 92
Crunching Asset bundle 0 as 0.gfx. Original size: 10736. Crunched size: 3586
Crunching Asset bundle 1 as 1.gfx. Original size: 8576. Crunched size: 1988
Crunching Project data as project.dat. Original size: 3600. Crunched size: 876
Crunching Scorpion header as project.hd. Original size: 4036. Crunched size: 1194

Estimated memory usages:

For chip:
Map gfx (Panel: scorpion_eng_splashscreen): 37106
Music memory: 0
BP Buffer memory: 87680
core sfx/gfx memory: 10736
Parallax memory: 0

For other:
Map cache memory: 0
Map header cache memory: 0
Map data memory: 3924
Map background memory: 2672
EXE memory: 202248
vm memory: 6114
project memory: 3600

Accounted memory chip: 135522
Accounted memory other: 218558
Accounted memory total: 354080
