=== Image optimisations ===

=== Estimated memory usages ===

For chip:
Map gfx (Panel: scorpion_eng_splashscreen): 35154
Music memory (): 0
BP Buffer memory: 100832
core sfx/gfx memory: 10544
Parallax memory: 0

For other:
Map cache memory: 0
Map header cache memory: 0
Map data memory: 3336
Map background memory: 2672
EXE memory: 206484
vm memory: 8120
project memory: 3310

Accounted memory chip: 146530
Accounted memory other: 223922
Accounted memory total: 370452

=== Misc ===
Maps and Asset Bundles Count: 2
Maps and Asset Bundles Data Size: 24
Actor Count: 7
Actor Data Size: 1316
Block Count: 3
Block Data Size: 204
Anim5 Count: 0
Anim5 Data Size: 0
Sound Count: 1
Sound Data Size: 24
Teleporter Count: 1
Teleporter Data Size: 8
Animations Count: 12
Animations Data Size: 192
AnimationFrame Count: 24
AnimationFrame Data Size: 384
ImageFrames: 19
ImageFrame Data Size: 836
Sprites: 16
Sprites Data Size: 224
Attack Data: 1
Attack Data Size: 66
Misc data size: 30
Asset bundle 0 (Core project asset bundle) Original size 10544 Crunched size 3580
Asset bundle 1 (new_map) Original size 8832 Crunched size 2016
Background for map new_map Original size 2672 Crunched size 92
Tile data for map new_map (mem restrictions:None) Original size 3336 Crunched size 648
Header data for map new_map Original size 7996 Crunched size 256
Project Data Original size 3310 Crunched size 924
Project Header Original size 4032 Crunched size 1186
Panel scorpion_eng_splashscreen Original size 35154 Crunched size 3258
Project virtual machine (codeblocks) Original size 8120 Crunched size 2552
Project virtual machine redirects Original size 4 Crunched size 4

=== Possibly unused Actors ===
platform_actor
platform_actor_specialparent
static_king

=== Codeblocks by compiled size ===
load_level: 926
king_handler: 500
set_yresolution: 448 (Unused?)
do_teleport: 392
flipscreen_smooth: 346 (Unused?)
flipxymove: 306 (Unused?)
pre_startup: 282
pause: 252 (Unused?)
king_ladder_handler: 226
snap_to_screen: 190
flipymove: 174 (Unused?)
flipxmove: 158 (Unused?)
AUTOGEN_OUTOFSCREEN_snap_to_screen_snap_to_screen_snap_to_screen_startup: 156
load_panel: 146
pre_quit: 146
startup: 142
destroy_all_blocks: 124 (Unused?)
pre_load_level: 118
unload_level: 114
platform_orbit: 104
load_panel_bottom: 96 (Unused?)
load_panel_top: 96 (Unused?)
waitforfireup: 94
unload_panel: 92
wrap_screen_bottom: 92 (Unused?)
wrap_screen_right: 92 (Unused?)
waitforfiredown: 90
wrap_screen_left: 88 (Unused?)
wrap_screen_top: 88 (Unused?)
flipscreen: 86 (Unused?)
pre_anim5: 86 (Unused?)
waitforfirehit: 86
fadeout: 84
waitforframes: 78
platform_parent_spawner: 78
quit: 66 (Unused?)
destroy_all_actors: 62 (Unused?)
jump_actor: 62 (Unused?)
load_music: 62 (Unused?)
unload_panel_bottom: 62
unload_panel_top: 62
getonladder: 60
fadein: 58
load_panel_finish: 56
destroy_actor: 54
getoffladder: 54
regenerate_screen: 52
return: 52 (Unused?)
destroy_block: 48 (Unused?)
regenerate_screen_wait: 42
vm_registers: 26 (Unused?)
vm_constants: 26 (Unused?)
debug_breakpoint: 26 (Unused?)
vm_constants_controlbits: 26 (Unused?)
vm_constants_notes: 26 (Unused?)
vm_constants_tile_properties: 26 (Unused?)
vm_constants_platform: 26 (Unused?)
