Attack Data Original size 66 Crunched size 66
Default MD font Original size 2048 Crunched size 2048
Map event data for new_map Original size 32 Crunched size 32
Map header new_map Original size 9020 Crunched size 9020
Map block data for new_map Original size 612 Crunched size 100
Map path node data for new_map Original size 84 Crunched size 84
Map tile data  new_map Original size 612 Crunched size 126
Get Y lookup table new_map Original size 72 Crunched size 72
Default MD number font Original size 320 Crunched size 320
Project name table Original size 560 Crunched size 560
Project actors Original size 1316 Crunched size 1316
Project blocks Original size 204 Crunched size 204
Teleporters Original size 8 Crunched size 8
Animation Frames Original size 384 Crunched size 384
Mega Drive header Original size 3660 Crunched size 3660
Images Original size 468 Crunched size 468
Panel  Original size 10322 Crunched size 10322
Animations Original size 192 Crunched size 192
Project patterns Original size 32 Crunched size 32
Pattern data for 1 Original size 388 Crunched size 388
Streamed project patterns Original size 7392 Crunched size 7392
Project sound Original size 24 Crunched size 24
Var Data Original size 30 Crunched size 30
Project virtual machine (codeblocks) Original size 7980 Crunched size 7980

=== Possibly unused Actors ===
platform_actor
platform_actor_specialparent
static_king

=== Codeblocks by compiled size ===
load_level: 906
king_handler: 500
set_yresolution: 388 (Unused?)
do_teleport: 372
flipscreen_smooth: 346 (Unused?)
flipxymove: 306 (Unused?)
pre_startup: 262
pause: 252 (Unused?)
king_ladder_handler: 226
snap_to_screen: 190
flipymove: 174 (Unused?)
flipxmove: 158 (Unused?)
AUTOGEN_OUTOFSCREEN_snap_to_screen_snap_to_screen_snap_to_screen_startup: 156
load_panel: 146
pre_quit: 146 (Unused?)
startup: 142
destroy_all_blocks: 124 (Unused?)
pre_load_level: 118
unload_level: 114
platform_orbit: 104
load_panel_bottom: 96 (Unused?)
load_panel_top: 96 (Unused?)
waitforfireup: 94
unload_panel: 92
wrap_screen_bottom: 92 (Unused?)
wrap_screen_right: 92 (Unused?)
waitforfiredown: 90
wrap_screen_left: 88 (Unused?)
wrap_screen_top: 88 (Unused?)
flipscreen: 86 (Unused?)
pre_anim5: 86 (Unused?)
waitforfirehit: 86
fadeout: 84
waitforframes: 78
platform_parent_spawner: 78
destroy_all_actors: 62 (Unused?)
jump_actor: 62 (Unused?)
load_music: 62 (Unused?)
unload_panel_bottom: 62
unload_panel_top: 62
getonladder: 60
fadein: 58
load_panel_finish: 56
destroy_actor: 54
getoffladder: 54
regenerate_screen: 52
return: 52 (Unused?)
destroy_block: 48 (Unused?)
quit: 46 (Unused?)
regenerate_screen_wait: 42
vm_registers: 26 (Unused?)
vm_constants: 26 (Unused?)
debug_breakpoint: 26 (Unused?)
vm_constants_controlbits: 26 (Unused?)
vm_constants_notes: 26 (Unused?)
vm_constants_tile_properties: 26 (Unused?)
vm_constants_platform: 26 (Unused?)
