=== Image optimisations ===
Reduce width of parallax\cloud.png by 38 pixels to 192 to reduce sprites by 1

=== Estimated memory usages ===

For chip:
Map gfx (Panel: scorpion_eng_splashscreen): 37090
Music memory: 0
BP Buffer memory: 132000
core sfx/gfx memory: 66328
Parallax memory: 0

For other:
Map cache memory: 0
Map header cache memory: 0
Map data memory: 17988
Map background memory: 2672
EXE memory: 211680
vm memory: 6584
project memory: 3552

Accounted memory chip: 235418
Accounted memory other: 242476
Accounted memory total: 477894

=== Misc ===
Maps and Asset Bundles Count: 2
Maps and Asset Bundles Data Size: 24
Actor Count: 4
Actor Data Size: 1184
Block Count: 1
Block Data Size: 52
Anim5 Count: 1
Anim5 Data Size: 1036
Sound Count: 1
Sound Data Size: 32
Teleporter Count: 1
Teleporter Data Size: 8
Animations Count: 11
Animations Data Size: 176
AnimationFrame Count: 14
AnimationFrame Data Size: 224
ImageFrames: 12
ImageFrame Data Size: 816
Asset bundle 0 (Core project asset bundle) Original size 66328 Crunched size 66328
Asset bundle 1 (map1) Original size 640 Crunched size 640
Background for map map1 Original size 2672 Crunched size 2672
Tile data for map map1 (mem restrictions:No_Blocks) Original size 17988 Crunched size 17988
Header data for map map1 Original size 8756 Crunched size 8756
Project Data Original size 3552 Crunched size 3552
Project Header Original size 4040 Crunched size 4040
Panel scorpion_eng_splashscreen Original size 37090 Crunched size 3292
Project virtual machine (codeblocks) Original size 6584 Crunched size 6584
Project virtual machine redirects Original size 4 Crunched size 4
