Compiled on Wednesday, 10 July 2024 9:49:08 p.m.
Version string: SE2024.1.240710.14.52.EX

ImageFrames: 7
ImageFrame Data Size: 344
Actor Count: 3
Actor Data Size: 540
Animations Count: 11
Animations Data Size: 176
AnimationFrame Count: 14
AnimationFrame Data Size: 224
Project virtual machine (codeblocks) Original size 8448 Crunched size 8448
Panel  Original size 3118 Crunched size 3118
Project blocks Original size 340 Crunched size 340
Images Original size 344 Crunched size 344
Project actors Original size 540 Crunched size 540
Map block data for map Original size 360 Crunched size 360
Header data for map map Original size 8000 Crunched size 8000
Map tile data  map Original size 360 Crunched size 360
Tile data for map map (mem restrictions:None) Original size 896 Crunched size 896
Map event data for map Original size 40 Crunched size 40
Get Y lookup table map Original size 72 Crunched size 72
Map path node data for map Original size 12 Crunched size 12
Animations Original size 176 Crunched size 176
Animation Frames Original size 224 Crunched size 224
Project sound Original size 28 Crunched size 28
Misc Data (paths, hurt boxes etc) Original size 2 Crunched size 2
Project Header Original size 2902 Crunched size 2902
Var Data Original size 14 Crunched size 14
Attack Data Original size 176 Crunched size 176
Teleporters Original size 8 Crunched size 8

=== Accounted Memory Usage ===
(Note that this isn't a full account of memory usage, just the memory we can account for)
RAM reserved for level tiles: (largest level: map): 720
memory reserved for active actors on screen (32): 4616
memory reserved for dormant actors in map (256): 9216

Total: 14552 bytes

=== Possibly unused blocks ===
block_blue
block_green
block_red
block_yellow

=== Possibly unused Actors ===
chaser
player

=== Codeblocks by compiled size ===
chase_if_can_see: 700
load_level: 528
do_teleport: 404
flipscreen_smooth: 310 (Unused?)
pre_startup: 298
flipxymove: 278 (Unused?)
set_yresolution: 256 (Unused?)
block_find: 206 (Unused?)
waitforframes: 194
player_autogen_attack: 184
block_count: 178 (Unused?)
check_talkpad: 172 (Unused?)
flipymove: 162 (Unused?)
snap_to_screen: 158 (Unused?)
pre_quit: 152 (Unused?)
startup: 150
load_panel: 146
flipxmove: 142 (Unused?)
unload_level: 142
pause: 138 (Unused?)
AUTOGEN_OUTOFSCREEN_wrap_screen_left_wrap_screen_right_wrap_screen_top_wrap_screen_bottom: 130
destroy_all_blocks: 128 (Unused?)
pre_load_level: 122
waitforfireup: 114
fadein: 112
waitforfiredown: 110
unload_panel: 106
load_panel_bottom: 96 (Unused?)
load_panel_top: 96 (Unused?)
destroy_child_actors: 94 (Unused?)
fadeout: 88
pre_anim5: 86 (Unused?)
waitforfirehit: 86
load_music_finish: 76
wrap_screen_bottom: 76
wrap_screen_right: 76
flipscreen: 72 (Unused?)
wrap_screen_left: 72
wrap_screen_top: 72
jump_actor: 66 (Unused?)
load_panel_finish: 66
load_music: 62 (Unused?)
unload_panel_bottom: 62
unload_panel_top: 62
destroy_all_actors: 60 (Unused?)
destroy_actor: 58
regenerate_screen: 58
destroy_block: 52 (Unused?)
return: 52 (Unused?)
quit: 50 (Unused?)
regenerate_screen_wait: 46
new_codeblock: 44
freeze_actor: 40 (Unused?)
unfreeze_actor: 40 (Unused?)
block_coll_force: 32 (Unused?)
block_coll_passthru: 32 (Unused?)
clear_block_collision: 32
vm_registers: 26 (Unused?)
debug_breakpoint: 26 (Unused?)
set_ntsc: 26 (Unused?)
vm_constants_tile_properties: 26 (Unused?)
