Compiled on Wednesday, 17 July 2024 1:27:26 p.m.
Version string: SE2024.1.240716.23.57.EX

=== Misc ===
ImageFrames: 56
ImageFrame Data Size: 2464
Maps and Asset Bundles Count: 3
Maps and Asset Bundles Data Size: 36
Actor Count: 14
Actor Data Size: 2520
Block Count: 13
Block Data Size: 884
Anim5 Count: 0
Anim5 Data Size: 0
Sound Count: 7
Sound Data Size: 196
Teleporter Count: 2
Teleporter Data Size: 16
Animations Count: 35
Animations Data Size: 560
AnimationFrame Count: 58
AnimationFrame Data Size: 928
Sprites: 53
Sprites Data Size: 742
Attack Data: 6
Attack Data Size: 528
Misc data size: 42
=== Image optimisations ===
Music file song Original size 78332 Crunched size 46572
Panel scorpion_eng_splashscreen Original size 55172 Crunched size 3460
Panel pnl_title Original size 41072 Crunched size 7090
Project virtual machine (codeblocks) Original size 12450 Crunched size 3460
Header data for map level1 Original size 8000 Crunched size 342
Tile data for map level1 (mem restrictions:None) Original size 31576 Crunched size 2426
Background for map level1 Original size 1396 Crunched size 164
Header data for map level2 Original size 8000 Crunched size 392
Tile data for map level2 (mem restrictions:None) Original size 26312 Crunched size 1384
Background for map level2 Original size 1396 Crunched size 138
Asset bundle 0 (Core project asset bundle) Original size 82520 Crunched size 30438
Asset bundle 1 (level1) Original size 5418 Crunched size 2804
Asset bundle 2 (level2) Original size 4206 Crunched size 1726
Misc Data (paths, hurt boxes etc) Original size 2 Crunched size 2
Project Header Original size 4036 Crunched size 1208
Project Data Original size 8918 Crunched size 2912
Project virtual machine redirects Original size 4 Crunched size 4

=== Accounted Memory Usage ===
(Note that this isn't a full account of memory usage, just the memory we can account for)

For chip:
Map gfx (Panel: scorpion_eng_splashscreen): 55172
Music memory (song): 78332
BP Buffer memory: 109056
core sfx/gfx memory: 82520
Parallax memory: 0
OS/other estimated: 99328

For other:
Map cache memory: 0
Map header cache memory: 0
Map data memory: 31576
Map background memory: 1396
EXE memory: 216968
vm memory: 12450
project memory: 8918
memory reserved for active actors on screen (32): 4616
memory reserved for dormant actors in map (256): 9216
OS/other estimated: 105472

Accounted memory chip: 424408
Accounted memory other: 390612
Accounted memory total: 815020

=== Possibly unused blocks ===
underwaterburgerrock

=== Possibly unused Actors ===
bigfish
bird
frog
merman
ringshot
scorpion
smallfish

=== Codeblocks by compiled size ===
restart_level: 648
load_level: 568
do_teleport: 424
pre_startup: 354
flipscreen_smooth: 310 (Unused?)
alexkidd_autogen_attack: 292
alexkidd_swim_autogen_attack: 286
flipxymove: 278 (Unused?)
startup: 242
on_enterwater: 226
block_find: 206 (Unused?)
set_yresolution: 202
waitforframes: 194
check_talkpad: 192 (Unused?)
alexkidd_motorcycle_autogen_attack: 184
block_count: 178 (Unused?)
on_playerkill: 178
pause: 176 (Unused?)
flipymove: 162 (Unused?)
snap_to_screen: 158
on_hardblockcollide: 154
pre_quit: 152
on_blockhit: 148
on_blockhit_mysterycontainer: 148
on_blockhit_starcontainer: 148
on_blockhit_underwaterburgerrock: 148
load_panel: 146
flipxmove: 142 (Unused?)
unload_level: 142
AUTOGEN_OUTOFSCREEN_snap_to_screen_snap_to_screen_snap_to_screen_snap_to_screen: 130
AUTOGEN_OUTOFSCREEN_destroy_actor_destroy_actor_destroy_actor_destroy_actor: 130
destroy_all_blocks: 128 (Unused?)
on_finishlevel: 128
on_entered_checkpoint: 124
spawnbrokenblock: 124
pre_load_level: 122
waitforfireup: 114
fadein: 112
on_rockcollide: 112
swapsky: 112
waitforfiredown: 110
unload_panel: 106
blockcheck_hit: 102 (Unused?)
on_punch: 98
load_panel_bottom: 96 (Unused?)
load_panel_top: 96 (Unused?)
destroy_child_actors: 94 (Unused?)
autogen_alexkidd_punch_jump_l_0: 90
autogen_alexkidd_swim_attack_r_0: 90
autogen_alexkidd_swim_attack_l_0: 90
fadeout: 88
autogen_alexkidd_punch_jump_r_0: 88
pre_anim5: 86 (Unused?)
waitforfirehit: 86
on_getring: 84
on_killenemy: 84
destroyplayer: 82
load_music: 78
AUTOGEN_OUTOFSCREEN_snap_to_screen_snap_to_screen_None_None: 78
on_getmoney: 78
load_music_finish: 76
wrap_screen_bottom: 76 (Unused?)
wrap_screen_right: 76 (Unused?)
set_ntsc: 74 (Unused?)
flipscreen: 72 (Unused?)
wrap_screen_left: 72 (Unused?)
wrap_screen_top: 72 (Unused?)
quit: 70
jump_actor: 66 (Unused?)
load_panel_finish: 66
on_hitmerman: 66
on_frogjump: 64
unload_panel_bottom: 62
unload_panel_top: 62
zzz_cameratrack: 62 (Unused?)
destroy_all_actors: 60 (Unused?)
destroy_actor: 58
regenerate_screen: 58
on_playercollide: 54
destroy_block: 52 (Unused?)
return: 52 (Unused?)
teleport_test: 52
AUTOGEN_OUTOFSCREEN_destroy_actor_None_None_None: 50
regenerate_screen_wait: 46
freeze_actor: 40 (Unused?)
unfreeze_actor: 40 (Unused?)
spawn_merman: 36
block_coll_force: 32 (Unused?)
block_coll_passthru: 32 (Unused?)
clear_block_collision: 32
vm_registers: 26 (Unused?)
debug_breakpoint: 26 (Unused?)
vm_constants_tile_properties: 26 (Unused?)
