=== Image optimisations ===
Reduce width of sprites\flames\flame_1_1.png by 4 pixels to 80 to improve blit performance by 100.00%
Reduce width of sprites\flames\flame_1_2.png by 4 pixels to 80 to improve blit performance by 100.00%
Reduce width of sprites\flames\flame_1_3.png by 4 pixels to 80 to improve blit performance by 100.00%
Reduce width of sprites\flames\flame_1_4.png by 4 pixels to 80 to improve blit performance by 100.00%
Reduce width of sprites\flames\flame_1_5.png by 4 pixels to 80 to improve blit performance by 100.00%
Reduce width of sprites\flames\flame_1_6.png by 4 pixels to 80 to improve blit performance by 100.00%
Reduce width of sprites\flames\flame_3_1.png by 2 pixels to 16 to improve blit performance by 200.00%
Reduce width of sprites\flames\flame_3_2.png by 2 pixels to 16 to improve blit performance by 200.00%
Reduce width of sprites\flames\flame_3_3.png by 2 pixels to 16 to improve blit performance by 200.00%
Reduce width of sprites\flames\flame_3_4.png by 2 pixels to 16 to improve blit performance by 200.00%
Reduce width of sprites\flames\flame_3_5.png by 2 pixels to 16 to improve blit performance by 200.00%
Reduce width of sprites\flames\flame_3_6.png by 2 pixels to 16 to improve blit performance by 200.00%
Reduce width of sprites\letters\letter_1_1.png by 2 pixels to 16 to improve blit performance by 200.00%
Reduce width of sprites\letters\letter_1_2.png by 2 pixels to 16 to improve blit performance by 200.00%
Reduce width of sprites\letters\letter_1_3.png by 2 pixels to 16 to improve blit performance by 200.00%
Reduce width of sprites\letters\letter_1_4.png by 2 pixels to 16 to improve blit performance by 200.00%
Reduce width of sprites\letters\letter_1_5.png by 2 pixels to 16 to improve blit performance by 200.00%
Reduce width of sprites\letters\letter_3_1.png by 2 pixels to 16 to improve blit performance by 200.00%
Reduce width of sprites\letters\letter_3_2.png by 2 pixels to 16 to improve blit performance by 200.00%
Reduce width of sprites\letters\letter_3_3.png by 2 pixels to 16 to improve blit performance by 200.00%
Reduce width of sprites\letters\letter_3_4.png by 2 pixels to 16 to improve blit performance by 200.00%
Reduce width of sprites\letters\letter_3_5.png by 2 pixels to 16 to improve blit performance by 200.00%
Reduce width of sprites\letters\letter_4_1.png by 2 pixels to 16 to improve blit performance by 200.00%
Reduce width of sprites\letters\letter_4_2.png by 2 pixels to 16 to improve blit performance by 200.00%
Reduce width of sprites\letters\letter_4_3.png by 2 pixels to 16 to improve blit performance by 200.00%
Reduce width of sprites\letters\letter_4_4.png by 2 pixels to 16 to improve blit performance by 200.00%
Reduce width of sprites\letters\Letter_4_5.png by 2 pixels to 16 to improve blit performance by 200.00%
Reduce width of sprites\letters\letter_5_1.png by 2 pixels to 16 to improve blit performance by 200.00%
Reduce width of sprites\letters\letter_5_2.png by 2 pixels to 16 to improve blit performance by 200.00%
Reduce width of sprites\letters\letter_5_3.png by 2 pixels to 16 to improve blit performance by 200.00%
Reduce width of sprites\letters\letter_5_4.png by 2 pixels to 16 to improve blit performance by 200.00%
Reduce width of sprites\letters\letter_5_5.png by 2 pixels to 16 to improve blit performance by 200.00%
Reduce width of sprites\letters\letter_8_1.png by 2 pixels to 16 to improve blit performance by 200.00%
Reduce width of sprites\letters\letter_8_2.png by 2 pixels to 16 to improve blit performance by 200.00%
Reduce width of sprites\letters\letter_8_3.png by 2 pixels to 16 to improve blit performance by 200.00%
Reduce width of sprites\letters\letter_8_4.png by 2 pixels to 16 to improve blit performance by 200.00%
Reduce width of sprites\letters\letter_8_5.png by 2 pixels to 16 to improve blit performance by 200.00%
Reduce width of sprites\logo\streak_1.png by 13 pixels to 224 to improve blit performance by 100.00%
Reduce width of sprites\logo\streak_2.png by 13 pixels to 224 to improve blit performance by 100.00%
Reduce width of sprites\logo\streak_3.png by 13 pixels to 224 to improve blit performance by 100.00%
Reduce width of sprites\logo\streak_4.png by 13 pixels to 224 to improve blit performance by 100.00%

=== Estimated memory usages ===

For chip:
Map gfx (level gfx bundle 1): 52416
Music memory (): 0
BP Buffer memory: 184128
core sfx/gfx memory: 126532
Parallax memory: 0

For other:
Map cache memory: 0
Map header cache memory: 0
Map data memory: 7440
Map background memory: 2672
EXE memory: 202076
vm memory: 9038
project memory: 5710

Accounted memory chip: 363076
Accounted memory other: 226936
Accounted memory total: 590012

=== Misc ===
Maps and Asset Bundles Count: 2
Maps and Asset Bundles Data Size: 24
Actor Count: 2
Actor Data Size: 400
Block Count: 1
Block Data Size: 52
Anim5 Count: 0
Anim5 Data Size: 0
Sound Count: 1
Sound Data Size: 24
Teleporter Count: 1
Teleporter Data Size: 8
Animations Count: 17
Animations Data Size: 272
AnimationFrame Count: 82
AnimationFrame Data Size: 1312
ImageFrames: 80
ImageFrame Data Size: 3520
Sprites: 1
Sprites Data Size: 14
Attack Data: 1
Attack Data Size: 66
Misc data size: 16
Asset bundle 0 (Core project asset bundle) Original size 126532 Crunched size 10302
Asset bundle 1 (default_map) Original size 52416 Crunched size 17348
Background for map default_map Original size 2672 Crunched size 92
Tile data for map default_map (mem restrictions:No_Blocks) Original size 7440 Crunched size 984
Header data for map default_map Original size 7996 Crunched size 564
Project Data Original size 5710 Crunched size 1270
Project Header Original size 4032 Crunched size 1186
Panel scorpion_eng_splashscreen Original size 35944 Crunched size 3280
Project virtual machine (codeblocks) Original size 9038 Crunched size 2656
Project virtual machine redirects Original size 4 Crunched size 4

=== Codeblocks by compiled size ===
startup: 1854
load_level: 1012
fade_from_white: 484
set_yresolution: 448 (Unused?)
do_teleport: 362
flipscreen_smooth: 346 (Unused?)
flipxymove: 306 (Unused?)
pause: 252 (Unused?)
snap_to_screen: 190 (Unused?)
pre_startup: 188
flipymove: 174 (Unused?)
flipxmove: 158 (Unused?)
load_panel: 146
pre_quit: 146
destroy_all_blocks: 124 (Unused?)
unload_level: 114
load_panel_bottom: 96 (Unused?)
load_panel_top: 96 (Unused?)
waitforfireup: 94
unload_panel: 92
wrap_screen_bottom: 92 (Unused?)
wrap_screen_right: 92 (Unused?)
waitforfiredown: 90
wrap_screen_left: 88 (Unused?)
wrap_screen_top: 88 (Unused?)
flipscreen: 86 (Unused?)
pre_anim5: 86 (Unused?)
waitforfirehit: 86
fadeout: 84
waitforframes: 78
quit: 66 (Unused?)
destroy_all_actors: 62 (Unused?)
jump_actor: 62 (Unused?)
load_music: 62 (Unused?)
unload_panel_bottom: 62
unload_panel_top: 62
fadein: 58
load_panel_finish: 56
destroy_actor: 54
regenerate_screen: 52
return: 52 (Unused?)
destroy_block: 48 (Unused?)
regenerate_screen_wait: 42
spawn_generic: 42
debug_dump: 30 (Unused?)
vm_registers: 26 (Unused?)
vm_constants: 26 (Unused?)
debug_breakpoint: 26 (Unused?)
vm_constants_controlbits: 26 (Unused?)
vm_constants_notes: 26 (Unused?)
vm_constants_tile_properties: 26 (Unused?)
vm_constants_platform: 26 (Unused?)
