=== Image optimisations ===
Reduce width of anims\jump1.png by 1 pixels to 16 to reduce sprites by 2
Reduce width of anims\jump1.png by 1 pixels to 16 to reduce sprites by 2
Reduce width of anims\walk4.png by 1 pixels to 16 to reduce sprites by 2
Reduce width of anims\walk4.png by 1 pixels to 16 to reduce sprites by 2

=== Misc ===
Actor Count: 3
Actor Data Size: 876
Block Count: 2
Block Data Size: 104
Anim5 Count: 1
Anim5 Data Size: 4
Sound Count: 1
Sound Data Size: 16
Teleporter Count: 1
Teleporter Data Size: 8
Animations Count: 11
Animations Data Size: 176
AnimationFrame Count: 23
AnimationFrame Data Size: 1564
Crunching Project virtual machine (codeblocks) as project.vm. Original size: 1872. Crunched size: 586
Crunching Data for map new_map as 1.map. Original size: 15344. Crunched size: 734
Crunching Asset bundle 0 as 0.gfx. Original size: 3680. Crunched size: 1604
Crunching Asset bundle 1 as 1.gfx. Original size: 8576. Crunched size: 1988
Crunching Project data as project.dat. Original size: 5720. Crunched size: 1638
