=== Image optimisations ===
Reduce width of sprites\shipmast.png by 9 pixels to 32 to reduce sprites by 2

=== Estimated memory usages ===

For chip:
Map gfx (Panel: scorpion_eng_splashscreen): 35930
Music memory: 0
BP Buffer memory: 155200
core sfx/gfx memory: 17904
Parallax memory: 27588

For other:
Map cache memory: 0
Map header cache memory: 0
Map data memory: 10176
Map background memory: 2984
EXE memory: 201336
vm memory: 6430
project memory: 2152

Accounted memory chip: 236622
Accounted memory other: 223078
Accounted memory total: 459700

=== Misc ===
Maps and Asset Bundles Count: 2
Maps and Asset Bundles Data Size: 24
Actor Count: 4
Actor Data Size: 864
Block Count: 2
Block Data Size: 104
Anim5 Count: 0
Anim5 Data Size: 0
Sound Count: 1
Sound Data Size: 32
Teleporter Count: 1
Teleporter Data Size: 8
Animations Count: 11
Animations Data Size: 176
AnimationFrame Count: 14
AnimationFrame Data Size: 224
ImageFrames: 12
ImageFrame Data Size: 528
Sprites: 2
Sprites Data Size: 28
Attack Data: 2
Attack Data Size: 132
Misc data size: 30
Asset bundle 0 (Core project asset bundle) Original size 17904 Crunched size 4870
Asset bundle 1 (map) Original size 8320 Crunched size 2288
Background for map map Original size 2984 Crunched size 352
Tile data for map map (mem restrictions:None) Original size 10176 Crunched size 552
Header data for map map Original size 7988 Crunched size 258
Parallax for map map Original size 27588 Crunched size 2692
Project Data Original size 2152 Crunched size 558
Project Header Original size 4040 Crunched size 1192
Panel scorpion_eng_splashscreen Original size 35930 Crunched size 3266
Project virtual machine (codeblocks) Original size 6430 Crunched size 1992
Project virtual machine redirects Original size 4 Crunched size 4

Codeblocks by compiled size: 

load_level: 988
do_teleport: 362
flipscreen_smooth: 346
flipxymove: 306
ship_landed: 274
set_yresolution: 200
snap_to_screen: 190
pre_startup: 188
startup: 184
flipymove: 174
pre_quit: 166
flipxmove: 158
load_panel: 146
destroy_all_blocks: 124
unload_level: 114
load_panel_bottom: 96
load_panel_top: 96
waitforfirehit: 96
unload_panel: 92
wrap_screen_bottom: 92
wrap_screen_right: 92
wrap_screen_left: 88
wrap_screen_top: 88
flipscreen: 86
pre_anim5: 86
fadeout: 84
waitforframes: 78
quit: 66
destroy_all_actors: 62
jump_actor: 62
load_music: 62
unload_panel_bottom: 62
unload_panel_top: 62
ship_spawn: 58
load_panel_finish: 56
destroy_actor: 54
fadein: 52
regenerate_screen: 52
return: 52
destroy_block: 48
regenerate_screen_wait: 42
debug_dump: 30
vm_registers: 26
vm_constants: 26
vm_registers_amiga: 26
debug_breakpoint: 26
vm_constants_notes: 26
vm_constants_tile_properties: 26
