Attack Data Original size 132 Crunched size 132
Default MD font Original size 2048 Crunched size 2048
Map event data for new_map Original size 32 Crunched size 32
Map header new_map Original size 8444 Crunched size 8444
Map block data for new_map Original size 288 Crunched size 92
Map path node data for new_map Original size 12 Crunched size 12
Map tile data  new_map Original size 288 Crunched size 94
Get Y lookup table new_map Original size 64 Crunched size 64
Default MD number font Original size 320 Crunched size 320
Project name table Original size 16 Crunched size 16
Project actors Original size 752 Crunched size 752
Project blocks Original size 340 Crunched size 340
Teleporters Original size 8 Crunched size 8
Animation Frames Original size 528 Crunched size 528
Mega Drive header Original size 3660 Crunched size 3660
Images Original size 702 Crunched size 702
Panel  Original size 10322 Crunched size 10322
Animations Original size 224 Crunched size 224
Project patterns Original size 128 Crunched size 128
Pattern data for 1 Original size 10 Crunched size 10
Streamed project patterns Original size 3712 Crunched size 3712
Project sound Original size 24 Crunched size 24
Var Data Original size 16 Crunched size 16
Project virtual machine (codeblocks) Original size 7584 Crunched size 7584

=== Possibly unused Actors ===
knife
ninja

=== Codeblocks by compiled size ===
load_level: 906
set_yresolution: 388 (Unused?)
do_teleport: 372
flipscreen_smooth: 346 (Unused?)
flipxymove: 306 (Unused?)
pre_startup: 262
pause: 252 (Unused?)
handle_block_hit: 206
snap_to_screen: 190 (Unused?)
handle_barrel_hit_floor: 182
flipymove: 174 (Unused?)
flipxmove: 158 (Unused?)
load_panel: 146
pre_quit: 146 (Unused?)
try_fall_barrel: 142
destroy_all_blocks: 124 (Unused?)
startup: 122
pre_load_level: 118
unload_level: 114
spawn_barrel: 98
load_panel_bottom: 96 (Unused?)
load_panel_top: 96 (Unused?)
waitforfireup: 94
unload_panel: 92
wrap_screen_bottom: 92 (Unused?)
wrap_screen_right: 92 (Unused?)
handle_block_top_hit: 92
waitforfiredown: 90
AUTOGEN_OUTOFSCREEN_destroy_actor_destroy_actor_None_None: 90
wrap_screen_left: 88 (Unused?)
wrap_screen_top: 88 (Unused?)
flipscreen: 86 (Unused?)
pre_anim5: 86 (Unused?)
waitforfirehit: 86
fadeout: 84
waitforframes: 78
destroy_all_actors: 62 (Unused?)
jump_actor: 62 (Unused?)
load_music: 62 (Unused?)
unload_panel_bottom: 62
unload_panel_top: 62
fadein: 58
load_panel_finish: 56
destroy_actor: 54
regenerate_screen: 52
return: 52 (Unused?)
destroy_block: 48 (Unused?)
quit: 46 (Unused?)
regenerate_screen_wait: 42
vm_registers: 26 (Unused?)
vm_constants: 26 (Unused?)
debug_breakpoint: 26 (Unused?)
vm_constants_controlbits: 26 (Unused?)
vm_constants_notes: 26 (Unused?)
vm_constants_tile_properties: 26 (Unused?)
vm_constants_platform: 26 (Unused?)
