=== Image optimisations ===

=== Estimated memory usages ===

For chip:
Map gfx (Panel: scorpion_eng_splashscreen): 35158
Music memory (): 0
BP Buffer memory: 131040
core sfx/gfx memory: 8400
Parallax memory: 0
OS/other estimated: 99328

For other:
Map cache memory: 0
Map header cache memory: 0
Map data memory: 1628
Map background memory: 2416
EXE memory: 211412
vm memory: 8090
project memory: 3300
memory reserved for active actors on screen (32): 4744
memory reserved for dormant actors in map (256): 9216
OS/other estimated: 105472

Accounted memory chip: 379398
Accounted memory other: 240806
Accounted memory total: 620204

=== Misc ===
Maps and Asset Bundles Count: 2
Maps and Asset Bundles Data Size: 24
Actor Count: 4
Actor Data Size: 752
Block Count: 5
Block Data Size: 340
Anim5 Count: 0
Anim5 Data Size: 0
Sound Count: 1
Sound Data Size: 28
Teleporter Count: 1
Teleporter Data Size: 8
Animations Count: 14
Animations Data Size: 224
AnimationFrame Count: 33
AnimationFrame Data Size: 528
ImageFrames: 28
ImageFrame Data Size: 1232
Sprites: 1
Sprites Data Size: 14
Attack Data: 2
Attack Data Size: 132
Misc data size: 16
Panel scorpion_eng_splashscreen Original size 35158 Crunched size 3262
Header data for map new_map Original size 7992 Crunched size 294
Tile data for map new_map (mem restrictions:None) Original size 1628 Crunched size 234
Background for map new_map Original size 2416 Crunched size 320
Asset bundle 0 (Core project asset bundle) Original size 8400 Crunched size 2188
Asset bundle 1 (new_map) Original size 480 Crunched size 110
Project Header Original size 4032 Crunched size 1188
Project Data Original size 3300 Crunched size 916
Project virtual machine (codeblocks) Original size 8090 Crunched size 2452
Project virtual machine redirects Original size 4 Crunched size 4

=== Possibly unused Actors ===
knife
ninja

=== Codeblocks by compiled size ===
load_level: 726
set_yresolution: 446 (Unused?)
do_teleport: 368
flipscreen_smooth: 306 (Unused?)
flipxymove: 250 (Unused?)
pre_startup: 206
handle_block_hit: 204
check_talkpad: 188 (Unused?)
waitforframes: 186
pause: 164 (Unused?)
snap_to_screen: 158 (Unused?)
handle_barrel_hit_floor: 150
flipymove: 146 (Unused?)
load_panel: 146
pre_quit: 144
startup: 136
try_fall_barrel: 134
flipxmove: 130 (Unused?)
destroy_all_blocks: 120 (Unused?)
load_music: 118 (Unused?)
pre_load_level: 118
unload_level: 114
waitforfireup: 106
fadein: 102
waitforfiredown: 102
load_panel_bottom: 96 (Unused?)
load_panel_top: 96 (Unused?)
unload_panel: 92
destroy_child_actors: 90 (Unused?)
pre_anim5: 86 (Unused?)
waitforfirehit: 86
fadeout: 84
handle_block_top_hit: 84
spawn_barrel: 82
AUTOGEN_OUTOFSCREEN_destroy_actor_destroy_actor_None_None: 78
wrap_screen_bottom: 76 (Unused?)
wrap_screen_right: 76 (Unused?)
wrap_screen_left: 72 (Unused?)
wrap_screen_top: 72 (Unused?)
flipscreen: 70 (Unused?)
quit: 66 (Unused?)
load_music_finish: 64
jump_actor: 62 (Unused?)
unload_panel_bottom: 62
unload_panel_top: 62
destroy_all_actors: 56 (Unused?)
load_panel_finish: 56
destroy_actor: 54
regenerate_screen: 52
return: 52 (Unused?)
destroy_block: 48 (Unused?)
regenerate_screen_wait: 42
freeze_actor: 36 (Unused?)
unfreeze_actor: 36 (Unused?)
block_coll_force: 32 (Unused?)
block_coll_passthru: 32 (Unused?)
vm_registers: 26 (Unused?)
vm_constants: 26 (Unused?)
debug_breakpoint: 26 (Unused?)
vm_constants_audiodriver: 26 (Unused?)
vm_constants_controlbits: 26 (Unused?)
vm_constants_notes: 26 (Unused?)
vm_constants_platform: 26 (Unused?)
vm_constants_tile_properties: 26 (Unused?)
