Crunching vampire_ninjas_in_1_001124.mod as 1.mus. Original size: 20900. Crunched size: 8204
Actor Count: 29
Actor Data Size: 7656
Block Count: 19
Block Data Size: 988
Anim5 Count: 1
Anim5 Data Size: 4
Sound Count: 13
Sound Data Size: 104
Teleporter Count: 1
Teleporter Data Size: 8
Animations Count: 51
Animations Data Size: 816
AnimationFrame Count: 167
AnimationFrame Data Size: 10688
Crunching Panel healthbar as 1.img. Original size: 5708. Crunched size: 252
Crunching Panel theend as 2.img. Original size: 14038. Crunched size: 300
Crunching Panel title as 3.img. Original size: 53342. Crunched size: 8632
Crunching Project virtual machine (codeblocks) as project.vm. Original size: 4092. Crunched size: 1340
Crunching Data for map map as 1.map. Original size: 19092. Crunched size: 910
Crunching Data for map map2 as 2.map. Original size: 58284. Crunched size: 3826
Crunching Data for map map3 as 3.map. Original size: 12948. Crunched size: 564
Crunching Asset bundle 0 as 0.gfx. Original size: 64268. Crunched size: 11718
Crunching Asset bundle 1 as 1.gfx. Original size: 5440. Crunched size: 1950
Crunching Asset bundle 2 as 2.gfx. Original size: 18080. Crunched size: 2918
Crunching Asset bundle 3 as 3.gfx. Original size: 4960. Crunched size: 1744
Crunching Project data as project.dat. Original size: 20340. Crunched size: 4264
