=== Image optimisations ===

=== Estimated memory usages ===

For chip:
Map gfx (level gfx bundle 1): 38080
Music memory (): 0
BP Buffer memory: 131520
core sfx/gfx memory: 3608
Parallax memory: 57600

For other:
Map cache memory: 0
Map header cache memory: 0
Map data memory: 5080
Map background memory: 2672
EXE memory: 202076
vm memory: 7586
project memory: 1486

Accounted memory chip: 230808
Accounted memory other: 218900
Accounted memory total: 449708

=== Misc ===
Maps and Asset Bundles Count: 2
Maps and Asset Bundles Data Size: 24
Actor Count: 4
Actor Data Size: 800
Block Count: 2
Block Data Size: 104
Anim5 Count: 0
Anim5 Data Size: 0
Sound Count: 1
Sound Data Size: 24
Teleporter Count: 1
Teleporter Data Size: 8
Animations Count: 4
Animations Data Size: 64
AnimationFrame Count: 5
AnimationFrame Data Size: 80
ImageFrames: 4
ImageFrame Data Size: 176
Sprites: 4
Sprites Data Size: 56
Attack Data: 2
Attack Data Size: 132
Misc data size: 16
Asset bundle 0 (Core project asset bundle) Original size 3608 Crunched size 674
Asset bundle 1 (new_map) Original size 38080 Crunched size 17652
Background for map new_map Original size 2672 Crunched size 398
Tile data for map new_map (mem restrictions:None) Original size 5080 Crunched size 934
Header data for map new_map Original size 7996 Crunched size 262
Parallax for map new_map Original size 57600 Crunched size 8218
Project Data Original size 1486 Crunched size 380
Project Header Original size 4032 Crunched size 1188
Panel scorpion_eng_splashscreen Original size 35944 Crunched size 3280
Panel md_parallax Original size 7140 Crunched size 2226
Project virtual machine (codeblocks) Original size 7586 Crunched size 2430
Project virtual machine redirects Original size 4 Crunched size 4

=== Codeblocks by compiled size ===
load_level: 1012
set_yresolution: 448 (Unused?)
do_teleport: 362
flipscreen_smooth: 346 (Unused?)
flipxymove: 306 (Unused?)
levelmanager: 300
pause: 252 (Unused?)
snap_to_screen: 190
pre_startup: 188
flipymove: 174 (Unused?)
flipxmove: 158 (Unused?)
load_panel: 146
pre_quit: 146
enemyshotspawn: 136
startup: 134
destroy_all_blocks: 124 (Unused?)
unload_level: 114
palette_cycle: 112
load_panel_bottom: 96 (Unused?)
load_panel_top: 96 (Unused?)
waitforfireup: 94
unload_panel: 92
wrap_screen_bottom: 92 (Unused?)
wrap_screen_right: 92 (Unused?)
waitforfiredown: 90
wrap_screen_left: 88 (Unused?)
wrap_screen_top: 88 (Unused?)
flipscreen: 86 (Unused?)
pre_anim5: 86 (Unused?)
waitforfirehit: 86
fadeout: 84
enemyshothit: 82
fixpos: 82
playerhitboss: 82
waitforframes: 78
quit: 66
destroy_all_actors: 62 (Unused?)
jump_actor: 62 (Unused?)
load_music: 62 (Unused?)
unload_panel_bottom: 62
unload_panel_top: 62
fadein: 58
load_panel_finish: 56
destroy_actor: 54
regenerate_screen: 52
return: 52 (Unused?)
destroy_block: 48 (Unused?)
regenerate_screen_wait: 42
debug_dump: 30 (Unused?)
vm_registers: 26 (Unused?)
vm_constants: 26 (Unused?)
debug_breakpoint: 26 (Unused?)
vm_constants_controlbits: 26 (Unused?)
vm_constants_notes: 26 (Unused?)
vm_constants_tile_properties: 26 (Unused?)
vm_constants_platform: 26 (Unused?)
