=== Image optimisations ===
Reduce width of sprites\player.png by 8 pixels to 16 to reduce sprites by 2
Reduce width of sprites\spinner1.png by 12 pixels to 16 to improve blit performance by 200.00%
Reduce width of sprites\spinner2.png by 12 pixels to 16 to improve blit performance by 200.00%
Reduce width of sprites\spinner3.png by 12 pixels to 16 to improve blit performance by 200.00%
Reduce width of sprites\spinner4.png by 12 pixels to 16 to improve blit performance by 200.00%

=== Misc ===
Actor Count: 4
Actor Data Size: 1168
Block Count: 1
Block Data Size: 52
Anim5 Count: 1
Anim5 Data Size: 4
Sound Count: 1
Sound Data Size: 16
Teleporter Count: 1
Teleporter Data Size: 8
Animations Count: 5
Animations Data Size: 80
AnimationFrame Count: 9
AnimationFrame Data Size: 612
Saving Project virtual machine (codeblocks) as project.vm. Original size: 2610
Saving Data for map level1 as 1.map. Original size: 17612
Saving Asset bundle 0 as 0.gfx. Original size: 4872
Saving Asset bundle 1 as 1.gfx. Original size: 29120
Saving Project data as project.dat. Original size: 4912
