=== Image optimisations ===

=== Estimated memory usages ===

For chip:
Map gfx (level gfx bundle 5): 137280
Music memory (): 0
BP Buffer memory: 131040
core sfx/gfx memory: 94144
Parallax memory: 0

For other:
Map cache memory: 0
Map header cache memory: 0
Map data memory: 6528
Map background memory: 2672
EXE memory: 206484
vm memory: 10872
project memory: 3342

Accounted memory chip: 362464
Accounted memory other: 229898
Accounted memory total: 592362

=== Misc ===
Maps and Asset Bundles Count: 8
Maps and Asset Bundles Data Size: 96
Actor Count: 6
Actor Data Size: 1128
Block Count: 3
Block Data Size: 204
Anim5 Count: 0
Anim5 Data Size: 0
Sound Count: 7
Sound Data Size: 168
Teleporter Count: 1
Teleporter Data Size: 8
Animations Count: 17
Animations Data Size: 272
AnimationFrame Count: 25
AnimationFrame Data Size: 400
ImageFrames: 22
ImageFrame Data Size: 968
Sprites: 1
Sprites Data Size: 14
Attack Data: 1
Attack Data Size: 66
Misc data size: 16
Asset bundle 0 (Core project asset bundle) Original size 94144 Crunched size 33594
Asset bundle 1 (lvl_cat) Original size 19680 Crunched size 3286
Asset bundle 2 (lvl_cat2) Original size 19520 Crunched size 3298
Asset bundle 3 (lvl_column) Original size 6240 Crunched size 1020
Asset bundle 4 (lvl_endscreen) Original size 9760 Crunched size 2972
Asset bundle 5 (lvl_sew) Original size 137280 Crunched size 96242
Asset bundle 6 (lvl_sew2) Original size 137280 Crunched size 96092
Asset bundle 7 (lvl_spider) Original size 22720 Crunched size 3812
Background for map lvl_cat Original size 2672 Crunched size 92
Background for map lvl_cat2 Original size 2672 Crunched size 92
Background for map lvl_column Original size 2672 Crunched size 92
Background for map lvl_endscreen Original size 2672 Crunched size 92
Background for map lvl_sew Original size 2672 Crunched size 92
Background for map lvl_sew2 Original size 2672 Crunched size 92
Background for map lvl_spider Original size 2672 Crunched size 92
Tile data for map lvl_cat (mem restrictions:None) Original size 1628 Crunched size 482
Tile data for map lvl_cat2 (mem restrictions:None) Original size 1628 Crunched size 486
Tile data for map lvl_column (mem restrictions:None) Original size 1628 Crunched size 292
Tile data for map lvl_endscreen (mem restrictions:None) Original size 1628 Crunched size 334
Tile data for map lvl_sew (mem restrictions:None) Original size 6528 Crunched size 2662
Tile data for map lvl_sew2 (mem restrictions:None) Original size 6528 Crunched size 2676
Tile data for map lvl_spider (mem restrictions:None) Original size 1628 Crunched size 524
Header data for map lvl_cat Original size 7996 Crunched size 212
Header data for map lvl_cat2 Original size 7996 Crunched size 214
Header data for map lvl_column Original size 7996 Crunched size 214
Header data for map lvl_endscreen Original size 7996 Crunched size 208
Header data for map lvl_sew Original size 7996 Crunched size 276
Header data for map lvl_sew2 Original size 7996 Crunched size 284
Header data for map lvl_spider Original size 7996 Crunched size 214
Project Data Original size 3342 Crunched size 882
Project Header Original size 4032 Crunched size 1186
Panel scorpion_eng_splashscreen Original size 35154 Crunched size 3258
Panel column_destroy Original size 39454 Crunched size 25178
Panel column_fix Original size 39454 Crunched size 23266
Panel title Original size 53854 Crunched size 8128
Panel tryagain Original size 15454 Crunched size 896
Project virtual machine (codeblocks) Original size 10872 Crunched size 3290
Project virtual machine redirects Original size 4 Crunched size 4

=== Possibly unused Actors ===
bighand
cat
spider

=== Codeblocks by compiled size ===
load_level: 926
endscreen_removecorner: 560
set_yresolution: 448
endscreen: 428
do_teleport: 392
on_bighandupdate: 360
level1: 352
flipscreen_smooth: 346 (Unused?)
flipxymove: 306 (Unused?)
pre_startup: 282
level3_win: 282
level2: 278
level3: 270
level3_loop: 256
pause: 252 (Unused?)
startup: 250
on_catupdate: 248
snap_to_screen: 190 (Unused?)
animate_rain: 188
level4_badending: 178
flipymove: 174 (Unused?)
flipxmove: 158 (Unused?)
load_panel: 146
pre_quit: 146
level4: 128
destroy_all_blocks: 124 (Unused?)
pre_load_level: 118
unload_level: 114
on_holerepaired: 98
load_panel_bottom: 96
load_panel_top: 96 (Unused?)
waitforfireup: 94
on_spiderupdate: 94
unload_panel: 92
wrap_screen_bottom: 92 (Unused?)
wrap_screen_right: 92 (Unused?)
waitforfiredown: 90
wrap_screen_left: 88 (Unused?)
wrap_screen_top: 88 (Unused?)
flipscreen: 86 (Unused?)
pre_anim5: 86 (Unused?)
waitforfirehit: 86
fadeout: 84
waitforframes: 78
level2_win: 76
quit: 66 (Unused?)
destroy_all_actors: 62 (Unused?)
jump_actor: 62 (Unused?)
load_music: 62 (Unused?)
unload_panel_bottom: 62
unload_panel_top: 62
fadein: 58
load_panel_finish: 56
destroy_actor: 54
regenerate_screen: 52
return: 52 (Unused?)
destroy_block: 48 (Unused?)
regenerate_screen_wait: 42
vm_registers: 26 (Unused?)
vm_constants: 26 (Unused?)
debug_breakpoint: 26 (Unused?)
vm_constants_controlbits: 26 (Unused?)
vm_constants_notes: 26 (Unused?)
vm_constants_tile_properties: 26 (Unused?)
vm_constants_platform: 26 (Unused?)
