=== Image optimisations ===
Reduce width of anims\platform.png by 8 pixels to 16 to improve blit performance by 200.00%
Reduce width of anims\jump1.png by 1 pixels to 16 to improve blit performance by 200.00%
Reduce width of anims\jump1.png by 1 pixels to 16 to reduce sprites by 2
Reduce width of anims\jump1.png by 1 pixels to 16 to improve blit performance by 200.00%
Reduce width of anims\jump1.png by 1 pixels to 16 to reduce sprites by 2
Reduce width of anims\walk4.png by 1 pixels to 16 to improve blit performance by 200.00%
Reduce width of anims\walk4.png by 1 pixels to 16 to reduce sprites by 2
Reduce width of anims\walk4.png by 1 pixels to 16 to improve blit performance by 200.00%
Reduce width of anims\walk4.png by 1 pixels to 16 to reduce sprites by 2

=== Estimated memory usages ===

For chip:
Map gfx (Panel: scorpion_eng_splashscreen): 35930
Music memory (): 0
BP Buffer memory: 105216
core sfx/gfx memory: 10544
Parallax memory: 0

For other:
Map cache memory: 0
Map header cache memory: 0
Map data memory: 3324
Map background memory: 2672
EXE memory: 202600
vm memory: 7784
project memory: 3346

Accounted memory chip: 151690
Accounted memory other: 219726
Accounted memory total: 371416

=== Misc ===
Maps and Asset Bundles Count: 2
Maps and Asset Bundles Data Size: 24
Actor Count: 7
Actor Data Size: 1400
Block Count: 3
Block Data Size: 156
Anim5 Count: 0
Anim5 Data Size: 0
Sound Count: 1
Sound Data Size: 24
Teleporter Count: 1
Teleporter Data Size: 8
Animations Count: 12
Animations Data Size: 192
AnimationFrame Count: 24
AnimationFrame Data Size: 384
ImageFrames: 19
ImageFrame Data Size: 836
Sprites: 16
Sprites Data Size: 224
Attack Data: 1
Attack Data Size: 66
Misc data size: 30
Asset bundle 0 (Core project asset bundle) Original size 10544 Crunched size 3580
Asset bundle 1 (new_map) Original size 8832 Crunched size 2016
Background for map new_map Original size 2672 Crunched size 92
Tile data for map new_map (mem restrictions:None) Original size 3324 Crunched size 650
Header data for map new_map Original size 7996 Crunched size 256
Project Data Original size 3346 Crunched size 940
Project Header Original size 4032 Crunched size 1188
Panel scorpion_eng_splashscreen Original size 35930 Crunched size 3268
Project virtual machine (codeblocks) Original size 7784 Crunched size 2430
Project virtual machine redirects Original size 4 Crunched size 4

=== Codeblocks by compiled size ===
load_level: 1012
king_handler: 500
set_yresolution: 448 (Unused?)
do_teleport: 362
flipscreen_smooth: 346 (Unused?)
flipxymove: 306 (Unused?)
pause: 252 (Unused?)
king_ladder_handler: 226
snap_to_screen: 190
pre_startup: 188
flipymove: 174 (Unused?)
flipxmove: 158 (Unused?)
load_panel: 146
pre_quit: 146
destroy_all_blocks: 124 (Unused?)
unload_level: 114
platform_orbit: 104
startup: 102
load_panel_bottom: 96 (Unused?)
load_panel_top: 96 (Unused?)
waitforfireup: 94
unload_panel: 92
wrap_screen_bottom: 92 (Unused?)
wrap_screen_right: 92 (Unused?)
waitforfiredown: 90
wrap_screen_left: 88 (Unused?)
wrap_screen_top: 88 (Unused?)
flipscreen: 86 (Unused?)
pre_anim5: 86 (Unused?)
waitforfirehit: 86
fadeout: 84
waitforframes: 78
platform_parent_spawner: 78
quit: 66 (Unused?)
destroy_all_actors: 62 (Unused?)
jump_actor: 62 (Unused?)
load_music: 62 (Unused?)
unload_panel_bottom: 62
unload_panel_top: 62
getonladder: 60
fadein: 58
load_panel_finish: 56
destroy_actor: 54
getoffladder: 54
regenerate_screen: 52
return: 52 (Unused?)
destroy_block: 48 (Unused?)
regenerate_screen_wait: 42
debug_dump: 30 (Unused?)
vm_registers: 26 (Unused?)
vm_constants: 26 (Unused?)
debug_breakpoint: 26 (Unused?)
vm_constants_controlbits: 26 (Unused?)
vm_constants_notes: 26 (Unused?)
vm_constants_tile_properties: 26 (Unused?)
vm_constants_platform: 26 (Unused?)
