=== Image optimisations ===

=== Estimated memory usages ===

For chip:
Map gfx (level gfx bundle 1): 107520
Music memory (): 0
BP Buffer memory: 132960
core sfx/gfx memory: 22378
Parallax memory: 0

For other:
Map cache memory: 0
Map header cache memory: 0
Map data memory: 7260
Map background memory: 2672
EXE memory: 206484
vm memory: 12832
project memory: 7120

Accounted memory chip: 262858
Accounted memory other: 236368
Accounted memory total: 499226

=== Misc ===
Maps and Asset Bundles Count: 2
Maps and Asset Bundles Data Size: 24
Actor Count: 14
Actor Data Size: 2632
Block Count: 1
Block Data Size: 68
Anim5 Count: 0
Anim5 Data Size: 0
Sound Count: 4
Sound Data Size: 96
Teleporter Count: 1
Teleporter Data Size: 8
Animations Count: 42
Animations Data Size: 672
AnimationFrame Count: 68
AnimationFrame Data Size: 1088
ImageFrames: 49
ImageFrame Data Size: 2156
Sprites: 1
Sprites Data Size: 14
Attack Data: 5
Attack Data Size: 330
Misc data size: 30
Asset bundle 0 (Core project asset bundle) Original size 22378 Crunched size 9856
Asset bundle 1 (map) Original size 107520 Crunched size 49932
Background for map map Original size 2672 Crunched size 92
Tile data for map map (mem restrictions:No_Blocks) Original size 7260 Crunched size 2058
Header data for map map Original size 7996 Crunched size 304
Project Data Original size 7120 Crunched size 2004
Project Header Original size 4032 Crunched size 1200
Panel scorpion_eng_splashscreen Original size 35154 Crunched size 3258
Panel scorepanel Original size 5994 Crunched size 736
Panel talkpad Original size 26030 Crunched size 5438
Panel titlepanel Original size 48004 Crunched size 14824
Project virtual machine (codeblocks) Original size 12832 Crunched size 3682
Project virtual machine redirects Original size 4 Crunched size 4

=== Possibly unused Actors ===
seasonchanger
spawner_player2
water

=== Codeblocks by compiled size ===
load_level: 926
startup: 878
season_next: 564
fallbottom: 492
set_yresolution: 448
do_teleport: 392
update_season: 370
flipscreen_smooth: 346 (Unused?)
pumpkin_hit: 324
flipxymove: 306 (Unused?)
pre_startup: 282
pause: 252 (Unused?)
shoot_lazer_dir: 234
snowball_hit: 228
push_actor: 226
push_player: 226
snap_to_screen: 190 (Unused?)
flipymove: 174 (Unused?)
flipxmove: 158 (Unused?)
AUTOGEN_OUTOFSCREEN_keep_onscreen_keep_onscreen_destroy_actor_destroy_actor: 156
AUTOGEN_OUTOFSCREEN_orb_left_orb_right_orb_top_orb_bottom: 156
reset_seasonchanger: 148
load_panel: 146
pre_quit: 146
shoot_lazer: 144
shoot_snowball: 144
orb_bottom: 128
AUTOGEN_OUTOFSCREEN_fallbottom_fallbottom_None_fallbottom: 126
AUTOGEN_OUTOFSCREEN_keep_onscreen_keep_onscreen_None_destroy_actor: 126
AUTOGEN_OUTOFSCREEN_destroy_actor_destroy_actor_None_destroy_actor: 126
destroy_all_blocks: 124 (Unused?)
pre_load_level: 118
unload_level: 114
collider_with_player: 112
orb_left: 106
orb_right: 106
orb_top: 106
shoot_pumpkin: 100
keep_onscreen: 98
load_panel_bottom: 96
load_panel_top: 96 (Unused?)
waitforfireup: 94
unload_panel: 92
wrap_screen_bottom: 92 (Unused?)
wrap_screen_right: 92 (Unused?)
waitforfiredown: 90
wrap_screen_left: 88 (Unused?)
wrap_screen_top: 88 (Unused?)
wrap_bottom: 88 (Unused?)
flipscreen: 86 (Unused?)
pre_anim5: 86 (Unused?)
waitforfirehit: 86
spawn_player2: 86
fadeout: 84
wrap_top: 80 (Unused?)
waitforframes: 78
wrap_left: 74 (Unused?)
wrap_right: 74 (Unused?)
jump1: 72
jump2: 72
quit: 66 (Unused?)
destroy_all_actors: 62 (Unused?)
jump_actor: 62 (Unused?)
load_music: 62 (Unused?)
unload_panel_bottom: 62
unload_panel_top: 62
fadein: 58
load_panel_finish: 56
destroy_actor: 54
pumpkin_vanish: 54
regenerate_screen: 52
return: 52 (Unused?)
destroy_block: 48 (Unused?)
regenerate_screen_wait: 42
vm_registers: 26 (Unused?)
vm_constants: 26 (Unused?)
debug_breakpoint: 26 (Unused?)
vm_constants_controlbits: 26 (Unused?)
vm_constants_notes: 26 (Unused?)
vm_constants_tile_properties: 26 (Unused?)
vm_constants_platform: 26 (Unused?)
