Actor Count: 17
Actor Data Size: 4488
Block Count: 1
Block Data Size: 52
Anim5 Count: 1
Anim5 Data Size: 4
Sound Count: 4
Sound Data Size: 32
Teleporter Count: 1
Teleporter Data Size: 8
Animations Count: 42
Animations Data Size: 672
AnimationFrame Count: 68
AnimationFrame Data Size: 4352
Crunching Panel scorepanel as 1.img. Original size: 7338. Crunched size: 610
Crunching Panel talkpad as 2.img. Original size: 25638. Crunched size: 3456
Crunching Panel titlepanel as 3.img. Original size: 48776. Crunched size: 11664
Crunching Project virtual machine (codeblocks) as project.vm. Original size: 4472. Crunched size: 1522
Crunching Data for map map as 1.map. Original size: 21804. Crunched size: 2352
Crunching Asset bundle 0 as 0.gfx. Original size: 13320. Crunched size: 3164
Crunching Asset bundle 1 as 1.gfx. Original size: 107520. Crunched size: 50198
Crunching Project data as project.dat. Original size: 9696. Crunched size: 1818
