=== Image optimisations ===

=== Estimated memory usages ===

For chip:
Map gfx (Panel: scorpion_eng_splashscreen): 35154
Music memory (): 0
BP Buffer memory: 157824
core sfx/gfx memory: 16224
Parallax memory: 0

For other:
Map cache memory: 0
Map header cache memory: 0
Map data memory: 2716
Map background memory: 2672
EXE memory: 206484
vm memory: 7202
project memory: 2392

Accounted memory chip: 209202
Accounted memory other: 221466
Accounted memory total: 430668

=== Misc ===
Maps and Asset Bundles Count: 2
Maps and Asset Bundles Data Size: 24
Actor Count: 4
Actor Data Size: 752
Block Count: 1
Block Data Size: 68
Anim5 Count: 0
Anim5 Data Size: 0
Sound Count: 1
Sound Data Size: 24
Teleporter Count: 1
Teleporter Data Size: 8
Animations Count: 14
Animations Data Size: 224
AnimationFrame Count: 21
AnimationFrame Data Size: 336
ImageFrames: 18
ImageFrame Data Size: 792
Sprites: 1
Sprites Data Size: 14
Attack Data: 2
Attack Data Size: 132
Misc data size: 16
Asset bundle 0 (Core project asset bundle) Original size 16224 Crunched size 4254
Asset bundle 1 (new_map) Original size 15488 Crunched size 1748
Background for map new_map Original size 2672 Crunched size 92
Tile data for map new_map (mem restrictions:No_Blocks) Original size 2716 Crunched size 636
Header data for map new_map Original size 7996 Crunched size 248
Project Data Original size 2392 Crunched size 724
Project Header Original size 4032 Crunched size 1186
Panel scorpion_eng_splashscreen Original size 35154 Crunched size 3258
Project virtual machine (codeblocks) Original size 7202 Crunched size 2252
Project virtual machine redirects Original size 4 Crunched size 4

=== Possibly unused Actors ===
alexkidd
ringshot

=== Codeblocks by compiled size ===
load_level: 926
set_yresolution: 448 (Unused?)
do_teleport: 392
flipscreen_smooth: 346 (Unused?)
flipxymove: 306 (Unused?)
pre_startup: 282
pause: 252 (Unused?)
snap_to_screen: 190
flipymove: 174 (Unused?)
flipxmove: 158 (Unused?)
AUTOGEN_OUTOFSCREEN_destroy_actor_destroy_actor_destroy_actor_destroy_actor: 156
load_panel: 146
pre_quit: 146
destroy_all_blocks: 124 (Unused?)
startup: 122
pre_load_level: 118
unload_level: 114
load_panel_bottom: 96 (Unused?)
load_panel_top: 96 (Unused?)
waitforfireup: 94
unload_panel: 92
wrap_screen_bottom: 92 (Unused?)
wrap_screen_right: 92 (Unused?)
waitforfiredown: 90
AUTOGEN_OUTOFSCREEN_snap_to_screen_snap_to_screen_None_None: 90
wrap_screen_left: 88 (Unused?)
wrap_screen_top: 88 (Unused?)
flipscreen: 86 (Unused?)
pre_anim5: 86 (Unused?)
waitforfirehit: 86
fadeout: 84
waitforframes: 78
quit: 66 (Unused?)
destroy_all_actors: 62 (Unused?)
jump_actor: 62 (Unused?)
load_music: 62 (Unused?)
unload_panel_bottom: 62
unload_panel_top: 62
fadein: 58
load_panel_finish: 56
destroy_actor: 54
regenerate_screen: 52
return: 52 (Unused?)
destroy_block: 48 (Unused?)
regenerate_screen_wait: 42
spawn_lightcircle: 42 (Unused?)
vm_registers: 26 (Unused?)
vm_constants: 26 (Unused?)
debug_breakpoint: 26 (Unused?)
vm_constants_controlbits: 26 (Unused?)
vm_constants_notes: 26 (Unused?)
vm_constants_tile_properties: 26 (Unused?)
vm_constants_platform: 26 (Unused?)
