=== Image optimisations ===
Reduce width of sprites\full_transparent.png by 7 pixels to 48 to improve blit performance by 100.00%
Reduce width of sprites\not_transparent.png by 14 pixels to 96 to improve blit performance by 100.00%
Reduce width of sprites\partial_transparent.png by 7 pixels to 48 to improve blit performance by 100.00%

=== Misc ===
Actor Count: 4
Actor Data Size: 1168
Block Count: 1
Block Data Size: 52
Anim5 Count: 1
Anim5 Data Size: 4
Sound Count: 1
Sound Data Size: 16
Teleporter Count: 1
Teleporter Data Size: 8
Animations Count: 4
Animations Data Size: 64
AnimationFrame Count: 5
AnimationFrame Data Size: 400
Crunching Panel scorpion_eng_splashscreen as 0.img. Original size: 37106. Crunched size: 3322
Saving Project virtual machine (codeblocks) as project.vm. Original size: 4980
Saving Header data for map map as 1.mhd. Original size: 11556
Saving Data for map map as 1.map. Original size: 1904
Saving Asset bundle 0 as 0.gfx. Original size: 24768
Saving Asset bundle 1 as 1.gfx. Original size: 35328
Saving Project data as project.dat. Original size: 1712
Saving Scorpion header as project.hd. Original size: 3000

Estimated memory usages:

For chip:
Map gfx (Panel: scorpion_eng_splashscreen): 37106
Music memory: 0
BP Buffer memory: 131040
core sfx/gfx memory: 24768

For other:
Map cache memory: 0
Map header cache memory: 0
Map data memory: 1904
EXE memory: 197004
vm memory: 4980
project memory: 1712

Accounted memory chip: 192914
Accounted memory other: 205600
Accounted memory total: 398514
