Compiled on Wednesday, 17 July 2024 3:42:15 p.m.
Version string: SE2024.1.240717.15.39.EX

=== Misc ===
ImageFrames: 43
ImageFrame Data Size: 1892
Maps and Asset Bundles Count: 2
Maps and Asset Bundles Data Size: 24
Actor Count: 3
Actor Data Size: 540
Block Count: 24
Block Data Size: 1632
Anim5 Count: 0
Anim5 Data Size: 0
Sound Count: 7
Sound Data Size: 196
Teleporter Count: 1
Teleporter Data Size: 8
Animations Count: 9
Animations Data Size: 144
AnimationFrame Count: 50
AnimationFrame Data Size: 800
Sprites: 1
Sprites Data Size: 14
Attack Data: 2
Attack Data Size: 176
Misc data size: 14
=== Image optimisations ===
Music file song Original size 78332 Crunched size 46572
Panel scorpion_eng_splashscreen Original size 55172 Crunched size 3460
Panel pnl_title Original size 41072 Crunched size 7090
Project virtual machine (codeblocks) Original size 8130 Crunched size 2488
Header data for map game_level Original size 8000 Crunched size 262
Tile data for map game_level (mem restrictions:None) Original size 6260 Crunched size 1424
Background for map game_level Original size 1396 Crunched size 80
Asset bundle 0 (Core project asset bundle) Original size 110440 Crunched size 35094
Asset bundle 1 (game_level) Original size 29554 Crunched size 8380
Misc Data (paths, hurt boxes etc) Original size 2 Crunched size 2
Project Header Original size 4036 Crunched size 1194
Project Data Original size 5442 Crunched size 1574
Project virtual machine redirects Original size 4 Crunched size 4

=== Accounted Memory Usage ===
(Note that this isn't a full account of memory usage, just the memory we can account for)

For chip:
Map gfx (Panel: scorpion_eng_splashscreen): 55172
Music memory (song): 78332
BP Buffer memory: 132000
core sfx/gfx memory: 110440
Parallax memory: 0
OS/other estimated: 99328

For other:
Map cache memory: 0
Map header cache memory: 0
Map data memory: 6260
Map background memory: 1396
EXE memory: 217120
vm memory: 8130
project memory: 5442
memory reserved for active actors on screen (32): 4616
memory reserved for dormant actors in map (256): 9216
OS/other estimated: 105472

Accounted memory chip: 475272
Accounted memory other: 357652
Accounted memory total: 832924

=== Possibly unused blocks ===
slope12
slope13
slope14
slope15
slope6
slope7

=== Possibly unused Actors ===
cpu
player

=== Possibly unused sound effects ===
sndblock
sndcoin
snddie
sndenemykill
sndshot
sndwater

=== Codeblocks by compiled size ===
load_level: 568
do_teleport: 424
pre_startup: 354
flipscreen_smooth: 310 (Unused?)
flipxymove: 278 (Unused?)
block_find: 206 (Unused?)
set_yresolution: 202 (Unused?)
waitforframes: 194
check_talkpad: 192 (Unused?)
player_autogen_attack: 184
block_count: 178 (Unused?)
pause: 176 (Unused?)
startup: 172
flipymove: 162 (Unused?)
snap_to_screen: 158 (Unused?)
pre_quit: 152
load_panel: 146
flipxmove: 142
unload_level: 142
destroy_all_blocks: 128 (Unused?)
pre_load_level: 122
waitforfireup: 114
fadein: 112
waitforfiredown: 110
unload_panel: 106
load_panel_bottom: 96 (Unused?)
load_panel_top: 96 (Unused?)
destroy_child_actors: 94 (Unused?)
fadeout: 88
pre_anim5: 86 (Unused?)
waitforfirehit: 86
load_music: 78 (Unused?)
AUTOGEN_OUTOFSCREEN_ai_forceright_ai_forceleft_None_None: 78
load_music_finish: 76
wrap_screen_bottom: 76 (Unused?)
wrap_screen_right: 76 (Unused?)
set_ntsc: 74 (Unused?)
flipscreen: 72 (Unused?)
wrap_screen_left: 72 (Unused?)
wrap_screen_top: 72 (Unused?)
quit: 70 (Unused?)
jump_actor: 66 (Unused?)
load_panel_finish: 66
unload_panel_bottom: 62
unload_panel_top: 62
destroy_all_actors: 60 (Unused?)
destroy_actor: 58
regenerate_screen: 58
flat_slope: 58
right_down_slope: 58
right_up_slope: 58
destroy_block: 52 (Unused?)
return: 52 (Unused?)
regenerate_screen_wait: 46
ai_forceleft: 46
ai_forceright: 46
freeze_actor: 40 (Unused?)
unfreeze_actor: 40 (Unused?)
block_coll_force: 32 (Unused?)
block_coll_passthru: 32 (Unused?)
clear_block_collision: 32
vm_registers: 26 (Unused?)
debug_breakpoint: 26 (Unused?)
vm_constants_tile_properties: 26 (Unused?)
