Compiled on Wednesday, 10 July 2024 9:58:47 p.m.
Version string: SE2024.1.240710.14.52.EX

ImageFrames: 42
ImageFrame Data Size: 1848
Actor Count: 3
Actor Data Size: 540
Animations Count: 9
Animations Data Size: 144
AnimationFrame Count: 50
AnimationFrame Data Size: 800
Project patterns Original size 32 Crunched size 32
Map tile data  game_level Original size 1200 Crunched size 52
Map event data for game_level Original size 40 Crunched size 40
Map path node data for game_level Original size 12 Crunched size 12
Misc Data (paths, hurt boxes etc) Original size 2 Crunched size 2
Var Data Original size 14 Crunched size 14
XGM Null sound Original size 256 Crunched size 256
XGM Null song Original size 172 Crunched size 172
Map block data for game_level Original size 1200 Crunched size 64
Teleporters Original size 8 Crunched size 8
XGM PCM sound Original size 1024 Crunched size 1024
XGM 68K Plugin Driver Original size 812 Crunched size 812
Project sound Original size 196 Crunched size 196
XGM PCM sound Original size 4096 Crunched size 4096
XGM Core Driver Original size 5888 Crunched size 5888
XGM PCM sound Original size 41984 Crunched size 41984
XGM PCM sound Original size 3072 Crunched size 3072
XGM PCM sound Original size 6400 Crunched size 6400
XGM PCM sound Original size 2816 Crunched size 2816
Default MD font Original size 2048 Crunched size 2048
Project virtual machine (codeblocks) Original size 8112 Crunched size 8112
Panel  Original size 10350 Crunched size 10350
Panel pnl_title Original size 10862 Crunched size 10862
Project blocks Original size 1632 Crunched size 1632
Images Original size 1848 Crunched size 1848
Project actors Original size 540 Crunched size 540
Tile data for map game_level (mem restrictions:None) Original size 2112 Crunched size 2112
Pattern data for 1 Original size 672 Crunched size 672
Get Y lookup table game_level Original size 96 Crunched size 96
Header data for map game_level Original size 8000 Crunched size 8000
Project name table Original size 1616 Crunched size 1616
Streamed project patterns Original size 18880 Crunched size 18880
Animations Original size 144 Crunched size 144
Animation Frames Original size 800 Crunched size 800
Project Header Original size 2902 Crunched size 2902
Attack Data Original size 176 Crunched size 176

=== Accounted Memory Usage ===
(Note that this isn't a full account of memory usage, just the memory we can account for)
RAM reserved for level tiles: (largest level: game_level): 2400
memory reserved for active actors on screen (32): 4616
memory reserved for dormant actors in map (256): 9216

Total: 16232 bytes

=== Possibly unused blocks ===
slope12
slope13
slope14
slope15
slope6
slope7

=== Possibly unused Actors ===
cpu
player

=== Possibly unused sound effects ===
sndblock
sndcoin
snddie
sndenemykill
sndshot
sndwater

=== Codeblocks by compiled size ===
load_level: 528
do_teleport: 404
set_yresolution: 390 (Unused?)
pre_startup: 342
flipscreen_smooth: 310 (Unused?)
flipxymove: 278 (Unused?)
block_find: 206 (Unused?)
waitforframes: 194
player_autogen_attack: 184
block_count: 178 (Unused?)
check_talkpad: 172 (Unused?)
startup: 172
flipymove: 162 (Unused?)
snap_to_screen: 158 (Unused?)
pre_quit: 152 (Unused?)
load_panel: 146
flipxmove: 142
unload_level: 142
pause: 138 (Unused?)
destroy_all_blocks: 128 (Unused?)
pre_load_level: 122
waitforfireup: 114
fadein: 112
waitforfiredown: 110
unload_panel: 106
load_panel_bottom: 96 (Unused?)
load_panel_top: 96 (Unused?)
destroy_child_actors: 94 (Unused?)
fadeout: 88
pre_anim5: 86 (Unused?)
waitforfirehit: 86
AUTOGEN_OUTOFSCREEN_ai_forceright_ai_forceleft_None_None: 78
load_music_finish: 76
wrap_screen_bottom: 76 (Unused?)
wrap_screen_right: 76 (Unused?)
flipscreen: 72 (Unused?)
wrap_screen_left: 72 (Unused?)
wrap_screen_top: 72 (Unused?)
load_music: 70 (Unused?)
jump_actor: 66 (Unused?)
load_panel_finish: 66
unload_panel_bottom: 62
unload_panel_top: 62
destroy_all_actors: 60 (Unused?)
destroy_actor: 58
regenerate_screen: 58
flat_slope: 58
right_down_slope: 58
right_up_slope: 58
destroy_block: 52 (Unused?)
return: 52 (Unused?)
quit: 50 (Unused?)
regenerate_screen_wait: 46
ai_forceleft: 46
ai_forceright: 46
freeze_actor: 40 (Unused?)
unfreeze_actor: 40 (Unused?)
block_coll_force: 32 (Unused?)
block_coll_passthru: 32 (Unused?)
clear_block_collision: 32
vm_registers: 26 (Unused?)
debug_breakpoint: 26 (Unused?)
set_ntsc: 26
vm_constants_tile_properties: 26 (Unused?)
