Compiled on Thursday, 8 May 2025 7:26:41 p.m.
Version string: SE2024.2.250507.23.16.EX

=== Misc ===
ImageFrames: 17
ImageFrame Data Size: 748
Maps and Asset Bundles Count: 2
Maps and Asset Bundles Data Size: 24
Actor Count: 3
Actor Data Size: 540
Block Count: 243
Block Data Size: 16524
Anim5 Count: 0
Anim5 Data Size: 0
Sound Count: 1
Sound Data Size: 28
Teleporter Count: 1
Teleporter Data Size: 8
Animations Count: 11
Animations Data Size: 176
AnimationFrame Count: 18
AnimationFrame Data Size: 288
Sprites: 17
Sprites Data Size: 238
Attack Data: 2
Attack Data Size: 176
Misc data size: 50
=== Image optimisations ===
Music file bedappol_00111231125261_nocounter Original size 86022 Crunched size 58902
Panel (background color #000) Original size 1296 Crunched size 76
Panel scorpion_eng_splashscreen Original size 36792 Crunched size 3380
Project virtual machine (codeblocks) Original size 127220 Crunched size 61706
Map actor data for new_map Original size 28 Crunched size 28
Header data for map new_map Original size 844 Crunched size 122
Tile data for map new_map (mem restrictions:None) Original size 2920 Crunched size 196
Asset bundle 0 (Core project asset bundle) Original size 7880 Crunched size 2828
Asset bundle 1 (new_map) Original size 32 Crunched size 32
Misc Data (paths, hurt boxes etc) Original size 2 Crunched size 2
Project Header Original size 4408 Crunched size 1236
Project Data Original size 18814 Crunched size 2632
Project virtual machine redirects Original size 4 Crunched size 4

=== Accounted Memory Usage ===
(Note that this isn't a full account of memory usage, just the memory we can account for)

For chip:
Map gfx (Panel: scorpion_eng_splashscreen): 36792
Music memory (bedappol_00111231125261_nocounter): 86022
BP Buffer memory: 60000
Core sfx/gfx memory: 7880
Parallax memory: 0
OS/other estimated: 99328

For other:
Map cache memory: 0
Map header cache memory: 0
Map actor cache memory: 0
Map data memory: 2920
Map background memory: 1296
EXE memory: 203968
vm memory: 127220
project memory: 18814
memory reserved for active actors on screen (32): 4616
memory reserved for dormant actors in map (128): 4608
OS/other estimated: 105472

Accounted memory chip: 290022
Accounted memory other: 468914
Accounted memory total: 758936

=== Codeblocks by compiled size ===
load_level: 550
pre_startup: 422
do_teleport: 402
process_next_tile: 348
flipscreen_smooth: 310 (Unused?)
alexkidd_autogen_attack: 308
flipxymove: 278 (Unused?)
load_next_level: 252 (Unused?)
block_find: 206 (Unused?)
set_yresolution: 202
waitforframes: 194
check_talkpad: 192 (Unused?)
startup: 190
pause: 184
block_count: 178 (Unused?)
flipymove: 162 (Unused?)
pre_quit: 160
snap_to_screen: 158
load_panel: 146
flipxmove: 142 (Unused?)
unload_level: 142
set_tile_parameters: 142
AUTOGEN_OUTOFSCREEN_snap_to_screen_snap_to_screen_snap_to_screen_snap_to_screen: 130
AUTOGEN_OUTOFSCREEN_destroy_actor_destroy_actor_destroy_actor_destroy_actor: 130
destroy_all_blocks: 128
restart_this_level: 128 (Unused?)
pre_load_level: 122
fadein: 112
unload_panel: 106
waitforfireup: 102
waitforfiredown: 98
load_panel_bottom: 96 (Unused?)
load_panel_top: 96 (Unused?)
destroy_child_actors: 94 (Unused?)
autogen_alexkidd_punch_l_0: 90
fadeout: 88
autogen_alexkidd_punch_r_0: 88
pre_anim5: 86 (Unused?)
waitforfirehit: 86
load_music: 78
load_music_finish: 76
wrap_screen_bottom: 76 (Unused?)
wrap_screen_right: 76 (Unused?)
set_ntsc: 74 (Unused?)
flipscreen: 72 (Unused?)
wrap_screen_left: 72 (Unused?)
wrap_screen_top: 72 (Unused?)
quit: 70
jump_actor: 66 (Unused?)
load_panel_finish: 66
unload_panel_bottom: 62
unload_panel_top: 62
destroy_all_actors: 60 (Unused?)
destroy_actor: 58
regenerate_screen: 58
destroy_block: 52
return: 52 (Unused?)
regenerate_screen_wait: 46
freeze_actor: 40 (Unused?)
unfreeze_actor: 40 (Unused?)
block_coll_force: 32 (Unused?)
block_coll_passthru: 32 (Unused?)
clear_block_collision: 32
vm_registers: 26 (Unused?)
debug_breakpoint: 26 (Unused?)
vm_constants_tile_properties: 26 (Unused?)
