Project sound Original size 28 Crunched size 28
Default MD font Original size 2048 Crunched size 2048
Default MD number font Original size 320 Crunched size 320
Project virtual machine (codeblocks) Original size 7418 Crunched size 7418
Panel  Original size 10332 Crunched size 10332
Project blocks Original size 476 Crunched size 476
Project actors Original size 376 Crunched size 376
Project patterns Original size 352 Crunched size 352
Pattern data for 1 Original size 190 Crunched size 190
Map header map1 Original size 9016 Crunched size 9016
Get Y lookup table map1 Original size 76 Crunched size 76
Map tile data  map1 Original size 646 Crunched size 63
Map block data for map1 Original size 646 Crunched size 16
Map path node data for map1 Original size 12 Crunched size 12
Map event data for map1 Original size 32 Crunched size 32
Map animation data formap1 Original size 1084 Crunched size 1084
Project name table Original size 528 Crunched size 528
Streamed project patterns Original size 3040 Crunched size 3040
Images Original size 208 Crunched size 208
Animations Original size 144 Crunched size 144
Animation Frames Original size 192 Crunched size 192
Mega Drive header Original size 3664 Crunched size 3664
Teleporters Original size 8 Crunched size 8
Var Data Original size 16 Crunched size 16
Attack Data Original size 66 Crunched size 66

=== Possibly unused blocks ===
train3
train4

=== Possibly unused Actors ===
player_fox

=== Codeblocks by compiled size ===
load_level: 966
set_yresolution: 386
handle_train: 338
flipscreen_smooth: 306 (Unused?)
do_teleport: 300
pre_startup: 270
pause: 252 (Unused?)
flipxymove: 250 (Unused?)
waitforframes: 186
snap_to_screen: 158 (Unused?)
flipymove: 146 (Unused?)
load_panel: 146
pre_quit: 144 (Unused?)
flipxmove: 130 (Unused?)
destroy_all_blocks: 120 (Unused?)
load_music: 118 (Unused?)
pre_load_level: 118
unload_level: 114
startup: 114
waitforfireup: 106
waitforfiredown: 102
load_panel_bottom: 96 (Unused?)
load_panel_top: 96 (Unused?)
unload_panel: 92
pre_anim5: 86 (Unused?)
waitforfirehit: 86
fadeout: 84
wrap_screen_bottom: 76 (Unused?)
wrap_screen_right: 76 (Unused?)
wrap_screen_left: 72 (Unused?)
wrap_screen_top: 72 (Unused?)
flipscreen: 70 (Unused?)
jump_actor: 62 (Unused?)
unload_panel_bottom: 62
unload_panel_top: 62
fadein: 58
destroy_all_actors: 56 (Unused?)
load_panel_finish: 56
destroy_actor: 54
load_music_finish: 52
regenerate_screen: 52
return: 52 (Unused?)
destroy_block: 48
quit: 46 (Unused?)
regenerate_screen_wait: 42
vm_registers: 26 (Unused?)
vm_constants: 26 (Unused?)
debug_breakpoint: 26 (Unused?)
vm_constants_controlbits: 26 (Unused?)
vm_constants_notes: 26 (Unused?)
vm_constants_platform: 26 (Unused?)
vm_constants_tile_properties: 26 (Unused?)
