=== Image optimisations ===
Reduce width of animations\duck\explosion_1.png by 8 pixels to 16 to improve blit performance by 200.00%
Reduce width of animations\duck\explosion_2.png by 14 pixels to 16 to improve blit performance by 200.00%
Reduce width of animations\duck\explosion_3.png by 14 pixels to 16 to improve blit performance by 200.00%
Reduce width of animations\duck\explosion_4.png by 8 pixels to 16 to improve blit performance by 200.00%
Reduce width of animations\duck\explosion_5.png by 14 pixels to 16 to improve blit performance by 200.00%
Reduce width of animations\duck\explosion_6.png by 14 pixels to 16 to improve blit performance by 200.00%
Reduce width of animations\item\blackspawn_7.png by 12 pixels to 16 to improve blit performance by 200.00%
Reduce width of animations\item\blackspawn_7.png by 12 pixels to 16 to reduce sprites by 2
Reduce width of animations\item\blackspawn_6.png by 9 pixels to 16 to improve blit performance by 200.00%
Reduce width of animations\item\blackspawn_6.png by 9 pixels to 16 to reduce sprites by 2
Reduce width of animations\item\blackspawn_5.png by 5 pixels to 16 to improve blit performance by 200.00%
Reduce width of animations\item\blackspawn_5.png by 5 pixels to 16 to reduce sprites by 2
Reduce width of animations\item\blackspawn_4.png by 2 pixels to 16 to improve blit performance by 200.00%
Reduce width of animations\item\blackspawn_4.png by 2 pixels to 16 to reduce sprites by 2
Reduce width of animations\item\blackspawn_4.png by 2 pixels to 16 to improve blit performance by 200.00%
Reduce width of animations\item\blackspawn_4.png by 2 pixels to 16 to reduce sprites by 2
Reduce width of animations\item\blackspawn_5.png by 5 pixels to 16 to improve blit performance by 200.00%
Reduce width of animations\item\blackspawn_5.png by 5 pixels to 16 to reduce sprites by 2
Reduce width of animations\item\blackspawn_6.png by 9 pixels to 16 to improve blit performance by 200.00%
Reduce width of animations\item\blackspawn_6.png by 9 pixels to 16 to reduce sprites by 2
Reduce width of animations\item\blackspawn_7.png by 12 pixels to 16 to improve blit performance by 200.00%
Reduce width of animations\item\blackspawn_7.png by 12 pixels to 16 to reduce sprites by 2

=== Estimated memory usages ===

For chip:
Map gfx (Panel: title): 52206
Music memory (vampire_ninjas_in_1_001124): 20900
BP Buffer memory: 112800
core sfx/gfx memory: 137384
Parallax memory: 0

For other:
Map cache memory: 0
Map header cache memory: 0
Map data memory: 39596
Map background memory: 2672
EXE memory: 203028
vm memory: 12356
project memory: 18816

Accounted memory chip: 323290
Accounted memory other: 276468
Accounted memory total: 599758

=== Misc ===
Maps and Asset Bundles Count: 4
Maps and Asset Bundles Data Size: 48
Actor Count: 29
Actor Data Size: 5800
Block Count: 19
Block Data Size: 988
Anim5 Count: 0
Anim5 Data Size: 0
Sound Count: 13
Sound Data Size: 312
Teleporter Count: 1
Teleporter Data Size: 8
Animations Count: 51
Animations Data Size: 816
AnimationFrame Count: 167
AnimationFrame Data Size: 2672
ImageFrames: 159
ImageFrame Data Size: 6996
Sprites: 78
Sprites Data Size: 1092
Attack Data: 1
Attack Data Size: 66
Misc data size: 16
Asset bundle 0 (Core project asset bundle) Original size 137384 Crunched size 50934
Asset bundle 1 (map) Original size 5440 Crunched size 1950
Asset bundle 2 (map2) Original size 18104 Crunched size 2938
Asset bundle 3 (map3) Original size 4960 Crunched size 1744
Background for map map Original size 2672 Crunched size 92
Background for map map2 Original size 2672 Crunched size 92
Background for map map3 Original size 2672 Crunched size 92
Music file vampire_ninjas_in_1_001124 Original size 20900 Crunched size 8204
Tile data for map map (mem restrictions:None) Original size 6744 Crunched size 656
Tile data for map map2 (mem restrictions:None) Original size 39596 Crunched size 3490
Tile data for map map3 (mem restrictions:None) Original size 1624 Crunched size 360
Header data for map map Original size 7996 Crunched size 296
Header data for map map2 Original size 7996 Crunched size 344
Header data for map map3 Original size 7996 Crunched size 274
Project Data Original size 18816 Crunched size 5518
Project Header Original size 4032 Crunched size 1192
Panel scorpion_eng_splashscreen Original size 35934 Crunched size 3268
Panel healthbar Original size 4452 Crunched size 236
Panel theend Original size 12894 Crunched size 290
Panel title Original size 52206 Crunched size 8846
Project virtual machine (codeblocks) Original size 12356 Crunched size 3548
Project virtual machine redirects Original size 4 Crunched size 4

=== Possibly unused Actors ===
blackness
blackness_endcutscene
bug
eleblock
man
man_end1
pickup_glove
pickup_hat

=== Possibly unused sound effects ===
jumpa
push

=== Codeblocks by compiled size ===
load_level: 1012
startup: 506
elephant_handler: 474
set_yresolution: 448 (Unused?)
on_eleblock_collide: 364 (Unused?)
do_teleport: 362
flipscreen_smooth: 346 (Unused?)
on_exit: 314
flipxymove: 306 (Unused?)
function_bomblava: 296
walljump: 280
on_angerduck_collide: 276
pause: 252 (Unused?)
on_buttonpress: 246
slime_collide: 232
on_duck_collide: 214
pre_startup: 194
snap_to_screen: 190 (Unused?)
flipymove: 174 (Unused?)
endcutscene_theend: 170
flipxmove: 158
load_panel: 146
pre_quit: 146
on_hurt: 126
destroy_all_blocks: 124 (Unused?)
duck_decision: 120
endcutscene: 118
slime_slide: 118
unload_level: 114
on_buglazer_collide: 112
on_barsopen: 110
endcutscene_dark2: 108
on_hatcollect: 104
endcutscene_guyleft: 98
load_panel_bottom: 96 (Unused?)
load_panel_top: 96
waitforfireup: 94
unload_panel: 92
wrap_screen_bottom: 92 (Unused?)
wrap_screen_right: 92 (Unused?)
waitforfiredown: 90
endcutscene_endbow: 90
wrap_screen_left: 88 (Unused?)
wrap_screen_top: 88 (Unused?)
flipscreen: 86 (Unused?)
pre_anim5: 86 (Unused?)
waitforfirehit: 86
fadeout: 84
waitforframes: 78
on_glovecollect: 76
endcutscene_finaljump: 70
endcutscene_landed: 70
on_bomb: 70
on_buglazer_hitground: 70
on_player_spawn: 70
quit: 66
on_duck_spawn: 66
duck_die_finish: 64
on_blackness_spawn: 64
destroy_all_actors: 62 (Unused?)
jump_actor: 62 (Unused?)
load_music: 62
unload_panel_bottom: 62
unload_panel_top: 62
on_buglazer_hit: 60
on_hurtstars_end: 60
fadein: 58
on_buglazer_shoot: 58
load_panel_finish: 56
try_walljump: 56
destroy_actor: 54
duck_cooldown: 54
endcutscene_inbed: 54
on_end_walkcycle: 54
regenerate_screen: 52
return: 52 (Unused?)
player_hit_lava: 52
destroy_block: 48 (Unused?)
endcutscene_dark1: 48
testplatformland: 48
zzz_testkeyboard: 44
regenerate_screen_wait: 42
debug_dump: 30 (Unused?)
vm_registers: 26 (Unused?)
vm_constants: 26 (Unused?)
debug_breakpoint: 26 (Unused?)
vm_constants_controlbits: 26 (Unused?)
vm_constants_notes: 26 (Unused?)
vm_constants_tile_properties: 26 (Unused?)
vm_constants_platform: 26 (Unused?)
