=== Image optimisations ===
Reduce width of animations\duck\explosion_1.png by 8 pixels to 16 to improve blit performance by 200.00%
Reduce width of animations\duck\explosion_2.png by 14 pixels to 16 to improve blit performance by 200.00%
Reduce width of animations\duck\explosion_3.png by 14 pixels to 16 to improve blit performance by 200.00%
Reduce width of animations\duck\explosion_4.png by 8 pixels to 16 to improve blit performance by 200.00%
Reduce width of animations\duck\explosion_5.png by 14 pixels to 16 to improve blit performance by 200.00%
Reduce width of animations\duck\explosion_6.png by 14 pixels to 16 to improve blit performance by 200.00%
Reduce width of animations\item\blackspawn_7.png by 12 pixels to 16 to reduce sprites by 2
Reduce width of animations\item\blackspawn_6.png by 9 pixels to 16 to reduce sprites by 2
Reduce width of animations\item\blackspawn_5.png by 5 pixels to 16 to reduce sprites by 2
Reduce width of animations\item\blackspawn_4.png by 2 pixels to 16 to reduce sprites by 2
Reduce width of animations\item\blackspawn_4.png by 2 pixels to 16 to reduce sprites by 2
Reduce width of animations\item\blackspawn_5.png by 5 pixels to 16 to reduce sprites by 2
Reduce width of animations\item\blackspawn_6.png by 9 pixels to 16 to reduce sprites by 2
Reduce width of animations\item\blackspawn_7.png by 12 pixels to 16 to reduce sprites by 2

=== Misc ===
Crunching vampire_ninjas_in_1_001124.mod as 1.mus. Original size: 20900. Crunched size: 8204
Actor Count: 29
Actor Data Size: 8584
Block Count: 19
Block Data Size: 988
Anim5 Count: 1
Anim5 Data Size: 4
Sound Count: 13
Sound Data Size: 416
Teleporter Count: 1
Teleporter Data Size: 8
Animations Count: 51
Animations Data Size: 816
AnimationFrame Count: 167
AnimationFrame Data Size: 2672
ImageFrames: BlitzTool.BlitzWord
ImageFrame Data Size: 10560
Crunching Panel scorpion_eng_splashscreen as 0.img. Original size: 37106. Crunched size: 3308
Crunching Panel healthbar as 1.img. Original size: 5584. Crunched size: 242
Crunching Panel theend as 2.img. Original size: 14050. Crunched size: 302
Crunching Panel title as 3.img. Original size: 53354. Crunched size: 8634
Crunching Project virtual machine (codeblocks) as project.vm. Original size: 9836. Crunched size: 3184
Crunching Header data for map map as 1.mhd. Original size: 9788. Crunched size: 332
Crunching Data for map map as 1.map. Original size: 8036. Crunched size: 670
Crunching Background for map map as 1.bg. Original size: 2672. Crunched size: 92
Crunching Header data for map map2 as 2.mhd. Original size: 9788. Crunched size: 380
Crunching Data for map map2 as 2.map. Original size: 47436. Crunched size: 3612
Crunching Background for map map2 as 2.bg. Original size: 2672. Crunched size: 92
Crunching Header data for map map3 as 3.mhd. Original size: 9788. Crunched size: 308
Crunching Data for map map3 as 3.map. Original size: 1892. Crunched size: 364
Crunching Background for map map3 as 3.bg. Original size: 2672. Crunched size: 92
Crunching Asset bundle 0 as 0.gfx. Original size: 106550. Crunched size: 46344
Crunching Asset bundle 1 as 1.gfx. Original size: 5440. Crunched size: 1950
Crunching Asset bundle 2 as 2.gfx. Original size: 18080. Crunched size: 2918
Crunching Asset bundle 3 as 3.gfx. Original size: 4960. Crunched size: 1744
Crunching Project data as project.dat. Original size: 24048. Crunched size: 5650
Crunching Scorpion header as project.hd. Original size: 4036. Crunched size: 1202

Estimated memory usages:

For chip:
Map gfx (Panel: title): 53354
Music memory: 20900
BP Buffer memory: 112800
core sfx/gfx memory: 106550
Parallax memory: 0

For other:
Map cache memory: 0
Map header cache memory: 0
Map data memory: 47436
Map background memory: 2672
EXE memory: 202172
vm memory: 9836
project memory: 24048

Accounted memory chip: 293604
Accounted memory other: 286164
Accounted memory total: 579768
