Crunching song.mod as 1.mus. Original size: 52260. Crunched size: 27830
Actor Count: 48
Actor Data Size: 12672
Block Count: 40
Block Data Size: 2080
Anim5 Count: 1
Anim5 Data Size: 4
Sound Count: 8
Sound Data Size: 64
Teleporter Count: 1
Teleporter Data Size: 8
Animations Count: 114
Animations Data Size: 1824
AnimationFrame Count: 458
AnimationFrame Data Size: 29312
Crunching Panel ui_title as 1.img. Original size: 45398. Crunched size: 7396
Crunching Project virtual machine (codeblocks) as project.vm. Original size: 9764. Crunched size: 3038
Crunching Data for map level1 as 1.map. Original size: 35680. Crunched size: 2584
Crunching Data for map level2 as 2.map. Original size: 39740. Crunched size: 4240
Crunching Data for map level3 as 3.map. Original size: 30760. Crunched size: 2512
Crunching Data for map level4 as 4.map. Original size: 37600. Crunched size: 2602
Crunching Data for map level5 as 5.map. Original size: 34980. Crunched size: 2576
Crunching Data for map level6 as 6.map. Original size: 49940. Crunched size: 3864
Crunching Asset bundle 0 as 0.gfx. Original size: 45360. Crunched size: 13082
Crunching Asset bundle 1 as 1.gfx. Original size: 61696. Crunched size: 12652
Crunching Asset bundle 2 as 2.gfx. Original size: 74112. Crunched size: 15912
Crunching Asset bundle 3 as 3.gfx. Original size: 58624. Crunched size: 9810
Crunching Asset bundle 4 as 4.gfx. Original size: 59008. Crunched size: 9252
Crunching Asset bundle 5 as 5.gfx. Original size: 58624. Crunched size: 8424
Crunching Asset bundle 6 as 6.gfx. Original size: 51584. Crunched size: 3420
Crunching Project data as project.dat. Original size: 46124. Crunched size: 6986
