  Settings Copy: devs/system-configuration
  Internal copy file: system-configuration (size: 232)
  Write S/startup-sequence.
  Internal Copy command: C/cls
  Internal copy file: cls (size: 128)
  Internal Copy command: C/add21k
  Internal copy file: add21k (size: 1836)
  Copy file: game-crunched.exe (size: 77392)
Copy Whole Directory - ..\temp
Copy Whole Directory - ..\temp\data
  Copy file: 0.gfx (size: 28090)
  Copy file: 1.gfx (size: 12730)
  Copy file: 1.img (size: 7396)
  Copy file: 1.map (size: 2604)
  Copy file: 1.mus (size: 27830)
  Copy file: 2.gfx (size: 15912)
  Copy file: 2.map (size: 4250)
  Copy file: 3.gfx (size: 9810)
  Copy file: 3.map (size: 2506)
  Copy file: 4.gfx (size: 9222)
  Copy file: 4.map (size: 2590)
  Copy file: 5.gfx (size: 8424)
  Copy file: 5.map (size: 2586)
  Copy file: 6.gfx (size: 3420)
  Copy file: 6.map (size: 3870)
  Copy file: project.dat (size: 8390)
  Copy file: project.vm (size: 3186)
Copy Whole Directory - ..\temp\s
Device : Floppy DD. Cylinders = 80, Heads = 2, Sectors = 11. Volumes = 1
Volume : Floppy 880 KBytes, "exe2adf" between sectors [0-1759]. OFS . Filled at 29.7%.
         2022/01/18  15:54:46  000888  C/
    128  2022/01/18  15:54:46  000889  C/cls
   1836  2022/01/18  15:54:46  000891  C/add21k
  77392  2022/01/18  15:54:46  000896  game-crunched.exe
         2022/01/18  15:54:46  000882  devs/
    232  2022/01/18  15:54:46  000883  devs/system-configuration
         2022/01/18  15:54:46  000885  S/
     29  2022/01/18  15:54:46  000886  S/startup-sequence
         2022/01/18  15:54:46  001058  data/
   9222  2022/01/18  15:54:46  001302  data/4.gfx
   2590  2022/01/18  15:54:46  001322  data/4.map
  15912  2022/01/18  15:54:46  001229  data/2.gfx
   4250  2022/01/18  15:54:46  001263  data/2.map
  28090  2022/01/18  15:54:46  001059  data/0.gfx
   8390  2022/01/18  15:54:46  001373  data/project.dat
   7396  2022/01/18  15:54:46  001146  data/1.img
   8424  2022/01/18  15:54:46  001329  data/5.gfx
   2586  2022/01/18  15:54:46  001348  data/5.map
   9810  2022/01/18  15:54:46  001273  data/3.gfx
   3186  2022/01/18  15:54:46  001392  data/project.vm
   2506  2022/01/18  15:54:46  001295  data/3.map
  12730  2022/01/18  15:54:46  001118  data/1.gfx
   2604  2022/01/18  15:54:46  001163  data/1.map
  27830  2022/01/18  15:54:46  001170  data/1.mus
   3420  2022/01/18  15:54:46  001355  data/6.gfx
   3870  2022/01/18  15:54:46  001364  data/6.map
>>> Created "..\_tmp" <<<
