=== Image optimisations ===
Reduce width of sprites\flames\flame_1_1.png by 4 pixels to 80 to improve blit performance by 100.00%
Reduce width of sprites\flames\flame_1_2.png by 4 pixels to 80 to improve blit performance by 100.00%
Reduce width of sprites\flames\flame_1_3.png by 4 pixels to 80 to improve blit performance by 100.00%
Reduce width of sprites\flames\flame_1_4.png by 4 pixels to 80 to improve blit performance by 100.00%
Reduce width of sprites\flames\flame_1_5.png by 4 pixels to 80 to improve blit performance by 100.00%
Reduce width of sprites\flames\flame_1_6.png by 4 pixels to 80 to improve blit performance by 100.00%
Reduce width of sprites\flames\flame_3_1.png by 2 pixels to 16 to improve blit performance by 200.00%
Reduce width of sprites\flames\flame_3_2.png by 2 pixels to 16 to improve blit performance by 200.00%
Reduce width of sprites\flames\flame_3_3.png by 2 pixels to 16 to improve blit performance by 200.00%
Reduce width of sprites\flames\flame_3_4.png by 2 pixels to 16 to improve blit performance by 200.00%
Reduce width of sprites\flames\flame_3_5.png by 2 pixels to 16 to improve blit performance by 200.00%
Reduce width of sprites\flames\flame_3_6.png by 2 pixels to 16 to improve blit performance by 200.00%
Reduce width of sprites\letters\letter_1_1.png by 2 pixels to 16 to improve blit performance by 200.00%
Reduce width of sprites\letters\letter_1_2.png by 2 pixels to 16 to improve blit performance by 200.00%
Reduce width of sprites\letters\letter_1_3.png by 2 pixels to 16 to improve blit performance by 200.00%
Reduce width of sprites\letters\letter_1_4.png by 2 pixels to 16 to improve blit performance by 200.00%
Reduce width of sprites\letters\letter_1_5.png by 2 pixels to 16 to improve blit performance by 200.00%
Reduce width of sprites\letters\letter_3_1.png by 2 pixels to 16 to improve blit performance by 200.00%
Reduce width of sprites\letters\letter_3_2.png by 2 pixels to 16 to improve blit performance by 200.00%
Reduce width of sprites\letters\letter_3_3.png by 2 pixels to 16 to improve blit performance by 200.00%
Reduce width of sprites\letters\letter_3_4.png by 2 pixels to 16 to improve blit performance by 200.00%
Reduce width of sprites\letters\letter_3_5.png by 2 pixels to 16 to improve blit performance by 200.00%
Reduce width of sprites\letters\letter_4_1.png by 2 pixels to 16 to improve blit performance by 200.00%
Reduce width of sprites\letters\letter_4_2.png by 2 pixels to 16 to improve blit performance by 200.00%
Reduce width of sprites\letters\letter_4_3.png by 2 pixels to 16 to improve blit performance by 200.00%
Reduce width of sprites\letters\letter_4_4.png by 2 pixels to 16 to improve blit performance by 200.00%
Reduce width of sprites\letters\Letter_4_5.png by 2 pixels to 16 to improve blit performance by 200.00%
Reduce width of sprites\letters\letter_5_1.png by 2 pixels to 16 to improve blit performance by 200.00%
Reduce width of sprites\letters\letter_5_2.png by 2 pixels to 16 to improve blit performance by 200.00%
Reduce width of sprites\letters\letter_5_3.png by 2 pixels to 16 to improve blit performance by 200.00%
Reduce width of sprites\letters\letter_5_4.png by 2 pixels to 16 to improve blit performance by 200.00%
Reduce width of sprites\letters\letter_5_5.png by 2 pixels to 16 to improve blit performance by 200.00%
Reduce width of sprites\letters\letter_8_1.png by 2 pixels to 16 to improve blit performance by 200.00%
Reduce width of sprites\letters\letter_8_2.png by 2 pixels to 16 to improve blit performance by 200.00%
Reduce width of sprites\letters\letter_8_3.png by 2 pixels to 16 to improve blit performance by 200.00%
Reduce width of sprites\letters\letter_8_4.png by 2 pixels to 16 to improve blit performance by 200.00%
Reduce width of sprites\letters\letter_8_5.png by 2 pixels to 16 to improve blit performance by 200.00%
Reduce width of sprites\logo\streak_1.png by 13 pixels to 224 to improve blit performance by 100.00%
Reduce width of sprites\logo\streak_2.png by 13 pixels to 224 to improve blit performance by 100.00%
Reduce width of sprites\logo\streak_3.png by 13 pixels to 224 to improve blit performance by 100.00%
Reduce width of sprites\logo\streak_4.png by 13 pixels to 224 to improve blit performance by 100.00%

=== Estimated memory usages ===

For chip:
Map gfx (level gfx bundle 1 ): 52864
Music memory: 0
BP Buffer memory: 184128
core sfx/gfx memory: 126532
Parallax memory: 0

For other:
Map cache memory: 0
Map header cache memory: 0
Map data memory: 7428
Map background memory: 2672
EXE memory: 211872
vm memory: 8806
project memory: 8836

Accounted memory chip: 363524
Accounted memory other: 239614
Accounted memory total: 603138

=== Misc ===
Maps and Asset Bundles Count: 2
Maps and Asset Bundles Data Size: 24
Actor Count: 2
Actor Data Size: 592
Block Count: 1
Block Data Size: 52
Anim5 Count: 1
Anim5 Data Size: 1036
Sound Count: 1
Sound Data Size: 32
Teleporter Count: 1
Teleporter Data Size: 8
Animations Count: 17
Animations Data Size: 272
AnimationFrame Count: 82
AnimationFrame Data Size: 1312
ImageFrames: 81
ImageFrame Data Size: 5508
Asset bundle 0 (Core project asset bundle) Original size 126532 Crunched size 10302
Asset bundle 1 (default_map) Original size 52864 Crunched size 17354
Background for map default_map Original size 2672 Crunched size 92
Tile data for map default_map (mem restrictions:No_Blocks) Original size 7428 Crunched size 990
Header data for map default_map Original size 8756 Crunched size 684
Project Data Original size 8836 Crunched size 1338
Project Header Original size 4040 Crunched size 1188
Panel scorpion_eng_splashscreen Original size 37090 Crunched size 3292
Project virtual machine (codeblocks) Original size 8806 Crunched size 2310
Project virtual machine redirects Original size 4 Crunched size 4
