Compiled on Wednesday, 10 July 2024 10:43:19 p.m.
Version string: SE2024.1.240710.14.52.EX

ImageFrames: 9
ImageFrame Data Size: 402
Actor Count: 2
Actor Data Size: 360
Animations Count: 2
Animations Data Size: 32
AnimationFrame Count: 18
AnimationFrame Data Size: 288
Pattern data for 1 Original size 4 Crunched size 4
Map block data for new_map Original size 4356 Crunched size 7
XGM Null song Original size 172 Crunched size 172
Project sound Original size 28 Crunched size 28
Project patterns Original size 32 Crunched size 32
Map tile data  new_map Original size 4356 Crunched size 15
Misc Data (paths, hurt boxes etc) Original size 2 Crunched size 2
XGM Null sound Original size 256 Crunched size 256
XGM 68K Plugin Driver Original size 812 Crunched size 812
XGM Core Driver Original size 5888 Crunched size 5888
Default MD font Original size 2048 Crunched size 2048
Project virtual machine (codeblocks) Original size 8176 Crunched size 8176
Panel  Original size 10350 Crunched size 10350
Project blocks Original size 68 Crunched size 68
Images Original size 402 Crunched size 402
Project actors Original size 360 Crunched size 360
Tile data for map new_map (mem restrictions:None) Original size 8192 Crunched size 8192
Map event data for new_map Original size 40 Crunched size 40
Get Y lookup table new_map Original size 264 Crunched size 264
Map path node data for new_map Original size 12 Crunched size 12
Header data for map new_map Original size 8000 Crunched size 8000
Project name table Original size 8 Crunched size 8
Streamed project patterns Original size 5568 Crunched size 5568
Animations Original size 32 Crunched size 32
Animation Frames Original size 288 Crunched size 288
Project Header Original size 2902 Crunched size 2902
Var Data Original size 14 Crunched size 14
Attack Data Original size 88 Crunched size 88
Teleporters Original size 8 Crunched size 8
Commands for Joystick 1 Original size 12 Crunched size 12

=== Accounted Memory Usage ===
(Note that this isn't a full account of memory usage, just the memory we can account for)
RAM reserved for level tiles: (largest level: new_map): 8712
memory reserved for active actors on screen (32): 4616
memory reserved for dormant actors in map (256): 9216

Total: 22544 bytes

=== Codeblocks by compiled size ===
startup: 548
load_level: 528
do_teleport: 404
set_yresolution: 390 (Unused?)
pre_startup: 342
flipscreen_smooth: 310 (Unused?)
flipxymove: 278 (Unused?)
block_find: 206 (Unused?)
waitforframes: 194
block_count: 178 (Unused?)
check_talkpad: 172 (Unused?)
flipymove: 162 (Unused?)
snap_to_screen: 158 (Unused?)
pre_quit: 152 (Unused?)
load_panel: 146
flipxmove: 142 (Unused?)
unload_level: 142
pause: 138
scaler: 130
destroy_all_blocks: 128 (Unused?)
pre_load_level: 122
waitforfireup: 114
fadein: 112
waitforfiredown: 110
unload_panel: 106
load_panel_bottom: 96 (Unused?)
load_panel_top: 96 (Unused?)
destroy_child_actors: 94 (Unused?)
fadeout: 88
pre_anim5: 86 (Unused?)
waitforfirehit: 86
load_music_finish: 76
wrap_screen_bottom: 76 (Unused?)
wrap_screen_right: 76 (Unused?)
delay: 76 (Unused?)
flipscreen: 72 (Unused?)
wrap_screen_left: 72 (Unused?)
wrap_screen_top: 72 (Unused?)
load_music: 70 (Unused?)
jump_actor: 66 (Unused?)
load_panel_finish: 66
unload_panel_bottom: 62
unload_panel_top: 62
destroy_all_actors: 60 (Unused?)
destroy_actor: 58
regenerate_screen: 58
destroy_block: 52 (Unused?)
return: 52 (Unused?)
quit: 50 (Unused?)
regenerate_screen_wait: 46
freeze_actor: 40 (Unused?)
unfreeze_actor: 40 (Unused?)
block_coll_force: 32 (Unused?)
block_coll_passthru: 32 (Unused?)
clear_block_collision: 32
vm_registers: 26 (Unused?)
debug_breakpoint: 26 (Unused?)
set_ntsc: 26
vm_constants_tile_properties: 26 (Unused?)
