Compiled on Wednesday, 17 July 2024 2:51:06 p.m.
Version string: SE2024.1.240716.23.57.EX

ImageFrames: 11
ImageFrame Data Size: 498
Actor Count: 10
Actor Data Size: 1800
Animations Count: 10
Animations Data Size: 160
AnimationFrame Count: 12
AnimationFrame Data Size: 192
MDS Bin file Original size 8202 Crunched size 8202
MDS Sequence file Original size 116 Crunched size 116
Project sound Original size 112 Crunched size 112
Default MD font Original size 2048 Crunched size 2048
Number font for panel 2 Original size 320 Crunched size 320
Panel ui Original size 1902 Crunched size 1902
Project blocks Original size 68 Crunched size 68
Images Original size 498 Crunched size 498
Project actors Original size 1800 Crunched size 1800
Project patterns Original size 32 Crunched size 32
Map tile data  level1 Original size 1242 Crunched size 35
Tile data for map level1 (mem restrictions:None) Original size 1664 Crunched size 1664
Pattern data for 1 Original size 420 Crunched size 420
Map event data for level1 Original size 40 Crunched size 40
Get Y lookup table level1 Original size 92 Crunched size 92
Map path node data for level1 Original size 12 Crunched size 12
Map block data for level1 Original size 1242 Crunched size 7
Project name table Original size 416 Crunched size 416
Animations Original size 160 Crunched size 160
Animation Frames Original size 192 Crunched size 192
Misc Data (paths, hurt boxes etc) Original size 2 Crunched size 2
Var Data Original size 14 Crunched size 14
Teleporters Original size 8 Crunched size 8
MDS PCM file Original size 4863 Crunched size 4863
Project virtual machine (codeblocks) Original size 10086 Crunched size 10086
Panel  Original size 10350 Crunched size 10350
Panel md_parallax Original size 8466 Crunched size 8466
Header data for map level1 Original size 8000 Crunched size 8000
Streamed project patterns Original size 6784 Crunched size 6784
Project Header Original size 2902 Crunched size 2902
Attack Data Original size 352 Crunched size 352

=== Accounted Memory Usage ===
(Note that this isn't a full account of memory usage, just the memory we can account for)
RAM reserved for level tiles: (largest level: level1): 2484
memory reserved for active actors on screen (32): 4616
memory reserved for dormant actors in map (256): 9216

Total: 16316 bytes

=== Possibly unused animations ===
anim_sun

=== Possibly unused Actors ===
pole1
pole2
pole3
pole4
pole5
pole6

=== Codeblocks by compiled size ===
load_level: 528
levelstartloop: 448
do_teleport: 404
set_yresolution: 390 (Unused?)
pre_startup: 342
startup: 330
flipscreen_smooth: 310 (Unused?)
flipxymove: 278 (Unused?)
poleoffscreen: 254
block_find: 206 (Unused?)
waitforframes: 194
plane_idle_autogen_attack: 190
plane_autogen_attack: 184
block_count: 178 (Unused?)
check_talkpad: 172 (Unused?)
playerdead: 164
flipymove: 162 (Unused?)
snap_to_screen: 158 (Unused?)
pre_quit: 152 (Unused?)
load_panel: 146
planehandler: 144
flipxmove: 142 (Unused?)
unload_level: 142
pause: 138 (Unused?)
autoscroll: 138
destroy_all_blocks: 128 (Unused?)
pre_load_level: 122
waitforfireup: 114
fadein: 112
waitforfiredown: 110
unload_panel: 106
load_panel_bottom: 96 (Unused?)
load_panel_top: 96 (Unused?)
destroy_child_actors: 94 (Unused?)
spawnpole: 92
autogen_anim_pole1_0: 90
autogen_anim_pole3_0: 90
autogen_anim_pole4_0: 90
autogen_anim_pole5_0: 90
fadeout: 88
neogeo_parallax_handler: 88 (Unused?)
pre_anim5: 86 (Unused?)
waitforfirehit: 86
autogen_anim_pole2_0: 86
AUTOGEN_OUTOFSCREEN_None_None_playerdead_playerdead: 78
load_music_finish: 76
wrap_screen_bottom: 76 (Unused?)
wrap_screen_right: 76 (Unused?)
flipscreen: 72 (Unused?)
wrap_screen_left: 72 (Unused?)
wrap_screen_top: 72 (Unused?)
load_music: 70
jump_actor: 66
load_panel_finish: 66
unload_panel_bottom: 62
unload_panel_top: 62
destroy_all_actors: 60 (Unused?)
destroy_actor: 58
regenerate_screen: 58
AUTOGEN_OUTOFSCREEN_None_None_None_destroy_actor: 54
destroy_block: 52 (Unused?)
return: 52 (Unused?)
quit: 50 (Unused?)
AUTOGEN_OUTOFSCREEN_poleoffscreen_None_None_None: 50
regenerate_screen_wait: 46
freeze_actor: 40 (Unused?)
unfreeze_actor: 40 (Unused?)
block_coll_force: 32 (Unused?)
block_coll_passthru: 32 (Unused?)
clear_block_collision: 32
vm_registers: 26 (Unused?)
debug_breakpoint: 26 (Unused?)
set_ntsc: 26
vm_constants_tile_properties: 26 (Unused?)
