Compiled on Wednesday, 17 July 2024 2:50:21 p.m.
Version string: SE2024.1.240716.23.57.EX

ImageFrames: 19
ImageFrame Data Size: 850
Actor Count: 13
Actor Data Size: 2340
Animations Count: 13
Animations Data Size: 208
AnimationFrame Count: 15
AnimationFrame Data Size: 240
Music file song Original size 76316 Crunched size 46970
Project virtual machine (codeblocks) Original size 9910 Crunched size 9910
Panel  Original size 3118 Crunched size 3118
Panel ui Original size 1582 Crunched size 1582
Project blocks Original size 68 Crunched size 68
Images Original size 850 Crunched size 850
Project actors Original size 2340 Crunched size 2340
Map block data for level1 Original size 1242 Crunched size 1242
Header data for map level1 Original size 8000 Crunched size 8000
Map tile data  level1 Original size 1242 Crunched size 1242
Tile data for map level1 (mem restrictions:None) Original size 3328 Crunched size 3328
Map event data for level1 Original size 40 Crunched size 40
Get Y lookup table level1 Original size 92 Crunched size 92
Map path node data for level1 Original size 12 Crunched size 12
Animations Original size 208 Crunched size 208
Animation Frames Original size 240 Crunched size 240
Project sound Original size 112 Crunched size 112
Misc Data (paths, hurt boxes etc) Original size 2 Crunched size 2
Project Header Original size 2902 Crunched size 2902
Var Data Original size 56 Crunched size 56
Attack Data Original size 352 Crunched size 352
Teleporters Original size 8 Crunched size 8

=== Accounted Memory Usage ===
(Note that this isn't a full account of memory usage, just the memory we can account for)
RAM reserved for level tiles: (largest level: level1): 2484
memory reserved for active actors on screen (32): 4616
memory reserved for dormant actors in map (256): 9216

Total: 16316 bytes

=== Possibly unused animations ===
anim_sun

=== Possibly unused Actors ===
pole1
pole2
pole3
pole4
pole5
pole6

=== Codeblocks by compiled size ===
load_level: 528
levelstartloop: 448
startup: 408
do_teleport: 404
flipscreen_smooth: 310 (Unused?)
pre_startup: 298
flipxymove: 278 (Unused?)
set_yresolution: 256 (Unused?)
poleoffscreen: 254
block_find: 206 (Unused?)
waitforframes: 194
plane_idle_autogen_attack: 190
plane_autogen_attack: 184
block_count: 178 (Unused?)
check_talkpad: 172 (Unused?)
playerdead: 164
flipymove: 162 (Unused?)
snap_to_screen: 158 (Unused?)
pre_quit: 152 (Unused?)
load_panel: 146
planehandler: 144
flipxmove: 142 (Unused?)
unload_level: 142
pause: 138 (Unused?)
destroy_all_blocks: 128 (Unused?)
pre_load_level: 122
waitforfireup: 114
fadein: 112
waitforfiredown: 110
unload_panel: 106
load_panel_bottom: 96 (Unused?)
load_panel_top: 96 (Unused?)
destroy_child_actors: 94 (Unused?)
spawnpole: 92
autogen_anim_pole1_0: 90
autogen_anim_pole3_0: 90
autogen_anim_pole4_0: 90
autogen_anim_pole5_0: 90
fadeout: 88
neogeo_parallax_handler: 88
pre_anim5: 86 (Unused?)
waitforfirehit: 86
autogen_anim_pole2_0: 86
AUTOGEN_OUTOFSCREEN_None_None_playerdead_playerdead: 78
load_music_finish: 76
wrap_screen_bottom: 76 (Unused?)
wrap_screen_right: 76 (Unused?)
flipscreen: 72 (Unused?)
wrap_screen_left: 72 (Unused?)
wrap_screen_top: 72 (Unused?)
autoscroll: 70
jump_actor: 66
load_panel_finish: 66
load_music: 62
unload_panel_bottom: 62
unload_panel_top: 62
destroy_all_actors: 60 (Unused?)
destroy_actor: 58
regenerate_screen: 58
AUTOGEN_OUTOFSCREEN_None_None_None_destroy_actor: 54
destroy_block: 52 (Unused?)
return: 52 (Unused?)
quit: 50 (Unused?)
AUTOGEN_OUTOFSCREEN_poleoffscreen_None_None_None: 50
regenerate_screen_wait: 46
freeze_actor: 40 (Unused?)
unfreeze_actor: 40 (Unused?)
block_coll_force: 32 (Unused?)
block_coll_passthru: 32 (Unused?)
clear_block_collision: 32
vm_registers: 26 (Unused?)
debug_breakpoint: 26 (Unused?)
set_ntsc: 26 (Unused?)
vm_constants_tile_properties: 26 (Unused?)
