=== Image optimisations ===
Reduce width of sprites\alexkidd\monkeylad_punch.png by 8 pixels to 16 to improve blit performance by 200.00%
Reduce width of sprites\alexkidd\monkeylad_punch.png by 8 pixels to 16 to improve blit performance by 200.00%
Reduce width of sprites\alexkidd\monkeylad_punch.png by 8 pixels to 16 to improve blit performance by 200.00%
Reduce width of sprites\alexkidd\monkeylad_punch.png by 8 pixels to 16 to improve blit performance by 200.00%

=== Misc ===
Actor Count: 4
Actor Data Size: 1168
Block Count: 1
Block Data Size: 52
Anim5 Count: 1
Anim5 Data Size: 4
Sound Count: 1
Sound Data Size: 16
Teleporter Count: 1
Teleporter Data Size: 8
Animations Count: 14
Animations Data Size: 224
AnimationFrame Count: 21
AnimationFrame Data Size: 1428
Crunching Panel scorpion_eng_splashscreen as 0.img. Original size: 37106. Crunched size: 3312
Crunching Project virtual machine (codeblocks) as project.vm. Original size: 4762. Crunched size: 1522
Crunching Header data for map new_map as 1.mhd. Original size: 11544. Crunched size: 296
Crunching Data for map new_map as 1.map. Original size: 2440. Crunched size: 256
Crunching Asset bundle 0 as 0.gfx. Original size: 14000. Crunched size: 3766
Crunching Asset bundle 1 as 1.gfx. Original size: 1760. Crunched size: 690
Crunching Project data as project.dat. Original size: 2900. Crunched size: 668
Crunching Scorpion header as project.hd. Original size: 3004. Crunched size: 1178

Estimated memory usages:

For chip:
Map gfx (Panel: scorpion_eng_splashscreen): 37106
Music memory: 0
BP Buffer memory: 109200
core sfx/gfx memory: 14000

For other:
Map cache memory: 0
Map header cache memory: 0
Map data memory: 2440
EXE memory: 194688
vm memory: 4762
project memory: 2900

Accounted memory chip: 160306
Accounted memory other: 204790
Accounted memory total: 365096
