MDS Bin file Original size 8202 Crunched size 8202
MDS Sequence file Original size 1010 Crunched size 1010
Project sound Original size 252 Crunched size 252
Default MD font Original size 2048 Crunched size 2048
Default MD number font Original size 320 Crunched size 320
Panel  Original size 10332 Crunched size 10332
Number font for panel 1 Original size 320 Crunched size 320
Panel hud Original size 1400 Crunched size 1400
Number font for panel 2 Original size 320 Crunched size 320
Number font for panel 3 Original size 320 Crunched size 320
Number font for panel 4 Original size 320 Crunched size 320
Number font for panel 5 Original size 320 Crunched size 320
Number font for panel 6 Original size 320 Crunched size 320
Number font for panel 7 Original size 320 Crunched size 320
Pattern data for 1 Original size 496 Crunched size 496
Dynamic pattern data for 1 Original size 32 Crunched size 32
Get Y lookup table level1 Original size 120 Crunched size 120
Map tile data  level1 Original size 5940 Crunched size 263
Map path node data for level1 Original size 12 Crunched size 12
Map path node data for level2 Original size 12 Crunched size 12
MDS PCM file Original size 29036 Crunched size 29036
Project virtual machine (codeblocks) Original size 23510 Crunched size 23510
Panel md_parallax_1 Original size 6896 Crunched size 6896
Panel md_parallax_2 Original size 5732 Crunched size 5732
Panel md_parallax_3 Original size 6800 Crunched size 6800
Panel md_parallax_4 Original size 7114 Crunched size 7114
Panel md_parallax_5 Original size 6762 Crunched size 6762
Panel md_parallax_6 Original size 5636 Crunched size 5636
Panel ui_title Original size 10236 Crunched size 10236
Project blocks Original size 2992 Crunched size 2992
Project actors Original size 8084 Crunched size 8084
Project patterns Original size 1952 Crunched size 1952
Map header level1 Original size 15048 Crunched size 15048
Map block data for level1 Original size 5940 Crunched size 151
Map event data for level1 Original size 32 Crunched size 32
Pattern data for 2 Original size 1356 Crunched size 1356
Dynamic pattern data for 2 Original size 32 Crunched size 32
Map header level2 Original size 16416 Crunched size 16416
Get Y lookup table level2 Original size 120 Crunched size 120
Map tile data  level2 Original size 7080 Crunched size 360
Map block data for level2 Original size 7080 Crunched size 178
Map event data for level2 Original size 32 Crunched size 32
Pattern data for 3 Original size 492 Crunched size 492
Dynamic pattern data for 3 Original size 32 Crunched size 32
Map header level3 Original size 13572 Crunched size 13572
Get Y lookup table level3 Original size 120 Crunched size 120
Map tile data  level3 Original size 4710 Crunched size 283
Map block data for level3 Original size 4710 Crunched size 123
Map path node data for level3 Original size 12 Crunched size 12
Map event data for level3 Original size 32 Crunched size 32
Pattern data for 4 Original size 336 Crunched size 336
Dynamic pattern data for 4 Original size 32 Crunched size 32
Map header level4 Original size 15624 Crunched size 15624
Get Y lookup table level4 Original size 120 Crunched size 120
Map tile data  level4 Original size 6420 Crunched size 257
Map block data for level4 Original size 6420 Crunched size 116
Map path node data for level4 Original size 12 Crunched size 12
Map event data for level4 Original size 32 Crunched size 32
Pattern data for 5 Original size 436 Crunched size 436
Dynamic pattern data for 5 Original size 32 Crunched size 32
Map header level5 Original size 14868 Crunched size 14868
Get Y lookup table level5 Original size 120 Crunched size 120
Map tile data  level5 Original size 5790 Crunched size 279
Map block data for level5 Original size 5790 Crunched size 123
Map path node data for level5 Original size 12 Crunched size 12
Map event data for level5 Original size 32 Crunched size 32
Pattern data for 6 Original size 186 Crunched size 186
Dynamic pattern data for 6 Original size 32 Crunched size 32
Map header level6 Original size 19476 Crunched size 19476
Get Y lookup table level6 Original size 120 Crunched size 120
Map tile data  level6 Original size 9630 Crunched size 424
Map block data for level6 Original size 9630 Crunched size 261
Map path node data for level6 Original size 12 Crunched size 12
Map event data for level6 Original size 32 Crunched size 32
Project name table Original size 6320 Crunched size 6320
Streamed project patterns Original size 51360 Crunched size 51360
Images Original size 5784 Crunched size 5784
Animations Original size 1280 Crunched size 1280
Animation Frames Original size 6240 Crunched size 6240
Mega Drive header Original size 2894 Crunched size 2894
Teleporters Original size 8 Crunched size 8
Var Data Original size 16 Crunched size 16
Attack Data Original size 132 Crunched size 132
Commands for Joystick 1 Original size 12 Crunched size 12

=== Possibly unused blocks ===
block_coin_x03
block_coin_x04
block_coin_x05
block_coin_x06
block_coin_x07
block_coin_x08
block_coin_x09
glitter2
glitter3
tempblock

=== Possibly unused Actors ===
lavaball

=== Codeblocks by compiled size ===
go_thru_pipe: 2464
reset_level_bounds: 1544
block_bump: 968
load_level: 686
playerhitsbigmushroom: 602
thru_door: 446
startup: 400
set_yresolution: 386
playerhitsturtleshell: 352
do_teleport: 348
killmonster: 344
flipscreen_smooth: 306 (Unused?)
flipmonster: 302
fn_up_in_pipe: 302
candle_lit: 280
fn_down_in_pipe: 274
handler_fallblock: 274
fn_down_out_pipe: 266
fn_up_out_pipe: 266
turtleshell_hits_block: 256
handler_fxblock: 252
flipxymove: 250 (Unused?)
plant_up: 246
mushroom_spawn_finished: 236
lifelost: 228
startlevel: 228
player_collected_coin_fromblock: 222
killturtleshell: 216
function_setblockmeta: 212
flash_fx_trigger: 200
projectilehitmonster: 196
spawnglitter_actor: 194
waitforframes: 186
plant_down: 184
pre_startup: 182
check_talkpad: 168 (Unused?)
addcoin: 168
nextlevel: 168
player_collected_flower: 168
candle_extinguish: 162
snap_to_screen: 158 (Unused?)
hurtplayer: 154
playerhitsmusic: 152
function_uppipe: 150 (Unused?)
keep_on_screen_bottom: 148
flipymove: 146 (Unused?)
load_panel: 146
reset_powerlevel: 146
pre_quit: 144 (Unused?)
plant_out: 134
flipxmove: 130 (Unused?)
AUTOGEN_OUTOFSCREEN_destroy_actor_destroy_actor_destroy_actor_destroy_actor: 130
spawnglitter_player: 130
pause: 126 (Unused?)
playerhitsblock: 126
destroy_all_blocks: 120 (Unused?)
load_music: 118
pre_load_level: 118
spawnglitter_block: 118
unload_level: 114
handler_pipe: 114
handler_uppipe: 114
handler_springlaunch: 112
function_downpipe: 110 (Unused?)
playerhitsmonster: 110
waitforfireup: 106
AUTOGEN_OUTOFSCREEN_destroy_actor_destroy_actor_None_destroy_actor: 106
player_invincible: 106
fadein: 102
waitforfiredown: 102
flower_spawn_finished: 100
killplayer: 100
load_panel_bottom: 96 (Unused?)
load_panel_top: 96 (Unused?)
plant_spawn: 94
unload_panel: 92
destroy_child_actors: 90 (Unused?)
pre_anim5: 86 (Unused?)
waitforfirehit: 86
playerhitsplant: 86
fadeout: 84
playerhits_fallblock: 82
autogen_anim_plant_0: 78
AUTOGEN_OUTOFSCREEN_None_None_destroy_actor_destroy_actor: 78
wrap_screen_bottom: 76 (Unused?)
wrap_screen_right: 76 (Unused?)
spring_start: 76
wrap_screen_left: 72 (Unused?)
wrap_screen_top: 72 (Unused?)
cover_spawn: 72
flipscreen: 70 (Unused?)
player_collected_coin: 68
load_music_finish: 64
music_toggle: 64 (Unused?)
jump_actor: 62 (Unused?)
unload_panel_bottom: 62
unload_panel_top: 62
parallax_spawn: 58 (Unused?)
destroy_all_actors: 56 (Unused?)
load_panel_finish: 56
autogen_anim_fish_0: 56
destroy_actor: 54
AUTOGEN_OUTOFSCREEN_None_None_None_lifelost: 54
AUTOGEN_OUTOFSCREEN_None_None_None_keep_on_screen_bottom: 54
AUTOGEN_OUTOFSCREEN_None_None_None_destroy_actor: 54
plant_hide: 54
regenerate_screen: 52
return: 52 (Unused?)
function_centercamera: 52
AUTOGEN_OUTOFSCREEN_None_None_destroy_actor_None: 50
destroy_block: 48
quit: 46 (Unused?)
fishjump: 46
regenerate_screen_wait: 42
gameover: 42
vol_down: 40 (Unused?)
cheat1: 38 (Unused?)
cheat2: 38 (Unused?)
cheat3: 38 (Unused?)
cheat4: 38 (Unused?)
cheat5: 38 (Unused?)
cheat6: 38 (Unused?)
freeze_actor: 36 (Unused?)
unfreeze_actor: 36 (Unused?)
block_coll_force: 32 (Unused?)
block_coll_passthru: 32 (Unused?)
vm_registers: 26 (Unused?)
vm_constants: 26 (Unused?)
debug_breakpoint: 26 (Unused?)
vm_constants_audiodriver: 26 (Unused?)
vm_constants_controlbits: 26 (Unused?)
vm_constants_notes: 26 (Unused?)
vm_constants_platform: 26 (Unused?)
vm_constants_tile_properties: 26 (Unused?)
