=== Image optimisations ===

=== Estimated memory usages ===

For chip:
Map gfx (Panel: ui_title): 53854
Music memory (song): 52260
BP Buffer memory: 102400
core sfx/gfx memory: 70290
Parallax memory: 45144

For other:
Map cache memory: 0
Map header cache memory: 0
Map data memory: 32320
Map background memory: 3400
EXE memory: 206484
vm memory: 24626
project memory: 31300

Accounted memory chip: 323948
Accounted memory other: 298130
Accounted memory total: 622078

=== Misc ===
Maps and Asset Bundles Count: 7
Maps and Asset Bundles Data Size: 84
Actor Count: 43
Actor Data Size: 8084
Block Count: 44
Block Data Size: 2992
Anim5 Count: 0
Anim5 Data Size: 0
Sound Count: 8
Sound Data Size: 192
Teleporter Count: 1
Teleporter Data Size: 8
Animations Count: 80
Animations Data Size: 1280
AnimationFrame Count: 390
AnimationFrame Data Size: 6240
ImageFrames: 227
ImageFrame Data Size: 9988
Sprites: 163
Sprites Data Size: 2282
Attack Data: 2
Attack Data Size: 132
Misc data size: 16
Asset bundle 0 (Core project asset bundle) Original size 70290 Crunched size 28646
Asset bundle 1 (level1) Original size 17408 Crunched size 5904
Asset bundle 2 (level2) Original size 33024 Crunched size 11660
Asset bundle 3 (level3) Original size 16384 Crunched size 5702
Asset bundle 4 (level4) Original size 14592 Crunched size 4514
Asset bundle 5 (level5) Original size 15744 Crunched size 5236
Asset bundle 6 (level6) Original size 7680 Crunched size 2012
Background for map level1 Original size 3400 Crunched size 574
Background for map level2 Original size 2880 Crunched size 414
Background for map level3 Original size 3400 Crunched size 526
Background for map level4 Original size 3400 Crunched size 522
Background for map level5 Original size 3296 Crunched size 474
Background for map level6 Original size 2880 Crunched size 350
Music file song Original size 52260 Crunched size 27830
Tile data for map level1 (mem restrictions:None) Original size 20020 Crunched size 1662
Tile data for map level2 (mem restrictions:None) Original size 23820 Crunched size 3286
Tile data for map level3 (mem restrictions:None) Original size 15920 Crunched size 1626
Tile data for map level4 (mem restrictions:None) Original size 21620 Crunched size 1688
Tile data for map level5 (mem restrictions:None) Original size 19520 Crunched size 1746
Tile data for map level6 (mem restrictions:None) Original size 32320 Crunched size 2938
Header data for map level1 Original size 7996 Crunched size 388
Header data for map level2 Original size 7996 Crunched size 488
Header data for map level3 Original size 7996 Crunched size 412
Header data for map level4 Original size 7996 Crunched size 384
Header data for map level5 Original size 7996 Crunched size 424
Header data for map level6 Original size 7996 Crunched size 348
Parallax for map level1 Original size 45144 Crunched size 7014
Parallax for map level2 Original size 40144 Crunched size 4268
Parallax for map level3 Original size 43472 Crunched size 4852
Parallax for map level4 Original size 43472 Crunched size 4798
Parallax for map level5 Original size 43472 Crunched size 3610
Parallax for map level6 Original size 30096 Crunched size 1390
Project Data Original size 31300 Crunched size 7744
Project Header Original size 4032 Crunched size 1226
Panel scorpion_eng_splashscreen Original size 35154 Crunched size 3258
Panel hud Original size 7922 Crunched size 982
Panel ui_title Original size 53854 Crunched size 6534
Project virtual machine (codeblocks) Original size 24626 Crunched size 6188
Project virtual machine redirects Original size 4 Crunched size 4

=== Possibly unused blocks ===
block_coin_x03
block_coin_x04
block_coin_x05
block_coin_x06
block_coin_x07
block_coin_x08
block_coin_x09
glitter2
glitter3
tempblock

=== Possibly unused Actors ===
lavaball

=== Codeblocks by compiled size ===
go_thru_pipe: 2528
reset_level_bounds: 1640
block_bump: 1032
load_level: 926
playerhitsbigmushroom: 638
thru_door: 478
set_yresolution: 448
playerhitsturtleshell: 448
startup: 402
do_teleport: 392
killmonster: 368
flipscreen_smooth: 346 (Unused?)
handler_fallblock: 338
flipmonster: 332
handler_fxblock: 318
fn_up_in_pipe: 310
flipxymove: 306 (Unused?)
plant_up: 286
pre_startup: 282
turtleshell_hits_block: 282
fn_down_in_pipe: 274
fn_down_out_pipe: 274
fn_up_out_pipe: 274
candle_lit: 266
mushroom_spawn_finished: 260
pause: 252
lifelost: 252
projectilehitmonster: 238
player_collected_coin_fromblock: 234
killturtleshell: 228
spawnglitter_actor: 226
startlevel: 222
function_setblockmeta: 214
flash_fx_trigger: 204
plant_down: 204
addcoin: 198
snap_to_screen: 190 (Unused?)
playerhitsmusic: 182
flipymove: 174 (Unused?)
candle_extinguish: 170
nextlevel: 170
player_collected_flower: 168
hurtplayer: 166
keep_on_screen_bottom: 164
function_uppipe: 160 (Unused?)
flipxmove: 158 (Unused?)
AUTOGEN_OUTOFSCREEN_destroy_actor_destroy_actor_destroy_actor_destroy_actor: 156
playerhitsblock: 152
load_panel: 146
pre_quit: 146
reset_powerlevel: 146
spawnglitter_player: 146
plant_out: 140
bg1: 130
handler_springlaunch: 128
playerhitsmonster: 128
AUTOGEN_OUTOFSCREEN_destroy_actor_destroy_actor_None_destroy_actor: 126
destroy_all_blocks: 124 (Unused?)
handler_pipe: 122
handler_uppipe: 122
spawnglitter_block: 122
pre_load_level: 118
flower_spawn_finished: 116
unload_level: 114
function_downpipe: 110 (Unused?)
plant_spawn: 108
player_invincible: 106
killplayer: 100
playerhitsplant: 98
load_panel_bottom: 96 (Unused?)
load_panel_top: 96 (Unused?)
waitforfireup: 94
unload_panel: 92
wrap_screen_bottom: 92 (Unused?)
wrap_screen_right: 92 (Unused?)
AUTOGEN_OUTOFSCREEN_None_None_destroy_actor_destroy_actor: 92
waitforfiredown: 90
wrap_screen_left: 88 (Unused?)
wrap_screen_top: 88 (Unused?)
cover_spawn: 88
player_noclear: 88
flipscreen: 86 (Unused?)
pre_anim5: 86 (Unused?)
waitforfirehit: 86
playerhits_fallblock: 86
fadeout: 84
waitforframes: 78
spring_start: 76
player_collected_coin: 68
quit: 66 (Unused?)
parallax_spawn: 66 (Unused?)
music_toggle: 64 (Unused?)
destroy_all_actors: 62 (Unused?)
jump_actor: 62 (Unused?)
load_music: 62
unload_panel_bottom: 62
unload_panel_top: 62
AUTOGEN_OUTOFSCREEN_None_None_None_lifelost: 62
AUTOGEN_OUTOFSCREEN_None_None_None_keep_on_screen_bottom: 62
AUTOGEN_OUTOFSCREEN_None_None_None_destroy_actor: 62
gameover: 62
fadein: 58
load_panel_finish: 56
AUTOGEN_OUTOFSCREEN_None_None_destroy_actor_None: 56
function_centercamera: 56
destroy_actor: 54
plant_hide: 54
regenerate_screen: 52
return: 52 (Unused?)
destroy_block: 48
fishjump: 46
regenerate_screen_wait: 42
vol_down: 42 (Unused?)
cheat1: 38 (Unused?)
cheat2: 38 (Unused?)
cheat3: 38 (Unused?)
cheat4: 38
cheat5: 38
cheat6: 38
vm_registers: 26 (Unused?)
vm_constants: 26 (Unused?)
debug_breakpoint: 26
vm_constants_controlbits: 26 (Unused?)
vm_constants_notes: 26 (Unused?)
vm_constants_tile_properties: 26 (Unused?)
vm_constants_platform: 26 (Unused?)
bg2: 26
