=== Image optimisations ===
Reduce width of sprites\enemy-death\enemy-death-2.png by 10 pixels to 16 to improve blit performance by 200.00%
Reduce width of sprites\enemy-death\enemy-death-3.png by 10 pixels to 16 to improve blit performance by 200.00%
Reduce width of sprites\enemy-death\enemy-death-4.png by 2 pixels to 16 to improve blit performance by 200.00%
Reduce width of sprites\ghost-halo\ghost-halo-1.png by 1 pixels to 32 to improve blit performance by 100.00%
Reduce width of sprites\ghost-halo\ghost-halo-2.png by 1 pixels to 32 to improve blit performance by 100.00%
Reduce width of sprites\ghost-halo\ghost-halo-4.png by 1 pixels to 32 to improve blit performance by 100.00%
Reduce width of sprites\ghost-halo\ghost-halo-1.png by 1 pixels to 32 to improve blit performance by 100.00%
Reduce width of sprites\ghost-halo\ghost-halo-2.png by 1 pixels to 32 to improve blit performance by 100.00%
Reduce width of sprites\ghost-halo\ghost-halo-4.png by 1 pixels to 32 to improve blit performance by 100.00%
Reduce width of sprites\hell-gato\hell-gato-1.png by 10 pixels to 48 to improve blit performance by 100.00%
Reduce width of sprites\hell-gato\hell-gato-3.png by 15 pixels to 48 to improve blit performance by 100.00%
Reduce width of sprites\hell-gato\hell-gato-4.png by 5 pixels to 80 to improve blit performance by 100.00%
Reduce width of sprites\hell-gato\hell-gato-1.png by 10 pixels to 48 to improve blit performance by 100.00%
Reduce width of sprites\hell-gato\hell-gato-3.png by 15 pixels to 48 to improve blit performance by 100.00%
Reduce width of sprites\hell-gato\hell-gato-4.png by 5 pixels to 80 to improve blit performance by 100.00%
Reduce width of sprites\hero\hero-attack\hero-attack-1.png by 3 pixels to 32 to improve blit performance by 100.00%
Reduce width of sprites\hero\hero-attack\hero-attack-2.png by 13 pixels to 64 to improve blit performance by 100.00%
Reduce width of sprites\hero\hero-attack\hero-attack-3.png by 13 pixels to 64 to improve blit performance by 100.00%
Reduce width of sprites\hero\hero-attack\hero-attack-4.png by 13 pixels to 64 to improve blit performance by 100.00%
Reduce width of sprites\hero\hero-attack\hero-attack-5.png by 13 pixels to 64 to improve blit performance by 100.00%
Reduce width of sprites\hero\hero-attack\hero-attack-5.png by 13 pixels to 64 to improve blit performance by 100.00%
Reduce width of sprites\hero\hero-attack\hero-attack-6.png by 8 pixels to 48 to improve blit performance by 100.00%
Reduce width of sprites\hero\hero-attack\hero-attack-7.png by 1 pixels to 32 to improve blit performance by 100.00%
Reduce width of sprites\hero\hero-attack\hero-attack-1.png by 3 pixels to 32 to improve blit performance by 100.00%
Reduce width of sprites\hero\hero-attack\hero-attack-2.png by 13 pixels to 64 to improve blit performance by 100.00%
Reduce width of sprites\hero\hero-attack\hero-attack-3.png by 13 pixels to 64 to improve blit performance by 100.00%
Reduce width of sprites\hero\hero-attack\hero-attack-4.png by 13 pixels to 64 to improve blit performance by 100.00%
Reduce width of sprites\hero\hero-attack\hero-attack-5.png by 13 pixels to 64 to improve blit performance by 100.00%
Reduce width of sprites\hero\hero-attack\hero-attack-5.png by 13 pixels to 64 to improve blit performance by 100.00%
Reduce width of sprites\hero\hero-attack\hero-attack-6.png by 8 pixels to 48 to improve blit performance by 100.00%
Reduce width of sprites\hero\hero-attack\hero-attack-7.png by 1 pixels to 32 to improve blit performance by 100.00%
Reduce width of sprites\hero\hero-attack\hero-attack-1.png by 3 pixels to 32 to improve blit performance by 100.00%
Reduce width of sprites\hero\hero-attack\hero-attack-2.png by 13 pixels to 64 to improve blit performance by 100.00%
Reduce width of sprites\hero\hero-attack\hero-attack-3.png by 13 pixels to 64 to improve blit performance by 100.00%
Reduce width of sprites\hero\hero-attack\hero-attack-4.png by 13 pixels to 64 to improve blit performance by 100.00%
Reduce width of sprites\hero\hero-attack\hero-attack-5.png by 13 pixels to 64 to improve blit performance by 100.00%
Reduce width of sprites\hero\hero-attack\hero-attack-5.png by 13 pixels to 64 to improve blit performance by 100.00%
Reduce width of sprites\hero\hero-attack\hero-attack-6.png by 8 pixels to 48 to improve blit performance by 100.00%
Reduce width of sprites\hero\hero-attack\hero-attack-7.png by 1 pixels to 32 to improve blit performance by 100.00%
Reduce width of sprites\hero\hero-attack\hero-attack-1.png by 3 pixels to 32 to improve blit performance by 100.00%
Reduce width of sprites\hero\hero-attack\hero-attack-2.png by 13 pixels to 64 to improve blit performance by 100.00%
Reduce width of sprites\hero\hero-attack\hero-attack-3.png by 13 pixels to 64 to improve blit performance by 100.00%
Reduce width of sprites\hero\hero-attack\hero-attack-4.png by 13 pixels to 64 to improve blit performance by 100.00%
Reduce width of sprites\hero\hero-attack\hero-attack-5.png by 13 pixels to 64 to improve blit performance by 100.00%
Reduce width of sprites\hero\hero-attack\hero-attack-5.png by 13 pixels to 64 to improve blit performance by 100.00%
Reduce width of sprites\hero\hero-attack\hero-attack-6.png by 8 pixels to 48 to improve blit performance by 100.00%
Reduce width of sprites\hero\hero-attack\hero-attack-7.png by 1 pixels to 32 to improve blit performance by 100.00%
Reduce width of sprites\hero\hero-crouch\hero-crouch.png by 15 pixels to 48 to improve blit performance by 100.00%
Reduce width of sprites\hero\hero-crouch\hero-crouch.png by 15 pixels to 48 to improve blit performance by 100.00%
Reduce width of sprites\hero\hero-hurt\hero-hurt.png by 9 pixels to 48 to improve blit performance by 100.00%
Reduce width of sprites\hero\hero-hurt\hero-hurt.png by 9 pixels to 48 to improve blit performance by 100.00%
Reduce width of sprites\hero\hero-idle\hero-idle-1.png by 1 pixels to 48 to improve blit performance by 100.00%
Reduce width of sprites\hero\hero-idle\hero-idle-2.png by 2 pixels to 48 to improve blit performance by 100.00%
Reduce width of sprites\hero\hero-idle\hero-idle-3.png by 2 pixels to 48 to improve blit performance by 100.00%
Reduce width of sprites\hero\hero-idle\hero-idle-4.png by 1 pixels to 48 to improve blit performance by 100.00%
Reduce width of sprites\hero\hero-idle\hero-idle-5.png by 2 pixels to 48 to improve blit performance by 100.00%
Reduce width of sprites\hero\hero-idle\hero-idle-6.png by 2 pixels to 48 to improve blit performance by 100.00%
Reduce width of sprites\hero\hero-idle\hero-idle-1.png by 1 pixels to 48 to improve blit performance by 100.00%
Reduce width of sprites\hero\hero-idle\hero-idle-2.png by 2 pixels to 48 to improve blit performance by 100.00%
Reduce width of sprites\hero\hero-idle\hero-idle-3.png by 2 pixels to 48 to improve blit performance by 100.00%
Reduce width of sprites\hero\hero-idle\hero-idle-4.png by 1 pixels to 48 to improve blit performance by 100.00%
Reduce width of sprites\hero\hero-idle\hero-idle-5.png by 2 pixels to 48 to improve blit performance by 100.00%
Reduce width of sprites\hero\hero-idle\hero-idle-6.png by 2 pixels to 48 to improve blit performance by 100.00%
Reduce width of sprites\hero\hero-jump\hero-jump-3.png by 3 pixels to 48 to improve blit performance by 100.00%
Reduce width of sprites\hero\hero-jump\hero-jump-4.png by 3 pixels to 48 to improve blit performance by 100.00%
Reduce width of sprites\hero\hero-jump\hero-jump-3.png by 3 pixels to 48 to improve blit performance by 100.00%
Reduce width of sprites\hero\hero-jump\hero-jump-4.png by 3 pixels to 48 to improve blit performance by 100.00%
Reduce width of sprites\hero\hero-jump\hero-jump-1.png by 7 pixels to 32 to improve blit performance by 100.00%
Reduce width of sprites\hero\hero-jump\hero-jump-2.png by 7 pixels to 32 to improve blit performance by 100.00%
Reduce width of sprites\hero\hero-jump\hero-jump-1.png by 7 pixels to 32 to improve blit performance by 100.00%
Reduce width of sprites\hero\hero-jump\hero-jump-2.png by 7 pixels to 32 to improve blit performance by 100.00%
Reduce width of sprites\hero\hero-run\hero-run-1.png by 3 pixels to 48 to improve blit performance by 100.00%
Reduce width of sprites\hero\hero-run\hero-run-2.png by 4 pixels to 48 to improve blit performance by 100.00%
Reduce width of sprites\hero\hero-run\hero-run-3.png by 4 pixels to 48 to improve blit performance by 100.00%
Reduce width of sprites\hero\hero-run\hero-run-4.png by 8 pixels to 48 to improve blit performance by 100.00%
Reduce width of sprites\hero\hero-run\hero-run-5.png by 11 pixels to 48 to improve blit performance by 100.00%
Reduce width of sprites\hero\hero-run\hero-run-6.png by 9 pixels to 48 to improve blit performance by 100.00%
Reduce width of sprites\hero\hero-run\hero-run-1.png by 3 pixels to 48 to improve blit performance by 100.00%
Reduce width of sprites\hero\hero-run\hero-run-2.png by 4 pixels to 48 to improve blit performance by 100.00%
Reduce width of sprites\hero\hero-run\hero-run-3.png by 4 pixels to 48 to improve blit performance by 100.00%
Reduce width of sprites\hero\hero-run\hero-run-4.png by 8 pixels to 48 to improve blit performance by 100.00%
Reduce width of sprites\hero\hero-run\hero-run-5.png by 11 pixels to 48 to improve blit performance by 100.00%
Reduce width of sprites\hero\hero-run\hero-run-6.png by 9 pixels to 48 to improve blit performance by 100.00%
Reduce width of sprites\skeleton\skeleton-clothed\skeleton-clothed-5.png by 15 pixels to 16 to improve blit performance by 200.00%
Reduce width of sprites\skeleton\skeleton-clothed\skeleton-clothed-6.png by 6 pixels to 16 to improve blit performance by 200.00%
Reduce width of sprites\skeleton\skeleton-clothed\skeleton-clothed-7.png by 1 pixels to 16 to improve blit performance by 200.00%
Reduce width of sprites\skeleton\skeleton-clothed\skeleton-clothed-8.png by 15 pixels to 16 to improve blit performance by 200.00%
Reduce width of sprites\skeleton\skeleton-clothed\skeleton-clothed-2.png by 6 pixels to 16 to improve blit performance by 200.00%
Reduce width of sprites\skeleton\skeleton-clothed\skeleton-clothed-5.png by 15 pixels to 16 to improve blit performance by 200.00%
Reduce width of sprites\skeleton\skeleton-clothed\skeleton-clothed-6.png by 6 pixels to 16 to improve blit performance by 200.00%
Reduce width of sprites\skeleton\skeleton-clothed\skeleton-clothed-7.png by 1 pixels to 16 to improve blit performance by 200.00%
Reduce width of sprites\skeleton\skeleton-clothed\skeleton-clothed-8.png by 15 pixels to 16 to improve blit performance by 200.00%
Reduce width of sprites\skeleton\skeleton-clothed\skeleton-clothed-2.png by 6 pixels to 16 to improve blit performance by 200.00%
Reduce width of sprites\skeleton\skeleton-rise-clothed\skeleton-rise-clothed-2.png by 8 pixels to 16 to improve blit performance by 200.00%
Reduce width of sprites\skeleton\skeleton-rise-clothed\skeleton-rise-clothed-3.png by 12 pixels to 16 to improve blit performance by 200.00%
Reduce width of sprites\skeleton\skeleton-rise-clothed\skeleton-rise-clothed-4.png by 10 pixels to 16 to improve blit performance by 200.00%
Reduce width of sprites\skeleton\skeleton-rise-clothed\skeleton-rise-clothed-5.png by 11 pixels to 16 to improve blit performance by 200.00%
Reduce width of sprites\skeleton\skeleton-rise-clothed\skeleton-rise-clothed-2.png by 8 pixels to 16 to improve blit performance by 200.00%
Reduce width of sprites\skeleton\skeleton-rise-clothed\skeleton-rise-clothed-3.png by 12 pixels to 16 to improve blit performance by 200.00%
Reduce width of sprites\skeleton\skeleton-rise-clothed\skeleton-rise-clothed-4.png by 10 pixels to 16 to improve blit performance by 200.00%
Reduce width of sprites\skeleton\skeleton-rise-clothed\skeleton-rise-clothed-5.png by 11 pixels to 16 to improve blit performance by 200.00%

=== Estimated memory usages ===

For chip:
Map gfx (level gfx bundle 1): 146880
Music memory (): 0
BP Buffer memory: 157872
core sfx/gfx memory: 326488
Parallax memory: 0

For other:
Map cache memory: 3350
Map header cache memory: 3350
Map data memory: 24476
Map background memory: 2672
EXE memory: 202096
vm memory: 9000
project memory: 10330

Accounted memory chip: 631240
Accounted memory other: 255274
Accounted memory total: 886514

=== Misc ===
Maps and Asset Bundles Count: 2
Maps and Asset Bundles Data Size: 24
Actor Count: 11
Actor Data Size: 2200
Block Count: 9
Block Data Size: 468
Anim5 Count: 0
Anim5 Data Size: 0
Sound Count: 6
Sound Data Size: 144
Teleporter Count: 1
Teleporter Data Size: 8
Animations Count: 28
Animations Data Size: 448
AnimationFrame Count: 121
AnimationFrame Data Size: 1936
ImageFrames: 110
ImageFrame Data Size: 4840
Sprites: 3
Sprites Data Size: 42
Attack Data: 2
Attack Data Size: 132
Misc data size: 86
Asset bundle 0 (Core project asset bundle) Original size 326488 Crunched size 101176
Asset bundle 1 (map_new) Original size 146880 Crunched size 59462
Background for map map_new Original size 2672 Crunched size 96
Tile data for map map_new (mem restrictions:None) Original size 24476 Crunched size 3350
Header data for map map_new Original size 7996 Crunched size 448
Project Data Original size 10330 Crunched size 3308
Project Header Original size 4032 Crunched size 1228
Panel scorpion_eng_splashscreen Original size 35944 Crunched size 3280
Panel title Original size 47460 Crunched size 11282
Project virtual machine (codeblocks) Original size 9000 Crunched size 2732
Project virtual machine redirects Original size 4 Crunched size 4

=== Possibly unused animations ===
ghost_r
hero_attack2_r
hero_attack2_l

=== Possibly unused sound effects ===
attack
hurt
jump

=== Codeblocks by compiled size ===
load_level: 1012
set_yresolution: 448 (Unused?)
do_teleport: 362
flipscreen_smooth: 346 (Unused?)
flipxymove: 306 (Unused?)
pause: 252 (Unused?)
on_hurt_player: 204
snap_to_screen: 190 (Unused?)
pre_startup: 188
player_hurt_handler: 184
flipymove: 174 (Unused?)
startup: 166
flipxmove: 158
player_control_handler: 158
bg_handler: 154 (Unused?)
load_panel: 146
pre_quit: 146
on_skeleton_risen: 126
destroy_all_blocks: 124 (Unused?)
color_on: 124
on_try_spawn_skeleton_left: 120
on_try_spawn_skeleton_right: 120
unload_level: 114
on_spawn_skeleton: 114
reset_level: 112
player_handler: 108
load_panel_bottom: 96 (Unused?)
load_panel_top: 96 (Unused?)
waitforfireup: 94
unload_panel: 92
wrap_screen_bottom: 92 (Unused?)
wrap_screen_right: 92 (Unused?)
waitforfiredown: 90
wrap_screen_left: 88 (Unused?)
wrap_screen_top: 88 (Unused?)
flipscreen: 86 (Unused?)
pre_anim5: 86 (Unused?)
waitforfirehit: 86
player_crouch_handler: 86
fadeout: 84
on_kill_enemy: 80
waitforframes: 78
color_off: 70
quit: 66 (Unused?)
destroy_all_actors: 62 (Unused?)
jump_actor: 62
load_music: 62 (Unused?)
unload_panel_bottom: 62
unload_panel_top: 62
fadein: 58
load_panel_finish: 56
destroy_actor: 54
regenerate_screen: 52
return: 52 (Unused?)
destroy_block: 48 (Unused?)
key_up_pressed: 44
regenerate_screen_wait: 42
on_leave_left: 42
on_leave_right: 42
key_down_pressed: 38
key_left_pressed: 38
key_right_pressed: 38
key_attack_pressed: 32
key_down_released: 32
key_left_released: 32
key_right_released: 32
key_up_released: 32
debug_dump: 30 (Unused?)
vm_registers: 26 (Unused?)
vm_constants: 26 (Unused?)
debug_breakpoint: 26 (Unused?)
vm_constants_controlbits: 26 (Unused?)
vm_constants_notes: 26 (Unused?)
vm_constants_tile_properties: 26 (Unused?)
vm_constants_platform: 26 (Unused?)
