=== Image optimisations ===
Reduce width of sprites\shipmast.png by 9 pixels to 32 to reduce sprites by 2

=== Estimated memory usages ===

For chip:
Map gfx (Panel: scorpion_eng_splashscreen): 35930
Music memory (): 0
BP Buffer memory: 155200
core sfx/gfx memory: 17904
Parallax memory: 26752

For other:
Map cache memory: 0
Map header cache memory: 0
Map data memory: 10188
Map background memory: 2984
EXE memory: 202600
vm memory: 7142
project memory: 1956

Accounted memory chip: 235786
Accounted memory other: 224870
Accounted memory total: 460656

=== Misc ===
Maps and Asset Bundles Count: 2
Maps and Asset Bundles Data Size: 24
Actor Count: 4
Actor Data Size: 800
Block Count: 2
Block Data Size: 104
Anim5 Count: 0
Anim5 Data Size: 0
Sound Count: 1
Sound Data Size: 24
Teleporter Count: 1
Teleporter Data Size: 8
Animations Count: 11
Animations Data Size: 176
AnimationFrame Count: 14
AnimationFrame Data Size: 224
ImageFrames: 11
ImageFrame Data Size: 484
Sprites: 2
Sprites Data Size: 28
Attack Data: 1
Attack Data Size: 66
Misc data size: 16
Asset bundle 0 (Core project asset bundle) Original size 17904 Crunched size 4870
Asset bundle 1 (map) Original size 8160 Crunched size 2284
Background for map map Original size 2984 Crunched size 348
Tile data for map map (mem restrictions:None) Original size 10188 Crunched size 554
Header data for map map Original size 7996 Crunched size 268
Parallax for map map Original size 26752 Crunched size 2678
Project Data Original size 1956 Crunched size 554
Project Header Original size 4032 Crunched size 1188
Panel scorpion_eng_splashscreen Original size 35930 Crunched size 3268
Project virtual machine (codeblocks) Original size 7142 Crunched size 2266
Project virtual machine redirects Original size 4 Crunched size 4

=== Codeblocks by compiled size ===
load_level: 1012
set_yresolution: 448 (Unused?)
do_teleport: 362
flipscreen_smooth: 346 (Unused?)
flipxymove: 306 (Unused?)
ship_landed: 274
pause: 252 (Unused?)
snap_to_screen: 190 (Unused?)
pre_startup: 188
flipymove: 174 (Unused?)
flipxmove: 158 (Unused?)
startup: 158
load_panel: 146
pre_quit: 146
destroy_all_blocks: 124 (Unused?)
unload_level: 114
load_panel_bottom: 96 (Unused?)
load_panel_top: 96 (Unused?)
waitforfireup: 94
unload_panel: 92
wrap_screen_bottom: 92 (Unused?)
wrap_screen_right: 92 (Unused?)
waitforfiredown: 90
wrap_screen_left: 88 (Unused?)
wrap_screen_top: 88 (Unused?)
flipscreen: 86 (Unused?)
pre_anim5: 86 (Unused?)
waitforfirehit: 86
fadeout: 84
waitforframes: 78
quit: 66 (Unused?)
destroy_all_actors: 62 (Unused?)
jump_actor: 62 (Unused?)
load_music: 62 (Unused?)
unload_panel_bottom: 62
unload_panel_top: 62
fadein: 58
ship_spawn: 58
load_panel_finish: 56
destroy_actor: 54
regenerate_screen: 52
return: 52 (Unused?)
destroy_block: 48 (Unused?)
regenerate_screen_wait: 42
debug_dump: 30 (Unused?)
vm_registers: 26 (Unused?)
vm_constants: 26 (Unused?)
debug_breakpoint: 26 (Unused?)
vm_constants_controlbits: 26 (Unused?)
vm_constants_notes: 26 (Unused?)
vm_constants_tile_properties: 26 (Unused?)
vm_constants_platform: 26 (Unused?)
