=== Image optimisations ===
Reduce width of sprites\big_shot_1.png by 1 pixels to 32 to reduce sprites by 1
Reduce width of sprites\big_shot_2.png by 5 pixels to 32 to reduce sprites by 1
Reduce width of sprites\big_shot_3.png by 9 pixels to 32 to reduce sprites by 1
Reduce width of sprites\big_shot_4.png by 15 pixels to 32 to reduce sprites by 1

=== Misc ===
Actor Count: 5
Actor Data Size: 1480
Block Count: 1
Block Data Size: 52
Anim5 Count: 1
Anim5 Data Size: 4
Sound Count: 1
Sound Data Size: 32
Teleporter Count: 1
Teleporter Data Size: 8
Animations Count: 5
Animations Data Size: 80
AnimationFrame Count: 14
AnimationFrame Data Size: 224
ImageFrames: BlitzTool.BlitzWord
ImageFrame Data Size: 768
Crunching Panel scorpion_eng_splashscreen as 0.img. Original size: 37106. Crunched size: 3308
Crunching Project virtual machine (codeblocks) as project.vm. Original size: 6552. Crunched size: 1788
Crunching Project virtual machine redirects as project.rd. Original size: 4. Crunched size: 4
Crunching Header data for map map as 1.mhd. Original size: 9788. Crunched size: 298
Crunching Data for map map as 1.map. Original size: 1428. Crunched size: 486
Crunching Background for map map as 1.bg. Original size: 2672. Crunched size: 92
Crunching Asset bundle 0 as 0.gfx. Original size: 2256. Crunched size: 1102
Crunching Asset bundle 1 as 1.gfx. Original size: 17536. Crunched size: 6632
Crunching Project data as project.dat. Original size: 2648. Crunched size: 500
Crunching Scorpion header as project.hd. Original size: 4036. Crunched size: 1190

Estimated memory usages:

For chip:
Map gfx (Panel: scorpion_eng_splashscreen): 37106
Music memory: 0
BP Buffer memory: 87360
core sfx/gfx memory: 2256
Parallax memory: 0

For other:
Map cache memory: 0
Map header cache memory: 0
Map data memory: 1428
Map background memory: 2672
EXE memory: 194920
vm memory: 6552
project memory: 2648

Accounted memory chip: 126722
Accounted memory other: 208220
Accounted memory total: 334942
