Compiled on Wednesday, 10 July 2024 10:39:34 p.m.
Version string: SE2024.1.240710.14.52.EX

ImageFrames: 5
ImageFrame Data Size: 240
Actor Count: 2
Actor Data Size: 360
Animations Count: 3
Animations Data Size: 48
AnimationFrame Count: 10
AnimationFrame Data Size: 160
Map block data for new_map Original size 324 Crunched size 6
Misc Data (paths, hurt boxes etc) Original size 2 Crunched size 2
XGM Null sound Original size 256 Crunched size 256
XGM Null song Original size 172 Crunched size 172
XGM 68K Plugin Driver Original size 812 Crunched size 812
XGM Core Driver Original size 5888 Crunched size 5888
Project sound Original size 28 Crunched size 28
Default MD font Original size 2048 Crunched size 2048
Project virtual machine (codeblocks) Original size 8142 Crunched size 8142
Panel  Original size 10350 Crunched size 10350
Project blocks Original size 68 Crunched size 68
Images Original size 240 Crunched size 240
Project actors Original size 360 Crunched size 360
Project patterns Original size 32 Crunched size 32
Map tile data  new_map Original size 324 Crunched size 13
Tile data for map new_map (mem restrictions:None) Original size 512 Crunched size 512
Pattern data for 1 Original size 52 Crunched size 52
Map event data for new_map Original size 40 Crunched size 40
Get Y lookup table new_map Original size 72 Crunched size 72
Map path node data for new_map Original size 12 Crunched size 12
Header data for map new_map Original size 8000 Crunched size 8000
Project name table Original size 40 Crunched size 40
Streamed project patterns Original size 1824 Crunched size 1824
Animations Original size 48 Crunched size 48
Animation Frames Original size 160 Crunched size 160
Project Header Original size 2902 Crunched size 2902
Var Data Original size 14 Crunched size 14
Attack Data Original size 176 Crunched size 176
Teleporters Original size 8 Crunched size 8
Commands for Joystick 1 Original size 12 Crunched size 12

=== Accounted Memory Usage ===
(Note that this isn't a full account of memory usage, just the memory we can account for)
RAM reserved for level tiles: (largest level: new_map): 648
memory reserved for active actors on screen (32): 4616
memory reserved for dormant actors in map (256): 9216

Total: 14480 bytes

=== Possibly unused Actors ===
player1

=== Codeblocks by compiled size ===
load_level: 528
do_teleport: 404
set_yresolution: 390 (Unused?)
column_scroll_loop: 356
pre_startup: 342
flipscreen_smooth: 310 (Unused?)
flipxymove: 278 (Unused?)
block_find: 206 (Unused?)
waitforframes: 194
player1_autogen_attack: 184
startup: 182
block_count: 178 (Unused?)
check_talkpad: 172 (Unused?)
flipymove: 162 (Unused?)
snap_to_screen: 158 (Unused?)
pre_quit: 152 (Unused?)
load_panel: 146
flipxmove: 142 (Unused?)
unload_level: 142
pause: 138
destroy_all_blocks: 128 (Unused?)
pre_load_level: 122
waitforfireup: 114
fadein: 112
waitforfiredown: 110
unload_panel: 106
load_panel_bottom: 96 (Unused?)
load_panel_top: 96 (Unused?)
destroy_child_actors: 94 (Unused?)
fadeout: 88
pre_anim5: 86 (Unused?)
waitforfirehit: 86
load_music_finish: 76
wrap_screen_bottom: 76 (Unused?)
wrap_screen_right: 76 (Unused?)
flipscreen: 72 (Unused?)
wrap_screen_left: 72 (Unused?)
wrap_screen_top: 72 (Unused?)
load_music: 70 (Unused?)
jump_actor: 66 (Unused?)
load_panel_finish: 66
unload_panel_bottom: 62
unload_panel_top: 62
destroy_all_actors: 60 (Unused?)
destroy_actor: 58
regenerate_screen: 58
destroy_block: 52 (Unused?)
return: 52 (Unused?)
quit: 50 (Unused?)
regenerate_screen_wait: 46
freeze_actor: 40 (Unused?)
unfreeze_actor: 40 (Unused?)
block_coll_force: 32 (Unused?)
block_coll_passthru: 32 (Unused?)
clear_block_collision: 32
vm_registers: 26 (Unused?)
debug_breakpoint: 26 (Unused?)
set_ntsc: 26
vm_constants_tile_properties: 26 (Unused?)
