Crunching song.mod as 1.mus. Original size: 78332. Crunched size: 46572
Actor Count: 2
Actor Data Size: 520
Block Count: 16
Block Data Size: 832
Anim5 Count: 1
Anim5 Data Size: 4
Sound Count: 7
Sound Data Size: 56
Teleporter Count: 1
Teleporter Data Size: 8
Animations Count: 9
Animations Data Size: 144
AnimationFrame Count: 54
AnimationFrame Data Size: 3456
Crunching Panel pnl_title as 1.img. Original size: 43634. Crunched size: 7208
Crunching Project graphics as project.gfx. Original size: 67640. Crunched size: 24130
Crunching Project virtual machine (codeblocks) as project.vm. Original size: 838. Crunched size: 328
Crunching Data for map soniclevel as 1.map. Original size: 17520. Crunched size: 1086
Crunching GFX tiles for map soniclevel as 1.gfx. Original size: 16000. Crunched size: 4660
Crunching Project data as project.dat. Original size: 5088. Crunched size: 1076
