Default MD font Original size 2048 Crunched size 2048
Default MD number font Original size 320 Crunched size 320
Project virtual machine (codeblocks) Original size 7770 Crunched size 7770
Panel  Original size 10332 Crunched size 10332
Project blocks Original size 68 Crunched size 68
Project actors Original size 1128 Crunched size 1128
Project patterns Original size 7712 Crunched size 7712
Pattern data for 1 Original size 64 Crunched size 64
Dynamic pattern data for 1 Original size 32 Crunched size 32
Map header new_map Original size 8760 Crunched size 8760
Get Y lookup table new_map Original size 72 Crunched size 72
Map tile data  new_map Original size 468 Crunched size 41
Map block data for new_map Original size 468 Crunched size 6
Map path node data for new_map Original size 12 Crunched size 12
Map event data for new_map Original size 32 Crunched size 32
Project name table Original size 208 Crunched size 208
Streamed project patterns Original size 5376 Crunched size 5376
Images Original size 856 Crunched size 856
Animations Original size 272 Crunched size 272
Animation Frames Original size 496 Crunched size 496
Mega Drive header Original size 2894 Crunched size 2894
Teleporters Original size 8 Crunched size 8
Var Data Original size 16 Crunched size 16
Attack Data Original size 132 Crunched size 132

=== Possibly unused animations ===
alexkidd_punch_r
alexkidd_punch_l

=== Possibly unused Actors ===
alexkidd
lightcircle
ringshot
waterfall

=== Codeblocks by compiled size ===
load_level: 686
set_yresolution: 386 (Unused?)
do_teleport: 348
flipscreen_smooth: 306 (Unused?)
flipxymove: 250 (Unused?)
waitforframes: 186
pre_startup: 182
check_talkpad: 168 (Unused?)
startup: 168
snap_to_screen: 158
flipymove: 146 (Unused?)
load_panel: 146
pre_quit: 144 (Unused?)
flipxmove: 130 (Unused?)
AUTOGEN_OUTOFSCREEN_destroy_actor_destroy_actor_destroy_actor_destroy_actor: 130
pause: 126 (Unused?)
destroy_all_blocks: 120 (Unused?)
load_music: 118 (Unused?)
pre_load_level: 118
unload_level: 114
waitforfireup: 106
fadein: 102
waitforfiredown: 102
load_panel_bottom: 96 (Unused?)
load_panel_top: 96 (Unused?)
unload_panel: 92
destroy_child_actors: 90 (Unused?)
pre_anim5: 86 (Unused?)
waitforfirehit: 86
autogen_alexkidd_punch_jump_l_0: 86
autogen_alexkidd_punch_l_0: 86
fadeout: 84
autogen_alexkidd_punch_jump_r_0: 84
autogen_alexkidd_punch_r_0: 84
AUTOGEN_OUTOFSCREEN_snap_to_screen_snap_to_screen_None_None: 78
wrap_screen_bottom: 76 (Unused?)
wrap_screen_right: 76 (Unused?)
wrap_screen_left: 72 (Unused?)
wrap_screen_top: 72 (Unused?)
flipscreen: 70 (Unused?)
load_music_finish: 64
jump_actor: 62 (Unused?)
unload_panel_bottom: 62
unload_panel_top: 62
destroy_all_actors: 56 (Unused?)
load_panel_finish: 56
destroy_actor: 54
shadow_offset: 54
regenerate_screen: 52
return: 52 (Unused?)
destroy_block: 48 (Unused?)
quit: 46 (Unused?)
regenerate_screen_wait: 42
freeze_actor: 36 (Unused?)
unfreeze_actor: 36 (Unused?)
block_coll_force: 32 (Unused?)
block_coll_passthru: 32 (Unused?)
vm_registers: 26 (Unused?)
vm_constants: 26 (Unused?)
debug_breakpoint: 26 (Unused?)
vm_constants_audiodriver: 26 (Unused?)
vm_constants_controlbits: 26 (Unused?)
vm_constants_notes: 26 (Unused?)
vm_constants_platform: 26 (Unused?)
vm_constants_tile_properties: 26 (Unused?)
