=== Image optimisations ===
Reduce width of sprites\bighand.png by 5 pixels to 112 to improve blit performance by 100.00%
Reduce width of sprites\cat-happy-left.png by 6 pixels to 48 to improve blit performance by 100.00%
Reduce width of sprites\cat-happy-right.png by 6 pixels to 48 to improve blit performance by 100.00%
Reduce width of sprites\cat-left-1.png by 6 pixels to 48 to improve blit performance by 100.00%
Reduce width of sprites\cat-left-1.png by 6 pixels to 48 to improve blit performance by 100.00%
Reduce width of sprites\cat-left-2.png by 9 pixels to 48 to improve blit performance by 100.00%
Reduce width of sprites\cat-right-1.png by 6 pixels to 48 to improve blit performance by 100.00%
Reduce width of sprites\cat-right-1.png by 6 pixels to 48 to improve blit performance by 100.00%
Reduce width of sprites\cat-right-2.png by 9 pixels to 48 to improve blit performance by 100.00%

=== Misc ===
Actor Count: 6
Actor Data Size: 1752
Block Count: 3
Block Data Size: 156
Anim5 Count: 1
Anim5 Data Size: 4
Sound Count: 7
Sound Data Size: 112
Teleporter Count: 1
Teleporter Data Size: 8
Animations Count: 17
Animations Data Size: 272
AnimationFrame Count: 25
AnimationFrame Data Size: 1700
Crunching Panel column_destroy as 1.img. Original size: 39802. Crunched size: 26908
Crunching Panel column_fix as 2.img. Original size: 39802. Crunched size: 22264
Crunching Panel title as 3.img. Original size: 55002. Crunched size: 10506
Crunching Panel tryagain as 4.img. Original size: 16602. Crunched size: 908
Crunching Project virtual machine (codeblocks) as project.vm. Original size: 4220. Crunched size: 1358
Crunching Data for map lvl_cat as 1.map. Original size: 12860. Crunched size: 624
Crunching Data for map lvl_cat2 as 2.map. Original size: 12860. Crunched size: 626
Crunching Data for map lvl_column as 3.map. Original size: 12860. Crunched size: 426
Crunching Data for map lvl_endscreen as 4.map. Original size: 12860. Crunched size: 462
Crunching Data for map lvl_sew as 5.map. Original size: 18800. Crunched size: 2758
Crunching Data for map lvl_sew2 as 6.map. Original size: 18800. Crunched size: 2786
Crunching Data for map lvl_spider as 7.map. Original size: 12860. Crunched size: 664
Crunching Asset bundle 0 as 0.gfx. Original size: 97116. Crunched size: 33608
Crunching Asset bundle 1 as 1.gfx. Original size: 19680. Crunched size: 3286
Crunching Asset bundle 2 as 2.gfx. Original size: 19520. Crunched size: 3298
Crunching Asset bundle 3 as 3.gfx. Original size: 6240. Crunched size: 1020
Crunching Asset bundle 4 as 4.gfx. Original size: 9760. Crunched size: 2830
Crunching Asset bundle 5 as 5.gfx. Original size: 137280. Crunched size: 96242
Crunching Asset bundle 6 as 6.gfx. Original size: 137280. Crunched size: 96092
Crunching Asset bundle 7 as 7.gfx. Original size: 22720. Crunched size: 3812
Crunching Project data as project.dat. Original size: 6976. Crunched size: 1944
