Attack Data Original size 132 Crunched size 132
Default MD font Original size 2048 Crunched size 2048
Map event data for new_map Original size 32 Crunched size 32
Map header new_map Original size 9660 Crunched size 9660
Map block data for new_map Original size 952 Crunched size 94
Map path node data for new_map Original size 12 Crunched size 12
Map tile data  new_map Original size 952 Crunched size 110
Get Y lookup table new_map Original size 136 Crunched size 136
Default MD number font Original size 320 Crunched size 320
Project name table Original size 1912 Crunched size 1912
Project actors Original size 752 Crunched size 752
Project blocks Original size 136 Crunched size 136
Teleporters Original size 8 Crunched size 8
Animation Frames Original size 80 Crunched size 80
Mega Drive header Original size 3660 Crunched size 3660
Images Original size 92 Crunched size 92
Panel  Original size 10322 Crunched size 10322
Panel md_parallax Original size 4658 Crunched size 4658
Animations Original size 64 Crunched size 64
Project patterns Original size 32 Crunched size 32
Pattern data for 1 Original size 2446 Crunched size 2446
Streamed project patterns Original size 27232 Crunched size 27232
Project sound Original size 24 Crunched size 24
Var Data Original size 16 Crunched size 16
Project virtual machine (codeblocks) Original size 7956 Crunched size 7956

=== Possibly unused Actors ===
playershot
player

=== Codeblocks by compiled size ===
load_level: 906
set_yresolution: 388 (Unused?)
do_teleport: 372
flipscreen_smooth: 346 (Unused?)
flipxymove: 306 (Unused?)
levelmanager: 274
pre_startup: 262
pause: 252 (Unused?)
snap_to_screen: 190
flipymove: 174 (Unused?)
startup: 174
flipxmove: 158 (Unused?)
AUTOGEN_OUTOFSCREEN_destroy_actor_destroy_actor_destroy_actor_destroy_actor: 156
AUTOGEN_OUTOFSCREEN_snap_to_screen_snap_to_screen_snap_to_screen_snap_to_screen: 156
load_panel: 146
pre_quit: 146 (Unused?)
enemyshotspawn: 136
AUTOGEN_OUTOFSCREEN_destroy_actor_destroy_actor_None_destroy_actor: 126
destroy_all_blocks: 124 (Unused?)
pre_load_level: 118
unload_level: 114
palette_cycle: 112
load_panel_bottom: 96 (Unused?)
load_panel_top: 96 (Unused?)
waitforfireup: 94
unload_panel: 92
wrap_screen_bottom: 92 (Unused?)
wrap_screen_right: 92 (Unused?)
waitforfiredown: 90
wrap_screen_left: 88 (Unused?)
wrap_screen_top: 88 (Unused?)
flipscreen: 86 (Unused?)
pre_anim5: 86 (Unused?)
waitforfirehit: 86
fadeout: 84
enemyshothit: 82
playerhitboss: 82
waitforframes: 78
destroy_all_actors: 62 (Unused?)
jump_actor: 62 (Unused?)
load_music: 62 (Unused?)
unload_panel_bottom: 62
unload_panel_top: 62
fadein: 58
load_panel_finish: 56
destroy_actor: 54
regenerate_screen: 52
return: 52 (Unused?)
destroy_block: 48 (Unused?)
quit: 46 (Unused?)
regenerate_screen_wait: 42
vm_registers: 26 (Unused?)
vm_constants: 26 (Unused?)
debug_breakpoint: 26 (Unused?)
vm_constants_controlbits: 26 (Unused?)
vm_constants_notes: 26 (Unused?)
vm_constants_tile_properties: 26 (Unused?)
vm_constants_platform: 26 (Unused?)
