=== Image optimisations ===

=== Estimated memory usages ===

For chip:
Map gfx (level gfx bundle 1): 38080
Music memory (): 0
BP Buffer memory: 131520
core sfx/gfx memory: 3608
Parallax memory: 57600

For other:
Map cache memory: 0
Map header cache memory: 0
Map data memory: 5092
Map background memory: 2672
EXE memory: 206484
vm memory: 8096
project memory: 1470

Accounted memory chip: 230808
Accounted memory other: 223814
Accounted memory total: 454622

=== Misc ===
Maps and Asset Bundles Count: 2
Maps and Asset Bundles Data Size: 24
Actor Count: 4
Actor Data Size: 752
Block Count: 2
Block Data Size: 136
Anim5 Count: 0
Anim5 Data Size: 0
Sound Count: 1
Sound Data Size: 24
Teleporter Count: 1
Teleporter Data Size: 8
Animations Count: 4
Animations Data Size: 64
AnimationFrame Count: 5
AnimationFrame Data Size: 80
ImageFrames: 4
ImageFrame Data Size: 176
Sprites: 4
Sprites Data Size: 56
Attack Data: 2
Attack Data Size: 132
Misc data size: 16
Asset bundle 0 (Core project asset bundle) Original size 3608 Crunched size 688
Asset bundle 1 (new_map) Original size 38080 Crunched size 17652
Background for map new_map Original size 2672 Crunched size 398
Tile data for map new_map (mem restrictions:None) Original size 5092 Crunched size 930
Header data for map new_map Original size 7996 Crunched size 260
Parallax for map new_map Original size 57600 Crunched size 8218
Project Data Original size 1470 Crunched size 376
Project Header Original size 4032 Crunched size 1188
Panel scorpion_eng_splashscreen Original size 35154 Crunched size 3258
Project virtual machine (codeblocks) Original size 8096 Crunched size 2558
Project virtual machine redirects Original size 4 Crunched size 4

=== Possibly unused Actors ===
playershot
player

=== Codeblocks by compiled size ===
load_level: 926
set_yresolution: 448 (Unused?)
do_teleport: 392
flipscreen_smooth: 346 (Unused?)
flipxymove: 306 (Unused?)
pre_startup: 282
levelmanager: 274
pause: 252 (Unused?)
snap_to_screen: 190
flipymove: 174 (Unused?)
startup: 174
flipxmove: 158 (Unused?)
AUTOGEN_OUTOFSCREEN_destroy_actor_destroy_actor_destroy_actor_destroy_actor: 156
AUTOGEN_OUTOFSCREEN_snap_to_screen_snap_to_screen_snap_to_screen_snap_to_screen: 156
load_panel: 146
pre_quit: 146
enemyshotspawn: 136
AUTOGEN_OUTOFSCREEN_destroy_actor_destroy_actor_None_destroy_actor: 126
destroy_all_blocks: 124 (Unused?)
pre_load_level: 118
unload_level: 114
palette_cycle: 112
load_panel_bottom: 96 (Unused?)
load_panel_top: 96 (Unused?)
waitforfireup: 94
unload_panel: 92
wrap_screen_bottom: 92 (Unused?)
wrap_screen_right: 92 (Unused?)
waitforfiredown: 90
wrap_screen_left: 88 (Unused?)
wrap_screen_top: 88 (Unused?)
flipscreen: 86 (Unused?)
pre_anim5: 86 (Unused?)
waitforfirehit: 86
fadeout: 84
enemyshothit: 82
playerhitboss: 82
waitforframes: 78
quit: 66
destroy_all_actors: 62 (Unused?)
jump_actor: 62 (Unused?)
load_music: 62 (Unused?)
unload_panel_bottom: 62
unload_panel_top: 62
fadein: 58
load_panel_finish: 56
destroy_actor: 54
regenerate_screen: 52
return: 52 (Unused?)
destroy_block: 48 (Unused?)
regenerate_screen_wait: 42
vm_registers: 26 (Unused?)
vm_constants: 26 (Unused?)
debug_breakpoint: 26 (Unused?)
vm_constants_controlbits: 26 (Unused?)
vm_constants_notes: 26 (Unused?)
vm_constants_tile_properties: 26 (Unused?)
vm_constants_platform: 26 (Unused?)
