=== Image optimisations ===
Reduce width of sprites\Katana_Pixel.png by 10 pixels to 16 to improve blit performance by 200.00%
Reduce width of sprites\Katana_Pixel.png by 10 pixels to 16 to improve blit performance by 200.00%

=== Estimated memory usages ===

For chip:
Map gfx (Panel: scorpion_eng_splashscreen): 37090
Music memory: 0
BP Buffer memory: 131040
core sfx/gfx memory: 8400
Parallax memory: 0

For other:
Map cache memory: 0
Map header cache memory: 0
Map data memory: 1604
Map background memory: 2672
EXE memory: 211040
vm memory: 7136
project memory: 5472

Accounted memory chip: 176530
Accounted memory other: 227924
Accounted memory total: 404454

=== Misc ===
Maps and Asset Bundles Count: 2
Maps and Asset Bundles Data Size: 24
Actor Count: 4
Actor Data Size: 1184
Block Count: 5
Block Data Size: 260
Anim5 Count: 1
Anim5 Data Size: 1036
Sound Count: 1
Sound Data Size: 32
Teleporter Count: 1
Teleporter Data Size: 8
Animations Count: 14
Animations Data Size: 224
AnimationFrame Count: 33
AnimationFrame Data Size: 528
ImageFrames: 32
ImageFrame Data Size: 2176
Asset bundle 0 (Core project asset bundle) Original size 8400 Crunched size 2252
Asset bundle 1 (new_map) Original size 480 Crunched size 110
Background for map new_map Original size 2672 Crunched size 92
Tile data for map new_map (mem restrictions:None) Original size 1604 Crunched size 240
Header data for map new_map Original size 8756 Crunched size 322
Project Data Original size 5472 Crunched size 1002
Project Header Original size 4040 Crunched size 1190
Panel scorpion_eng_splashscreen Original size 37090 Crunched size 3292
Project virtual machine (codeblocks) Original size 7136 Crunched size 1944
Project virtual machine redirects Original size 4 Crunched size 4
