=== Image optimisations ===
Reduce width of anims\deadfox.png by 4 pixels to 16 to improve blit performance by 200.00%

=== Estimated memory usages ===

For chip:
Map gfx (Panel: md_parallax): 84580
Music memory (song): 76316
BP Buffer memory: 163840
core sfx/gfx memory: 15324
Parallax memory: 41216

For other:
Map cache memory: 0
Map header cache memory: 0
Map data memory: 4080
Map background memory: 3088
EXE memory: 202096
vm memory: 8262
project memory: 3412

Accounted memory chip: 381276
Accounted memory other: 220938
Accounted memory total: 602214

=== Misc ===
Maps and Asset Bundles Count: 2
Maps and Asset Bundles Data Size: 24
Actor Count: 11
Actor Data Size: 2200
Block Count: 1
Block Data Size: 52
Anim5 Count: 0
Anim5 Data Size: 0
Sound Count: 4
Sound Data Size: 96
Teleporter Count: 1
Teleporter Data Size: 8
Animations Count: 10
Animations Data Size: 160
AnimationFrame Count: 12
AnimationFrame Data Size: 192
ImageFrames: 11
ImageFrame Data Size: 484
Sprites: 7
Sprites Data Size: 98
Attack Data: 1
Attack Data Size: 66
Misc data size: 30
Asset bundle 0 (Core project asset bundle) Original size 15324 Crunched size 3922
Asset bundle 1 (level1) Original size 16360 Crunched size 2438
Background for map level1 Original size 3088 Crunched size 598
Music file song Original size 76316 Crunched size 46970
Tile data for map level1 (mem restrictions:No_Blocks) Original size 4080 Crunched size 386
Header data for map level1 Original size 7996 Crunched size 248
Parallax for map level1 Original size 41216 Crunched size 4144
Project Data Original size 3412 Crunched size 736
Project Header Original size 4032 Crunched size 1194
Panel scorpion_eng_splashscreen Original size 35944 Crunched size 3280
Panel md_parallax Original size 84580 Crunched size 1976
Panel ui Original size 5688 Crunched size 744
Panel ui_megadrive Original size 17208 Crunched size 886
Project virtual machine (codeblocks) Original size 8262 Crunched size 2658
Project virtual machine redirects Original size 4 Crunched size 4

=== Codeblocks by compiled size ===
load_level: 1012
set_yresolution: 448
levelstartloop: 448
startup: 382
do_teleport: 362
flipscreen_smooth: 346 (Unused?)
flipxymove: 306 (Unused?)
pause: 252 (Unused?)
poleoffscreen: 234
snap_to_screen: 190 (Unused?)
pre_startup: 188
flipymove: 174 (Unused?)
flipxmove: 158 (Unused?)
playerdead: 156
load_panel: 146
pre_quit: 146
planehandler: 132
destroy_all_blocks: 124 (Unused?)
unload_level: 114
load_panel_bottom: 96
load_panel_top: 96 (Unused?)
waitforfireup: 94
unload_panel: 92
wrap_screen_bottom: 92 (Unused?)
wrap_screen_right: 92 (Unused?)
waitforfiredown: 90
wrap_screen_left: 88 (Unused?)
wrap_screen_top: 88 (Unused?)
flipscreen: 86 (Unused?)
pre_anim5: 86 (Unused?)
waitforfirehit: 86
spawnpole: 86
fadeout: 84
destroy_plane_offscreen: 84
waitforframes: 78
quit: 66
destroy_all_actors: 62 (Unused?)
jump_actor: 62 (Unused?)
load_music: 62
unload_panel_bottom: 62
unload_panel_top: 62
fadein: 58
load_panel_finish: 56
destroy_actor: 54
regenerate_screen: 52
return: 52 (Unused?)
destroy_block: 48 (Unused?)
autoscroll: 48
regenerate_screen_wait: 42
debug_dump: 30 (Unused?)
vm_registers: 26 (Unused?)
vm_constants: 26 (Unused?)
debug_breakpoint: 26 (Unused?)
vm_constants_controlbits: 26 (Unused?)
vm_constants_notes: 26 (Unused?)
vm_constants_tile_properties: 26 (Unused?)
vm_constants_platform: 26 (Unused?)
savedata: 26 (Unused?)
