=== Image optimisations ===
Reduce width of anims\jump1.png by 1 pixels to 16 to reduce sprites by 2
Reduce width of anims\jump1.png by 1 pixels to 16 to reduce sprites by 2
Reduce width of anims\walk4.png by 1 pixels to 16 to reduce sprites by 2
Reduce width of anims\walk4.png by 1 pixels to 16 to reduce sprites by 2

=== Estimated memory usages ===

For chip:
Map gfx (Panel: scorpion_eng_splashscreen): 37090
Music memory: 0
BP Buffer memory: 131520
core sfx/gfx memory: 3680
Parallax memory: 0

For other:
Map cache memory: 0
Map header cache memory: 0
Map data memory: 3240
Map background memory: 2672
EXE memory: 211040
vm memory: 6834
project memory: 3996

Accounted memory chip: 172290
Accounted memory other: 227782
Accounted memory total: 400072

=== Misc ===
Maps and Asset Bundles Count: 2
Maps and Asset Bundles Data Size: 24
Actor Count: 3
Actor Data Size: 888
Block Count: 2
Block Data Size: 104
Anim5 Count: 1
Anim5 Data Size: 1036
Sound Count: 1
Sound Data Size: 32
Teleporter Count: 1
Teleporter Data Size: 8
Animations Count: 11
Animations Data Size: 176
AnimationFrame Count: 23
AnimationFrame Data Size: 368
ImageFrames: 20
ImageFrame Data Size: 1360
Asset bundle 0 (Core project asset bundle) Original size 3680 Crunched size 1604
Asset bundle 1 (new_map) Original size 11692 Crunched size 2362
Background for map new_map Original size 2672 Crunched size 92
Tile data for map new_map (mem restrictions:None) Original size 3240 Crunched size 630
Header data for map new_map Original size 8756 Crunched size 256
Project Data Original size 3996 Crunched size 668
Project Header Original size 4040 Crunched size 1188
Panel scorpion_eng_splashscreen Original size 37090 Crunched size 3292
Project virtual machine (codeblocks) Original size 6834 Crunched size 1844
Project virtual machine redirects Original size 4 Crunched size 4
