=== Image optimisations ===
Reduce width of sprites\beam\b2.png by 14 pixels to 48 to reduce sprites by 1
Reduce width of sprites\beam\b3.png by 12 pixels to 48 to reduce sprites by 1
Reduce width of sprites\beam\b4.png by 4 pixels to 48 to reduce sprites by 1
Reduce width of sprites\beam\b2.png by 14 pixels to 48 to reduce sprites by 1
Reduce width of sprites\beam\b3.png by 12 pixels to 48 to reduce sprites by 1
Reduce width of sprites\beam\b4.png by 4 pixels to 48 to reduce sprites by 1
Reduce width of sprites\elves\elves_carry_00x01.png by 12 pixels to 48 to reduce sprites by 2
Reduce width of sprites\elves\elves_carry_00x02.png by 12 pixels to 48 to reduce sprites by 2
Reduce width of sprites\elves\elves_carry_00x03.png by 12 pixels to 48 to reduce sprites by 2
Reduce width of sprites\elves\elves_carry_00x00.png by 12 pixels to 48 to reduce sprites by 2
Reduce width of sprites\elves\elves_carry_00x00.png by 12 pixels to 48 to reduce sprites by 2
Reduce width of sprites\enemy\pumpkin.png by 14 pixels to 16 to improve blit performance by 200.00%
Reduce width of sprites\enemy\pumpkin.png by 14 pixels to 16 to improve blit performance by 200.00%
Reduce width of sprites\enemy\rabbit.png by 4 pixels to 32 to improve blit performance by 100.00%
Reduce width of sprites\enemy\rabbit.png by 4 pixels to 32 to improve blit performance by 100.00%
Reduce width of sprites\enemy\rabbit_caught.png by 14 pixels to 32 to improve blit performance by 100.00%
Reduce width of sprites\enemy\snowman_caught.png by 14 pixels to 32 to improve blit performance by 100.00%
Reduce width of sprites\enemy\witch.png by 10 pixels to 32 to improve blit performance by 100.00%
Reduce width of sprites\enemy\witch.png by 10 pixels to 32 to improve blit performance by 100.00%
Reduce width of sprites\enemy\witch_caught.png by 14 pixels to 32 to improve blit performance by 100.00%

=== Estimated memory usages ===

For chip:
Map gfx (Panel: store): 53736
Music memory (): 0
BP Buffer memory: 96096
core sfx/gfx memory: 130032
Parallax memory: 0

For other:
Map cache memory: 1378
Map header cache memory: 1378
Map data memory: 7128
Map background memory: 2672
EXE memory: 202096
vm memory: 16498
project memory: 8986

Accounted memory chip: 279864
Accounted memory other: 240136
Accounted memory total: 520000

=== Misc ===
Maps and Asset Bundles Count: 2
Maps and Asset Bundles Data Size: 24
Actor Count: 25
Actor Data Size: 5000
Block Count: 6
Block Data Size: 312
Anim5 Count: 0
Anim5 Data Size: 0
Sound Count: 9
Sound Data Size: 216
Teleporter Count: 1
Teleporter Data Size: 8
Animations Count: 23
Animations Data Size: 368
AnimationFrame Count: 46
AnimationFrame Data Size: 736
ImageFrames: 43
ImageFrame Data Size: 1892
Sprites: 13
Sprites Data Size: 182
Attack Data: 2
Attack Data Size: 132
Misc data size: 114
Asset bundle 0 (Core project asset bundle) Original size 130032 Crunched size 39210
Asset bundle 1 (map) Original size 17024 Crunched size 3484
Background for map map Original size 2672 Crunched size 92
Tile data for map map (mem restrictions:None) Original size 7128 Crunched size 1378
Header data for map map Original size 7996 Crunched size 254
Project Data Original size 8986 Crunched size 1860
Project Header Original size 4032 Crunched size 1196
Panel scorpion_eng_splashscreen Original size 35944 Crunched size 3280
Panel emptypanel Original size 53092 Crunched size 2342
Panel main_panel Original size 47460 Crunched size 4570
Panel store Original size 53736 Crunched size 5040
Panel title_panel Original size 47460 Crunched size 14630
Panel ui Original size 18022 Crunched size 2448
Project virtual machine (codeblocks) Original size 16498 Crunched size 5484
Project virtual machine redirects Original size 4 Crunched size 4

=== Possibly unused animations ===
a_pumpkin_caught
a_rabbit_caught
a_snowman_caught
a_witch_caught

=== Codeblocks by compiled size ===
game_loop: 2490
store_selection: 1056
load_level: 1012
activate: 500
random_dir: 498
beam_cross: 482
beam_collision: 452
set_yresolution: 448 (Unused?)
game_over_bank: 448
manager_heart: 444
manager: 414
startup: 390
do_teleport: 362
beam_test_side: 354
flipscreen_smooth: 346 (Unused?)
flipxymove: 306 (Unused?)
battery_drain: 264
hunt: 256
pause: 252
store_manager: 236
drop_chest: 202
snap_to_screen: 190 (Unused?)
pre_startup: 188
flipxlook: 176
flipymove: 174 (Unused?)
flipxmove: 158 (Unused?)
load_panel: 146
pre_quit: 146
celebrate: 132
destroy_all_blocks: 124
restart: 124 (Unused?)
unload_level: 114
hunt_kill: 110
destroyed_block: 108
chest_close: 100
game_over: 100
load_panel_bottom: 96
load_panel_top: 96 (Unused?)
waitforfireup: 94
unload_panel: 92
wrap_screen_bottom: 92 (Unused?)
wrap_screen_right: 92 (Unused?)
waitforfiredown: 90
wrap_screen_left: 88 (Unused?)
wrap_screen_top: 88 (Unused?)
flipscreen: 86 (Unused?)
pre_anim5: 86 (Unused?)
waitforfirehit: 86
chest_open: 86
return_to_northpole: 86
fadeout: 84
waitforframes: 78
chest_collision_left: 74
chest_collision_right: 74
quit: 66 (Unused?)
destroy_all_actors: 62 (Unused?)
jump_actor: 62 (Unused?)
load_music: 62 (Unused?)
unload_panel_bottom: 62
unload_panel_top: 62
fadein: 58
load_panel_finish: 56
destroy_actor: 54
kill_elf: 54
regenerate_screen: 52
return: 52 (Unused?)
destroy_block: 48 (Unused?)
regenerate_screen_wait: 42
beam_sfx: 42
turn_right: 42
debug_dump: 30 (Unused?)
vm_registers: 26 (Unused?)
vm_constants: 26 (Unused?)
debug_breakpoint: 26 (Unused?)
vm_constants_controlbits: 26 (Unused?)
vm_constants_notes: 26 (Unused?)
vm_constants_tile_properties: 26 (Unused?)
vm_constants_platform: 26 (Unused?)
