Compiled on Friday, 2 May 2025 11:55:08 p.m.
Version string: SE2024.2.250502.22.41.EX

ImageFrame Data Size: 826
Actor Count: 4
Actor Data Size: 720
Animations Count: 14
Animations Data Size: 224
AnimationFrame Count: 33
AnimationFrame Data Size: 528
Project virtual machine (codeblocks) Original size 37576 Crunched size 37576
Panel  Original size 3130 Crunched size 3130
Project blocks Original size 340 Crunched size 340
Images Original size 826 Crunched size 826
Project actors Original size 720 Crunched size 720
Map block data for new_map Original size 288 Crunched size 288
Map actor data for new_map Original size 112 Crunched size 27
Header data for map new_map Original size 844 Crunched size 844
Map tile data  new_map Original size 288 Crunched size 288
Tile data for map new_map (mem restrictions:None) Original size 448 Crunched size 448
Map event data for new_map Original size 44 Crunched size 44
Get Y lookup table new_map Original size 64 Crunched size 64
Map path node data for new_map Original size 12 Crunched size 12
Project name table Original size 8 Crunched size 8
Animations Original size 224 Crunched size 224
Animation Frames Original size 528 Crunched size 528
Project sound Original size 28 Crunched size 28
Misc Data (paths, hurt boxes etc) Original size 2 Crunched size 2
Project Header Original size 3266 Crunched size 3266
Var Data Original size 50 Crunched size 50
Attack Data Original size 176 Crunched size 176
Teleporters Original size 8 Crunched size 8

=== Accounted Memory Usage ===
(Note that this isn't a full account of memory usage, just the memory we can account for)
RAM reserved for level tiles: (largest level: new_map): 576
memory reserved for active actors on screen (32): 4616
memory reserved for dormant actors in map (128): 4608

Total: 9800 bytes

=== Codeblocks by compiled size ===
load_level: 2948
pre_startup: 2084
waitforframes: 1490
ninja_autogen_attack: 1476
flipscreen_smooth: 1342 (Unused?)
do_teleport: 1338
block_find: 1308 (Unused?)
flipxymove: 1262 (Unused?)
set_yresolution: 1240 (Unused?)
handle_block_hit: 1168
block_count: 1054 (Unused?)
pause: 976 (Unused?)
unload_level: 832
snap_to_screen: 820 (Unused?)
load_panel: 774
unload_panel: 722
check_talkpad: 710 (Unused?)
fadein: 668
AUTOGEN_OUTOFSCREEN_destroy_actor_destroy_actor_None_None: 652
flipymove: 616 (Unused?)
load_panel_bottom: 592 (Unused?)
pre_quit: 574 (Unused?)
load_panel_top: 562 (Unused?)
waitforfireup: 534
flipxmove: 532 (Unused?)
waitforfiredown: 532
load_next_level: 520 (Unused?)
try_fall_barrel: 504
fadeout: 484
destroy_all_blocks: 450 (Unused?)
pre_load_level: 442
handle_barrel_hit_floor: 424
load_music_finish: 420
spawn_barrel: 406
unload_panel_bottom: 380
load_panel_finish: 370
unload_panel_top: 362
startup: 318
waitforfirehit: 316
destroy_child_actors: 298 (Unused?)
load_music: 268 (Unused?)
wrap_screen_bottom: 268 (Unused?)
pre_anim5: 266 (Unused?)
wrap_screen_right: 264 (Unused?)
wrap_screen_left: 250 (Unused?)
wrap_screen_top: 248 (Unused?)
regenerate_screen: 238
regenerate_screen_wait: 234
block_coll_passthru: 224 (Unused?)
block_coll_force: 216 (Unused?)
restart_this_level: 194 (Unused?)
vm_constants_tile_properties: 178 (Unused?)
handle_block_top_hit: 164 (Unused?)
destroy_all_actors: 160 (Unused?)
flipscreen: 158 (Unused?)
jump_actor: 132 (Unused?)
destroy_block: 110 (Unused?)
set_ntsc: 102 (Unused?)
destroy_actor: 100
quit: 98
clear_block_collision: 96
unfreeze_actor: 84 (Unused?)
freeze_actor: 80 (Unused?)
return: 80 (Unused?)
debug_breakpoint: 70 (Unused?)
vm_registers: 26 (Unused?)
