Compiled on Thursday, 8 May 2025 7:30:15 p.m.
Version string: SE2024.2.250507.23.16.EX

ImageFrame Data Size: 648
Actor Count: 4
Actor Data Size: 720
Animations Count: 14
Animations Data Size: 224
AnimationFrame Count: 33
AnimationFrame Data Size: 528
Project sound Original size 28 Crunched size 28
Project patterns Original size 12 Crunched size 12
Map tile data  new_map Original size 288 Crunched size 44
Pattern data for 1 Original size 10 Crunched size 10
Map path node data for new_map Original size 12 Crunched size 12
Project name table Original size 16 Crunched size 16
Misc Data (paths, hurt boxes etc) Original size 2 Crunched size 2
XGM Null sound Original size 256 Crunched size 256
XGM Null song Original size 172 Crunched size 172
XGM 68K Plugin Driver Original size 852 Crunched size 852
XGM Core Driver Original size 5888 Crunched size 5888
Default MD font Original size 2048 Crunched size 2048
Project virtual machine (codeblocks) Original size 10792 Crunched size 10792
Panel  Original size 10362 Crunched size 10362
Project blocks Original size 340 Crunched size 340
Images Original size 648 Crunched size 648
Project actors Original size 720 Crunched size 720
Tile data for map new_map (mem restrictions:None) Original size 448 Crunched size 448
Map event data for new_map Original size 44 Crunched size 44
Get Y lookup table new_map Original size 64 Crunched size 64
Map actor data for new_map Original size 112 Crunched size 27
Header data for map new_map Original size 844 Crunched size 844
Map block data for new_map Original size 288 Crunched size 37
Streamed project patterns Original size 2208 Crunched size 2208
Animations Original size 224 Crunched size 224
Animation Frames Original size 528 Crunched size 528
Project Header Original size 3266 Crunched size 3266
Var Data Original size 50 Crunched size 50
Attack Data Original size 176 Crunched size 176
Teleporters Original size 8 Crunched size 8

=== Accounted Memory Usage ===
(Note that this isn't a full account of memory usage, just the memory we can account for)
RAM reserved for level tiles: (largest level: new_map): 576
memory reserved for active actors on screen (32): 4616
memory reserved for dormant actors in map (128): 4608

Total: 9800 bytes

=== Codeblocks by compiled size ===
load_level: 510
set_yresolution: 390 (Unused?)
do_teleport: 382
pre_startup: 360
flipscreen_smooth: 310 (Unused?)
ninja_autogen_attack: 308
flipxymove: 278 (Unused?)
handle_block_hit: 270
load_next_level: 252 (Unused?)
block_find: 206 (Unused?)
waitforframes: 194
block_count: 178 (Unused?)
check_talkpad: 172 (Unused?)
handle_barrel_hit_floor: 170
flipymove: 162 (Unused?)
pre_quit: 160 (Unused?)
snap_to_screen: 158 (Unused?)
load_panel: 146
flipxmove: 142 (Unused?)
unload_level: 142
pause: 138 (Unused?)
try_fall_barrel: 136
startup: 134
destroy_all_blocks: 128 (Unused?)
restart_this_level: 128 (Unused?)
pre_load_level: 122
fadein: 112
unload_panel: 106
waitforfireup: 102
waitforfiredown: 98
load_panel_bottom: 96 (Unused?)
load_panel_top: 96 (Unused?)
destroy_child_actors: 94 (Unused?)
fadeout: 88
pre_anim5: 86 (Unused?)
waitforfirehit: 86
spawn_barrel: 82
AUTOGEN_OUTOFSCREEN_destroy_actor_destroy_actor_None_None: 78
load_music_finish: 76
wrap_screen_bottom: 76 (Unused?)
wrap_screen_right: 76 (Unused?)
flipscreen: 72 (Unused?)
wrap_screen_left: 72 (Unused?)
wrap_screen_top: 72 (Unused?)
load_music: 70 (Unused?)
jump_actor: 66 (Unused?)
load_panel_finish: 66
unload_panel_bottom: 62
unload_panel_top: 62
destroy_all_actors: 60 (Unused?)
destroy_actor: 58
regenerate_screen: 58
destroy_block: 52 (Unused?)
return: 52 (Unused?)
quit: 50
regenerate_screen_wait: 46
handle_block_top_hit: 42 (Unused?)
freeze_actor: 40 (Unused?)
unfreeze_actor: 40 (Unused?)
block_coll_force: 32 (Unused?)
block_coll_passthru: 32 (Unused?)
clear_block_collision: 32
vm_registers: 26 (Unused?)
debug_breakpoint: 26 (Unused?)
set_ntsc: 26
vm_constants_tile_properties: 26 (Unused?)
