Crunching song.mod as 1.mus. Original size: 76316. Crunched size: 46970
Actor Count: 10
Actor Data Size: 2600
Block Count: 1
Block Data Size: 52
Anim5 Count: 1
Anim5 Data Size: 4
Sound Count: 4
Sound Data Size: 32
Teleporter Count: 1
Teleporter Data Size: 8
Animations Count: 9
Animations Data Size: 144
AnimationFrame Count: 11
AnimationFrame Data Size: 704
Crunching Panel ui as 1.img. Original size: 10114. Crunched size: 804
Crunching Project graphics as project.gfx. Original size: 9552. Crunched size: 1118
Crunching Project virtual machine (codeblocks) as project.vm. Original size: 1632. Crunched size: 630
Crunching Data for map level1 as 1.map. Original size: 16120. Crunched size: 942
Crunching GFX tiles for map level1 as 1.gfx. Original size: 47616. Crunched size: 5370
Crunching Project data as project.dat. Original size: 3624. Crunched size: 612
