Compiled on Thursday, 8 May 2025 9:21:08 p.m.
Version string: SE2024.2.250507.23.16.EX

=== Misc ===
ImageFrames: 13
ImageFrame Data Size: 572
Maps and Asset Bundles Count: 2
Maps and Asset Bundles Data Size: 24
Actor Count: 4
Actor Data Size: 720
Block Count: 2
Block Data Size: 136
Anim5 Count: 0
Anim5 Data Size: 0
Sound Count: 1
Sound Data Size: 28
Teleporter Count: 1
Teleporter Data Size: 8
Animations Count: 11
Animations Data Size: 176
AnimationFrame Count: 14
AnimationFrame Data Size: 224
Sprites: 2
Sprites Data Size: 28
Attack Data: 1
Attack Data Size: 88
Misc data size: 50
=== Image optimisations ===
Panel (background color #5AF) Original size 1296 Crunched size 76
Panel scorpion_eng_splashscreen Original size 36792 Crunched size 3380
Parallax for background map_plx Original size 25666 Crunched size 2650
Panel (background)map_plx Original size 1724 Crunched size 350
Project virtual machine (codeblocks) Original size 8348 Crunched size 2570
Map actor data for map Original size 28 Crunched size 28
Header data for map map Original size 844 Crunched size 168
Tile data for map map (mem restrictions:None) Original size 10212 Crunched size 572
Asset bundle 0 (Core project asset bundle) Original size 17896 Crunched size 5138
Asset bundle 1 (map) Original size 7762 Crunched size 2272
Misc Data (paths, hurt boxes etc) Original size 2 Crunched size 2
Project Header Original size 4408 Crunched size 1232
Project Data Original size 2056 Crunched size 602
Project virtual machine redirects Original size 4 Crunched size 4

=== Accounted Memory Usage ===
(Note that this isn't a full account of memory usage, just the memory we can account for)

For chip:
Map gfx (Panel: scorpion_eng_splashscreen): 36792
Music memory (): 0
BP Buffer memory: 155200
Core sfx/gfx memory: 17896
Parallax memory: 25666
OS/other estimated: 99328

For other:
Map cache memory: 0
Map header cache memory: 0
Map actor cache memory: 0
Map data memory: 10212
Map background memory: 1724
EXE memory: 203968
vm memory: 8348
project memory: 2056
memory reserved for active actors on screen (32): 4616
memory reserved for dormant actors in map (128): 4608
OS/other estimated: 105472

Accounted memory chip: 334882
Accounted memory other: 341004
Accounted memory total: 675886

=== Codeblocks by compiled size ===
load_level: 550
pre_startup: 422
do_teleport: 402
flipscreen_smooth: 310 (Unused?)
flipxymove: 278 (Unused?)
load_next_level: 252 (Unused?)
block_find: 206 (Unused?)
set_yresolution: 202
startup: 196
waitforframes: 194
check_talkpad: 192 (Unused?)
ship_landed: 192
pause: 184 (Unused?)
block_count: 178 (Unused?)
flipymove: 162 (Unused?)
pre_quit: 160
snap_to_screen: 158 (Unused?)
load_panel: 146
flipxmove: 142 (Unused?)
unload_level: 142
destroy_all_blocks: 128 (Unused?)
restart_this_level: 128 (Unused?)
pre_load_level: 122
fadein: 112
unload_panel: 106
waitforfireup: 102
waitforfiredown: 98
load_panel_bottom: 96 (Unused?)
load_panel_top: 96 (Unused?)
destroy_child_actors: 94 (Unused?)
fadeout: 88
pre_anim5: 86 (Unused?)
waitforfirehit: 86
load_music: 78 (Unused?)
load_music_finish: 76
wrap_screen_bottom: 76 (Unused?)
wrap_screen_right: 76 (Unused?)
set_ntsc: 74 (Unused?)
flipscreen: 72 (Unused?)
wrap_screen_left: 72 (Unused?)
wrap_screen_top: 72 (Unused?)
quit: 70 (Unused?)
jump_actor: 66 (Unused?)
load_panel_finish: 66
ship_spawn: 66
unload_panel_bottom: 62
unload_panel_top: 62
destroy_all_actors: 60 (Unused?)
destroy_actor: 58
regenerate_screen: 58
AUTOGEN_OUTOFSCREEN_None_None_None_startup: 54
destroy_block: 52 (Unused?)
return: 52 (Unused?)
regenerate_screen_wait: 46
freeze_actor: 40 (Unused?)
unfreeze_actor: 40 (Unused?)
block_coll_force: 32 (Unused?)
block_coll_passthru: 32 (Unused?)
clear_block_collision: 32
vm_registers: 26 (Unused?)
debug_breakpoint: 26 (Unused?)
vm_constants_tile_properties: 26 (Unused?)
