=== Image optimisations ===

=== Estimated memory usages ===

For chip:
Map gfx (level gfx bundle 1): 104768
Music memory (): 0
BP Buffer memory: 132960
core sfx/gfx memory: 22262
Parallax memory: 0
OS/other estimated: 99328

For other:
Map cache memory: 0
Map header cache memory: 0
Map data memory: 8060
Map background memory: 1400
EXE memory: 210300
vm memory: 13700
project memory: 7386
memory reserved for active actors on screen (32): 4744
memory reserved for dormant actors in map (256): 9216
OS/other estimated: 105472

Accounted memory chip: 464790
Accounted memory other: 254806
Accounted memory total: 719596

=== Misc ===
Maps and Asset Bundles Count: 2
Maps and Asset Bundles Data Size: 24
Actor Count: 14
Actor Data Size: 2632
Block Count: 1
Block Data Size: 68
Anim5 Count: 0
Anim5 Data Size: 0
Sound Count: 4
Sound Data Size: 112
Teleporter Count: 1
Teleporter Data Size: 8
Animations Count: 42
Animations Data Size: 672
AnimationFrame Count: 68
AnimationFrame Data Size: 1088
ImageFrames: 55
ImageFrame Data Size: 2420
Sprites: 1
Sprites Data Size: 14
Attack Data: 5
Attack Data Size: 330
Misc data size: 16
Panel scorpion_eng_splashscreen Original size 35160 Crunched size 3262
Panel scorepanel Original size 5660 Crunched size 734
Panel talkpad Original size 25628 Crunched size 5440
Panel titlepanel Original size 69582 Crunched size 12604
Header data for map map Original size 7996 Crunched size 302
Tile data for map map (mem restrictions:No_Blocks) Original size 8060 Crunched size 2424
Background for map map Original size 1400 Crunched size 82
Asset bundle 0 (Core project asset bundle) Original size 22262 Crunched size 9874
Asset bundle 1 (map) Original size 104768 Crunched size 49872
Project Header Original size 4036 Crunched size 1194
Project Data Original size 7386 Crunched size 2000
Project virtual machine (codeblocks) Original size 13700 Crunched size 3862
Project virtual machine redirects Original size 4 Crunched size 4

=== Possibly unused Actors ===
seasonchanger
spawner_player2
water

=== Codeblocks by compiled size ===
startup: 984
load_level: 764
season_next: 680
fallbottom: 504
set_yresolution: 458
do_teleport: 424
update_season: 366
pumpkin_hit: 340
flipscreen_smooth: 310 (Unused?)
flipxymove: 278 (Unused?)
shoot_lazer_dir: 232
snowball_hit: 216
pre_startup: 204
push_actor: 202
push_player: 200
waitforframes: 194
check_talkpad: 192
pause: 176 (Unused?)
reset_seasonchanger: 168
flipymove: 162 (Unused?)
snap_to_screen: 158 (Unused?)
shoot_snowball: 154
pre_quit: 152
load_panel: 146
flipxmove: 142 (Unused?)
unload_level: 142
orb_bottom: 134
shoot_lazer: 132
load_music: 130 (Unused?)
AUTOGEN_OUTOFSCREEN_keep_onscreen_keep_onscreen_destroy_actor_destroy_actor: 130
AUTOGEN_OUTOFSCREEN_orb_left_orb_right_orb_top_orb_bottom: 130
destroy_all_blocks: 124 (Unused?)
pre_load_level: 122
orb_left: 118
orb_right: 118
orb_top: 118
waitforfireup: 114
fadein: 112
shoot_pumpkin: 112
waitforfiredown: 110
unload_panel: 106
AUTOGEN_OUTOFSCREEN_fallbottom_fallbottom_None_fallbottom: 106
AUTOGEN_OUTOFSCREEN_keep_onscreen_keep_onscreen_None_destroy_actor: 106
AUTOGEN_OUTOFSCREEN_destroy_actor_destroy_actor_None_destroy_actor: 106
collider_with_player: 100
spawn_player2: 98
load_panel_bottom: 96
load_panel_top: 96 (Unused?)
destroy_child_actors: 94 (Unused?)
fadeout: 88
pre_anim5: 86 (Unused?)
waitforfirehit: 86
keep_onscreen: 82
jump1: 80 (Unused?)
jump2: 80 (Unused?)
load_music_finish: 76
wrap_screen_bottom: 76 (Unused?)
wrap_screen_right: 76 (Unused?)
set_ntsc: 74 (Unused?)
wrap_bottom: 74 (Unused?)
flipscreen: 72 (Unused?)
wrap_screen_left: 72 (Unused?)
wrap_screen_top: 72 (Unused?)
quit: 70 (Unused?)
jump_actor: 66 (Unused?)
load_panel_finish: 66
wrap_top: 66 (Unused?)
wrap_left: 64 (Unused?)
wrap_right: 64 (Unused?)
unload_panel_bottom: 62
unload_panel_top: 62
destroy_all_actors: 60 (Unused?)
destroy_actor: 58
regenerate_screen: 58
pumpkin_vanish: 58
destroy_block: 52 (Unused?)
return: 52 (Unused?)
regenerate_screen_wait: 46
freeze_actor: 40 (Unused?)
unfreeze_actor: 40 (Unused?)
block_coll_force: 32 (Unused?)
block_coll_passthru: 32 (Unused?)
clear_block_collision: 32
vm_registers: 26 (Unused?)
vm_constants: 26 (Unused?)
debug_breakpoint: 26 (Unused?)
hardware_amiga: 26 (Unused?)
hardware_megadrive: 26 (Unused?)
vm_constants_audiodriver: 26 (Unused?)
vm_constants_controlbits: 26 (Unused?)
vm_constants_notes: 26 (Unused?)
vm_constants_platform: 26 (Unused?)
vm_constants_tile_properties: 26 (Unused?)
