Compiled on Sunday, 25 May 2025 8:59:08 p.m.
Version string: SE2024.2.250518.20.03.EX

=== Misc ===
ImageFrames: 24
ImageFrame Data Size: 1056
Maps and Asset Bundles Count: 8
Maps and Asset Bundles Data Size: 96
Actor Count: 6
Actor Data Size: 1080
Block Count: 3
Block Data Size: 204
Anim5 Count: 0
Anim5 Data Size: 0
Sound Count: 7
Sound Data Size: 196
Teleporter Count: 1
Teleporter Data Size: 8
Animations Count: 17
Animations Data Size: 272
AnimationFrame Count: 25
AnimationFrame Data Size: 400
Sprites: 1
Sprites Data Size: 14
Attack Data: 1
Attack Data Size: 88
Misc data size: 50
=== Image optimisations ===
Panel (background color #000) Original size 1296 Crunched size 76
Panel scorpion_eng_splashscreen Original size 36792 Crunched size 3380
Panel column_destroy Original size 40192 Crunched size 25200
Panel column_fix Original size 40192 Crunched size 23292
Panel title Original size 46592 Crunched size 8062
Panel tryagain Original size 14592 Crunched size 906
Project virtual machine (codeblocks) Original size 12122 Crunched size 3532
Map actor data for lvl_cat Original size 28 Crunched size 28
Header data for map lvl_cat Original size 844 Crunched size 124
Tile data for map lvl_cat (mem restrictions:None) Original size 1640 Crunched size 546
Map actor data for lvl_cat2 Original size 28 Crunched size 28
Header data for map lvl_cat2 Original size 844 Crunched size 126
Tile data for map lvl_cat2 (mem restrictions:None) Original size 1640 Crunched size 538
Map actor data for lvl_column Original size 28 Crunched size 28
Header data for map lvl_column Original size 844 Crunched size 126
Tile data for map lvl_column (mem restrictions:None) Original size 1640 Crunched size 308
Header data for map lvl_endscreen Original size 844 Crunched size 126
Tile data for map lvl_endscreen (mem restrictions:None) Original size 1640 Crunched size 368
Header data for map lvl_sew Original size 844 Crunched size 144
Tile data for map lvl_sew (mem restrictions:None) Original size 9320 Crunched size 2800
Header data for map lvl_sew2 Original size 844 Crunched size 146
Tile data for map lvl_sew2 (mem restrictions:None) Original size 9320 Crunched size 2802
Map actor data for lvl_spider Original size 28 Crunched size 28
Header data for map lvl_spider Original size 844 Crunched size 126
Tile data for map lvl_spider (mem restrictions:None) Original size 1640 Crunched size 604
Asset bundle 0 (Core project asset bundle) Original size 94122 Crunched size 33596
Asset bundle 1 (lvl_cat) Original size 18160 Crunched size 3280
Asset bundle 2 (lvl_cat2) Original size 18194 Crunched size 3292
Asset bundle 3 (lvl_column) Original size 5650 Crunched size 1022
Asset bundle 4 (lvl_endscreen) Original size 9048 Crunched size 2934
Asset bundle 5 (lvl_sew) Original size 136830 Crunched size 95398
Asset bundle 6 (lvl_sew2) Original size 136792 Crunched size 95602
Asset bundle 7 (lvl_spider) Original size 21570 Crunched size 3916
Misc Data (paths, hurt boxes etc) Original size 2 Crunched size 2
Project Header Original size 4408 Crunched size 1236
Project Data Original size 3466 Crunched size 968
Project virtual machine redirects Original size 4 Crunched size 4

=== Accounted Memory Usage ===
(Note that this isn't a full account of memory usage, just the memory we can account for)

For chip:
Map gfx (level gfx bundle 5): 136830
Music memory (): 0
BP Buffer memory: 132960
Core sfx/gfx memory: 94122
Parallax memory: 0
OS/other estimated: 99328

For other:
Map cache memory: 0
Map header cache memory: 0
Map actor cache memory: 0
Map data memory: 9320
Map background memory: 1296
EXE memory: 204056
vm memory: 12122
project memory: 3466
memory reserved for active actors on screen (32): 4616
memory reserved for dormant actors in map (128): 4608
OS/other estimated: 105472

Accounted memory chip: 463240
Accounted memory other: 344956
Accounted memory total: 808196

=== Codeblocks by compiled size ===
endscreen_removecorner: 560
load_level: 550
endscreen: 452
pre_startup: 422
do_teleport: 402
level1: 376
on_bighandupdate: 372
flipscreen_smooth: 310 (Unused?)
level2: 300
level3: 292
level3_win: 292
startup: 286
flipxymove: 278 (Unused?)
level3_loop: 258
load_next_level: 252 (Unused?)
on_catupdate: 240
block_find: 206 (Unused?)
animate_rain: 204
level4_badending: 204
set_yresolution: 202
waitforframes: 194
check_talkpad: 192 (Unused?)
pause: 184 (Unused?)
block_count: 178 (Unused?)
flipymove: 162 (Unused?)
pre_quit: 160
snap_to_screen: 158 (Unused?)
load_panel: 146
flipxmove: 142 (Unused?)
unload_level: 142
level4: 134
destroy_all_blocks: 128 (Unused?)
restart_this_level: 128 (Unused?)
pre_load_level: 122
fadein: 112
unload_panel: 106
waitforfireup: 102
on_spiderupdate: 100
waitforfiredown: 98
load_panel_bottom: 96
load_panel_top: 96 (Unused?)
destroy_child_actors: 94 (Unused?)
level2_win: 90
fadeout: 88
on_holerepaired: 88
pre_anim5: 86 (Unused?)
waitforfirehit: 86
load_music: 78 (Unused?)
load_music_finish: 76
wrap_screen_bottom: 76 (Unused?)
wrap_screen_right: 76 (Unused?)
set_ntsc: 74 (Unused?)
flipscreen: 72 (Unused?)
wrap_screen_left: 72 (Unused?)
wrap_screen_top: 72 (Unused?)
quit: 70 (Unused?)
jump_actor: 66 (Unused?)
load_panel_finish: 66
unload_panel_bottom: 62
unload_panel_top: 62
destroy_all_actors: 60 (Unused?)
destroy_actor: 58
regenerate_screen: 58
destroy_block: 52 (Unused?)
return: 52 (Unused?)
regenerate_screen_wait: 46
freeze_actor: 40 (Unused?)
unfreeze_actor: 40 (Unused?)
block_coll_force: 32 (Unused?)
block_coll_passthru: 32 (Unused?)
clear_block_collision: 32
vm_registers: 26 (Unused?)
debug_breakpoint: 26 (Unused?)
vm_constants_tile_properties: 26 (Unused?)
