Compiled on Wednesday, 17 July 2024 3:09:25 p.m.
Version string: SE2024.1.240716.23.57.EX

ImageFrames: 20
ImageFrame Data Size: 896
Actor Count: 6
Actor Data Size: 1080
Animations Count: 17
Animations Data Size: 272
AnimationFrame Count: 25
AnimationFrame Data Size: 400
Map tile data  lvl_cat Original size 288 Crunched size 13
Dynamic pattern data for 1 Original size 32 Crunched size 32
Map event data for lvl_cat Original size 40 Crunched size 40
Map block data for lvl_cat Original size 288 Crunched size 6
Misc Data (paths, hurt boxes etc) Original size 2 Crunched size 2
XGM Null sound Original size 256 Crunched size 256
XGM Null song Original size 172 Crunched size 172
Get Y lookup table lvl_cat Original size 64 Crunched size 64
Map path node data for lvl_cat Original size 12 Crunched size 12
Map block data for lvl_cat2 Original size 288 Crunched size 6
XGM PCM sound Original size 22784 Crunched size 22784
XGM 68K Plugin Driver Original size 812 Crunched size 812
Project sound Original size 196 Crunched size 196
Map tile data  lvl_cat2 Original size 288 Crunched size 13
XGM PCM sound Original size 21760 Crunched size 21760
XGM Core Driver Original size 5888 Crunched size 5888
XGM PCM sound Original size 25088 Crunched size 25088
XGM PCM sound Original size 11776 Crunched size 11776
XGM PCM sound Original size 15360 Crunched size 15360
XGM PCM sound Original size 14848 Crunched size 14848
Default MD font Original size 2048 Crunched size 2048
Project virtual machine (codeblocks) Original size 11948 Crunched size 11948
Panel  Original size 10350 Crunched size 10350
Panel column_destroy Original size 31310 Crunched size 31310
Panel column_fix Original size 30862 Crunched size 30862
Panel title Original size 12782 Crunched size 12782
Panel tryagain Original size 5262 Crunched size 5262
Project blocks Original size 204 Crunched size 204
Images Original size 896 Crunched size 896
Project actors Original size 1080 Crunched size 1080
Project patterns Original size 96 Crunched size 96
Tile data for map lvl_cat (mem restrictions:None) Original size 448 Crunched size 448
Pattern data for 1 Original size 768 Crunched size 768
Header data for map lvl_cat Original size 8000 Crunched size 8000
Tile data for map lvl_cat2 (mem restrictions:None) Original size 448 Crunched size 448
Dynamic pattern data for 2 Original size 32 Crunched size 32
Pattern data for 2 Original size 768 Crunched size 768
Map event data for lvl_cat2 Original size 40 Crunched size 40
Get Y lookup table lvl_cat2 Original size 64 Crunched size 64
Map path node data for lvl_cat2 Original size 12 Crunched size 12
Header data for map lvl_cat2 Original size 8000 Crunched size 8000
Map tile data  lvl_column Original size 288 Crunched size 13
Tile data for map lvl_column (mem restrictions:None) Original size 448 Crunched size 448
Dynamic pattern data for 3 Original size 32 Crunched size 32
Pattern data for 3 Original size 286 Crunched size 286
Map event data for lvl_column Original size 40 Crunched size 40
Get Y lookup table lvl_column Original size 64 Crunched size 64
Map path node data for lvl_column Original size 12 Crunched size 12
Header data for map lvl_column Original size 8000 Crunched size 8000
Map block data for lvl_column Original size 288 Crunched size 6
Map tile data  lvl_endscreen Original size 288 Crunched size 13
Tile data for map lvl_endscreen (mem restrictions:None) Original size 448 Crunched size 448
Dynamic pattern data for 4 Original size 32 Crunched size 32
Pattern data for 4 Original size 540 Crunched size 540
Map event data for lvl_endscreen Original size 40 Crunched size 40
Get Y lookup table lvl_endscreen Original size 64 Crunched size 64
Map path node data for lvl_endscreen Original size 12 Crunched size 12
Header data for map lvl_endscreen Original size 8000 Crunched size 8000
Map block data for lvl_endscreen Original size 288 Crunched size 6
Map tile data  lvl_sew Original size 1824 Crunched size 15
Tile data for map lvl_sew (mem restrictions:None) Original size 3136 Crunched size 3136
Dynamic pattern data for 5 Original size 108992 Crunched size 108992
Map event data for lvl_sew Original size 40 Crunched size 40
Get Y lookup table lvl_sew Original size 64 Crunched size 64
Map path node data for lvl_sew Original size 12 Crunched size 12
Header data for map lvl_sew Original size 8000 Crunched size 8000
Map block data for lvl_sew Original size 1824 Crunched size 7
Map tile data  lvl_sew2 Original size 1824 Crunched size 15
Tile data for map lvl_sew2 (mem restrictions:None) Original size 3136 Crunched size 3136
Dynamic pattern data for 6 Original size 109120 Crunched size 109120
Map event data for lvl_sew2 Original size 40 Crunched size 40
Get Y lookup table lvl_sew2 Original size 64 Crunched size 64
Map path node data for lvl_sew2 Original size 12 Crunched size 12
Header data for map lvl_sew2 Original size 8000 Crunched size 8000
Map block data for lvl_sew2 Original size 1824 Crunched size 7
Map tile data  lvl_spider Original size 288 Crunched size 13
Tile data for map lvl_spider (mem restrictions:None) Original size 448 Crunched size 448
Dynamic pattern data for 7 Original size 32 Crunched size 32
Pattern data for 7 Original size 1090 Crunched size 1090
Map event data for lvl_spider Original size 40 Crunched size 40
Get Y lookup table lvl_spider Original size 64 Crunched size 64
Map path node data for lvl_spider Original size 12 Crunched size 12
Header data for map lvl_spider Original size 8000 Crunched size 8000
Map block data for lvl_spider Original size 288 Crunched size 6
Project name table Original size 25368 Crunched size 25368
Streamed project patterns Original size 40544 Crunched size 40544
Animations Original size 272 Crunched size 272
Animation Frames Original size 400 Crunched size 400
Project Header Original size 2902 Crunched size 2902
Var Data Original size 14 Crunched size 14
Attack Data Original size 176 Crunched size 176
Teleporters Original size 8 Crunched size 8

=== Accounted Memory Usage ===
(Note that this isn't a full account of memory usage, just the memory we can account for)
RAM reserved for level tiles: (largest level: lvl_sew): 3648
memory reserved for active actors on screen (32): 4616
memory reserved for dormant actors in map (256): 9216

Total: 17480 bytes

=== Possibly unused Actors ===
bighand
cat
spider

=== Codeblocks by compiled size ===
endscreen_removecorner: 560
load_level: 528
endscreen: 474
do_teleport: 404
level1: 392
set_yresolution: 390 (Unused?)
on_bighandupdate: 364
pre_startup: 342
level2: 338
level3: 330
flipscreen_smooth: 310 (Unused?)
level3_win: 292
flipxymove: 278 (Unused?)
level3_loop: 258
on_catupdate: 240
startup: 224
block_find: 206 (Unused?)
animate_rain: 204
level4_badending: 196
waitforframes: 194
bighand_autogen_attack: 184
block_count: 178 (Unused?)
check_talkpad: 172 (Unused?)
flipymove: 162 (Unused?)
snap_to_screen: 158 (Unused?)
level4: 156
pre_quit: 152 (Unused?)
load_panel: 146
flipxmove: 142 (Unused?)
unload_level: 142
pause: 138 (Unused?)
destroy_all_blocks: 128 (Unused?)
pre_load_level: 122
waitforfireup: 114
fadein: 112
waitforfiredown: 110
unload_panel: 106
on_holerepaired: 100
on_spiderupdate: 100
load_panel_bottom: 96
load_panel_top: 96 (Unused?)
destroy_child_actors: 94 (Unused?)
level2_win: 90
fadeout: 88
pre_anim5: 86 (Unused?)
waitforfirehit: 86
load_music_finish: 76
wrap_screen_bottom: 76 (Unused?)
wrap_screen_right: 76 (Unused?)
flipscreen: 72 (Unused?)
wrap_screen_left: 72 (Unused?)
wrap_screen_top: 72 (Unused?)
load_music: 70 (Unused?)
jump_actor: 66 (Unused?)
load_panel_finish: 66
unload_panel_bottom: 62
unload_panel_top: 62
destroy_all_actors: 60 (Unused?)
destroy_actor: 58
regenerate_screen: 58
destroy_block: 52 (Unused?)
return: 52 (Unused?)
quit: 50 (Unused?)
regenerate_screen_wait: 46
freeze_actor: 40 (Unused?)
unfreeze_actor: 40 (Unused?)
block_coll_force: 32 (Unused?)
block_coll_passthru: 32 (Unused?)
clear_block_collision: 32
vm_registers: 26 (Unused?)
debug_breakpoint: 26 (Unused?)
set_ntsc: 26
vm_constants_tile_properties: 26 (Unused?)
