Compiled on Wednesday, 17 July 2024 3:05:55 p.m.
Version string: SE2024.1.240716.23.57.EX

ImageFrames: 25
ImageFrame Data Size: 1106
Actor Count: 6
Actor Data Size: 1080
Animations Count: 17
Animations Data Size: 272
AnimationFrame Count: 25
AnimationFrame Data Size: 400
Project virtual machine (codeblocks) Original size 11762 Crunched size 11762
Panel  Original size 3118 Crunched size 3118
Panel column_destroy Original size 2798 Crunched size 2798
Panel column_fix Original size 2798 Crunched size 2798
Panel title Original size 3438 Crunched size 3438
Panel tryagain Original size 1518 Crunched size 1518
Project blocks Original size 204 Crunched size 204
Images Original size 1106 Crunched size 1106
Project actors Original size 1080 Crunched size 1080
Map block data for lvl_cat Original size 288 Crunched size 288
Header data for map lvl_cat Original size 8000 Crunched size 8000
Map tile data  lvl_cat Original size 288 Crunched size 288
Tile data for map lvl_cat (mem restrictions:None) Original size 896 Crunched size 896
Map event data for lvl_cat Original size 40 Crunched size 40
Get Y lookup table lvl_cat Original size 64 Crunched size 64
Map path node data for lvl_cat Original size 12 Crunched size 12
Map block data for lvl_cat2 Original size 288 Crunched size 288
Header data for map lvl_cat2 Original size 8000 Crunched size 8000
Map tile data  lvl_cat2 Original size 288 Crunched size 288
Tile data for map lvl_cat2 (mem restrictions:None) Original size 896 Crunched size 896
Map event data for lvl_cat2 Original size 40 Crunched size 40
Get Y lookup table lvl_cat2 Original size 64 Crunched size 64
Map path node data for lvl_cat2 Original size 12 Crunched size 12
Map block data for lvl_column Original size 288 Crunched size 288
Header data for map lvl_column Original size 8000 Crunched size 8000
Map tile data  lvl_column Original size 288 Crunched size 288
Tile data for map lvl_column (mem restrictions:None) Original size 896 Crunched size 896
Map event data for lvl_column Original size 40 Crunched size 40
Get Y lookup table lvl_column Original size 64 Crunched size 64
Map path node data for lvl_column Original size 12 Crunched size 12
Map block data for lvl_endscreen Original size 288 Crunched size 288
Header data for map lvl_endscreen Original size 8000 Crunched size 8000
Map tile data  lvl_endscreen Original size 288 Crunched size 288
Tile data for map lvl_endscreen (mem restrictions:None) Original size 896 Crunched size 896
Map event data for lvl_endscreen Original size 40 Crunched size 40
Get Y lookup table lvl_endscreen Original size 64 Crunched size 64
Map path node data for lvl_endscreen Original size 12 Crunched size 12
Map block data for lvl_sew Original size 1824 Crunched size 1824
Header data for map lvl_sew Original size 8000 Crunched size 8000
Map tile data  lvl_sew Original size 1824 Crunched size 1824
Tile data for map lvl_sew (mem restrictions:None) Original size 6272 Crunched size 6272
Map event data for lvl_sew Original size 40 Crunched size 40
Get Y lookup table lvl_sew Original size 64 Crunched size 64
Map path node data for lvl_sew Original size 12 Crunched size 12
Map block data for lvl_sew2 Original size 1824 Crunched size 1824
Header data for map lvl_sew2 Original size 8000 Crunched size 8000
Map tile data  lvl_sew2 Original size 1824 Crunched size 1824
Tile data for map lvl_sew2 (mem restrictions:None) Original size 6272 Crunched size 6272
Map event data for lvl_sew2 Original size 40 Crunched size 40
Get Y lookup table lvl_sew2 Original size 64 Crunched size 64
Map path node data for lvl_sew2 Original size 12 Crunched size 12
Map block data for lvl_spider Original size 288 Crunched size 288
Header data for map lvl_spider Original size 8000 Crunched size 8000
Map tile data  lvl_spider Original size 288 Crunched size 288
Tile data for map lvl_spider (mem restrictions:None) Original size 896 Crunched size 896
Map event data for lvl_spider Original size 40 Crunched size 40
Get Y lookup table lvl_spider Original size 64 Crunched size 64
Map path node data for lvl_spider Original size 12 Crunched size 12
Animations Original size 272 Crunched size 272
Animation Frames Original size 400 Crunched size 400
Project sound Original size 196 Crunched size 196
Misc Data (paths, hurt boxes etc) Original size 2 Crunched size 2
Project Header Original size 2902 Crunched size 2902
Var Data Original size 14 Crunched size 14
Attack Data Original size 176 Crunched size 176
Teleporters Original size 8 Crunched size 8

=== Accounted Memory Usage ===
(Note that this isn't a full account of memory usage, just the memory we can account for)
RAM reserved for level tiles: (largest level: lvl_sew): 3648
memory reserved for active actors on screen (32): 4616
memory reserved for dormant actors in map (256): 9216

Total: 17480 bytes

=== Possibly unused Actors ===
bighand
cat
spider

=== Codeblocks by compiled size ===
endscreen_removecorner: 560
load_level: 528
endscreen: 474
do_teleport: 404
level1: 392
on_bighandupdate: 364
level2: 338
level3: 330
flipscreen_smooth: 310 (Unused?)
pre_startup: 298
level3_win: 292
flipxymove: 278 (Unused?)
level3_loop: 258
set_yresolution: 256 (Unused?)
on_catupdate: 240
startup: 224
block_find: 206 (Unused?)
animate_rain: 204
level4_badending: 196
waitforframes: 194
bighand_autogen_attack: 184
block_count: 178 (Unused?)
check_talkpad: 172 (Unused?)
flipymove: 162 (Unused?)
snap_to_screen: 158 (Unused?)
level4: 156
pre_quit: 152 (Unused?)
load_panel: 146
flipxmove: 142 (Unused?)
unload_level: 142
pause: 138 (Unused?)
destroy_all_blocks: 128 (Unused?)
pre_load_level: 122
waitforfireup: 114
fadein: 112
waitforfiredown: 110
unload_panel: 106
on_holerepaired: 100
on_spiderupdate: 100
load_panel_bottom: 96
load_panel_top: 96 (Unused?)
destroy_child_actors: 94 (Unused?)
level2_win: 90
fadeout: 88
pre_anim5: 86 (Unused?)
waitforfirehit: 86
load_music_finish: 76
wrap_screen_bottom: 76 (Unused?)
wrap_screen_right: 76 (Unused?)
flipscreen: 72 (Unused?)
wrap_screen_left: 72 (Unused?)
wrap_screen_top: 72 (Unused?)
jump_actor: 66 (Unused?)
load_panel_finish: 66
load_music: 62 (Unused?)
unload_panel_bottom: 62
unload_panel_top: 62
destroy_all_actors: 60 (Unused?)
destroy_actor: 58
regenerate_screen: 58
destroy_block: 52 (Unused?)
return: 52 (Unused?)
quit: 50 (Unused?)
regenerate_screen_wait: 46
freeze_actor: 40 (Unused?)
unfreeze_actor: 40 (Unused?)
block_coll_force: 32 (Unused?)
block_coll_passthru: 32 (Unused?)
clear_block_collision: 32
vm_registers: 26 (Unused?)
debug_breakpoint: 26 (Unused?)
set_ntsc: 26 (Unused?)
vm_constants_tile_properties: 26 (Unused?)
