=== Image optimisations ===
Reduce width of sprites\enemy-death\enemy-death-2.png by 10 pixels to 16 to improve blit performance by 200.00%
Reduce width of sprites\enemy-death\enemy-death-3.png by 10 pixels to 16 to improve blit performance by 200.00%
Reduce width of sprites\enemy-death\enemy-death-4.png by 2 pixels to 16 to improve blit performance by 200.00%
Reduce width of sprites\ghost-halo\ghost-halo-1.png by 1 pixels to 32 to improve blit performance by 100.00%
Reduce width of sprites\ghost-halo\ghost-halo-2.png by 1 pixels to 32 to improve blit performance by 100.00%
Reduce width of sprites\ghost-halo\ghost-halo-4.png by 1 pixels to 32 to improve blit performance by 100.00%
Reduce width of sprites\ghost-halo\ghost-halo-1.png by 1 pixels to 32 to improve blit performance by 100.00%
Reduce width of sprites\ghost-halo\ghost-halo-2.png by 1 pixels to 32 to improve blit performance by 100.00%
Reduce width of sprites\ghost-halo\ghost-halo-4.png by 1 pixels to 32 to improve blit performance by 100.00%
Reduce width of sprites\hell-gato\hell-gato-1.png by 10 pixels to 48 to improve blit performance by 100.00%
Reduce width of sprites\hell-gato\hell-gato-3.png by 15 pixels to 48 to improve blit performance by 100.00%
Reduce width of sprites\hell-gato\hell-gato-4.png by 5 pixels to 80 to improve blit performance by 100.00%
Reduce width of sprites\hell-gato\hell-gato-1.png by 10 pixels to 48 to improve blit performance by 100.00%
Reduce width of sprites\hell-gato\hell-gato-3.png by 15 pixels to 48 to improve blit performance by 100.00%
Reduce width of sprites\hell-gato\hell-gato-4.png by 5 pixels to 80 to improve blit performance by 100.00%
Reduce width of sprites\hero\hero-attack\hero-attack-1.png by 3 pixels to 32 to improve blit performance by 100.00%
Reduce width of sprites\hero\hero-attack\hero-attack-2.png by 13 pixels to 64 to improve blit performance by 100.00%
Reduce width of sprites\hero\hero-attack\hero-attack-3.png by 13 pixels to 64 to improve blit performance by 100.00%
Reduce width of sprites\hero\hero-attack\hero-attack-4.png by 13 pixels to 64 to improve blit performance by 100.00%
Reduce width of sprites\hero\hero-attack\hero-attack-5.png by 13 pixels to 64 to improve blit performance by 100.00%
Reduce width of sprites\hero\hero-attack\hero-attack-5.png by 13 pixels to 64 to improve blit performance by 100.00%
Reduce width of sprites\hero\hero-attack\hero-attack-6.png by 8 pixels to 48 to improve blit performance by 100.00%
Reduce width of sprites\hero\hero-attack\hero-attack-7.png by 1 pixels to 32 to improve blit performance by 100.00%
Reduce width of sprites\hero\hero-attack\hero-attack-1.png by 3 pixels to 32 to improve blit performance by 100.00%
Reduce width of sprites\hero\hero-attack\hero-attack-2.png by 13 pixels to 64 to improve blit performance by 100.00%
Reduce width of sprites\hero\hero-attack\hero-attack-3.png by 13 pixels to 64 to improve blit performance by 100.00%
Reduce width of sprites\hero\hero-attack\hero-attack-4.png by 13 pixels to 64 to improve blit performance by 100.00%
Reduce width of sprites\hero\hero-attack\hero-attack-5.png by 13 pixels to 64 to improve blit performance by 100.00%
Reduce width of sprites\hero\hero-attack\hero-attack-5.png by 13 pixels to 64 to improve blit performance by 100.00%
Reduce width of sprites\hero\hero-attack\hero-attack-6.png by 8 pixels to 48 to improve blit performance by 100.00%
Reduce width of sprites\hero\hero-attack\hero-attack-7.png by 1 pixels to 32 to improve blit performance by 100.00%
Reduce width of sprites\hero\hero-attack\hero-attack-1.png by 3 pixels to 32 to improve blit performance by 100.00%
Reduce width of sprites\hero\hero-attack\hero-attack-2.png by 13 pixels to 64 to improve blit performance by 100.00%
Reduce width of sprites\hero\hero-attack\hero-attack-3.png by 13 pixels to 64 to improve blit performance by 100.00%
Reduce width of sprites\hero\hero-attack\hero-attack-4.png by 13 pixels to 64 to improve blit performance by 100.00%
Reduce width of sprites\hero\hero-attack\hero-attack-5.png by 13 pixels to 64 to improve blit performance by 100.00%
Reduce width of sprites\hero\hero-attack\hero-attack-5.png by 13 pixels to 64 to improve blit performance by 100.00%
Reduce width of sprites\hero\hero-attack\hero-attack-6.png by 8 pixels to 48 to improve blit performance by 100.00%
Reduce width of sprites\hero\hero-attack\hero-attack-7.png by 1 pixels to 32 to improve blit performance by 100.00%
Reduce width of sprites\hero\hero-attack\hero-attack-1.png by 3 pixels to 32 to improve blit performance by 100.00%
Reduce width of sprites\hero\hero-attack\hero-attack-2.png by 13 pixels to 64 to improve blit performance by 100.00%
Reduce width of sprites\hero\hero-attack\hero-attack-3.png by 13 pixels to 64 to improve blit performance by 100.00%
Reduce width of sprites\hero\hero-attack\hero-attack-4.png by 13 pixels to 64 to improve blit performance by 100.00%
Reduce width of sprites\hero\hero-attack\hero-attack-5.png by 13 pixels to 64 to improve blit performance by 100.00%
Reduce width of sprites\hero\hero-attack\hero-attack-5.png by 13 pixels to 64 to improve blit performance by 100.00%
Reduce width of sprites\hero\hero-attack\hero-attack-6.png by 8 pixels to 48 to improve blit performance by 100.00%
Reduce width of sprites\hero\hero-attack\hero-attack-7.png by 1 pixels to 32 to improve blit performance by 100.00%
Reduce width of sprites\hero\hero-crouch\hero-crouch.png by 15 pixels to 48 to improve blit performance by 100.00%
Reduce width of sprites\hero\hero-crouch\hero-crouch.png by 15 pixels to 48 to improve blit performance by 100.00%
Reduce width of sprites\hero\hero-hurt\hero-hurt.png by 9 pixels to 48 to improve blit performance by 100.00%
Reduce width of sprites\hero\hero-hurt\hero-hurt.png by 9 pixels to 48 to improve blit performance by 100.00%
Reduce width of sprites\hero\hero-idle\hero-idle-1.png by 1 pixels to 48 to improve blit performance by 100.00%
Reduce width of sprites\hero\hero-idle\hero-idle-2.png by 2 pixels to 48 to improve blit performance by 100.00%
Reduce width of sprites\hero\hero-idle\hero-idle-3.png by 2 pixels to 48 to improve blit performance by 100.00%
Reduce width of sprites\hero\hero-idle\hero-idle-4.png by 1 pixels to 48 to improve blit performance by 100.00%
Reduce width of sprites\hero\hero-idle\hero-idle-5.png by 2 pixels to 48 to improve blit performance by 100.00%
Reduce width of sprites\hero\hero-idle\hero-idle-6.png by 2 pixels to 48 to improve blit performance by 100.00%
Reduce width of sprites\hero\hero-idle\hero-idle-1.png by 1 pixels to 48 to improve blit performance by 100.00%
Reduce width of sprites\hero\hero-idle\hero-idle-2.png by 2 pixels to 48 to improve blit performance by 100.00%
Reduce width of sprites\hero\hero-idle\hero-idle-3.png by 2 pixels to 48 to improve blit performance by 100.00%
Reduce width of sprites\hero\hero-idle\hero-idle-4.png by 1 pixels to 48 to improve blit performance by 100.00%
Reduce width of sprites\hero\hero-idle\hero-idle-5.png by 2 pixels to 48 to improve blit performance by 100.00%
Reduce width of sprites\hero\hero-idle\hero-idle-6.png by 2 pixels to 48 to improve blit performance by 100.00%
Reduce width of sprites\hero\hero-jump\hero-jump-3.png by 3 pixels to 48 to improve blit performance by 100.00%
Reduce width of sprites\hero\hero-jump\hero-jump-4.png by 3 pixels to 48 to improve blit performance by 100.00%
Reduce width of sprites\hero\hero-jump\hero-jump-3.png by 3 pixels to 48 to improve blit performance by 100.00%
Reduce width of sprites\hero\hero-jump\hero-jump-4.png by 3 pixels to 48 to improve blit performance by 100.00%
Reduce width of sprites\hero\hero-jump\hero-jump-1.png by 7 pixels to 32 to improve blit performance by 100.00%
Reduce width of sprites\hero\hero-jump\hero-jump-2.png by 7 pixels to 32 to improve blit performance by 100.00%
Reduce width of sprites\hero\hero-jump\hero-jump-1.png by 7 pixels to 32 to improve blit performance by 100.00%
Reduce width of sprites\hero\hero-jump\hero-jump-2.png by 7 pixels to 32 to improve blit performance by 100.00%
Reduce width of sprites\hero\hero-run\hero-run-1.png by 3 pixels to 48 to improve blit performance by 100.00%
Reduce width of sprites\hero\hero-run\hero-run-2.png by 4 pixels to 48 to improve blit performance by 100.00%
Reduce width of sprites\hero\hero-run\hero-run-3.png by 4 pixels to 48 to improve blit performance by 100.00%
Reduce width of sprites\hero\hero-run\hero-run-4.png by 8 pixels to 48 to improve blit performance by 100.00%
Reduce width of sprites\hero\hero-run\hero-run-5.png by 11 pixels to 48 to improve blit performance by 100.00%
Reduce width of sprites\hero\hero-run\hero-run-6.png by 9 pixels to 48 to improve blit performance by 100.00%
Reduce width of sprites\hero\hero-run\hero-run-1.png by 3 pixels to 48 to improve blit performance by 100.00%
Reduce width of sprites\hero\hero-run\hero-run-2.png by 4 pixels to 48 to improve blit performance by 100.00%
Reduce width of sprites\hero\hero-run\hero-run-3.png by 4 pixels to 48 to improve blit performance by 100.00%
Reduce width of sprites\hero\hero-run\hero-run-4.png by 8 pixels to 48 to improve blit performance by 100.00%
Reduce width of sprites\hero\hero-run\hero-run-5.png by 11 pixels to 48 to improve blit performance by 100.00%
Reduce width of sprites\hero\hero-run\hero-run-6.png by 9 pixels to 48 to improve blit performance by 100.00%
Reduce width of sprites\skeleton\skeleton-clothed\skeleton-clothed-5.png by 15 pixels to 16 to improve blit performance by 200.00%
Reduce width of sprites\skeleton\skeleton-clothed\skeleton-clothed-6.png by 6 pixels to 16 to improve blit performance by 200.00%
Reduce width of sprites\skeleton\skeleton-clothed\skeleton-clothed-7.png by 1 pixels to 16 to improve blit performance by 200.00%
Reduce width of sprites\skeleton\skeleton-clothed\skeleton-clothed-8.png by 15 pixels to 16 to improve blit performance by 200.00%
Reduce width of sprites\skeleton\skeleton-clothed\skeleton-clothed-2.png by 6 pixels to 16 to improve blit performance by 200.00%
Reduce width of sprites\skeleton\skeleton-clothed\skeleton-clothed-5.png by 15 pixels to 16 to improve blit performance by 200.00%
Reduce width of sprites\skeleton\skeleton-clothed\skeleton-clothed-6.png by 6 pixels to 16 to improve blit performance by 200.00%
Reduce width of sprites\skeleton\skeleton-clothed\skeleton-clothed-7.png by 1 pixels to 16 to improve blit performance by 200.00%
Reduce width of sprites\skeleton\skeleton-clothed\skeleton-clothed-8.png by 15 pixels to 16 to improve blit performance by 200.00%
Reduce width of sprites\skeleton\skeleton-clothed\skeleton-clothed-2.png by 6 pixels to 16 to improve blit performance by 200.00%
Reduce width of sprites\skeleton\skeleton-rise-clothed\skeleton-rise-clothed-2.png by 8 pixels to 16 to improve blit performance by 200.00%
Reduce width of sprites\skeleton\skeleton-rise-clothed\skeleton-rise-clothed-3.png by 12 pixels to 16 to improve blit performance by 200.00%
Reduce width of sprites\skeleton\skeleton-rise-clothed\skeleton-rise-clothed-4.png by 10 pixels to 16 to improve blit performance by 200.00%
Reduce width of sprites\skeleton\skeleton-rise-clothed\skeleton-rise-clothed-5.png by 11 pixels to 16 to improve blit performance by 200.00%
Reduce width of sprites\skeleton\skeleton-rise-clothed\skeleton-rise-clothed-2.png by 8 pixels to 16 to improve blit performance by 200.00%
Reduce width of sprites\skeleton\skeleton-rise-clothed\skeleton-rise-clothed-3.png by 12 pixels to 16 to improve blit performance by 200.00%
Reduce width of sprites\skeleton\skeleton-rise-clothed\skeleton-rise-clothed-4.png by 10 pixels to 16 to improve blit performance by 200.00%
Reduce width of sprites\skeleton\skeleton-rise-clothed\skeleton-rise-clothed-5.png by 11 pixels to 16 to improve blit performance by 200.00%

=== Estimated memory usages ===

For chip:
Map gfx (level gfx bundle 1 ): 147264
Music memory: 0
BP Buffer memory: 138240
core sfx/gfx memory: 332476
Parallax memory: 0

For other:
Map cache memory: 0
Map header cache memory: 0
Map data memory: 24464
Map background memory: 2672
EXE memory: 211040
vm memory: 8930
project memory: 15256

Accounted memory chip: 617980
Accounted memory other: 262362
Accounted memory total: 880342

=== Misc ===
Maps and Asset Bundles Count: 2
Maps and Asset Bundles Data Size: 24
Actor Count: 11
Actor Data Size: 3256
Block Count: 9
Block Data Size: 468
Anim5 Count: 1
Anim5 Data Size: 1036
Sound Count: 6
Sound Data Size: 192
Teleporter Count: 1
Teleporter Data Size: 8
Animations Count: 28
Animations Data Size: 448
AnimationFrame Count: 121
AnimationFrame Data Size: 1936
ImageFrames: 116
ImageFrame Data Size: 7888
Asset bundle 0 (Core project asset bundle) Original size 332476 Crunched size 101258
Asset bundle 1 (map_new) Original size 147264 Crunched size 59522
Background for map map_new Original size 2672 Crunched size 96
Tile data for map map_new (mem restrictions:None) Original size 24464 Crunched size 3354
Header data for map map_new Original size 8756 Crunched size 488
Project Data Original size 15256 Crunched size 3566
Project Header Original size 4040 Crunched size 1228
Panel scorpion_eng_splashscreen Original size 37090 Crunched size 3292
Panel debug Original size 16030 Crunched size 2810
Panel title Original size 48610 Crunched size 11302
Project virtual machine (codeblocks) Original size 8930 Crunched size 2398
Project virtual machine redirects Original size 4 Crunched size 4
