  Settings Copy: devs/system-configuration
  Internal copy file: system-configuration (size: 232)
  Write S/startup-sequence.
  Internal Copy command: C/cls
  Internal copy file: cls (size: 128)
  Internal Copy command: C/add21k
  Internal copy file: add21k (size: 1836)
  Copy file: game-crunched.exe (size: 70964)
Copy Whole Directory - ..\temp
Copy Whole Directory - ..\temp\data
  Copy file: 0.gfx (size: 332476)
  Copy file: 0.img (size: 3312)
  Copy file: 1.gfx (size: 147264)
  Copy file: 1.img (size: 16030)
  Copy file: 1.map (size: 29400)
  Copy file: 1.mhd (size: 11556)
  Copy file: 2.img (size: 48610)
  Copy file: FLOPPY (size: 6)
  Copy file: project.dat (size: 12464)
  Copy file: project.hd (size: 3000)
  Copy file: project.vm (size: 6472)
Copy Whole Directory - ..\temp\s
Copy Whole Directory - ..\temp\savedata
Device : Floppy DD. Cylinders = 80, Heads = 2, Sectors = 11. Volumes = 1
Volume : Floppy 880 KBytes, "exe2adf" between sectors [0-1759]. OFS . Filled at 82.4%.
         2022/04/29  15:41:38  000888  C/
    128  2022/04/29  15:41:38  000889  C/cls
   1836  2022/04/29  15:41:38  000891  C/add21k
  70964  2022/04/29  15:41:38  000896  game-crunched.exe
         2022/04/29  15:41:38  000570  savedata/
         2022/04/29  15:41:38  000882  devs/
    232  2022/04/29  15:41:38  000883  devs/system-configuration
         2022/04/29  15:41:38  000885  S/
     29  2022/04/29  15:41:38  000886  S/startup-sequence
         2022/04/29  15:41:38  001045  data/
 332476  2022/04/29  15:41:38  001046  data/0.gfx
  12464  2022/04/29  15:41:38  000520  data/project.dat
      6  2022/04/29  15:41:38  000518  data/FLOPPY
  16030  2022/04/29  15:41:38  000295  data/1.img
  11556  2022/04/29  15:41:38  000391  data/1.mhd
   6472  2022/04/29  15:41:38  000555  data/project.vm
 147264  2022/04/29  15:41:38  001746  data/1.gfx
  29400  2022/04/29  15:41:38  000329  data/1.map
  48610  2022/04/29  15:41:38  000416  data/2.img
   3312  2022/04/29  15:41:38  001738  data/0.img
   3000  2022/04/29  15:41:38  000547  data/project.hd
>>> Created "..\_tmp" <<<
