=== Image optimisations ===

=== Estimated memory usages ===

For chip:
Map gfx (level gfx bundle 5): 136830
Music memory (): 0
BP Buffer memory: 132960
core sfx/gfx memory: 94080
Parallax memory: 0
OS/other estimated: 99328

For other:
Map cache memory: 0
Map header cache memory: 0
Map data memory: 9308
Map background memory: 1400
EXE memory: 210300
vm memory: 11932
project memory: 3412
memory reserved for active actors on screen (32): 4744
memory reserved for dormant actors in map (256): 9216
OS/other estimated: 105472

Accounted memory chip: 568670
Accounted memory other: 250312
Accounted memory total: 818982

=== Misc ===
Maps and Asset Bundles Count: 8
Maps and Asset Bundles Data Size: 96
Actor Count: 6
Actor Data Size: 1128
Block Count: 3
Block Data Size: 204
Anim5 Count: 0
Anim5 Data Size: 0
Sound Count: 7
Sound Data Size: 196
Teleporter Count: 1
Teleporter Data Size: 8
Animations Count: 17
Animations Data Size: 272
AnimationFrame Count: 25
AnimationFrame Data Size: 400
ImageFrames: 23
ImageFrame Data Size: 1012
Sprites: 1
Sprites Data Size: 14
Attack Data: 1
Attack Data Size: 66
Misc data size: 14
Panel scorpion_eng_splashscreen Original size 35160 Crunched size 3262
Panel column_destroy Original size 39460 Crunched size 25180
Panel column_fix Original size 39460 Crunched size 23270
Panel title Original size 53860 Crunched size 8130
Panel tryagain Original size 15460 Crunched size 898
Header data for map lvl_cat Original size 7996 Crunched size 210
Tile data for map lvl_cat (mem restrictions:None) Original size 1628 Crunched size 536
Background for map lvl_cat Original size 1400 Crunched size 80
Header data for map lvl_cat2 Original size 7996 Crunched size 212
Tile data for map lvl_cat2 (mem restrictions:None) Original size 1628 Crunched size 530
Background for map lvl_cat2 Original size 1400 Crunched size 80
Header data for map lvl_column Original size 7996 Crunched size 212
Tile data for map lvl_column (mem restrictions:None) Original size 1628 Crunched size 298
Background for map lvl_column Original size 1400 Crunched size 80
Header data for map lvl_endscreen Original size 7996 Crunched size 206
Tile data for map lvl_endscreen (mem restrictions:None) Original size 1628 Crunched size 360
Background for map lvl_endscreen Original size 1400 Crunched size 80
Header data for map lvl_sew Original size 7996 Crunched size 226
Tile data for map lvl_sew (mem restrictions:None) Original size 9308 Crunched size 2792
Background for map lvl_sew Original size 1400 Crunched size 80
Header data for map lvl_sew2 Original size 7996 Crunched size 226
Tile data for map lvl_sew2 (mem restrictions:None) Original size 9308 Crunched size 2794
Background for map lvl_sew2 Original size 1400 Crunched size 80
Header data for map lvl_spider Original size 7996 Crunched size 212
Tile data for map lvl_spider (mem restrictions:None) Original size 1628 Crunched size 594
Background for map lvl_spider Original size 1400 Crunched size 80
Asset bundle 0 (Core project asset bundle) Original size 94080 Crunched size 33594
Asset bundle 1 (lvl_cat) Original size 18160 Crunched size 3280
Asset bundle 2 (lvl_cat2) Original size 18194 Crunched size 3292
Asset bundle 3 (lvl_column) Original size 5650 Crunched size 1022
Asset bundle 4 (lvl_endscreen) Original size 9048 Crunched size 2934
Asset bundle 5 (lvl_sew) Original size 136830 Crunched size 95398
Asset bundle 6 (lvl_sew2) Original size 136792 Crunched size 95602
Asset bundle 7 (lvl_spider) Original size 21570 Crunched size 3916
Project Header Original size 4036 Crunched size 1194
Project Data Original size 3412 Crunched size 894
Project virtual machine (codeblocks) Original size 11932 Crunched size 3474
Project virtual machine redirects Original size 4 Crunched size 4

=== Possibly unused Actors ===
bighand
cat
spider

=== Codeblocks by compiled size ===
load_level: 764
endscreen_removecorner: 560
endscreen: 468
set_yresolution: 458
do_teleport: 424
level1: 392
on_bighandupdate: 358
level2: 338
level3: 330
flipscreen_smooth: 310 (Unused?)
level3_win: 286
flipxymove: 278 (Unused?)
startup: 272
level3_loop: 258
on_catupdate: 240
pre_startup: 204
animate_rain: 204
waitforframes: 194
check_talkpad: 192 (Unused?)
level4_badending: 190
pause: 176 (Unused?)
flipymove: 162 (Unused?)
snap_to_screen: 158 (Unused?)
level4: 156
pre_quit: 152
load_panel: 146
flipxmove: 142 (Unused?)
unload_level: 142
load_music: 130 (Unused?)
destroy_all_blocks: 124 (Unused?)
pre_load_level: 122
waitforfireup: 114
fadein: 112
waitforfiredown: 110
unload_panel: 106
on_holerepaired: 100
on_spiderupdate: 100
load_panel_bottom: 96
load_panel_top: 96 (Unused?)
destroy_child_actors: 94 (Unused?)
fadeout: 88
pre_anim5: 86 (Unused?)
waitforfirehit: 86
level2_win: 84
load_music_finish: 76
wrap_screen_bottom: 76 (Unused?)
wrap_screen_right: 76 (Unused?)
set_ntsc: 74 (Unused?)
flipscreen: 72 (Unused?)
wrap_screen_left: 72 (Unused?)
wrap_screen_top: 72 (Unused?)
quit: 70 (Unused?)
jump_actor: 66 (Unused?)
load_panel_finish: 66
unload_panel_bottom: 62
unload_panel_top: 62
destroy_all_actors: 60 (Unused?)
destroy_actor: 58
regenerate_screen: 58
destroy_block: 52 (Unused?)
return: 52 (Unused?)
regenerate_screen_wait: 46
freeze_actor: 40 (Unused?)
unfreeze_actor: 40 (Unused?)
block_coll_force: 32 (Unused?)
block_coll_passthru: 32 (Unused?)
clear_block_collision: 32
vm_registers: 26 (Unused?)
vm_constants: 26 (Unused?)
debug_breakpoint: 26 (Unused?)
hardware_amiga: 26 (Unused?)
hardware_megadrive: 26 (Unused?)
vm_constants_audiodriver: 26 (Unused?)
vm_constants_controlbits: 26 (Unused?)
vm_constants_notes: 26 (Unused?)
vm_constants_platform: 26 (Unused?)
vm_constants_tile_properties: 26 (Unused?)
