RAM reserved for level tiles: 3648 bytes (largest level: lvl_sew)

Project patterns Original size 96 Crunched size 96
Dynamic pattern data for 1 Original size 32 Crunched size 32
Map tile data  lvl_cat Original size 288 Crunched size 13
Map block data for lvl_cat Original size 288 Crunched size 6
Map block data for lvl_cat2 Original size 288 Crunched size 6
XGM Null sound Original size 256 Crunched size 256
XGM Null song Original size 172 Crunched size 172
Get Y lookup table lvl_cat Original size 64 Crunched size 64
Map path node data for lvl_cat Original size 12 Crunched size 12
Map block data for lvl_column Original size 288 Crunched size 6
XGM PCM sound Original size 22784 Crunched size 22784
XGM 68K Plugin Driver Original size 804 Crunched size 804
Project sound Original size 196 Crunched size 196
Map tile data  lvl_cat2 Original size 288 Crunched size 13
Map block data for lvl_endscreen Original size 288 Crunched size 6
XGM PCM sound Original size 21760 Crunched size 21760
XGM Core Driver Original size 5888 Crunched size 5888
XGM PCM sound Original size 25088 Crunched size 25088
XGM PCM sound Original size 11776 Crunched size 11776
XGM PCM sound Original size 15360 Crunched size 15360
XGM PCM sound Original size 14848 Crunched size 14848
Default MD font Original size 2048 Crunched size 2048
Default MD number font Original size 320 Crunched size 320
Project virtual machine (codeblocks) Original size 11844 Crunched size 11844
Panel  Original size 10334 Crunched size 10334
Panel column_destroy Original size 30158 Crunched size 30158
Panel column_fix Original size 29390 Crunched size 29390
Panel title Original size 12926 Crunched size 12926
Panel tryagain Original size 5246 Crunched size 5246
Project blocks Original size 204 Crunched size 204
Project actors Original size 1128 Crunched size 1128
Pattern data for 1 Original size 768 Crunched size 768
Map header lvl_cat Original size 8444 Crunched size 8444
Map event data for lvl_cat Original size 32 Crunched size 32
Pattern data for 2 Original size 768 Crunched size 768
Dynamic pattern data for 2 Original size 32 Crunched size 32
Map header lvl_cat2 Original size 8444 Crunched size 8444
Get Y lookup table lvl_cat2 Original size 64 Crunched size 64
Map path node data for lvl_cat2 Original size 12 Crunched size 12
Map event data for lvl_cat2 Original size 32 Crunched size 32
Pattern data for 3 Original size 286 Crunched size 286
Dynamic pattern data for 3 Original size 32 Crunched size 32
Map header lvl_column Original size 8444 Crunched size 8444
Get Y lookup table lvl_column Original size 64 Crunched size 64
Map tile data  lvl_column Original size 288 Crunched size 13
Map path node data for lvl_column Original size 12 Crunched size 12
Map event data for lvl_column Original size 32 Crunched size 32
Pattern data for 4 Original size 540 Crunched size 540
Dynamic pattern data for 4 Original size 32 Crunched size 32
Map header lvl_endscreen Original size 8444 Crunched size 8444
Get Y lookup table lvl_endscreen Original size 64 Crunched size 64
Map tile data  lvl_endscreen Original size 288 Crunched size 13
Map path node data for lvl_endscreen Original size 12 Crunched size 12
Map event data for lvl_endscreen Original size 32 Crunched size 32
Dynamic pattern data for 5 Original size 108992 Crunched size 108992
Map header lvl_sew Original size 11132 Crunched size 11132
Get Y lookup table lvl_sew Original size 64 Crunched size 64
Map tile data  lvl_sew Original size 1824 Crunched size 15
Map block data for lvl_sew Original size 1824 Crunched size 7
Map path node data for lvl_sew Original size 12 Crunched size 12
Map event data for lvl_sew Original size 32 Crunched size 32
Dynamic pattern data for 6 Original size 109120 Crunched size 109120
Map header lvl_sew2 Original size 11132 Crunched size 11132
Get Y lookup table lvl_sew2 Original size 64 Crunched size 64
Map tile data  lvl_sew2 Original size 1824 Crunched size 15
Map block data for lvl_sew2 Original size 1824 Crunched size 7
Map path node data for lvl_sew2 Original size 12 Crunched size 12
Map event data for lvl_sew2 Original size 32 Crunched size 32
Pattern data for 7 Original size 1090 Crunched size 1090
Dynamic pattern data for 7 Original size 32 Crunched size 32
Map header lvl_spider Original size 8444 Crunched size 8444
Get Y lookup table lvl_spider Original size 64 Crunched size 64
Map tile data  lvl_spider Original size 288 Crunched size 13
Map block data for lvl_spider Original size 288 Crunched size 6
Map path node data for lvl_spider Original size 12 Crunched size 12
Map event data for lvl_spider Original size 32 Crunched size 32
Project name table Original size 25360 Crunched size 25360
Streamed project patterns Original size 43296 Crunched size 43296
Images Original size 896 Crunched size 896
Animations Original size 272 Crunched size 272
Animation Frames Original size 400 Crunched size 400
Mega Drive header Original size 2902 Crunched size 2902
Teleporters Original size 8 Crunched size 8
Var Data Original size 14 Crunched size 14
Attack Data Original size 66 Crunched size 66

=== Possibly unused Actors ===
bighand
cat
spider

=== Codeblocks by compiled size ===
load_level: 724
endscreen_removecorner: 560
endscreen: 468
startup: 422
do_teleport: 404
set_yresolution: 398
level1: 392
on_bighandupdate: 358
level2: 338
level3: 330
flipscreen_smooth: 310 (Unused?)
level3_win: 286
flipxymove: 278 (Unused?)
level3_loop: 258
on_catupdate: 240
pre_startup: 212
animate_rain: 204
waitforframes: 194
level4_badending: 190
check_talkpad: 172 (Unused?)
flipymove: 162 (Unused?)
snap_to_screen: 158 (Unused?)
level4: 156
pre_quit: 152 (Unused?)
load_panel: 146
flipxmove: 142 (Unused?)
unload_level: 142
pause: 138 (Unused?)
load_music: 130 (Unused?)
destroy_all_blocks: 124 (Unused?)
pre_load_level: 122
waitforfireup: 114
fadein: 112
waitforfiredown: 110
unload_panel: 106
on_holerepaired: 100
on_spiderupdate: 100
load_panel_bottom: 96
load_panel_top: 96 (Unused?)
destroy_child_actors: 94 (Unused?)
fadeout: 88
pre_anim5: 86 (Unused?)
waitforfirehit: 86
level2_win: 84
load_music_finish: 76
wrap_screen_bottom: 76 (Unused?)
wrap_screen_right: 76 (Unused?)
flipscreen: 72 (Unused?)
wrap_screen_left: 72 (Unused?)
wrap_screen_top: 72 (Unused?)
jump_actor: 66 (Unused?)
load_panel_finish: 66
unload_panel_bottom: 62
unload_panel_top: 62
destroy_all_actors: 60 (Unused?)
destroy_actor: 58
regenerate_screen: 58
destroy_block: 52 (Unused?)
return: 52 (Unused?)
quit: 50 (Unused?)
regenerate_screen_wait: 46
freeze_actor: 40 (Unused?)
unfreeze_actor: 40 (Unused?)
block_coll_force: 32 (Unused?)
block_coll_passthru: 32 (Unused?)
clear_block_collision: 32
vm_registers: 26 (Unused?)
vm_constants: 26 (Unused?)
debug_breakpoint: 26 (Unused?)
hardware_amiga: 26 (Unused?)
hardware_megadrive: 26 (Unused?)
set_ntsc: 26
vm_constants_audiodriver: 26 (Unused?)
vm_constants_controlbits: 26 (Unused?)
vm_constants_notes: 26 (Unused?)
vm_constants_platform: 26 (Unused?)
vm_constants_tile_properties: 26 (Unused?)
