Compiled on Wednesday, 10 July 2024 10:40:07 p.m.
Version string: SE2024.1.240710.14.52.EX

ImageFrames: 20
ImageFrame Data Size: 882
Actor Count: 6
Actor Data Size: 1080
Animations Count: 17
Animations Data Size: 272
AnimationFrame Count: 31
AnimationFrame Data Size: 496
Project sound Original size 28 Crunched size 28
XGM Null sound Original size 256 Crunched size 256
XGM Null song Original size 172 Crunched size 172
XGM 68K Plugin Driver Original size 812 Crunched size 812
XGM Core Driver Original size 5888 Crunched size 5888
Default MD font Original size 2048 Crunched size 2048
Project virtual machine (codeblocks) Original size 8364 Crunched size 8364
Panel  Original size 10350 Crunched size 10350
Project blocks Original size 68 Crunched size 68
Images Original size 882 Crunched size 882
Project actors Original size 1080 Crunched size 1080
Project patterns Original size 7712 Crunched size 7712
Map tile data  new_map Original size 468 Crunched size 41
Tile data for map new_map (mem restrictions:None) Original size 768 Crunched size 768
Pattern data for 1 Original size 60 Crunched size 60
Map event data for new_map Original size 40 Crunched size 40
Get Y lookup table new_map Original size 72 Crunched size 72
Map path node data for new_map Original size 12 Crunched size 12
Header data for map new_map Original size 8000 Crunched size 8000
Map block data for new_map Original size 468 Crunched size 6
Project name table Original size 224 Crunched size 224
Streamed project patterns Original size 4576 Crunched size 4576
Animations Original size 272 Crunched size 272
Animation Frames Original size 496 Crunched size 496
Misc Data (paths, hurt boxes etc) Original size 2 Crunched size 2
Project Header Original size 2902 Crunched size 2902
Var Data Original size 14 Crunched size 14
Attack Data Original size 176 Crunched size 176
Teleporters Original size 8 Crunched size 8

=== Accounted Memory Usage ===
(Note that this isn't a full account of memory usage, just the memory we can account for)
RAM reserved for level tiles: (largest level: new_map): 936
memory reserved for active actors on screen (32): 4616
memory reserved for dormant actors in map (256): 9216

Total: 14768 bytes

=== Possibly unused animations ===
alexkidd_punch_r
alexkidd_punch_l

=== Possibly unused Actors ===
alexkidd
lightcircle
waterfall

=== Codeblocks by compiled size ===
load_level: 528
do_teleport: 404
set_yresolution: 390 (Unused?)
pre_startup: 342
flipscreen_smooth: 310 (Unused?)
alexkidd_autogen_attack: 308
flipxymove: 278 (Unused?)
block_find: 206 (Unused?)
startup: 204
waitforframes: 194
block_count: 178 (Unused?)
check_talkpad: 172 (Unused?)
flipymove: 162 (Unused?)
snap_to_screen: 158
pre_quit: 152 (Unused?)
load_panel: 146
flipxmove: 142 (Unused?)
unload_level: 142
pause: 138 (Unused?)
AUTOGEN_OUTOFSCREEN_destroy_actor_destroy_actor_destroy_actor_destroy_actor: 130
destroy_all_blocks: 128 (Unused?)
pre_load_level: 122
waitforfireup: 114
fadein: 112
waitforfiredown: 110
unload_panel: 106
load_panel_bottom: 96 (Unused?)
load_panel_top: 96 (Unused?)
destroy_child_actors: 94 (Unused?)
autogen_alexkidd_punch_jump_l_0: 90
fadeout: 88
autogen_alexkidd_punch_jump_r_0: 88
pre_anim5: 86 (Unused?)
waitforfirehit: 86
AUTOGEN_OUTOFSCREEN_snap_to_screen_snap_to_screen_None_None: 78
load_music_finish: 76
wrap_screen_bottom: 76 (Unused?)
wrap_screen_right: 76 (Unused?)
flipscreen: 72 (Unused?)
wrap_screen_left: 72 (Unused?)
wrap_screen_top: 72 (Unused?)
load_music: 70 (Unused?)
jump_actor: 66 (Unused?)
load_panel_finish: 66
unload_panel_bottom: 62
unload_panel_top: 62
destroy_all_actors: 60 (Unused?)
destroy_actor: 58
regenerate_screen: 58
shadow_offset: 54
destroy_block: 52 (Unused?)
return: 52 (Unused?)
quit: 50 (Unused?)
regenerate_screen_wait: 46
freeze_actor: 40 (Unused?)
unfreeze_actor: 40 (Unused?)
block_coll_force: 32 (Unused?)
block_coll_passthru: 32 (Unused?)
clear_block_collision: 32
vm_registers: 26 (Unused?)
debug_breakpoint: 26 (Unused?)
set_ntsc: 26
vm_constants_tile_properties: 26 (Unused?)
