=== Image optimisations ===

=== Misc ===
Actor Count: 2
Actor Data Size: 592
Block Count: 4
Block Data Size: 208
Anim5 Count: 1
Anim5 Data Size: 4
Sound Count: 1
Sound Data Size: 32
Teleporter Count: 1
Teleporter Data Size: 8
Animations Count: 9
Animations Data Size: 144
AnimationFrame Count: 12
AnimationFrame Data Size: 192
ImageFrames: BlitzTool.BlitzWord
ImageFrame Data Size: 832
Crunching Panel scorpion_eng_splashscreen as 0.img. Original size: 37106. Crunched size: 3308
Crunching Project virtual machine (codeblocks) as project.vm. Original size: 6384. Crunched size: 2154
Crunching Header data for map map1 as 1.mhd. Original size: 9788. Crunched size: 286
Crunching Data for map map1 as 1.map. Original size: 3428. Crunched size: 512
Crunching Background for map map1 as 1.bg. Original size: 2672. Crunched size: 92
Crunching Asset bundle 0 as 0.gfx. Original size: 6040. Crunched size: 1552
Crunching Asset bundle 1 as 1.gfx. Original size: 7840. Crunched size: 2458
Crunching Project data as project.dat. Original size: 2012. Crunched size: 440
Crunching Scorpion header as project.hd. Original size: 4036. Crunched size: 1192

Estimated memory usages:

For chip:
Map gfx (Panel: scorpion_eng_splashscreen): 37106
Music memory: 0
BP Buffer memory: 109600
core sfx/gfx memory: 6040
Parallax memory: 0

For other:
Map cache memory: 0
Map header cache memory: 0
Map data memory: 3428
Map background memory: 2672
EXE memory: 199124
vm memory: 6384
project memory: 2012

Accounted memory chip: 152746
Accounted memory other: 213620
Accounted memory total: 366366
