=== Image optimisations ===

=== Estimated memory usages ===

For chip:
Map gfx (Panel: scorpion_eng_splashscreen): 35158
Music memory (): 0
BP Buffer memory: 135840
core sfx/gfx memory: 4
Parallax memory: 49408
OS/other estimated: 99328

For other:
Map cache memory: 0
Map header cache memory: 0
Map data memory: 14844
Map background memory: 2352
EXE memory: 210108
vm memory: 7390
project memory: 440
memory reserved for active actors on screen (32): 4744
memory reserved for dormant actors in map (256): 9216
OS/other estimated: 105472

Accounted memory chip: 425210
Accounted memory other: 249094
Accounted memory total: 674304

=== Misc ===
Maps and Asset Bundles Count: 2
Maps and Asset Bundles Data Size: 24
Actor Count: 1
Actor Data Size: 188
Block Count: 1
Block Data Size: 68
Anim5 Count: 0
Anim5 Data Size: 0
Sound Count: 1
Sound Data Size: 28
Teleporter Count: 1
Teleporter Data Size: 8
Animations Count: 1
Animations Data Size: 16
AnimationFrame Count: 2
AnimationFrame Data Size: 32
ImageFrames: 1
ImageFrame Data Size: 44
Sprites: 1
Sprites Data Size: 14
Attack Data: 0
Attack Data Size: 0
Misc data size: 16
Panel scorpion_eng_splashscreen Original size 35158 Crunched size 3258
Panel talkpad Original size 16022 Crunched size 2584
Header data for map map1 Original size 7992 Crunched size 222
Tile data for map map1 (mem restrictions:No_Blocks) Original size 14844 Crunched size 1516
Background for map map1 Original size 2352 Crunched size 784
Parallax for map map1 Original size 49408 Crunched size 14194
Asset bundle 0 (Core project asset bundle) Original size 4 Crunched size 4
Asset bundle 1 (map1) Original size 21120 Crunched size 12344
Project Header Original size 4036 Crunched size 1188
Project Data Original size 440 Crunched size 84
Project virtual machine (codeblocks) Original size 7390 Crunched size 2250
Project virtual machine redirects Original size 4 Crunched size 4

=== Codeblocks by compiled size ===
load_level: 986
set_yresolution: 446
do_teleport: 320
flipscreen_smooth: 306 (Unused?)
pre_startup: 290
pause: 252 (Unused?)
flipxymove: 250 (Unused?)
startup: 198
waitforframes: 186
snap_to_screen: 158 (Unused?)
flipymove: 146 (Unused?)
load_panel: 146
pre_quit: 144
flipxmove: 130 (Unused?)
destroy_all_blocks: 120 (Unused?)
load_music: 118 (Unused?)
pre_load_level: 118
unload_level: 114
waitforfireup: 106
waitforfiredown: 102
load_panel_bottom: 96
load_panel_top: 96 (Unused?)
unload_panel: 92
pre_anim5: 86 (Unused?)
waitforfirehit: 86
fadeout: 84
camera_scroll_right: 82
wrap_screen_bottom: 76 (Unused?)
wrap_screen_right: 76 (Unused?)
wrap_screen_left: 72 (Unused?)
wrap_screen_top: 72 (Unused?)
flipscreen: 70 (Unused?)
quit: 66 (Unused?)
jump_actor: 62 (Unused?)
unload_panel_bottom: 62
unload_panel_top: 62
fadein: 58
destroy_all_actors: 56 (Unused?)
load_panel_finish: 56
destroy_actor: 54
load_music_finish: 52
regenerate_screen: 52
return: 52 (Unused?)
destroy_block: 48 (Unused?)
regenerate_screen_wait: 42
vm_registers: 26 (Unused?)
vm_constants: 26 (Unused?)
debug_breakpoint: 26 (Unused?)
vm_constants_controlbits: 26 (Unused?)
vm_constants_notes: 26 (Unused?)
vm_constants_platform: 26 (Unused?)
vm_constants_tile_properties: 26 (Unused?)
