Compiled on Saturday, 10 May 2025 5:28:51 p.m.
Version string: SE2024.2.250510.16.56.EX

=== Misc ===
ImageFrames: 23
ImageFrame Data Size: 1012
Maps and Asset Bundles Count: 2
Maps and Asset Bundles Data Size: 24
Actor Count: 7
Actor Data Size: 1260
Block Count: 3
Block Data Size: 204
Anim5 Count: 0
Anim5 Data Size: 0
Sound Count: 1
Sound Data Size: 28
Teleporter Count: 1
Teleporter Data Size: 8
Animations Count: 12
Animations Data Size: 192
AnimationFrame Count: 24
AnimationFrame Data Size: 384
Sprites: 16
Sprites Data Size: 224
Attack Data: 2
Attack Data Size: 176
Misc data size: 68
=== Image optimisations ===
Panel (background color #598) Original size 1296 Crunched size 76
Panel scorpion_eng_splashscreen Original size 36792 Crunched size 3380
Panel hud Original size 3104 Crunched size 172
Panel bobs hud Original size 7912 Crunched size 1836
Project virtual machine (codeblocks) Original size 9532 Crunched size 2972
Map actor data for new_map Original size 84 Crunched size 80
Header data for map new_map Original size 844 Crunched size 154
Tile data for map new_map (mem restrictions:None) Original size 3348 Crunched size 776
Asset bundle 0 (Core project asset bundle) Original size 12308 Crunched size 3872
Asset bundle 1 (new_map) Original size 12242 Crunched size 2496
Misc Data (paths, hurt boxes etc) Original size 2 Crunched size 2
Project Header Original size 4408 Crunched size 1228
Project Data Original size 3582 Crunched size 1024
Project virtual machine redirects Original size 4 Crunched size 4

=== Accounted Memory Usage ===
(Note that this isn't a full account of memory usage, just the memory we can account for)

For chip:
Map gfx (Panel: scorpion_eng_splashscreen): 36792
Music memory (): 0
BP Buffer memory: 131520
Core sfx/gfx memory: 12308
Parallax memory: 0
OS/other estimated: 99328

For other:
Map cache memory: 0
Map header cache memory: 0
Map actor cache memory: 0
Map data memory: 3348
Map background memory: 1296
EXE memory: 203968
vm memory: 9532
project memory: 3582
memory reserved for active actors on screen (32): 4616
memory reserved for dormant actors in map (128): 4608
OS/other estimated: 105472

Accounted memory chip: 279948
Accounted memory other: 336422
Accounted memory total: 616370

=== Codeblocks by compiled size ===
load_level: 550
king_handler: 498
pre_startup: 422
do_teleport: 402
flipscreen_smooth: 310 (Unused?)
flipxymove: 278 (Unused?)
load_next_level: 252 (Unused?)
king_ladder_handler: 232
block_find: 206 (Unused?)
set_yresolution: 202
waitforframes: 194
check_talkpad: 192 (Unused?)
king_autogen_attack: 190
pause: 184 (Unused?)
block_count: 178 (Unused?)
startup: 170
flipymove: 162 (Unused?)
pre_quit: 160
snap_to_screen: 158
load_panel: 146
toggle_snap: 144
flipxmove: 142 (Unused?)
unload_level: 142
AUTOGEN_OUTOFSCREEN_snap_to_screen_snap_to_screen_snap_to_screen_startup: 130
destroy_all_blocks: 128 (Unused?)
restart_this_level: 128 (Unused?)
pre_load_level: 122
fadein: 112
unload_panel: 106
waitforfireup: 102
platform_orbit: 100
waitforfiredown: 98
load_panel_bottom: 96 (Unused?)
load_panel_top: 96 (Unused?)
destroy_child_actors: 94 (Unused?)
fadeout: 88
pre_anim5: 86 (Unused?)
waitforfirehit: 86
platform_parent_spawner: 86
load_music: 78 (Unused?)
load_music_finish: 76
wrap_screen_bottom: 76 (Unused?)
wrap_screen_right: 76 (Unused?)
set_ntsc: 74 (Unused?)
flipscreen: 72 (Unused?)
wrap_screen_left: 72 (Unused?)
wrap_screen_top: 72 (Unused?)
quit: 70 (Unused?)
jump_actor: 66 (Unused?)
load_panel_finish: 66
getonladder: 64
unload_panel_bottom: 62
unload_panel_top: 62
destroy_all_actors: 60 (Unused?)
destroy_actor: 58
regenerate_screen: 58
getoffladder: 58
destroy_block: 52 (Unused?)
return: 52 (Unused?)
regenerate_screen_wait: 46
freeze_actor: 40 (Unused?)
unfreeze_actor: 40 (Unused?)
block_coll_force: 32 (Unused?)
block_coll_passthru: 32 (Unused?)
clear_block_collision: 32
vm_registers: 26 (Unused?)
debug_breakpoint: 26 (Unused?)
vm_constants_tile_properties: 26 (Unused?)
