Compiled on Wednesday, 10 July 2024 9:46:57 p.m.
Version string: SE2024.1.240710.14.52.EX

=== Misc ===
ImageFrames: 20
ImageFrame Data Size: 880
Maps and Asset Bundles Count: 2
Maps and Asset Bundles Data Size: 24
Actor Count: 7
Actor Data Size: 1260
Block Count: 3
Block Data Size: 204
Anim5 Count: 0
Anim5 Data Size: 0
Sound Count: 1
Sound Data Size: 28
Teleporter Count: 1
Teleporter Data Size: 8
Animations Count: 12
Animations Data Size: 192
AnimationFrame Count: 24
AnimationFrame Data Size: 384
Sprites: 16
Sprites Data Size: 224
Attack Data: 2
Attack Data Size: 176
Misc data size: 28
=== Image optimisations ===
Panel scorpion_eng_splashscreen Original size 55172 Crunched size 3460
Project virtual machine (codeblocks) Original size 8898 Crunched size 2758
Header data for map new_map Original size 8000 Crunched size 256
Tile data for map new_map (mem restrictions:None) Original size 3344 Crunched size 690
Background for map new_map Original size 1396 Crunched size 82
Asset bundle 0 (Core project asset bundle) Original size 12308 Crunched size 3864
Asset bundle 1 (new_map) Original size 9930 Crunched size 2134
Misc Data (paths, hurt boxes etc) Original size 2 Crunched size 2
Project Header Original size 4036 Crunched size 1188
Project Data Original size 3410 Crunched size 958
Project virtual machine redirects Original size 4 Crunched size 4

=== Accounted Memory Usage ===
(Note that this isn't a full account of memory usage, just the memory we can account for)

For chip:
Map gfx (Panel: scorpion_eng_splashscreen): 55172
Music memory (): 0
BP Buffer memory: 131520
core sfx/gfx memory: 12308
Parallax memory: 0
OS/other estimated: 99328

For other:
Map cache memory: 0
Map header cache memory: 0
Map data memory: 3344
Map background memory: 1396
EXE memory: 217016
vm memory: 8898
project memory: 3410
memory reserved for active actors on screen (32): 4616
memory reserved for dormant actors in map (256): 9216
OS/other estimated: 105472

Accounted memory chip: 298328
Accounted memory other: 353368
Accounted memory total: 651696

=== Possibly unused Actors ===
platform_actor
platform_actor_specialparent
static_king

=== Codeblocks by compiled size ===
load_level: 568
king_handler: 442
do_teleport: 424
pre_startup: 354
flipscreen_smooth: 310 (Unused?)
flipxymove: 278 (Unused?)
king_ladder_handler: 222
block_find: 206 (Unused?)
set_yresolution: 202 (Unused?)
waitforframes: 194
check_talkpad: 192 (Unused?)
king_autogen_attack: 184
block_count: 178 (Unused?)
pause: 176 (Unused?)
startup: 174
flipymove: 162 (Unused?)
snap_to_screen: 158
pre_quit: 152
load_panel: 146
flipxmove: 142 (Unused?)
unload_level: 142
AUTOGEN_OUTOFSCREEN_snap_to_screen_snap_to_screen_snap_to_screen_startup: 130
destroy_all_blocks: 128 (Unused?)
pre_load_level: 122
waitforfireup: 114
fadein: 112
waitforfiredown: 110
unload_panel: 106
platform_orbit: 100
load_panel_bottom: 96 (Unused?)
load_panel_top: 96 (Unused?)
destroy_child_actors: 94 (Unused?)
fadeout: 88
pre_anim5: 86 (Unused?)
waitforfirehit: 86
platform_parent_spawner: 86
load_music: 78 (Unused?)
load_music_finish: 76
wrap_screen_bottom: 76 (Unused?)
wrap_screen_right: 76 (Unused?)
set_ntsc: 74 (Unused?)
flipscreen: 72 (Unused?)
wrap_screen_left: 72 (Unused?)
wrap_screen_top: 72 (Unused?)
quit: 70 (Unused?)
jump_actor: 66 (Unused?)
load_panel_finish: 66
getonladder: 64
unload_panel_bottom: 62
unload_panel_top: 62
destroy_all_actors: 60 (Unused?)
destroy_actor: 58
regenerate_screen: 58
getoffladder: 58
destroy_block: 52 (Unused?)
return: 52 (Unused?)
regenerate_screen_wait: 46
freeze_actor: 40 (Unused?)
unfreeze_actor: 40 (Unused?)
block_coll_force: 32 (Unused?)
block_coll_passthru: 32 (Unused?)
clear_block_collision: 32
vm_registers: 26 (Unused?)
debug_breakpoint: 26 (Unused?)
vm_constants_tile_properties: 26 (Unused?)
