=== Image optimisations ===
Reduce width of sprites\monkeylad_punch.png by 8 pixels to 16 to reduce sprites by 2
Reduce width of sprites\monkeylad_punch.png by 8 pixels to 16 to reduce sprites by 2

=== Estimated memory usages ===

For chip:
Map gfx (Panel: title): 43610
Music memory: 86022
BP Buffer memory: 81920
core sfx/gfx memory: 8080
Parallax memory: 0

For other:
Map cache memory: 0
Map header cache memory: 0
Map data memory: 319344
Map background memory: 2672
EXE memory: 201336
vm memory: 7028
project memory: 24246

Accounted memory chip: 219632
Accounted memory other: 554626
Accounted memory total: 774258

=== Misc ===
Maps and Asset Bundles Count: 2
Maps and Asset Bundles Data Size: 24
Actor Count: 3
Actor Data Size: 648
Block Count: 243
Block Data Size: 12636
Anim5 Count: 0
Anim5 Data Size: 0
Sound Count: 1
Sound Data Size: 32
Teleporter Count: 1
Teleporter Data Size: 8
Animations Count: 11
Animations Data Size: 176
AnimationFrame Count: 18
AnimationFrame Data Size: 288
ImageFrames: 228
ImageFrame Data Size: 10032
Sprites: 17
Sprites Data Size: 238
Attack Data: 2
Attack Data Size: 132
Misc data size: 30
Asset bundle 0 (Core project asset bundle) Original size 8080 Crunched size 2838
Asset bundle 1 (new_map) Original size 32 Crunched size 32
Background for map new_map Original size 2672 Crunched size 92
Music file bedappol_00111231125261_nocounter Original size 86022 Crunched size 58902
Tile data for map new_map (mem restrictions:None) Original size 319344 Crunched size 50798
Header data for map new_map Original size 7988 Crunched size 208
Project Data Original size 24246 Crunched size 2742
Project Header Original size 4040 Crunched size 1194
Panel scorpion_eng_splashscreen Original size 35930 Crunched size 3266
Panel title Original size 43610 Crunched size 2684
Project virtual machine (codeblocks) Original size 7028 Crunched size 2214
Project virtual machine redirects Original size 4 Crunched size 4

Codeblocks by compiled size: 

load_level: 988
process_next_tile: 410
do_teleport: 362
flipscreen_smooth: 346
flipxymove: 306
startup: 306
bufferswap: 238
set_yresolution: 200
snap_to_screen: 190
pre_startup: 188
flipymove: 174
pre_quit: 166
flipxmove: 158
load_panel: 146
set_tile_parameters: 146
destroy_all_blocks: 124
unload_level: 114
load_panel_bottom: 96
load_panel_top: 96
waitforfirehit: 96
unload_panel: 92
wrap_screen_bottom: 92
wrap_screen_right: 92
wrap_screen_left: 88
wrap_screen_top: 88
flipscreen: 86
pre_anim5: 86
fadeout: 84
waitforframes: 78
quit: 66
destroy_all_actors: 62
jump_actor: 62
load_music: 62
unload_panel_bottom: 62
unload_panel_top: 62
load_panel_finish: 56
destroy_actor: 54
fadein: 52
regenerate_screen: 52
return: 52
destroy_block: 48
regenerate_screen_wait: 42
debug_dump: 30
vm_registers: 26
vm_constants: 26
vm_registers_amiga: 26
debug_breakpoint: 26
vm_constants_notes: 26
vm_constants_tile_properties: 26
