=== Image optimisations ===

=== Misc ===
Actor Count: 2
Actor Data Size: 584
Block Count: 5
Block Data Size: 260
Anim5 Count: 1
Anim5 Data Size: 4
Sound Count: 1
Sound Data Size: 16
Teleporter Count: 1
Teleporter Data Size: 8
Animations Count: 10
Animations Data Size: 160
AnimationFrame Count: 18
AnimationFrame Data Size: 1224
Crunching Panel scorpion_eng_splashscreen as 0.img. Original size: 37106. Crunched size: 3312
Crunching Project virtual machine (codeblocks) as project.vm. Original size: 4744. Crunched size: 1544
Crunching Header data for map map as 1.mhd. Original size: 11552. Crunched size: 286
Crunching Data for map map as 1.map. Original size: 2000. Crunched size: 386
Crunching Asset bundle 0 as 0.gfx. Original size: 4864. Crunched size: 1612
Crunching Asset bundle 1 as 1.gfx. Original size: 9472. Crunched size: 1438
Crunching Project data as project.dat. Original size: 2256. Crunched size: 396
Crunching Scorpion header as project.hd. Original size: 3004. Crunched size: 1178

Estimated memory usages:

For chip:
Map gfx (Panel: scorpion_eng_splashscreen): 37106
Music memory: 0
BP Buffer memory: 87360
core sfx/gfx memory: 4864

For other:
Map cache memory: 0
Map header cache memory: 0
Map data memory: 2000
EXE memory: 194480
vm memory: 4744
project memory: 2256

Accounted memory chip: 129330
Accounted memory other: 203480
Accounted memory total: 332810
