=== Image optimisations ===
Reduce width of sprites\Katana_Pixel.png by 10 pixels to 16 to improve blit performance by 200.00%
Reduce width of sprites\Katana_Pixel.png by 10 pixels to 16 to improve blit performance by 200.00%

=== Estimated memory usages ===

For chip:
Map gfx (Panel: scorpion_eng_splashscreen): 35944
Music memory (): 0
BP Buffer memory: 131040
core sfx/gfx memory: 8400
Parallax memory: 0

For other:
Map cache memory: 0
Map header cache memory: 0
Map data memory: 1616
Map background memory: 2672
EXE memory: 202076
vm memory: 7464
project memory: 3352

Accounted memory chip: 175384
Accounted memory other: 217180
Accounted memory total: 392564

=== Misc ===
Maps and Asset Bundles Count: 2
Maps and Asset Bundles Data Size: 24
Actor Count: 4
Actor Data Size: 800
Block Count: 5
Block Data Size: 260
Anim5 Count: 0
Anim5 Data Size: 0
Sound Count: 1
Sound Data Size: 24
Teleporter Count: 1
Teleporter Data Size: 8
Animations Count: 14
Animations Data Size: 224
AnimationFrame Count: 33
AnimationFrame Data Size: 528
ImageFrames: 30
ImageFrame Data Size: 1320
Sprites: 1
Sprites Data Size: 14
Attack Data: 2
Attack Data Size: 132
Misc data size: 16
Asset bundle 0 (Core project asset bundle) Original size 8400 Crunched size 2252
Asset bundle 1 (new_map) Original size 480 Crunched size 110
Background for map new_map Original size 2672 Crunched size 92
Tile data for map new_map (mem restrictions:None) Original size 1616 Crunched size 240
Header data for map new_map Original size 7996 Crunched size 298
Project Data Original size 3352 Crunched size 950
Project Header Original size 4032 Crunched size 1188
Panel scorpion_eng_splashscreen Original size 35944 Crunched size 3280
Project virtual machine (codeblocks) Original size 7464 Crunched size 2294
Project virtual machine redirects Original size 4 Crunched size 4

=== Codeblocks by compiled size ===
load_level: 1012
set_yresolution: 448 (Unused?)
do_teleport: 362
flipscreen_smooth: 346 (Unused?)
flipxymove: 306 (Unused?)
pause: 252 (Unused?)
handle_block_hit: 206
snap_to_screen: 190 (Unused?)
pre_startup: 188
handle_barrel_hit_floor: 182
flipymove: 174 (Unused?)
flipxmove: 158 (Unused?)
load_panel: 146
pre_quit: 146
try_fall_barrel: 142
destroy_all_blocks: 124 (Unused?)
unload_level: 114
spawn_barrel: 98
load_panel_bottom: 96 (Unused?)
load_panel_top: 96 (Unused?)
waitforfireup: 94
unload_panel: 92
wrap_screen_bottom: 92 (Unused?)
wrap_screen_right: 92 (Unused?)
handle_block_top_hit: 92
startup: 92
waitforfiredown: 90
wrap_screen_left: 88 (Unused?)
wrap_screen_top: 88 (Unused?)
flipscreen: 86 (Unused?)
pre_anim5: 86 (Unused?)
waitforfirehit: 86
fadeout: 84
waitforframes: 78
quit: 66 (Unused?)
destroy_all_actors: 62 (Unused?)
jump_actor: 62 (Unused?)
load_music: 62 (Unused?)
unload_panel_bottom: 62
unload_panel_top: 62
fadein: 58
load_panel_finish: 56
destroy_actor: 54
regenerate_screen: 52
return: 52 (Unused?)
destroy_block: 48 (Unused?)
regenerate_screen_wait: 42
debug_dump: 30 (Unused?)
vm_registers: 26 (Unused?)
vm_constants: 26 (Unused?)
debug_breakpoint: 26 (Unused?)
vm_constants_controlbits: 26 (Unused?)
vm_constants_notes: 26 (Unused?)
vm_constants_tile_properties: 26 (Unused?)
vm_constants_platform: 26 (Unused?)
