=== Image optimisations ===

=== Estimated memory usages ===

For chip:
Map gfx (Panel: pnl_title): 41058
Music memory (song): 78332
BP Buffer memory: 132000
core sfx/gfx memory: 117234
Parallax memory: 0
OS/other estimated: 99328

For other:
Map cache memory: 0
Map header cache memory: 0
Map data memory: 6252
Map background memory: 1396
EXE memory: 211412
vm memory: 7730
project memory: 5598
memory reserved for active actors on screen (32): 4744
memory reserved for dormant actors in map (256): 9216
OS/other estimated: 105472

Accounted memory chip: 573424
Accounted memory other: 246348
Accounted memory total: 819772

=== Misc ===
Maps and Asset Bundles Count: 2
Maps and Asset Bundles Data Size: 24
Actor Count: 3
Actor Data Size: 564
Block Count: 24
Block Data Size: 1632
Anim5 Count: 0
Anim5 Data Size: 0
Sound Count: 7
Sound Data Size: 196
Teleporter Count: 1
Teleporter Data Size: 8
Animations Count: 9
Animations Data Size: 144
AnimationFrame Count: 54
AnimationFrame Data Size: 864
ImageFrames: 47
ImageFrame Data Size: 2068
Sprites: 1
Sprites Data Size: 14
Attack Data: 1
Attack Data Size: 66
Misc data size: 16
Music file song Original size 78332 Crunched size 46572
Panel scorpion_eng_splashscreen Original size 35158 Crunched size 3262
Panel pnl_title Original size 41058 Crunched size 7092
Header data for map game_level Original size 7992 Crunched size 260
Tile data for map game_level (mem restrictions:None) Original size 6252 Crunched size 1330
Background for map game_level Original size 1396 Crunched size 80
Asset bundle 0 (Core project asset bundle) Original size 117234 Crunched size 37000
Asset bundle 1 (game_level) Original size 29600 Crunched size 8392
Project Header Original size 4032 Crunched size 1192
Project Data Original size 5598 Crunched size 1588
Project virtual machine (codeblocks) Original size 7730 Crunched size 2348
Project virtual machine redirects Original size 4 Crunched size 4

=== Possibly unused blocks ===
slope12
slope13
slope14
slope15
slope6
slope7

=== Possibly unused Actors ===
cpu
player

=== Possibly unused sound effects ===
sndblock
sndcoin
snddie
sndenemykill
sndshot
sndwater

=== Codeblocks by compiled size ===
load_level: 726
set_yresolution: 446 (Unused?)
do_teleport: 368
flipscreen_smooth: 306 (Unused?)
flipxymove: 250 (Unused?)
startup: 214
pre_startup: 206
check_talkpad: 188 (Unused?)
waitforframes: 186
pause: 164 (Unused?)
snap_to_screen: 158 (Unused?)
flipymove: 146 (Unused?)
load_panel: 146
pre_quit: 144
flipxmove: 130
destroy_all_blocks: 120 (Unused?)
load_music: 118 (Unused?)
pre_load_level: 118
unload_level: 114
waitforfireup: 106
fadein: 102
waitforfiredown: 102
load_panel_bottom: 96 (Unused?)
load_panel_top: 96 (Unused?)
unload_panel: 92
destroy_child_actors: 90 (Unused?)
pre_anim5: 86 (Unused?)
waitforfirehit: 86
fadeout: 84
AUTOGEN_OUTOFSCREEN_ai_forceright_ai_forceleft_None_None: 78
wrap_screen_bottom: 76 (Unused?)
wrap_screen_right: 76 (Unused?)
wrap_screen_left: 72 (Unused?)
wrap_screen_top: 72 (Unused?)
flipscreen: 70 (Unused?)
autogen_idle_l_2: 68
quit: 66 (Unused?)
load_music_finish: 64
autogen_idle_r_2: 64
jump_actor: 62 (Unused?)
unload_panel_bottom: 62
unload_panel_top: 62
destroy_all_actors: 56 (Unused?)
load_panel_finish: 56
destroy_actor: 54
regenerate_screen: 52
return: 52 (Unused?)
destroy_block: 48 (Unused?)
regenerate_screen_wait: 42
ai_forceleft: 42
ai_forceright: 42
freeze_actor: 36 (Unused?)
unfreeze_actor: 36 (Unused?)
block_coll_force: 32 (Unused?)
block_coll_passthru: 32 (Unused?)
vm_registers: 26 (Unused?)
vm_constants: 26 (Unused?)
debug_breakpoint: 26 (Unused?)
vm_constants_audiodriver: 26 (Unused?)
vm_constants_controlbits: 26 (Unused?)
vm_constants_notes: 26 (Unused?)
vm_constants_platform: 26 (Unused?)
vm_constants_tile_properties: 26 (Unused?)
