RAM reserved for level tiles: 2400 bytes (largest level: game_level)

Default MD font Original size 2048 Crunched size 2048
Default MD number font Original size 320 Crunched size 320
Project virtual machine (codeblocks) Original size 7792 Crunched size 7792
Panel  Original size 10334 Crunched size 10334
Panel pnl_title Original size 10846 Crunched size 10846
Project blocks Original size 1632 Crunched size 1632
Project actors Original size 564 Crunched size 564
Project patterns Original size 32 Crunched size 32
Pattern data for 1 Original size 672 Crunched size 672
Map header game_level Original size 10108 Crunched size 10108
Get Y lookup table game_level Original size 96 Crunched size 96
Map tile data  game_level Original size 1200 Crunched size 52
Map block data for game_level Original size 1200 Crunched size 64
Map path node data for game_level Original size 12 Crunched size 12
Map event data for game_level Original size 32 Crunched size 32
Project name table Original size 1616 Crunched size 1616
Streamed project patterns Original size 29696 Crunched size 29696
Images Original size 1848 Crunched size 1848
Animations Original size 144 Crunched size 144
Animation Frames Original size 800 Crunched size 800
Mega Drive header Original size 2902 Crunched size 2902
Teleporters Original size 8 Crunched size 8
Var Data Original size 14 Crunched size 14
Attack Data Original size 66 Crunched size 66

=== Possibly unused blocks ===
slope12
slope13
slope14
slope15
slope6
slope7

=== Possibly unused Actors ===
cpu
player

=== Codeblocks by compiled size ===
load_level: 724
do_teleport: 404
set_yresolution: 398 (Unused?)
flipscreen_smooth: 310 (Unused?)
flipxymove: 278 (Unused?)
pre_startup: 212
waitforframes: 194
check_talkpad: 172 (Unused?)
startup: 172
flipymove: 162 (Unused?)
snap_to_screen: 158 (Unused?)
pre_quit: 152 (Unused?)
load_panel: 146
flipxmove: 142
unload_level: 142
pause: 138 (Unused?)
load_music: 130 (Unused?)
destroy_all_blocks: 124 (Unused?)
pre_load_level: 122
waitforfireup: 114
fadein: 112
waitforfiredown: 110
unload_panel: 106
load_panel_bottom: 96 (Unused?)
load_panel_top: 96 (Unused?)
destroy_child_actors: 94 (Unused?)
fadeout: 88
pre_anim5: 86 (Unused?)
waitforfirehit: 86
AUTOGEN_OUTOFSCREEN_ai_forceright_ai_forceleft_None_None: 78
load_music_finish: 76
wrap_screen_bottom: 76 (Unused?)
wrap_screen_right: 76 (Unused?)
flipscreen: 72 (Unused?)
wrap_screen_left: 72 (Unused?)
wrap_screen_top: 72 (Unused?)
jump_actor: 66 (Unused?)
load_panel_finish: 66
unload_panel_bottom: 62
unload_panel_top: 62
destroy_all_actors: 60 (Unused?)
destroy_actor: 58
regenerate_screen: 58
destroy_block: 52 (Unused?)
return: 52 (Unused?)
quit: 50 (Unused?)
regenerate_screen_wait: 46
ai_forceleft: 46
ai_forceright: 46
flat_slope: 42
right_down_slope: 42
right_up_slope: 42
freeze_actor: 40 (Unused?)
unfreeze_actor: 40 (Unused?)
block_coll_force: 32 (Unused?)
block_coll_passthru: 32 (Unused?)
clear_block_collision: 32
vm_registers: 26 (Unused?)
vm_constants: 26 (Unused?)
debug_breakpoint: 26 (Unused?)
hardware_amiga: 26 (Unused?)
hardware_megadrive: 26 (Unused?)
set_ntsc: 26
vm_constants_audiodriver: 26 (Unused?)
vm_constants_controlbits: 26 (Unused?)
vm_constants_notes: 26 (Unused?)
vm_constants_platform: 26 (Unused?)
vm_constants_tile_properties: 26 (Unused?)
