=== Image optimisations ===
Reduce width of sprites\player.png by 8 pixels to 16 to improve blit performance by 200.00%
Reduce width of sprites\spinner1.png by 12 pixels to 16 to improve blit performance by 200.00%
Reduce width of sprites\spinner2.png by 12 pixels to 16 to improve blit performance by 200.00%
Reduce width of sprites\spinner3.png by 12 pixels to 16 to improve blit performance by 200.00%
Reduce width of sprites\spinner4.png by 12 pixels to 16 to improve blit performance by 200.00%

=== Estimated memory usages ===

For chip:
Map gfx (Panel: scorpion_eng_splashscreen): 35934
Music memory (): 0
BP Buffer memory: 105600
core sfx/gfx memory: 7272
Parallax memory: 26752

For other:
Map cache memory: 0
Map header cache memory: 0
Map data memory: 4408
Map background memory: 2672
EXE memory: 203028
vm memory: 8554
project memory: 2342

Accounted memory chip: 175558
Accounted memory other: 221004
Accounted memory total: 396562

=== Misc ===
Maps and Asset Bundles Count: 2
Maps and Asset Bundles Data Size: 24
Actor Count: 5
Actor Data Size: 1000
Block Count: 1
Block Data Size: 52
Anim5 Count: 0
Anim5 Data Size: 0
Sound Count: 1
Sound Data Size: 24
Teleporter Count: 1
Teleporter Data Size: 8
Animations Count: 6
Animations Data Size: 96
AnimationFrame Count: 14
AnimationFrame Data Size: 224
ImageFrames: 13
ImageFrame Data Size: 572
Sprites: 8
Sprites Data Size: 112
Attack Data: 3
Attack Data Size: 198
Misc data size: 30
Asset bundle 0 (Core project asset bundle) Original size 7272 Crunched size 3762
Asset bundle 1 (level1) Original size 5760 Crunched size 2214
Background for map level1 Original size 2672 Crunched size 298
Tile data for map level1 (mem restrictions:No_Blocks) Original size 4408 Crunched size 456
Header data for map level1 Original size 7996 Crunched size 260
Parallax for map level1 Original size 26752 Crunched size 4294
Project Data Original size 2342 Crunched size 682
Project Header Original size 4032 Crunched size 1188
Panel scorpion_eng_splashscreen Original size 35934 Crunched size 3268
Project virtual machine (codeblocks) Original size 8554 Crunched size 2572
Project virtual machine redirects Original size 4 Crunched size 4

=== Possibly unused Actors ===
player
shot1

=== Codeblocks by compiled size ===
load_level: 1012
handler_spinner: 512
set_yresolution: 448
startup: 420
do_teleport: 362
level1code: 350
flipscreen_smooth: 346 (Unused?)
flipxymove: 306 (Unused?)
pause: 252
pre_startup: 194
snap_to_screen: 190
flipymove: 174 (Unused?)
flipxmove: 158 (Unused?)
handler_drone: 156
load_panel: 146
pre_quit: 146
spawn_wave: 146 (Unused?)
destroy_all_blocks: 124 (Unused?)
unload_level: 114
projectile_hit: 104
player_shot: 104
load_panel_bottom: 96 (Unused?)
load_panel_top: 96 (Unused?)
waitforfireup: 94
unload_panel: 92
wrap_screen_bottom: 92 (Unused?)
wrap_screen_right: 92 (Unused?)
waitforfiredown: 90
wrap_screen_left: 88 (Unused?)
wrap_screen_top: 88 (Unused?)
flipscreen: 86 (Unused?)
pre_anim5: 86 (Unused?)
waitforfirehit: 86
fadeout: 84
waitforframes: 78
quit: 66 (Unused?)
destroy_all_actors: 62 (Unused?)
jump_actor: 62 (Unused?)
load_music: 62 (Unused?)
unload_panel_bottom: 62
unload_panel_top: 62
player_handler: 60
fadein: 58
load_panel_finish: 56
destroy_actor: 54
regenerate_screen: 52
return: 52 (Unused?)
destroy_block: 48 (Unused?)
regenerate_screen_wait: 42
spawn_player: 42
debug_dump: 30 (Unused?)
vm_registers: 26 (Unused?)
vm_constants: 26 (Unused?)
debug_breakpoint: 26 (Unused?)
vm_constants_controlbits: 26 (Unused?)
vm_constants_notes: 26 (Unused?)
vm_constants_tile_properties: 26 (Unused?)
vm_constants_platform: 26 (Unused?)
