=== Image optimisations ===

=== Estimated memory usages ===

For chip:
Map gfx (Panel: scorpion_eng_splashscreen): 37090
Music memory: 0
BP Buffer memory: 131040
core sfx/gfx memory: 17078
Parallax memory: 0

For other:
Map cache memory: 0
Map header cache memory: 0
Map data memory: 1604
Map background memory: 2672
EXE memory: 211040
vm memory: 7114
project memory: 3152

Accounted memory chip: 185208
Accounted memory other: 225582
Accounted memory total: 410790

=== Misc ===
Maps and Asset Bundles Count: 2
Maps and Asset Bundles Data Size: 24
Actor Count: 2
Actor Data Size: 592
Block Count: 4
Block Data Size: 208
Anim5 Count: 1
Anim5 Data Size: 1036
Sound Count: 2
Sound Data Size: 64
Teleporter Count: 1
Teleporter Data Size: 8
Animations Count: 9
Animations Data Size: 144
AnimationFrame Count: 12
AnimationFrame Data Size: 192
ImageFrames: 13
ImageFrame Data Size: 884
Asset bundle 0 (Core project asset bundle) Original size 17078 Crunched size 8056
Asset bundle 1 (map1) Original size 6560 Crunched size 1912
Background for map map1 Original size 2672 Crunched size 92
Tile data for map map1 (mem restrictions:None) Original size 1604 Crunched size 402
Header data for map map1 Original size 8756 Crunched size 266
Project Data Original size 3152 Crunched size 486
Project Header Original size 4040 Crunched size 1190
Panel scorpion_eng_splashscreen Original size 37090 Crunched size 3292
Project virtual machine (codeblocks) Original size 7114 Crunched size 1958
Project virtual machine redirects Original size 4 Crunched size 4
