Attack Data Original size 132 Crunched size 132
Default MD font Original size 2048 Crunched size 2048
Map event data for new_map Original size 20 Crunched size 20
Map header new_map Original size 11068 Crunched size 11068
Map block data for new_map Original size 468 Crunched size 468
Map path node data for new_map Original size 12 Crunched size 12
Map tile data  new_map Original size 468 Crunched size 86
Get Y lookup table new_map Original size 72 Crunched size 72
Default MD number font Original size 320 Crunched size 320
Project actors Original size 1200 Crunched size 1200
Project blocks Original size 52 Crunched size 52
Animation Frames Original size 496 Crunched size 496
Mega Drive header Original size 3660 Crunched size 3660
Images Original size 736 Crunched size 736
Panel  Original size 10292 Crunched size 10292
Animations Original size 272 Crunched size 272
Project patterns Original size 7712 Crunched size 7712
Streamed project patterns Original size 4736 Crunched size 4736
Pattern data for 1 Original size 608 Crunched size 608
Project sound Original size 24 Crunched size 24
Var Data Original size 16 Crunched size 16
Project virtual machine (codeblocks) Original size 6830 Crunched size 6830

=== Possibly unused animations ===
alexkidd_punch_r
alexkidd_punch_l

=== Codeblocks by compiled size ===
load_level: 1012
set_yresolution: 448 (Unused?)
do_teleport: 362
flipscreen_smooth: 346 (Unused?)
flipxymove: 306 (Unused?)
pause: 252 (Unused?)
snap_to_screen: 190
pre_startup: 188
flipymove: 174 (Unused?)
flipxmove: 158 (Unused?)
load_panel: 146
pre_quit: 146
destroy_all_blocks: 124 (Unused?)
startup: 120
unload_level: 114
load_panel_bottom: 96 (Unused?)
load_panel_top: 96 (Unused?)
waitforfireup: 94
unload_panel: 92
wrap_screen_bottom: 92 (Unused?)
wrap_screen_right: 92 (Unused?)
waitforfiredown: 90
wrap_screen_left: 88 (Unused?)
wrap_screen_top: 88 (Unused?)
flipscreen: 86 (Unused?)
pre_anim5: 86 (Unused?)
waitforfirehit: 86
fadeout: 84
waitforframes: 78
quit: 66 (Unused?)
destroy_all_actors: 62 (Unused?)
jump_actor: 62 (Unused?)
load_music: 62 (Unused?)
unload_panel_bottom: 62
unload_panel_top: 62
fadein: 58
shadow_offset: 58
load_panel_finish: 56
destroy_actor: 54
regenerate_screen: 52
return: 52 (Unused?)
destroy_block: 48 (Unused?)
regenerate_screen_wait: 42
debug_dump: 30 (Unused?)
vm_registers: 26 (Unused?)
vm_constants: 26 (Unused?)
debug_breakpoint: 26 (Unused?)
vm_constants_controlbits: 26 (Unused?)
vm_constants_notes: 26 (Unused?)
vm_constants_tile_properties: 26 (Unused?)
vm_constants_platform: 26 (Unused?)
