=== Image optimisations ===

=== Misc ===
Actor Count: 1
Actor Data Size: 292
Block Count: 1
Block Data Size: 52
Anim5 Count: 1
Anim5 Data Size: 4
Sound Count: 1
Sound Data Size: 16
Teleporter Count: 1
Teleporter Data Size: 8
Animations Count: 1
Animations Data Size: 16
AnimationFrame Count: 2
AnimationFrame Data Size: 160
Crunching Panel scorpion_eng_splashscreen as 0.img. Original size: 37106. Crunched size: 3322
Saving Panel panel_talkpad as 1.img. Original size: 49280
Saving Project virtual machine (codeblocks) as project.vm. Original size: 6284
Saving Asset bundle 0 as 0.gfx. Original size: 4
Saving Project data as project.dat. Original size: 548
Saving Scorpion header as project.hd. Original size: 3000

Estimated memory usages:

For chip:
Map gfx (Panel: panel_talkpad): 49280
Music memory: 0
BP Buffer memory: 109200
core sfx/gfx memory: 4

For other:
Map cache memory: 0
Map header cache memory: 0
Map data memory: 0
EXE memory: 197004
vm memory: 6284
project memory: 548

Accounted memory chip: 158484
Accounted memory other: 203836
Accounted memory total: 362320
