  Settings Copy: devs/system-configuration
  Internal copy file: system-configuration (size: 232)
  Write S/startup-sequence.
  Internal Copy command: C/cls
  Internal copy file: cls (size: 128)
  Internal Copy command: C/add21k
  Internal copy file: add21k (size: 1836)
  Copy file: game-crunched.exe (size: 77836)
Copy Whole Directory - ..\temp
Copy Whole Directory - ..\temp\data
  Copy file: 0.gfx (size: 4)
  Copy file: 1.img (size: 6080)
  Copy file: FLOPPY (size: 6)
  Copy file: project.dat (size: 1152)
  Copy file: project.vm (size: 1200)
Copy Whole Directory - ..\temp\s
Copy Whole Directory - ..\temp\savedata
Device : Floppy DD. Cylinders = 80, Heads = 2, Sectors = 11. Volumes = 1
Volume : Floppy 880 KBytes, "exe2adf" between sectors [0-1759]. OFS . Filled at 11.9%.
         2022/01/28  21:24:47  000888  C/
    128  2022/01/28  21:24:47  000889  C/cls
   1836  2022/01/28  21:24:47  000891  C/add21k
  77836  2022/01/28  21:24:47  000896  game-crunched.exe
         2022/01/28  21:24:47  001086  savedata/
         2022/01/28  21:24:47  000882  devs/
    232  2022/01/28  21:24:47  000883  devs/system-configuration
         2022/01/28  21:24:47  000885  S/
     29  2022/01/28  21:24:47  000886  S/startup-sequence
         2022/01/28  21:24:47  001059  data/
      4  2022/01/28  21:24:47  001060  data/0.gfx
   1152  2022/01/28  21:24:47  001078  data/project.dat
      6  2022/01/28  21:24:47  001076  data/FLOPPY
   6080  2022/01/28  21:24:47  001062  data/1.img
   1200  2022/01/28  21:24:47  001082  data/project.vm
>>> Created "..\_tmp" <<<
