=== Image optimisations ===

=== Misc ===
Actor Count: 2
Actor Data Size: 584
Block Count: 5
Block Data Size: 260
Anim5 Count: 1
Anim5 Data Size: 4
Sound Count: 1
Sound Data Size: 16
Teleporter Count: 1
Teleporter Data Size: 8
Animations Count: 10
Animations Data Size: 160
AnimationFrame Count: 18
AnimationFrame Data Size: 1224
Crunching Project virtual machine (codeblocks) as project.vm. Original size: 1780. Crunched size: 572
Crunching Data for map map as 1.map. Original size: 13400. Crunched size: 542
Crunching Asset bundle 0 as 0.gfx. Original size: 4864. Crunched size: 1612
Crunching Asset bundle 1 as 1.gfx. Original size: 9472. Crunched size: 1438
Crunching Project data as project.dat. Original size: 5228. Crunched size: 1454
