=== Image optimisations ===

=== Estimated memory usages ===

For chip:
Map gfx (Panel: scorpion_eng_splashscreen): 35934
Music memory (): 0
BP Buffer memory: 78624
core sfx/gfx memory: 4608
Parallax memory: 0

For other:
Map cache memory: 0
Map header cache memory: 0
Map data memory: 1624
Map background memory: 2672
EXE memory: 203028
vm memory: 7084
project memory: 1878

Accounted memory chip: 119166
Accounted memory other: 216286
Accounted memory total: 335452

=== Misc ===
Maps and Asset Bundles Count: 2
Maps and Asset Bundles Data Size: 24
Actor Count: 2
Actor Data Size: 400
Block Count: 5
Block Data Size: 260
Anim5 Count: 0
Anim5 Data Size: 0
Sound Count: 1
Sound Data Size: 24
Teleporter Count: 1
Teleporter Data Size: 8
Animations Count: 10
Animations Data Size: 160
AnimationFrame Count: 18
AnimationFrame Data Size: 288
ImageFrames: 14
ImageFrame Data Size: 616
Sprites: 1
Sprites Data Size: 14
Attack Data: 1
Attack Data Size: 66
Misc data size: 16
Asset bundle 0 (Core project asset bundle) Original size 4608 Crunched size 1602
Asset bundle 1 (map) Original size 9344 Crunched size 1438
Background for map map Original size 2672 Crunched size 92
Tile data for map map (mem restrictions:None) Original size 1624 Crunched size 366
Header data for map map Original size 7996 Crunched size 234
Project Data Original size 1878 Crunched size 460
Project Header Original size 4032 Crunched size 1188
Panel scorpion_eng_splashscreen Original size 35934 Crunched size 3268
Project virtual machine (codeblocks) Original size 7084 Crunched size 2214
Project virtual machine redirects Original size 4 Crunched size 4

=== Possibly unused Actors ===
player

=== Codeblocks by compiled size ===
load_level: 1012
set_yresolution: 448 (Unused?)
do_teleport: 362
flipscreen_smooth: 346 (Unused?)
flipxymove: 306 (Unused?)
pause: 252 (Unused?)
pre_startup: 194
snap_to_screen: 190 (Unused?)
flipymove: 174 (Unused?)
flipxmove: 158 (Unused?)
load_panel: 146
pre_quit: 146
destroy_all_blocks: 124 (Unused?)
unload_level: 114
new_codeblock: 114
load_panel_bottom: 96 (Unused?)
load_panel_top: 96 (Unused?)
waitforfireup: 94
unload_panel: 92
wrap_screen_bottom: 92 (Unused?)
wrap_screen_right: 92 (Unused?)
startup: 92
waitforfiredown: 90
wrap_screen_left: 88 (Unused?)
wrap_screen_top: 88 (Unused?)
flipscreen: 86 (Unused?)
pre_anim5: 86 (Unused?)
waitforfirehit: 86
fadeout: 84
waitforframes: 78
function_changecolor: 72
quit: 66 (Unused?)
destroy_all_actors: 62 (Unused?)
jump_actor: 62 (Unused?)
load_music: 62 (Unused?)
unload_panel_bottom: 62
unload_panel_top: 62
fadein: 58
load_panel_finish: 56
destroy_actor: 54
regenerate_screen: 52
return: 52 (Unused?)
destroy_block: 48 (Unused?)
regenerate_screen_wait: 42
block_blue: 38
block_green: 38
block_red: 38
block_yellow: 38
debug_dump: 30 (Unused?)
vm_registers: 26 (Unused?)
vm_constants: 26 (Unused?)
debug_breakpoint: 26 (Unused?)
vm_constants_controlbits: 26 (Unused?)
vm_constants_notes: 26 (Unused?)
vm_constants_tile_properties: 26 (Unused?)
vm_constants_platform: 26 (Unused?)
