Attack Data Original size 330 Crunched size 330
Default MD font Original size 2048 Crunched size 2048
Font for panel 2 Original size 2048 Crunched size 2048
Map event data for map Original size 28 Crunched size 28
Map header map Original size 20284 Crunched size 20284
Map block data for map Original size 1764 Crunched size 72
Map path node data for map Original size 12 Crunched size 12
Map tile data  map Original size 1764 Crunched size 110
Get Y lookup table map Original size 72 Crunched size 72
Default MD number font Original size 320 Crunched size 320
Number font for panel 1 Original size 320 Crunched size 320
Number font for panel 3 Original size 320 Crunched size 320
Project actors Original size 2800 Crunched size 2800
Project blocks Original size 52 Crunched size 52
Animation Frames Original size 1088 Crunched size 1088
Mega Drive header Original size 3660 Crunched size 3660
Images Original size 1116 Crunched size 1116
Panel  Original size 10322 Crunched size 10322
Panel scorepanel Original size 1022 Crunched size 1022
Panel talkpad Original size 962 Crunched size 962
Panel titlepanel Original size 32752 Crunched size 32752
Animations Original size 672 Crunched size 672
Project patterns Original size 32 Crunched size 32
Pattern data for 1 Original size 1866 Crunched size 1866
Streamed project patterns Original size 24160 Crunched size 24160
Project sound Original size 24 Crunched size 24
Var Data Original size 30 Crunched size 30
Project virtual machine (codeblocks) Original size 11864 Crunched size 11864

=== Possibly unused Actors ===
seasonchanger
spawner_player2
water

=== Codeblocks by compiled size ===
load_level: 1012
startup: 832
season_next: 564
fallbottom: 476
set_yresolution: 448
do_teleport: 362
update_season: 354
flipscreen_smooth: 346 (Unused?)
pumpkin_hit: 324
flipxymove: 306 (Unused?)
pause: 252 (Unused?)
shoot_lazer_dir: 234
snowball_hit: 228
push_actor: 226
push_player: 226
pre_startup: 194
snap_to_screen: 190 (Unused?)
flipymove: 174 (Unused?)
flipxmove: 158 (Unused?)
reset_seasonchanger: 148
load_panel: 146
pre_quit: 146
orb_bottom: 128
shoot_snowball: 128
destroy_all_blocks: 124 (Unused?)
shoot_lazer: 118
unload_level: 114
collider_with_player: 112
orb_left: 106
orb_right: 106
orb_top: 106
keep_onscreen: 98
load_panel_bottom: 96
load_panel_top: 96 (Unused?)
waitforfireup: 94
unload_panel: 92
wrap_screen_bottom: 92 (Unused?)
wrap_screen_right: 92 (Unused?)
waitforfiredown: 90
wrap_screen_left: 88 (Unused?)
wrap_screen_top: 88 (Unused?)
wrap_bottom: 88 (Unused?)
flipscreen: 86 (Unused?)
pre_anim5: 86 (Unused?)
waitforfirehit: 86
spawn_player2: 86
fadeout: 84
shoot_pumpkin: 84
wrap_top: 80 (Unused?)
waitforframes: 78
wrap_left: 74 (Unused?)
wrap_right: 74 (Unused?)
jump1: 72 (Unused?)
jump2: 72 (Unused?)
quit: 66 (Unused?)
destroy_all_actors: 62 (Unused?)
jump_actor: 62 (Unused?)
load_music: 62 (Unused?)
unload_panel_bottom: 62
unload_panel_top: 62
fadein: 58
load_panel_finish: 56
destroy_actor: 54
pumpkin_vanish: 54
regenerate_screen: 52
return: 52 (Unused?)
destroy_block: 48 (Unused?)
regenerate_screen_wait: 42
debug_dump: 30 (Unused?)
vm_registers: 26 (Unused?)
vm_constants: 26 (Unused?)
debug_breakpoint: 26 (Unused?)
vm_constants_controlbits: 26 (Unused?)
vm_constants_notes: 26 (Unused?)
vm_constants_tile_properties: 26 (Unused?)
vm_constants_platform: 26 (Unused?)
