=== Image optimisations ===

=== Estimated memory usages ===

For chip:
Map gfx (Panel: scorpion_eng_splashscreen): 35930
Music memory: 0
BP Buffer memory: 131040
core sfx/gfx memory: 7528
Parallax memory: 0

For other:
Map cache memory: 0
Map header cache memory: 0
Map data memory: 1604
Map background memory: 2672
EXE memory: 201336
vm memory: 6750
project memory: 2850

Accounted memory chip: 174498
Accounted memory other: 215212
Accounted memory total: 389710

=== Misc ===
Maps and Asset Bundles Count: 2
Maps and Asset Bundles Data Size: 24
Actor Count: 3
Actor Data Size: 648
Block Count: 5
Block Data Size: 260
Anim5 Count: 0
Anim5 Data Size: 0
Sound Count: 1
Sound Data Size: 32
Teleporter Count: 1
Teleporter Data Size: 8
Animations Count: 12
Animations Data Size: 192
AnimationFrame Count: 22
AnimationFrame Data Size: 352
ImageFrames: 25
ImageFrame Data Size: 1100
Sprites: 5
Sprites Data Size: 70
Attack Data: 2
Attack Data Size: 132
Misc data size: 30
Asset bundle 0 (Core project asset bundle) Original size 7528 Crunched size 2742
Asset bundle 1 (map) Original size 800 Crunched size 122
Background for map map Original size 2672 Crunched size 92
Tile data for map map (mem restrictions:None) Original size 1604 Crunched size 210
Header data for map map Original size 7988 Crunched size 238
Project Data Original size 2850 Crunched size 688
Project Header Original size 4040 Crunched size 1190
Panel scorpion_eng_splashscreen Original size 35930 Crunched size 3266
Project virtual machine (codeblocks) Original size 6750 Crunched size 2042
Project virtual machine redirects Original size 4 Crunched size 4

Codeblocks by compiled size: 

load_level: 988
chase_if_can_see: 730
do_teleport: 362
flipscreen_smooth: 346
flipxymove: 306
set_yresolution: 200
snap_to_screen: 190
pre_startup: 188
flipymove: 174
pre_quit: 166
flipxmove: 158
load_panel: 146
destroy_all_blocks: 124
unload_level: 114
load_panel_bottom: 96
load_panel_top: 96
waitforfirehit: 96
unload_panel: 92
wrap_screen_bottom: 92
wrap_screen_right: 92
startup: 92
wrap_screen_left: 88
wrap_screen_top: 88
flipscreen: 86
pre_anim5: 86
fadeout: 84
waitforframes: 78
quit: 66
destroy_all_actors: 62
jump_actor: 62
load_music: 62
unload_panel_bottom: 62
unload_panel_top: 62
load_panel_finish: 56
destroy_actor: 54
fadein: 52
regenerate_screen: 52
return: 52
destroy_block: 48
regenerate_screen_wait: 42
debug_dump: 30
vm_registers: 26
vm_constants: 26
vm_registers_amiga: 26
debug_breakpoint: 26
vm_constants_notes: 26
vm_constants_tile_properties: 26
