=== Image optimisations ===

=== Estimated memory usages ===

For chip:
Map gfx (Panel: scorpion_eng_splashscreen): 35154
Music memory (): 0
BP Buffer memory: 131040
core sfx/gfx memory: 2192
Parallax memory: 0

For other:
Map cache memory: 0
Map header cache memory: 0
Map data memory: 1340
Map background memory: 2672
EXE memory: 206484
vm memory: 7418
project memory: 2098

Accounted memory chip: 168386
Accounted memory other: 220012
Accounted memory total: 388398

=== Misc ===
Maps and Asset Bundles Count: 2
Maps and Asset Bundles Data Size: 24
Actor Count: 5
Actor Data Size: 940
Block Count: 1
Block Data Size: 68
Anim5 Count: 0
Anim5 Data Size: 0
Sound Count: 1
Sound Data Size: 24
Teleporter Count: 1
Teleporter Data Size: 8
Animations Count: 5
Animations Data Size: 80
AnimationFrame Count: 14
AnimationFrame Data Size: 224
ImageFrames: 10
ImageFrame Data Size: 440
Sprites: 9
Sprites Data Size: 126
Attack Data: 2
Attack Data Size: 132
Misc data size: 30
Asset bundle 0 (Core project asset bundle) Original size 2192 Crunched size 1102
Asset bundle 1 (map) Original size 21920 Crunched size 7530
Background for map map Original size 2672 Crunched size 92
Tile data for map map (mem restrictions:No_Blocks) Original size 1340 Crunched size 526
Header data for map map Original size 7996 Crunched size 266
Project Data Original size 2098 Crunched size 476
Project Header Original size 4032 Crunched size 1188
Panel scorpion_eng_splashscreen Original size 35154 Crunched size 3258
Panel newpanel Original size 7694 Crunched size 552
Project virtual machine (codeblocks) Original size 7418 Crunched size 2348
Project virtual machine redirects Original size 4 Crunched size 4

=== Possibly unused Actors ===
mouse_actor
mouse_actor_2

=== Codeblocks by compiled size ===
load_level: 926
set_yresolution: 448
do_teleport: 392
flipscreen_smooth: 346 (Unused?)
flipxymove: 306 (Unused?)
pre_startup: 282
pause: 252 (Unused?)
handle_right_click: 230
startup: 198
snap_to_screen: 190
flipymove: 174 (Unused?)
flipxmove: 158 (Unused?)
AUTOGEN_OUTOFSCREEN_snap_to_screen_snap_to_screen_snap_to_screen_snap_to_screen: 156
load_panel: 146
pre_quit: 146
destroy_all_blocks: 124 (Unused?)
pre_load_level: 118
unload_level: 114
load_panel_bottom: 96 (Unused?)
load_panel_top: 96 (Unused?)
waitforfireup: 94
unload_panel: 92
wrap_screen_bottom: 92 (Unused?)
wrap_screen_right: 92 (Unused?)
waitforfiredown: 90
wrap_screen_left: 88 (Unused?)
wrap_screen_top: 88 (Unused?)
flipscreen: 86 (Unused?)
pre_anim5: 86 (Unused?)
waitforfirehit: 86
fadeout: 84
waitforframes: 78
quit: 66 (Unused?)
destroy_all_actors: 62 (Unused?)
jump_actor: 62 (Unused?)
load_music: 62 (Unused?)
unload_panel_bottom: 62
unload_panel_top: 62
fadein: 58
load_panel_finish: 56
destroy_actor: 54
regenerate_screen: 52
return: 52 (Unused?)
destroy_block: 48 (Unused?)
regenerate_screen_wait: 42
shoot: 42
vm_registers: 26 (Unused?)
vm_constants: 26 (Unused?)
debug_breakpoint: 26 (Unused?)
vm_constants_controlbits: 26 (Unused?)
vm_constants_notes: 26 (Unused?)
vm_constants_tile_properties: 26 (Unused?)
vm_constants_platform: 26 (Unused?)
