Compiled on Sunday, 25 May 2025 9:08:27 p.m.
Version string: SE2024.2.250518.20.03.EX

ImageFrame Data Size: 5482
Actor Count: 43
Actor Data Size: 7740
Animations Count: 81
Animations Data Size: 1296
AnimationFrame Count: 392
AnimationFrame Data Size: 6272
XGM Null song Original size 172 Crunched size 172
Map path node data for level1 Original size 12 Crunched size 12
Map path node data for level2 Original size 12 Crunched size 12
Map path node data for level3 Original size 12 Crunched size 12
Map path node data for level4 Original size 12 Crunched size 12
Misc Data (paths, hurt boxes etc) Original size 2 Crunched size 2
XGM Null sound Original size 256 Crunched size 256
XGM 68K Plugin Driver Original size 852 Crunched size 852
Map event data for level1 Original size 56 Crunched size 56
Map event data for level2 Original size 56 Crunched size 56
Map event data for level3 Original size 44 Crunched size 44
Map path node data for level5 Original size 12 Crunched size 12
XGM PCM sound Original size 8192 Crunched size 8192
XGM Core Driver Original size 5888 Crunched size 5888
XGM PCM sound Original size 4096 Crunched size 4096
XGM PCM sound Original size 1024 Crunched size 1024
XGM PCM sound Original size 8192 Crunched size 8192
XGM PCM sound Original size 8192 Crunched size 8192
XGM PCM sound Original size 6400 Crunched size 6400
XGM PCM sound Original size 1280 Crunched size 1280
Project sound Original size 224 Crunched size 224
Default MD font Original size 2048 Crunched size 2048
Project virtual machine (codeblocks) Original size 23828 Crunched size 23828
Panel  Original size 10362 Crunched size 10362
Number font for panel 1 Original size 320 Crunched size 320
Panel md_parallax_1 Original size 6930 Crunched size 6930
Number font for panel 2 Original size 320 Crunched size 320
Panel md_parallax_2 Original size 5766 Crunched size 5766
Number font for panel 3 Original size 320 Crunched size 320
Panel md_parallax_3 Original size 6834 Crunched size 6834
Number font for panel 4 Original size 320 Crunched size 320
Panel md_parallax_4 Original size 7148 Crunched size 7148
Number font for panel 5 Original size 320 Crunched size 320
Panel md_parallax_5 Original size 6796 Crunched size 6796
Number font for panel 6 Original size 320 Crunched size 320
Panel md_parallax_6 Original size 5670 Crunched size 5670
Panel ui_title Original size 10106 Crunched size 10106
Project blocks Original size 3332 Crunched size 3332
Images Original size 5482 Crunched size 5482
Project actors Original size 7740 Crunched size 7740
Project patterns Original size 172 Crunched size 172
Map tile data  level1 Original size 5940 Crunched size 267
Tile data for map level1 (mem restrictions:None) Original size 7056 Crunched size 7056
Pattern data for 1 Original size 496 Crunched size 496
Get Y lookup table level1 Original size 120 Crunched size 120
Map actor data for level1 Original size 644 Crunched size 127
Header data for map level1 Original size 844 Crunched size 844
Map block data for level1 Original size 5940 Crunched size 162
Map tile data  level2 Original size 7080 Crunched size 366
Tile data for map level2 (mem restrictions:None) Original size 8424 Crunched size 8424
Pattern data for 2 Original size 1356 Crunched size 1356
Get Y lookup table level2 Original size 120 Crunched size 120
Map actor data for level2 Original size 1120 Crunched size 216
Header data for map level2 Original size 844 Crunched size 844
Map block data for level2 Original size 7080 Crunched size 194
Map tile data  level3 Original size 4710 Crunched size 283
Tile data for map level3 (mem restrictions:None) Original size 5580 Crunched size 5580
Pattern data for 3 Original size 492 Crunched size 492
Get Y lookup table level3 Original size 120 Crunched size 120
Map actor data for level3 Original size 756 Crunched size 137
Header data for map level3 Original size 844 Crunched size 844
Map block data for level3 Original size 4710 Crunched size 123
Map tile data  level4 Original size 6420 Crunched size 261
Tile data for map level4 (mem restrictions:None) Original size 7632 Crunched size 7632
Pattern data for 4 Original size 336 Crunched size 336
Map event data for level4 Original size 56 Crunched size 56
Get Y lookup table level4 Original size 120 Crunched size 120
Map actor data for level4 Original size 672 Crunched size 117
Header data for map level4 Original size 844 Crunched size 844
Map block data for level4 Original size 6420 Crunched size 126
Map tile data  level5 Original size 5790 Crunched size 285
Tile data for map level5 (mem restrictions:None) Original size 6876 Crunched size 6876
Pattern data for 5 Original size 436 Crunched size 436
Map event data for level5 Original size 56 Crunched size 56
Get Y lookup table level5 Original size 120 Crunched size 120
Map actor data for level5 Original size 868 Crunched size 149
Header data for map level5 Original size 844 Crunched size 844
Map block data for level5 Original size 5790 Crunched size 133
Map tile data  level6 Original size 9630 Crunched size 431
Tile data for map level6 (mem restrictions:None) Original size 11484 Crunched size 11484
Pattern data for 6 Original size 178 Crunched size 178
Map event data for level6 Original size 68 Crunched size 68
Get Y lookup table level6 Original size 120 Crunched size 120
Map path node data for level6 Original size 12 Crunched size 12
Map actor data for level6 Original size 448 Crunched size 95
Header data for map level6 Original size 844 Crunched size 844
Map block data for level6 Original size 9630 Crunched size 274
Project name table Original size 6296 Crunched size 6296
Streamed project patterns Original size 52192 Crunched size 52192
Animations Original size 1296 Crunched size 1296
Animation Frames Original size 6272 Crunched size 6272
Project Header Original size 3266 Crunched size 3266
Var Data Original size 302 Crunched size 302
Attack Data Original size 176 Crunched size 176
Teleporters Original size 8 Crunched size 8
Commands for Joystick 1 Original size 12 Crunched size 12

=== Accounted Memory Usage ===
(Note that this isn't a full account of memory usage, just the memory we can account for)
RAM reserved for level tiles: (largest level: level6): 19260
memory reserved for active actors on screen (32): 4616
memory reserved for dormant actors in map (128): 4608

Total: 28484 bytes

=== Codeblocks by compiled size ===
block_bump: 926
playerhitsbigmushroom: 676
killmonster: 598
playerhitsturtleshell: 552
load_level: 510
thru_door: 482
set_yresolution: 390 (Unused?)
do_teleport: 382
pre_startup: 360
startup: 348
fn_up_in_pipe: 346
handler_fallblock: 346
killturtleshell: 346
flipmonster: 336
fn_down_in_pipe: 316
flipscreen_smooth: 310 (Unused?)
firemario_autogen_attack: 308
fn_down_out_pipe: 304
fn_up_out_pipe: 304
go_thru_pipe: 300
candle_lit: 288
turtleshell_hits_block: 282
handler_fxblock: 280
flipxymove: 278 (Unused?)
lifelost: 260
plant_up: 258
mushroom_spawn_finished: 256
load_next_level: 252 (Unused?)
addcoin: 230
player_collected_coin_fromblock: 230
startlevel: 230
function_setblockmeta: 228
flash_fx_trigger: 208
block_find: 206
projectilehitmonster: 200
waitforframes: 194
plant_down: 192
player_collected_flower: 186
block_count: 178 (Unused?)
candle_extinguish: 174
check_talkpad: 172 (Unused?)
killplayer: 172
hurtplayer: 164
flipymove: 162 (Unused?)
pre_quit: 160 (Unused?)
snap_to_screen: 158 (Unused?)
reset_powerlevel: 158
keep_on_screen_bottom: 152
load_panel: 146
playerhitsmusic: 146
playerhitsblock: 144
flipxmove: 142 (Unused?)
unload_level: 142
plant_out: 142
pause: 138 (Unused?)
AUTOGEN_OUTOFSCREEN_destroy_actor_destroy_actor_destroy_actor_destroy_actor: 130
destroy_all_blocks: 128 (Unused?)
restart_this_level: 128 (Unused?)
playerhitsmonster: 128
handler_springlaunch: 124
pre_load_level: 122
handler_pipe: 120
handler_uppipe: 120
player_invincible: 118
fadein: 112
flower_spawn_finished: 112
unload_panel: 106
AUTOGEN_OUTOFSCREEN_destroy_actor_destroy_actor_None_destroy_actor: 106
waitforfireup: 102
refresh_ui: 100
waitforfiredown: 98
load_panel_bottom: 96 (Unused?)
load_panel_top: 96 (Unused?)
playerhitsplant: 96
destroy_child_actors: 94 (Unused?)
plant_spawn: 94
autogen_anim_gooma_l_0: 90
autogen_anim_gooma_r_0: 90
spring_start: 90
fadeout: 88
pre_anim5: 86 (Unused?)
waitforfirehit: 86
autogen_anim_plant_0: 82
cover_spawn: 80
fishjump: 80
nextlevel: 80
AUTOGEN_OUTOFSCREEN_None_None_destroy_actor_destroy_actor: 78
player_collected_coin: 78
playerhits_fallblock: 78
spawnglitter_block: 78
load_music_finish: 76
wrap_screen_bottom: 76 (Unused?)
wrap_screen_right: 76 (Unused?)
flipscreen: 72 (Unused?)
wrap_screen_left: 72 (Unused?)
wrap_screen_top: 72 (Unused?)
music_toggle: 72 (Unused?)
load_music: 70
boost_player: 70 (Unused?)
jump_actor: 66 (Unused?)
load_panel_finish: 66
unload_panel_bottom: 62
unload_panel_top: 62
destroy_all_actors: 60 (Unused?)
destroy_actor: 58
regenerate_screen: 58
parallax_spawn: 58 (Unused?)
plant_hide: 58
spawnglitter_actor: 58
AUTOGEN_OUTOFSCREEN_None_None_None_lifelost: 54
AUTOGEN_OUTOFSCREEN_None_None_None_keep_on_screen_bottom: 54
AUTOGEN_OUTOFSCREEN_None_None_None_destroy_actor: 54
function_centercamera: 54
destroy_block: 52
return: 52 (Unused?)
quit: 50 (Unused?)
AUTOGEN_OUTOFSCREEN_None_None_destroy_actor_None: 50
fishspawn: 48
regenerate_screen_wait: 46
gameover: 46
spawnglitter_player: 46
vol_down: 44 (Unused?)
freeze_actor: 40 (Unused?)
unfreeze_actor: 40 (Unused?)
cheat1: 38 (Unused?)
cheat2: 38 (Unused?)
cheat3: 38 (Unused?)
cheat4: 38 (Unused?)
cheat5: 38 (Unused?)
cheat6: 38 (Unused?)
block_coll_force: 32 (Unused?)
block_coll_passthru: 32 (Unused?)
clear_block_collision: 32
vm_registers: 26 (Unused?)
debug_breakpoint: 26 (Unused?)
set_ntsc: 26
vm_constants_tile_properties: 26 (Unused?)
