Compiled on Wednesday, 17 July 2024 12:55:23 p.m.
Version string: SE2024.1.240716.23.57.EX

=== Misc ===
ImageFrames: 233
ImageFrame Data Size: 10252
Maps and Asset Bundles Count: 7
Maps and Asset Bundles Data Size: 84
Actor Count: 43
Actor Data Size: 7740
Block Count: 49
Block Data Size: 3332
Anim5 Count: 0
Anim5 Data Size: 0
Sound Count: 8
Sound Data Size: 224
Teleporter Count: 1
Teleporter Data Size: 8
Animations Count: 81
Animations Data Size: 1296
AnimationFrame Count: 392
AnimationFrame Data Size: 6272
Sprites: 163
Sprites Data Size: 2282
Attack Data: 3
Attack Data Size: 264
Misc data size: 14
=== Image optimisations ===
Music file song Original size 52260 Crunched size 27830
Panel scorpion_eng_splashscreen Original size 55172 Crunched size 3460
Panel ui_title Original size 47472 Crunched size 6460
Project virtual machine (codeblocks) Original size 22196 Crunched size 5856
Header data for map level1 Original size 8000 Crunched size 390
Tile data for map level1 (mem restrictions:None) Original size 30016 Crunched size 1948
Background for map level1 Original size 2316 Crunched size 590
Parallax for map level1 Original size 42508 Crunched size 6978
Header data for map level2 Original size 8000 Crunched size 492
Tile data for map level2 (mem restrictions:None) Original size 35716 Crunched size 3748
Background for map level2 Original size 1684 Crunched size 400
Parallax for map level2 Original size 33456 Crunched size 4148
Header data for map level3 Original size 8000 Crunched size 416
Tile data for map level3 (mem restrictions:None) Original size 23858 Crunched size 1902
Background for map level3 Original size 2200 Crunched size 534
Parallax for map level3 Original size 43166 Crunched size 4852
Header data for map level4 Original size 8000 Crunched size 388
Tile data for map level4 (mem restrictions:None) Original size 32416 Crunched size 1966
Background for map level4 Original size 2232 Crunched size 488
Parallax for map level4 Original size 43268 Crunched size 4798
Header data for map level5 Original size 8000 Crunched size 430
Tile data for map level5 (mem restrictions:None) Original size 29266 Crunched size 2028
Background for map level5 Original size 2100 Crunched size 472
Parallax for map level5 Original size 41864 Crunched size 3604
Header data for map level6 Original size 8000 Crunched size 350
Tile data for map level6 (mem restrictions:None) Original size 48474 Crunched size 3256
Background for map level6 Original size 1680 Crunched size 326
Parallax for map level6 Original size 29956 Crunched size 1390
Asset bundle 0 (Core project asset bundle) Original size 70759 Crunched size 31362
Asset bundle 1 (level1) Original size 16858 Crunched size 5896
Asset bundle 2 (level2) Original size 32682 Crunched size 11634
Asset bundle 3 (level3) Original size 16034 Crunched size 5660
Asset bundle 4 (level4) Original size 14150 Crunched size 4504
Asset bundle 5 (level5) Original size 15432 Crunched size 5238
Asset bundle 6 (level6) Original size 7138 Crunched size 1924
Misc Data (paths, hurt boxes etc) Original size 2 Crunched size 2
Project Header Original size 4036 Crunched size 1208
Project Data Original size 31770 Crunched size 7862
Project virtual machine redirects Original size 4 Crunched size 4

=== Accounted Memory Usage ===
(Note that this isn't a full account of memory usage, just the memory we can account for)

For chip:
Map gfx (Panel: scorpion_eng_splashscreen): 55172
Music memory (song): 52260
BP Buffer memory: 105248
core sfx/gfx memory: 70759
Parallax memory: 43268
OS/other estimated: 99328

For other:
Map cache memory: 3748
Map header cache memory: 492
Map data memory: 48474
Map background memory: 2316
EXE memory: 216968
vm memory: 22196
project memory: 31770
memory reserved for active actors on screen (32): 4616
memory reserved for dormant actors in map (256): 9216
OS/other estimated: 105472

Accounted memory chip: 426035
Accounted memory other: 445268
Accounted memory total: 871303

=== Possibly unused blocks ===
block_coin_x03
block_coin_x04
block_coin_x05
block_coin_x06
block_coin_x07
block_coin_x08
block_coin_x09
glitter2
glitter3
tempblock

=== Possibly unused Actors ===
fx_glitter
lavaball

=== Codeblocks by compiled size ===
block_bump: 1104
playerhitsbigmushroom: 646
killmonster: 598
load_level: 568
playerhitsturtleshell: 552
thru_door: 482
do_teleport: 424
pre_startup: 354
fn_up_in_pipe: 346
handler_fallblock: 346
killturtleshell: 346
flipmonster: 336
startup: 336
fn_down_in_pipe: 316
flipscreen_smooth: 310 (Unused?)
firemario_autogen_attack: 308
fn_down_out_pipe: 304
fn_up_out_pipe: 304
go_thru_pipe: 300
candle_lit: 288
turtleshell_hits_block: 282
handler_fxblock: 280
flipxymove: 278 (Unused?)
player_collected_coin_fromblock: 266
plant_up: 258
mushroom_spawn_finished: 256
startlevel: 252
lifelost: 250
function_setblockmeta: 228
flash_fx_trigger: 208
block_find: 206
set_yresolution: 202
projectilehitmonster: 200
waitforframes: 194
check_talkpad: 192 (Unused?)
plant_down: 192
player_collected_flower: 186
bigmario_autogen_attack: 184
block_count: 178 (Unused?)
pause: 176
candle_extinguish: 174
killplayer: 172
spawnglitter_actor: 172
hurtplayer: 164
flipymove: 162 (Unused?)
playerhitsmusic: 160
snap_to_screen: 158 (Unused?)
nextlevel: 158
reset_powerlevel: 158
pre_quit: 152
keep_on_screen_bottom: 152
load_panel: 146
playerhitsblock: 144
flipxmove: 142 (Unused?)
unload_level: 142
plant_out: 142
AUTOGEN_OUTOFSCREEN_destroy_actor_destroy_actor_destroy_actor_destroy_actor: 130
destroy_all_blocks: 128 (Unused?)
playerhitsmonster: 128
handler_springlaunch: 124
pre_load_level: 122
handler_pipe: 120
handler_uppipe: 120
player_invincible: 118
waitforfireup: 114
fadein: 112
flower_spawn_finished: 112
spawnglitter_player: 112
waitforfiredown: 110
unload_panel: 106
AUTOGEN_OUTOFSCREEN_destroy_actor_destroy_actor_None_destroy_actor: 106
refresh_ui: 100
load_panel_bottom: 96 (Unused?)
load_panel_top: 96 (Unused?)
addcoin: 96
playerhitsplant: 96
destroy_child_actors: 94 (Unused?)
plant_spawn: 94
autogen_anim_gooma_r_0: 90
autogen_anim_gooma_l_0: 90
playerhits_fallblock: 90
spring_start: 90
fadeout: 88
pre_anim5: 86 (Unused?)
waitforfirehit: 86
autogen_anim_plant_0: 82
cover_spawn: 80
fishjump: 80
load_music: 78
AUTOGEN_OUTOFSCREEN_None_None_destroy_actor_destroy_actor: 78
player_collected_coin: 78
load_music_finish: 76
wrap_screen_bottom: 76 (Unused?)
wrap_screen_right: 76 (Unused?)
set_ntsc: 74 (Unused?)
flipscreen: 72 (Unused?)
wrap_screen_left: 72 (Unused?)
wrap_screen_top: 72 (Unused?)
music_toggle: 72 (Unused?)
quit: 70 (Unused?)
boost_player: 70 (Unused?)
jump_actor: 66 (Unused?)
load_panel_finish: 66
gameover: 66
unload_panel_bottom: 62
unload_panel_top: 62
destroy_all_actors: 60 (Unused?)
destroy_actor: 58
regenerate_screen: 58
parallax_spawn: 58 (Unused?)
plant_hide: 58
AUTOGEN_OUTOFSCREEN_None_None_None_lifelost: 54
AUTOGEN_OUTOFSCREEN_None_None_None_keep_on_screen_bottom: 54
AUTOGEN_OUTOFSCREEN_None_None_None_destroy_actor: 54
function_centercamera: 54
destroy_block: 52
return: 52 (Unused?)
spawnglitter_block: 52
AUTOGEN_OUTOFSCREEN_None_None_destroy_actor_None: 50
fishspawn: 48
regenerate_screen_wait: 46
vol_down: 44 (Unused?)
freeze_actor: 40 (Unused?)
unfreeze_actor: 40 (Unused?)
cheat1: 38 (Unused?)
cheat2: 38 (Unused?)
cheat3: 38 (Unused?)
cheat4: 38 (Unused?)
cheat5: 38 (Unused?)
cheat6: 38 (Unused?)
block_coll_force: 32 (Unused?)
block_coll_passthru: 32 (Unused?)
clear_block_collision: 32
vm_registers: 26 (Unused?)
debug_breakpoint: 26 (Unused?)
vm_constants_tile_properties: 26 (Unused?)
