Compiled on Friday, 22 November 2024 5:26:09 p.m.
Version string: SE2024.2.241122.16.06.EX

=== Misc ===
ImageFrames: 391
ImageFrame Data Size: 17204
Maps and Asset Bundles Count: 8
Maps and Asset Bundles Data Size: 96
Actor Count: 43
Actor Data Size: 7740
Block Count: 49
Block Data Size: 3332
Anim5 Count: 0
Anim5 Data Size: 0
Sound Count: 8
Sound Data Size: 224
Teleporter Count: 1
Teleporter Data Size: 8
Animations Count: 81
Animations Data Size: 1296
AnimationFrame Count: 392
AnimationFrame Data Size: 6272
Sprites: 163
Sprites Data Size: 2282
Attack Data: 3
Attack Data Size: 264
Misc data size: 302
=== Image optimisations ===
Music file song Original size 52260 Crunched size 27830
Music file song2 Original size 52260 Crunched size 27830
Panel (background color #000) Original size 1296 Crunched size 76
Panel scorpion_eng_splashscreen Original size 36788 Crunched size 3376
Parallax for background level1_plx Original size 42508 Crunched size 6978
Panel (background)level1_plx Original size 2316 Crunched size 590
Parallax for background level2_plx Original size 33456 Crunched size 4148
Panel (background)level2_plx Original size 1684 Crunched size 400
Parallax for background level3_plx Original size 43166 Crunched size 4852
Panel (background)level3_plx Original size 2200 Crunched size 534
Parallax for background level4_plx Original size 43268 Crunched size 4798
Panel (background)level4_plx Original size 2232 Crunched size 488
Parallax for background level5_plx Original size 41864 Crunched size 3604
Panel (background)level5_plx Original size 2100 Crunched size 472
Parallax for background level6_plx Original size 29956 Crunched size 1390
Panel (background)level6_plx Original size 1680 Crunched size 326
Panel ui_title Original size 46684 Crunched size 6502
Panel bobs ui_title Original size 1038 Crunched size 316
Project virtual machine (codeblocks) Original size 22512 Crunched size 5966
Map actor data for level1 Original size 644 Crunched size 224
Header data for map level1 Original size 840 Crunched size 160
Tile data for map level1 (mem restrictions:None) Original size 30016 Crunched size 2004
Map actor data for level2 Original size 1120 Crunched size 346
Header data for map level2 Original size 840 Crunched size 164
Tile data for map level2 (mem restrictions:None) Original size 35716 Crunched size 3756
Map actor data for level3 Original size 756 Crunched size 240
Header data for map level3 Original size 840 Crunched size 162
Tile data for map level3 (mem restrictions:None) Original size 23858 Crunched size 1910
Map actor data for level4 Original size 672 Crunched size 210
Header data for map level4 Original size 840 Crunched size 162
Tile data for map level4 (mem restrictions:None) Original size 32416 Crunched size 1974
Map actor data for level5 Original size 868 Crunched size 256
Header data for map level5 Original size 840 Crunched size 162
Tile data for map level5 (mem restrictions:None) Original size 29266 Crunched size 2036
Map actor data for level6 Original size 448 Crunched size 178
Header data for map level6 Original size 840 Crunched size 164
Tile data for map level6 (mem restrictions:None) Original size 48474 Crunched size 3262
Asset bundle 0 (Core project asset bundle) Original size 70621 Crunched size 31322
Asset bundle 1 (level1) Original size 17054 Crunched size 5904
Asset bundle 2 (level2) Original size 32682 Crunched size 11634
Asset bundle 3 (level3) Original size 16034 Crunched size 5660
Asset bundle 4 (level4) Original size 14150 Crunched size 4504
Asset bundle 5 (level5) Original size 15432 Crunched size 5238
Asset bundle 6 (level6) Original size 7138 Crunched size 1924
Misc Data (paths, hurt boxes etc) Original size 2 Crunched size 2
Project Header Original size 4404 Crunched size 1252
Project Data Original size 39022 Crunched size 9174
Project virtual machine redirects Original size 4 Crunched size 4

=== Accounted Memory Usage ===
(Note that this isn't a full account of memory usage, just the memory we can account for)

For chip:
Map gfx (Panel: ui_title): 47722
Music memory (song): 0
BP Buffer memory: 122912
core sfx/gfx memory: 70621
Parallax memory: 0
OS/other estimated: 99328

For other:
Map cache memory: 3756
Map header cache memory: 164
Map actor cache memory: 346
Map data memory: 48474
Map background memory: 0
EXE memory: 199672
vm memory: 22512
project memory: 39022
memory reserved for active actors on screen (32): 4616
memory reserved for dormant actors in map (128): 4608
OS/other estimated: 105472

Accounted memory chip: 340583
Accounted memory other: 428642
Accounted memory total: 769225

=== Codeblocks by compiled size ===
block_bump: 926
playerhitsbigmushroom: 646
killmonster: 598
playerhitsturtleshell: 552
load_level: 550
thru_door: 482
startup: 430
do_teleport: 402
pre_startup: 366
fn_up_in_pipe: 346
handler_fallblock: 346
killturtleshell: 346
flipmonster: 336
fn_down_in_pipe: 316
flipscreen_smooth: 310 (Unused?)
firemario_autogen_attack: 308
fn_down_out_pipe: 304
fn_up_out_pipe: 304
go_thru_pipe: 300
candle_lit: 288
turtleshell_hits_block: 282
handler_fxblock: 280
flipxymove: 278 (Unused?)
plant_up: 258
mushroom_spawn_finished: 256
load_next_level: 252 (Unused?)
lifelost: 250
player_collected_coin_fromblock: 230
startlevel: 230
function_setblockmeta: 228
flash_fx_trigger: 208
block_find: 206
set_yresolution: 202
projectilehitmonster: 200
waitforframes: 194
check_talkpad: 192 (Unused?)
plant_down: 192
player_collected_flower: 186
bigmario_autogen_attack: 184
block_count: 178 (Unused?)
pause: 176
candle_extinguish: 174
killplayer: 172
spawnglitter_actor: 172
hurtplayer: 164
flipymove: 162 (Unused?)
snap_to_screen: 158 (Unused?)
nextlevel: 158
reset_powerlevel: 158
pre_quit: 152
keep_on_screen_bottom: 152
load_panel: 146
playerhitsmusic: 146
addcoin: 144
playerhitsblock: 144
flipxmove: 142 (Unused?)
unload_level: 142
plant_out: 142
AUTOGEN_OUTOFSCREEN_destroy_actor_destroy_actor_destroy_actor_destroy_actor: 130
destroy_all_blocks: 128 (Unused?)
restart_this_level: 128 (Unused?)
playerhitsmonster: 128
handler_springlaunch: 124
pre_load_level: 122
handler_pipe: 120
handler_uppipe: 120
player_invincible: 118
waitforfireup: 114
fadein: 112
flower_spawn_finished: 112
spawnglitter_player: 112
waitforfiredown: 110
unload_panel: 106
AUTOGEN_OUTOFSCREEN_destroy_actor_destroy_actor_None_destroy_actor: 106
refresh_ui: 100
load_panel_bottom: 96 (Unused?)
load_panel_top: 96 (Unused?)
playerhitsplant: 96
destroy_child_actors: 94 (Unused?)
plant_spawn: 94
autogen_anim_gooma_l_0: 90
autogen_anim_gooma_r_0: 90
spring_start: 90
fadeout: 88
pre_anim5: 86 (Unused?)
waitforfirehit: 86
autogen_anim_plant_0: 82
cover_spawn: 80
fishjump: 80
load_music: 78
AUTOGEN_OUTOFSCREEN_None_None_destroy_actor_destroy_actor: 78
player_collected_coin: 78
playerhits_fallblock: 78
load_music_finish: 76
wrap_screen_bottom: 76 (Unused?)
wrap_screen_right: 76 (Unused?)
set_ntsc: 74 (Unused?)
flipscreen: 72 (Unused?)
wrap_screen_left: 72 (Unused?)
wrap_screen_top: 72 (Unused?)
music_toggle: 72 (Unused?)
quit: 70
boost_player: 70 (Unused?)
jump_actor: 66 (Unused?)
load_panel_finish: 66
gameover: 66
new_codeblock: 64
unload_panel_bottom: 62
unload_panel_top: 62
destroy_all_actors: 60 (Unused?)
destroy_actor: 58
regenerate_screen: 58
parallax_spawn: 58 (Unused?)
plant_hide: 58
AUTOGEN_OUTOFSCREEN_None_None_None_lifelost: 54
AUTOGEN_OUTOFSCREEN_None_None_None_keep_on_screen_bottom: 54
AUTOGEN_OUTOFSCREEN_None_None_None_destroy_actor: 54
function_centercamera: 54
destroy_block: 52
return: 52 (Unused?)
spawnglitter_block: 52
AUTOGEN_OUTOFSCREEN_None_None_destroy_actor_None: 50
fishspawn: 48
regenerate_screen_wait: 46
vol_down: 44 (Unused?)
freeze_actor: 40 (Unused?)
unfreeze_actor: 40 (Unused?)
cheat1: 38 (Unused?)
cheat2: 38 (Unused?)
cheat3: 38 (Unused?)
cheat4: 38 (Unused?)
cheat5: 38 (Unused?)
cheat6: 38 (Unused?)
block_coll_force: 32 (Unused?)
block_coll_passthru: 32 (Unused?)
clear_block_collision: 32
vm_registers: 26 (Unused?)
debug_breakpoint: 26 (Unused?)
vm_constants_tile_properties: 26 (Unused?)
