=== Image optimisations ===

=== Misc ===
Actor Count: 1
Actor Data Size: 292
Block Count: 1
Block Data Size: 52
Anim5 Count: 1
Anim5 Data Size: 4
Sound Count: 1
Sound Data Size: 32
Teleporter Count: 1
Teleporter Data Size: 8
Animations Count: 1
Animations Data Size: 16
AnimationFrame Count: 2
AnimationFrame Data Size: 32
ImageFrames: BlitzTool.BlitzWord
ImageFrame Data Size: 128
Crunching Panel scorpion_eng_splashscreen as 0.img. Original size: 37106. Crunched size: 3312
Crunching Panel panelbase as 1.img. Original size: 20534. Crunched size: 1484
Crunching Project virtual machine (codeblocks) as project.vm. Original size: 5368. Crunched size: 1810
Crunching Asset bundle 0 as 0.gfx. Original size: 4. Crunched size: 4
Crunching Project data as project.dat. Original size: 564. Crunched size: 76
Crunching Scorpion header as project.hd. Original size: 4036. Crunched size: 1178

Estimated memory usages:

For chip:
Map gfx (Panel: scorpion_eng_splashscreen): 37106
Music memory: 0
BP Buffer memory: 61440
core sfx/gfx memory: 4
Parallax memory: 0

For other:
Map cache memory: 0
Map header cache memory: 0
Map data memory: 0
Map background memory: 0
EXE memory: 199036
vm memory: 5368
project memory: 564

Accounted memory chip: 98550
Accounted memory other: 204968
Accounted memory total: 303518
