=== Image optimisations ===

=== Estimated memory usages ===

For chip:
Map gfx (Panel: scorpion_eng_splashscreen): 35158
Music memory (): 0
BP Buffer memory: 78624
core sfx/gfx memory: 4608
Parallax memory: 0
OS/other estimated: 99328

For other:
Map cache memory: 0
Map header cache memory: 0
Map data memory: 2004
Map background memory: 1396
EXE memory: 210108
vm memory: 7416
project memory: 1762
memory reserved for active actors on screen (32): 4744
memory reserved for dormant actors in map (256): 9216
OS/other estimated: 105472

Accounted memory chip: 323190
Accounted memory other: 236646
Accounted memory total: 559836

=== Misc ===
Maps and Asset Bundles Count: 2
Maps and Asset Bundles Data Size: 24
Actor Count: 2
Actor Data Size: 376
Block Count: 5
Block Data Size: 340
Anim5 Count: 0
Anim5 Data Size: 0
Sound Count: 1
Sound Data Size: 28
Teleporter Count: 1
Teleporter Data Size: 8
Animations Count: 10
Animations Data Size: 160
AnimationFrame Count: 18
AnimationFrame Data Size: 288
ImageFrames: 10
ImageFrame Data Size: 440
Sprites: 1
Sprites Data Size: 14
Attack Data: 1
Attack Data Size: 66
Misc data size: 16
Panel scorpion_eng_splashscreen Original size 35158 Crunched size 3258
Header data for map map Original size 7992 Crunched size 232
Tile data for map map (mem restrictions:None) Original size 2004 Crunched size 390
Background for map map Original size 1396 Crunched size 80
Asset bundle 0 (Core project asset bundle) Original size 4608 Crunched size 1608
Asset bundle 1 (map) Original size 9344 Crunched size 1438
Project Header Original size 4036 Crunched size 1188
Project Data Original size 1762 Crunched size 404
Project virtual machine (codeblocks) Original size 7416 Crunched size 2210
Project virtual machine redirects Original size 4 Crunched size 4

=== Possibly unused animations ===
anim_down_r
anim_down_l
anim_up_r
anim_up_l

=== Possibly unused Actors ===
player

=== Codeblocks by compiled size ===
load_level: 986
set_yresolution: 446 (Unused?)
do_teleport: 320
flipscreen_smooth: 306 (Unused?)
pre_startup: 290
pause: 252 (Unused?)
flipxymove: 250 (Unused?)
waitforframes: 186
snap_to_screen: 158 (Unused?)
flipymove: 146 (Unused?)
load_panel: 146
pre_quit: 144
flipxmove: 130 (Unused?)
destroy_all_blocks: 120 (Unused?)
load_music: 118 (Unused?)
pre_load_level: 118
unload_level: 114
waitforfireup: 106
waitforfiredown: 102
load_panel_bottom: 96 (Unused?)
load_panel_top: 96 (Unused?)
unload_panel: 92
pre_anim5: 86 (Unused?)
waitforfirehit: 86
fadeout: 84
startup: 82
wrap_screen_bottom: 76 (Unused?)
wrap_screen_right: 76 (Unused?)
wrap_screen_left: 72 (Unused?)
wrap_screen_top: 72 (Unused?)
function_changecolor: 72
flipscreen: 70 (Unused?)
quit: 66 (Unused?)
jump_actor: 62 (Unused?)
unload_panel_bottom: 62
unload_panel_top: 62
fadein: 58
destroy_all_actors: 56 (Unused?)
load_panel_finish: 56
destroy_actor: 54
load_music_finish: 52
regenerate_screen: 52
return: 52 (Unused?)
destroy_block: 48 (Unused?)
regenerate_screen_wait: 42
block_blue: 38
block_green: 38
block_red: 38
block_yellow: 38
vm_registers: 26 (Unused?)
vm_constants: 26 (Unused?)
debug_breakpoint: 26 (Unused?)
vm_constants_controlbits: 26 (Unused?)
vm_constants_notes: 26 (Unused?)
vm_constants_platform: 26 (Unused?)
vm_constants_tile_properties: 26 (Unused?)
