=== Image optimisations ===
Reduce width of anims\deadfox.png by 4 pixels to 16 to improve blit performance by 200.00%

=== Estimated memory usages ===

For chip:
Map gfx (Panel: scorpion_eng_splashscreen): 37090
Music memory: 76316
BP Buffer memory: 132000
core sfx/gfx memory: 15004
Parallax memory: 41216

For other:
Map cache memory: 0
Map header cache memory: 0
Map data memory: 3780
Map background memory: 3088
EXE memory: 211844
vm memory: 7784
project memory: 5276

Accounted memory chip: 301626
Accounted memory other: 231772
Accounted memory total: 533398

=== Misc ===
Maps and Asset Bundles Count: 2
Maps and Asset Bundles Data Size: 24
Actor Count: 10
Actor Data Size: 2960
Block Count: 1
Block Data Size: 52
Anim5 Count: 1
Anim5 Data Size: 1036
Sound Count: 4
Sound Data Size: 128
Teleporter Count: 1
Teleporter Data Size: 8
Animations Count: 9
Animations Data Size: 144
AnimationFrame Count: 11
AnimationFrame Data Size: 176
ImageFrames: 11
ImageFrame Data Size: 748
Asset bundle 0 (Core project asset bundle) Original size 15004 Crunched size 3840
Asset bundle 1 (level1) Original size 8320 Crunched size 1338
Background for map level1 Original size 3088 Crunched size 598
Music file song Original size 76316 Crunched size 46970
Tile data for map level1 (mem restrictions:No_Blocks) Original size 3780 Crunched size 334
Header data for map level1 Original size 8756 Crunched size 256
Parallax for map level1 Original size 41216 Crunched size 4144
Project Data Original size 5276 Crunched size 726
Project Header Original size 4040 Crunched size 1194
Panel scorpion_eng_splashscreen Original size 37090 Crunched size 3292
Panel ui Original size 9478 Crunched size 722
Project virtual machine (codeblocks) Original size 7784 Crunched size 2248
Project virtual machine redirects Original size 4 Crunched size 4
