=== Image optimisations ===

=== Misc ===
Actor Count: 4
Actor Data Size: 1168
Block Count: 2
Block Data Size: 104
Anim5 Count: 1
Anim5 Data Size: 4
Sound Count: 1
Sound Data Size: 16
Teleporter Count: 1
Teleporter Data Size: 8
Animations Count: 4
Animations Data Size: 64
AnimationFrame Count: 5
AnimationFrame Data Size: 340
Crunching Panel scorpion_eng_splashscreen as 0.img. Original size: 37106. Crunched size: 3312
Crunching Project virtual machine (codeblocks) as project.vm. Original size: 5428. Crunched size: 1782
Crunching Header data for map new_map as 1.mhd. Original size: 11544. Crunched size: 522
Crunching Data for map new_map as 1.map. Original size: 6120. Crunched size: 920
Crunching Asset bundle 0 as 0.gfx. Original size: 3608. Crunched size: 674
Crunching Asset bundle 1 as 1.gfx. Original size: 87936. Crunched size: 24264
Crunching Project data as project.dat. Original size: 1716. Crunched size: 404
Crunching Scorpion header as project.hd. Original size: 3004. Crunched size: 1178

Estimated memory usages:

For chip:
Map gfx (level gfx bundle 1 ): 87936
Music memory: 0
BP Buffer memory: 87680
core sfx/gfx memory: 3608

For other:
Map cache memory: 920
Map header cache memory: 920
Map data memory: 6120
EXE memory: 194688
vm memory: 5428
project memory: 1716

Accounted memory chip: 179224
Accounted memory other: 209792
Accounted memory total: 389016
