Compiled on Sunday, 25 May 2025 9:11:49 p.m.
Version string: SE2024.2.250518.20.03.EX

ImageFrame Data Size: 670
Actor Count: 11
Actor Data Size: 1980
Animations Count: 11
Animations Data Size: 176
AnimationFrame Count: 27
AnimationFrame Data Size: 432
Project patterns Original size 22 Crunched size 22
Map tile data  map_1 Original size 342 Crunched size 25
Pattern data for 1 Original size 22 Crunched size 22
Map event data for map_1 Original size 44 Crunched size 44
Misc Data (paths, hurt boxes etc) Original size 2 Crunched size 2
XGM Null sound Original size 256 Crunched size 256
XGM Null song Original size 172 Crunched size 172
Get Y lookup table map_1 Original size 76 Crunched size 76
XGM PCM sound Original size 5888 Crunched size 5888
XGM 68K Plugin Driver Original size 852 Crunched size 852
Map path node data for map_1 Original size 12 Crunched size 12
Map block data for map_1 Original size 342 Crunched size 25
Map tile data  map_2 Original size 342 Crunched size 36
Pattern data for 2 Original size 22 Crunched size 22
Map event data for map_2 Original size 44 Crunched size 44
Map path node data for map_2 Original size 12 Crunched size 12
Map path node data for map_3 Original size 12 Crunched size 12
XGM PCM sound Original size 16896 Crunched size 16896
XGM Core Driver Original size 5888 Crunched size 5888
XGM PCM sound Original size 1024 Crunched size 1024
XGM PCM sound Original size 1792 Crunched size 1792
XGM PCM sound Original size 3328 Crunched size 3328
XGM PCM sound Original size 21760 Crunched size 21760
XGM PCM sound Original size 24576 Crunched size 24576
XGM PCM sound Original size 2816 Crunched size 2816
XGM PCM sound Original size 512 Crunched size 512
Project sound Original size 280 Crunched size 280
Default MD font Original size 2048 Crunched size 2048
Project virtual machine (codeblocks) Original size 14396 Crunched size 14396
Panel  Original size 10362 Crunched size 10362
Panel brixx_panel Original size 3738 Crunched size 3738
Number font for panel 2 Original size 320 Crunched size 320
Panel top_panel Original size 1658 Crunched size 1658
Panel you_win_panel Original size 4986 Crunched size 4986
Project blocks Original size 408 Crunched size 408
Images Original size 670 Crunched size 670
Project actors Original size 1980 Crunched size 1980
Tile data for map map_1 (mem restrictions:None) Original size 544 Crunched size 544
Header data for map map_1 Original size 844 Crunched size 844
Tile data for map map_2 (mem restrictions:None) Original size 544 Crunched size 544
Get Y lookup table map_2 Original size 76 Crunched size 76
Header data for map map_2 Original size 844 Crunched size 844
Map block data for map_2 Original size 342 Crunched size 51
Map tile data  map_3 Original size 342 Crunched size 33
Tile data for map map_3 (mem restrictions:None) Original size 544 Crunched size 544
Pattern data for 3 Original size 22 Crunched size 22
Map event data for map_3 Original size 44 Crunched size 44
Get Y lookup table map_3 Original size 76 Crunched size 76
Header data for map map_3 Original size 844 Crunched size 844
Map block data for map_3 Original size 342 Crunched size 45
Project name table Original size 48 Crunched size 48
Streamed project patterns Original size 4384 Crunched size 4384
Animations Original size 176 Crunched size 176
Animation Frames Original size 432 Crunched size 432
Project Header Original size 3266 Crunched size 3266
Var Data Original size 32 Crunched size 32
Attack Data Original size 88 Crunched size 88
Teleporters Original size 8 Crunched size 8
Commands for Joystick 1 Original size 12 Crunched size 12

=== Accounted Memory Usage ===
(Note that this isn't a full account of memory usage, just the memory we can account for)
RAM reserved for level tiles: (largest level: map_1): 684
memory reserved for active actors on screen (32): 4616
memory reserved for dormant actors in map (128): 4608

Total: 9908 bytes

=== Possibly unused sound effects ===
blopp

=== Codeblocks by compiled size ===
block_hit: 704
pickup_collide: 594
load_level: 510
set_yresolution: 390
do_teleport: 382
pre_startup: 360
spawn_ball: 338
start_level: 314
flipscreen_smooth: 310 (Unused?)
spawn_pickup: 310
flipxymove: 278 (Unused?)
load_next_level: 252 (Unused?)
ball_hit_pad: 240
spawn_extra_ball: 236
you_win: 228
ball_timer: 226
level_complete: 224
pad_timer: 224
count_blocks: 214
block_find: 206 (Unused?)
gameover: 198
waitforframes: 194
block_count: 178
check_talkpad: 172 (Unused?)
flipymove: 162 (Unused?)
pre_quit: 160 (Unused?)
snap_to_screen: 158 (Unused?)
reset_variables: 156
load_panel: 146
flipxmove: 142 (Unused?)
unload_level: 142
show_intro: 142
pause: 138
destroy_all_blocks: 128 (Unused?)
restart_this_level: 128 (Unused?)
pre_load_level: 122
reset_pad_state: 114
fadein: 112
unload_panel: 106
waitforfireup: 102
waitforfiredown: 98
load_panel_bottom: 96 (Unused?)
load_panel_top: 96
destroy_child_actors: 94 (Unused?)
fadeout: 88
pre_anim5: 86 (Unused?)
waitforfirehit: 86
startup: 78
load_music_finish: 76
wrap_screen_bottom: 76 (Unused?)
wrap_screen_right: 76 (Unused?)
flipscreen: 72 (Unused?)
wrap_screen_left: 72 (Unused?)
wrap_screen_top: 72 (Unused?)
load_music: 70 (Unused?)
jump_actor: 66 (Unused?)
load_panel_finish: 66
unload_panel_bottom: 62
unload_panel_top: 62
destroy_all_actors: 60 (Unused?)
destroy_actor: 58
regenerate_screen: 58
AUTOGEN_OUTOFSCREEN_None_None_None_destroy_actor: 54
destroy_block: 52 (Unused?)
return: 52 (Unused?)
wall_hit: 52
quit: 50 (Unused?)
regenerate_screen_wait: 46
freeze_actor: 40 (Unused?)
unfreeze_actor: 40 (Unused?)
autogen_block_actorcoll_block_1: 38
autogen_block_actorcoll_boundary_block: 38
block_coll_force: 32
block_coll_passthru: 32 (Unused?)
clear_block_collision: 32
vm_registers: 26 (Unused?)
debug_breakpoint: 26 (Unused?)
set_ntsc: 26
vm_constants_tile_properties: 26 (Unused?)
declarations: 26
