Compiled on Sunday, 25 May 2025 9:46:21 p.m.
Version string: SE2024.2.250518.20.03.EX

ImageFrame Data Size: 698
Actor Count: 11
Actor Data Size: 1980
Animations Count: 11
Animations Data Size: 176
AnimationFrame Count: 27
AnimationFrame Data Size: 432
Project virtual machine (codeblocks) Original size 12356 Crunched size 12356
Panel  Original size 3130 Crunched size 3130
Panel brixx_panel Original size 3130 Crunched size 3130
Panel top_panel Original size 1050 Crunched size 1050
Panel you_win_panel Original size 3130 Crunched size 3130
Project blocks Original size 408 Crunched size 408
Images Original size 698 Crunched size 698
Project actors Original size 1980 Crunched size 1980
Map block data for map_1 Original size 342 Crunched size 342
Header data for map map_1 Original size 844 Crunched size 844
Map tile data  map_1 Original size 342 Crunched size 342
Tile data for map map_1 (mem restrictions:None) Original size 544 Crunched size 544
Map event data for map_1 Original size 44 Crunched size 44
Get Y lookup table map_1 Original size 76 Crunched size 76
Map path node data for map_1 Original size 12 Crunched size 12
Map block data for map_2 Original size 342 Crunched size 342
Header data for map map_2 Original size 844 Crunched size 844
Map tile data  map_2 Original size 342 Crunched size 342
Tile data for map map_2 (mem restrictions:None) Original size 544 Crunched size 544
Map event data for map_2 Original size 44 Crunched size 44
Get Y lookup table map_2 Original size 76 Crunched size 76
Map path node data for map_2 Original size 12 Crunched size 12
Map block data for map_3 Original size 342 Crunched size 342
Header data for map map_3 Original size 844 Crunched size 844
Map tile data  map_3 Original size 342 Crunched size 342
Tile data for map map_3 (mem restrictions:None) Original size 544 Crunched size 544
Map event data for map_3 Original size 44 Crunched size 44
Get Y lookup table map_3 Original size 76 Crunched size 76
Map path node data for map_3 Original size 12 Crunched size 12
Project name table Original size 24 Crunched size 24
Animations Original size 176 Crunched size 176
Animation Frames Original size 432 Crunched size 432
Project sound Original size 280 Crunched size 280
Misc Data (paths, hurt boxes etc) Original size 2 Crunched size 2
Project Header Original size 3266 Crunched size 3266
Var Data Original size 32 Crunched size 32
Attack Data Original size 88 Crunched size 88
Teleporters Original size 8 Crunched size 8

=== Accounted Memory Usage ===
(Note that this isn't a full account of memory usage, just the memory we can account for)
RAM reserved for level tiles: (largest level: map_1): 684
memory reserved for active actors on screen (32): 4616
memory reserved for dormant actors in map (128): 4608

Total: 9908 bytes

=== Possibly unused sound effects ===
blopp

=== Codeblocks by compiled size ===
block_hit: 704
pickup_collide: 594
load_level: 510
do_teleport: 382
spawn_ball: 338
pre_startup: 316
flipscreen_smooth: 310 (Unused?)
spawn_pickup: 310
flipxymove: 278 (Unused?)
start_level: 268
set_yresolution: 256 (Unused?)
load_next_level: 252 (Unused?)
ball_hit_pad: 240
spawn_extra_ball: 236
you_win: 228
ball_timer: 226
level_complete: 224
pad_timer: 224
count_blocks: 214
block_find: 206 (Unused?)
gameover: 198
waitforframes: 194
block_count: 178
check_talkpad: 172 (Unused?)
flipymove: 162 (Unused?)
pre_quit: 160 (Unused?)
snap_to_screen: 158 (Unused?)
reset_variables: 156
load_panel: 146
flipxmove: 142 (Unused?)
unload_level: 142
show_intro: 142
pause: 138 (Unused?)
destroy_all_blocks: 128 (Unused?)
restart_this_level: 128 (Unused?)
pre_load_level: 122
reset_pad_state: 114
fadein: 112
unload_panel: 106
waitforfireup: 102
waitforfiredown: 98
load_panel_bottom: 96 (Unused?)
load_panel_top: 96
destroy_child_actors: 94 (Unused?)
fadeout: 88
pre_anim5: 86 (Unused?)
waitforfirehit: 86
startup: 78
load_music_finish: 76
wrap_screen_bottom: 76 (Unused?)
wrap_screen_right: 76 (Unused?)
flipscreen: 72 (Unused?)
wrap_screen_left: 72 (Unused?)
wrap_screen_top: 72 (Unused?)
jump_actor: 66 (Unused?)
load_panel_finish: 66
load_music: 62 (Unused?)
unload_panel_bottom: 62
unload_panel_top: 62
destroy_all_actors: 60 (Unused?)
destroy_actor: 58
regenerate_screen: 58
AUTOGEN_OUTOFSCREEN_None_None_None_destroy_actor: 54
destroy_block: 52 (Unused?)
return: 52 (Unused?)
wall_hit: 52
quit: 50 (Unused?)
regenerate_screen_wait: 46
freeze_actor: 40 (Unused?)
unfreeze_actor: 40 (Unused?)
autogen_block_actorcoll_block_1: 38
autogen_block_actorcoll_boundary_block: 38
block_coll_force: 32
block_coll_passthru: 32 (Unused?)
clear_block_collision: 32
vm_registers: 26 (Unused?)
debug_breakpoint: 26 (Unused?)
set_ntsc: 26 (Unused?)
vm_constants_tile_properties: 26 (Unused?)
declarations: 26
