Compiled on Sunday, 25 May 2025 9:28:10 p.m.
Version string: SE2024.2.250518.20.03.EX

=== Misc ===
ImageFrames: 26
ImageFrame Data Size: 1144
Maps and Asset Bundles Count: 4
Maps and Asset Bundles Data Size: 48
Actor Count: 11
Actor Data Size: 1980
Block Count: 6
Block Data Size: 408
Anim5 Count: 0
Anim5 Data Size: 0
Sound Count: 10
Sound Data Size: 280
Teleporter Count: 1
Teleporter Data Size: 8
Animations Count: 11
Animations Data Size: 176
AnimationFrame Count: 27
AnimationFrame Data Size: 432
Sprites: 1
Sprites Data Size: 14
Attack Data: 1
Attack Data Size: 88
Misc data size: 32
=== Image optimisations ===
Panel (background color #000) Original size 1296 Crunched size 76
Panel scorpion_eng_splashscreen Original size 36792 Crunched size 3380
Panel brixx_panel Original size 22272 Crunched size 628
Panel top_panel Original size 3968 Crunched size 422
Panel bobs top_panel Original size 584 Crunched size 220
Panel you_win_panel Original size 22272 Crunched size 680
Project virtual machine (codeblocks) Original size 12678 Crunched size 3878
Header data for map map_1 Original size 844 Crunched size 102
Tile data for map map_1 (mem restrictions:None) Original size 1934 Crunched size 236
Header data for map map_2 Original size 844 Crunched size 104
Tile data for map map_2 (mem restrictions:None) Original size 1934 Crunched size 286
Header data for map map_3 Original size 844 Crunched size 104
Tile data for map map_3 (mem restrictions:None) Original size 1934 Crunched size 272
Asset bundle 0 (Core project asset bundle) Original size 64121 Crunched size 27286
Asset bundle 1 (map_1) Original size 322 Crunched size 120
Asset bundle 2 (map_2) Original size 322 Crunched size 120
Asset bundle 3 (map_3) Original size 322 Crunched size 120
Misc Data (paths, hurt boxes etc) Original size 2 Crunched size 2
Project Header Original size 4408 Crunched size 1230
Project Data Original size 4612 Crunched size 1048
Project virtual machine redirects Original size 4 Crunched size 4

=== Accounted Memory Usage ===
(Note that this isn't a full account of memory usage, just the memory we can account for)

For chip:
Map gfx (Panel: scorpion_eng_splashscreen): 36792
Music memory (): 0
BP Buffer memory: 60000
Core sfx/gfx memory: 64121
Parallax memory: 0
OS/other estimated: 99328

For other:
Map cache memory: 0
Map header cache memory: 0
Map actor cache memory: 0
Map data memory: 1934
Map background memory: 1296
EXE memory: 204056
vm memory: 12678
project memory: 4612
memory reserved for active actors on screen (32): 4616
memory reserved for dormant actors in map (128): 4608
OS/other estimated: 105472

Accounted memory chip: 260241
Accounted memory other: 339272
Accounted memory total: 599513

=== Possibly unused sound effects ===
blopp

=== Codeblocks by compiled size ===
block_hit: 704
pickup_collide: 594
load_level: 550
pre_startup: 422
do_teleport: 402
spawn_ball: 338
start_level: 328
flipscreen_smooth: 310 (Unused?)
spawn_pickup: 310
flipxymove: 278 (Unused?)
load_next_level: 252 (Unused?)
ball_hit_pad: 240
spawn_extra_ball: 236
you_win: 228
ball_timer: 226
level_complete: 224
pad_timer: 224
count_blocks: 214
block_find: 206 (Unused?)
set_yresolution: 202
gameover: 198
waitforframes: 194
check_talkpad: 192 (Unused?)
pause: 184
block_count: 178
flipymove: 162 (Unused?)
pre_quit: 160
snap_to_screen: 158 (Unused?)
reset_variables: 156
load_panel: 146
flipxmove: 142 (Unused?)
unload_level: 142
show_intro: 142
destroy_all_blocks: 128 (Unused?)
restart_this_level: 128 (Unused?)
pre_load_level: 122
reset_pad_state: 114
fadein: 112
unload_panel: 106
waitforfireup: 102
waitforfiredown: 98
load_panel_bottom: 96 (Unused?)
load_panel_top: 96
destroy_child_actors: 94 (Unused?)
fadeout: 88
pre_anim5: 86 (Unused?)
waitforfirehit: 86
load_music: 78 (Unused?)
startup: 78
load_music_finish: 76
wrap_screen_bottom: 76 (Unused?)
wrap_screen_right: 76 (Unused?)
set_ntsc: 74 (Unused?)
flipscreen: 72 (Unused?)
wrap_screen_left: 72 (Unused?)
wrap_screen_top: 72 (Unused?)
quit: 70 (Unused?)
jump_actor: 66 (Unused?)
load_panel_finish: 66
unload_panel_bottom: 62
unload_panel_top: 62
destroy_all_actors: 60 (Unused?)
destroy_actor: 58
regenerate_screen: 58
AUTOGEN_OUTOFSCREEN_None_None_None_destroy_actor: 54
destroy_block: 52 (Unused?)
return: 52 (Unused?)
wall_hit: 52
regenerate_screen_wait: 46
freeze_actor: 40 (Unused?)
unfreeze_actor: 40 (Unused?)
autogen_block_actorcoll_block_1: 38
autogen_block_actorcoll_boundary_block: 38
block_coll_force: 32
block_coll_passthru: 32 (Unused?)
clear_block_collision: 32
vm_registers: 26 (Unused?)
debug_breakpoint: 26 (Unused?)
vm_constants_tile_properties: 26 (Unused?)
declarations: 26
