Compiled on Sunday, 25 May 2025 10:09:38 p.m.
Version string: SE2024.2.250518.20.03.EX

ImageFrame Data Size: 2098
Actor Count: 17
Actor Data Size: 3060
Animations Count: 23
Animations Data Size: 368
AnimationFrame Count: 126
AnimationFrame Data Size: 2016
XGM Null song Original size 172 Crunched size 172
Map tile data  map1 Original size 396 Crunched size 30
Map path node data for map1 Original size 12 Crunched size 12
Map path node data for map2 Original size 12 Crunched size 12
Misc Data (paths, hurt boxes etc) Original size 2 Crunched size 2
Teleporters Original size 8 Crunched size 8
XGM Null sound Original size 256 Crunched size 256
XGM 68K Plugin Driver Original size 852 Crunched size 852
Pattern data for 1 Original size 88 Crunched size 88
Map event data for map1 Original size 44 Crunched size 44
Map actor data for map1 Original size 140 Crunched size 31
XGM PCM sound Original size 9472 Crunched size 9472
XGM Core Driver Original size 5888 Crunched size 5888
XGM PCM sound Original size 10752 Crunched size 10752
XGM PCM sound Original size 4096 Crunched size 4096
XGM PCM sound Original size 9728 Crunched size 9728
XGM PCM sound Original size 13312 Crunched size 13312
XGM PCM sound Original size 1792 Crunched size 1792
XGM PCM sound Original size 4096 Crunched size 4096
Project sound Original size 224 Crunched size 224
Default MD font Original size 2048 Crunched size 2048
Project virtual machine (codeblocks) Original size 19162 Crunched size 19162
Panel  Original size 10362 Crunched size 10362
Font for panel 1 Original size 2048 Crunched size 2048
Panel bottom_panel Original size 2346 Crunched size 2346
Panel bottom_panel_retry_leave Original size 5826 Crunched size 5826
Panel congratulations_panel Original size 6298 Crunched size 6298
Panel snek_panel Original size 17786 Crunched size 17786
Number font for panel 5 Original size 320 Crunched size 320
Panel top_panel Original size 1562 Crunched size 1562
Project blocks Original size 1700 Crunched size 1700
Images Original size 2098 Crunched size 2098
Project actors Original size 3060 Crunched size 3060
Project patterns Original size 232 Crunched size 232
Tile data for map map1 (mem restrictions:None) Original size 640 Crunched size 640
Get Y lookup table map1 Original size 72 Crunched size 72
Header data for map map1 Original size 844 Crunched size 844
Map block data for map1 Original size 396 Crunched size 26
Map tile data  map2 Original size 396 Crunched size 58
Tile data for map map2 (mem restrictions:None) Original size 640 Crunched size 640
Pattern data for 2 Original size 192 Crunched size 192
Map event data for map2 Original size 44 Crunched size 44
Get Y lookup table map2 Original size 72 Crunched size 72
Map actor data for map2 Original size 224 Crunched size 37
Header data for map map2 Original size 844 Crunched size 844
Map block data for map2 Original size 396 Crunched size 54
Map tile data  map3 Original size 396 Crunched size 69
Tile data for map map3 (mem restrictions:None) Original size 640 Crunched size 640
Pattern data for 3 Original size 178 Crunched size 178
Map event data for map3 Original size 44 Crunched size 44
Get Y lookup table map3 Original size 72 Crunched size 72
Map path node data for map3 Original size 12 Crunched size 12
Map actor data for map3 Original size 84 Crunched size 24
Header data for map map3 Original size 844 Crunched size 844
Map block data for map3 Original size 396 Crunched size 64
Map tile data  map4 Original size 396 Crunched size 63
Tile data for map map4 (mem restrictions:None) Original size 640 Crunched size 640
Pattern data for 4 Original size 184 Crunched size 184
Map event data for map4 Original size 44 Crunched size 44
Get Y lookup table map4 Original size 72 Crunched size 72
Map path node data for map4 Original size 12 Crunched size 12
Map actor data for map4 Original size 308 Crunched size 55
Header data for map map4 Original size 844 Crunched size 844
Map block data for map4 Original size 396 Crunched size 58
Map tile data  map5 Original size 396 Crunched size 74
Tile data for map map5 (mem restrictions:None) Original size 640 Crunched size 640
Pattern data for 5 Original size 216 Crunched size 216
Map event data for map5 Original size 44 Crunched size 44
Get Y lookup table map5 Original size 72 Crunched size 72
Map path node data for map5 Original size 12 Crunched size 12
Map actor data for map5 Original size 224 Crunched size 42
Header data for map map5 Original size 844 Crunched size 844
Map block data for map5 Original size 396 Crunched size 68
Project name table Original size 624 Crunched size 624
Streamed project patterns Original size 19296 Crunched size 19296
Animations Original size 368 Crunched size 368
Animation Frames Original size 2016 Crunched size 2016
Project Header Original size 3266 Crunched size 3266
Var Data Original size 32 Crunched size 32
Attack Data Original size 88 Crunched size 88
Commands for Joystick 1 Original size 12 Crunched size 12

=== Accounted Memory Usage ===
(Note that this isn't a full account of memory usage, just the memory we can account for)
RAM reserved for level tiles: (largest level: map1): 792
memory reserved for active actors on screen (32): 4616
memory reserved for dormant actors in map (128): 4608

Total: 10016 bytes

=== Possibly unused sound effects ===
health_up

=== Codeblocks by compiled size ===
player_timer: 1782
crate_collide: 1044
pickup_collide: 1036
show_level_intro_dialog: 1030
start_level: 766
show_level_complete_dialog: 564
load_level: 510
set_yresolution: 390 (Unused?)
do_teleport: 382
check_crate_targets: 376
pre_startup: 360
flipscreen_smooth: 310 (Unused?)
startup: 294
flipxymove: 278 (Unused?)
load_next_level: 252 (Unused?)
player_died: 222
exit_east_closed: 220
player_head_switch: 220
block_find: 206
leave_game: 204
congratulations: 196
waitforframes: 194
gold_door_closed: 184
is_crate_on_a_target: 184
block_count: 178
check_talkpad: 172
flipymove: 162 (Unused?)
pre_quit: 160 (Unused?)
init_variables: 160
snap_to_screen: 158 (Unused?)
crate_on_crate_collide: 158
load_panel: 146
flipxmove: 142 (Unused?)
unload_level: 142
pause: 138
player_block_collide: 136
destroy_all_blocks: 128 (Unused?)
restart_this_level: 128 (Unused?)
pre_load_level: 122
player_spawn: 118
fadein: 112
unload_panel: 106
waitforfireup: 102
waitforfiredown: 98
level_completed: 98
load_panel_bottom: 96
load_panel_top: 96
destroy_child_actors: 94 (Unused?)
fadeout: 88
pre_anim5: 86 (Unused?)
waitforfirehit: 86
exit_east_opened: 84
exit_west_closed: 84
load_music_finish: 76
wrap_screen_bottom: 76 (Unused?)
wrap_screen_right: 76 (Unused?)
flipscreen: 72 (Unused?)
wrap_screen_left: 72 (Unused?)
wrap_screen_top: 72 (Unused?)
load_music: 70
reset_variables: 68
jump_actor: 66 (Unused?)
load_panel_finish: 66
unload_panel_bottom: 62
unload_panel_top: 62
destroy_all_actors: 60 (Unused?)
destroy_actor: 58
regenerate_screen: 58
destroy_block: 52 (Unused?)
return: 52 (Unused?)
exit_west_opened: 52
quit: 50 (Unused?)
count_placed_crates: 50
regenerate_screen_wait: 46
freeze_actor: 40 (Unused?)
unfreeze_actor: 40 (Unused?)
autogen_exit_west_open_anim_9: 38
autogen_exit_west_open_anim_10: 38
block_coll_force: 32
block_coll_passthru: 32 (Unused?)
clear_block_collision: 32
enable_player_input: 32
vm_registers: 26 (Unused?)
debug_breakpoint: 26 (Unused?)
set_ntsc: 26
vm_constants_tile_properties: 26 (Unused?)
declares: 26
