Compiled on Sunday, 25 May 2025 8:27:43 p.m.
Version string: SE2024.2.250518.20.03.EX

=== Misc ===
ImageFrames: 125
ImageFrame Data Size: 5500
Maps and Asset Bundles Count: 6
Maps and Asset Bundles Data Size: 72
Actor Count: 17
Actor Data Size: 3060
Block Count: 25
Block Data Size: 1700
Anim5 Count: 0
Anim5 Data Size: 0
Sound Count: 8
Sound Data Size: 224
Teleporter Count: 1
Teleporter Data Size: 8
Animations Count: 23
Animations Data Size: 368
AnimationFrame Count: 126
AnimationFrame Data Size: 2016
Sprites: 1
Sprites Data Size: 14
Attack Data: 1
Attack Data Size: 88
Misc data size: 32
=== Image optimisations ===
Music file snek Original size 5548 Crunched size 954
Panel (background color #000) Original size 1296 Crunched size 76
Panel scorpion_eng_splashscreen Original size 36792 Crunched size 3380
Panel bottom_panel Original size 10304 Crunched size 2148
Panel bobs bottom_panel Original size 6402 Crunched size 2000
Panel bottom_panel_retry_leave Original size 9848 Crunched size 2104
Panel bobs bottom_panel_retry_leave Original size 1896 Crunched size 276
Panel congratulations_panel Original size 52992 Crunched size 1556
Panel snek_panel Original size 52992 Crunched size 15532
Panel top_panel Original size 5056 Crunched size 420
Panel bobs top_panel Original size 670 Crunched size 210
Project virtual machine (codeblocks) Original size 17448 Crunched size 5330
Map actor data for map1 Original size 140 Crunched size 88
Header data for map map1 Original size 844 Crunched size 190
Tile data for map map1 (mem restrictions:None) Original size 2196 Crunched size 264
Map actor data for map2 Original size 224 Crunched size 98
Header data for map map2 Original size 844 Crunched size 192
Tile data for map map2 (mem restrictions:None) Original size 2196 Crunched size 404
Map actor data for map3 Original size 84 Crunched size 78
Header data for map map3 Original size 844 Crunched size 192
Tile data for map map3 (mem restrictions:None) Original size 2196 Crunched size 456
Map actor data for map4 Original size 308 Crunched size 126
Header data for map map4 Original size 844 Crunched size 192
Tile data for map map4 (mem restrictions:None) Original size 2196 Crunched size 428
Map actor data for map5 Original size 224 Crunched size 102
Header data for map map5 Original size 844 Crunched size 192
Tile data for map map5 (mem restrictions:None) Original size 2196 Crunched size 462
Asset bundle 0 (Core project asset bundle) Original size 115146 Crunched size 26908
Asset bundle 1 (map1) Original size 1870 Crunched size 670
Asset bundle 2 (map2) Original size 3766 Crunched size 1336
Asset bundle 3 (map3) Original size 3628 Crunched size 1386
Asset bundle 4 (map4) Original size 3758 Crunched size 1412
Asset bundle 5 (map5) Original size 4716 Crunched size 1568
Misc Data (paths, hurt boxes etc) Original size 2 Crunched size 2
Project Header Original size 4408 Crunched size 1228
Project Data Original size 13084 Crunched size 2658
Project virtual machine redirects Original size 4 Crunched size 4

=== Accounted Memory Usage ===
(Note that this isn't a full account of memory usage, just the memory we can account for)

For chip:
Map gfx (Panel: congratulations_panel): 52992
Music memory (snek): 5548
BP Buffer memory: 131040
Core sfx/gfx memory: 115146
Parallax memory: 0
OS/other estimated: 99328

For other:
Map cache memory: 0
Map header cache memory: 0
Map actor cache memory: 0
Map data memory: 2196
Map background memory: 1296
EXE memory: 204056
vm memory: 17448
project memory: 13084
memory reserved for active actors on screen (32): 4616
memory reserved for dormant actors in map (128): 4608
OS/other estimated: 105472

Accounted memory chip: 404054
Accounted memory other: 352776
Accounted memory total: 756830

=== Possibly unused sound effects ===
health_up

=== Codeblocks by compiled size ===
player_timer: 1782
crate_collide: 1044
pickup_collide: 1036
show_level_intro_dialog: 1030
start_level: 738
show_level_complete_dialog: 564
load_level: 550
pre_startup: 422
do_teleport: 402
check_crate_targets: 376
startup: 340
flipscreen_smooth: 310 (Unused?)
flipxymove: 278 (Unused?)
load_next_level: 252 (Unused?)
player_died: 222
exit_east_closed: 220
player_head_switch: 220
block_find: 206
leave_game: 204
set_yresolution: 202
congratulations: 196
waitforframes: 194
check_talkpad: 192
pause: 184
gold_door_closed: 184
is_crate_on_a_target: 184
block_count: 178
flipymove: 162 (Unused?)
pre_quit: 160
init_variables: 160
snap_to_screen: 158 (Unused?)
crate_on_crate_collide: 158
load_panel: 146
flipxmove: 142 (Unused?)
unload_level: 142
player_block_collide: 136
destroy_all_blocks: 128 (Unused?)
restart_this_level: 128 (Unused?)
pre_load_level: 122
player_spawn: 118
fadein: 112
unload_panel: 106
waitforfireup: 102
waitforfiredown: 98
level_completed: 98
load_panel_bottom: 96
load_panel_top: 96
destroy_child_actors: 94 (Unused?)
fadeout: 88
pre_anim5: 86 (Unused?)
waitforfirehit: 86
exit_east_opened: 84
exit_west_closed: 84
load_music: 78
load_music_finish: 76
wrap_screen_bottom: 76 (Unused?)
wrap_screen_right: 76 (Unused?)
set_ntsc: 74 (Unused?)
flipscreen: 72 (Unused?)
wrap_screen_left: 72 (Unused?)
wrap_screen_top: 72 (Unused?)
quit: 70 (Unused?)
reset_variables: 68
jump_actor: 66 (Unused?)
load_panel_finish: 66
unload_panel_bottom: 62
unload_panel_top: 62
destroy_all_actors: 60 (Unused?)
destroy_actor: 58
regenerate_screen: 58
destroy_block: 52 (Unused?)
return: 52 (Unused?)
exit_west_opened: 52
count_placed_crates: 50
regenerate_screen_wait: 46
freeze_actor: 40 (Unused?)
unfreeze_actor: 40 (Unused?)
autogen_exit_west_open_anim_9: 38
autogen_exit_west_open_anim_10: 38
block_coll_force: 32
block_coll_passthru: 32 (Unused?)
clear_block_collision: 32
enable_player_input: 32
vm_registers: 26 (Unused?)
debug_breakpoint: 26 (Unused?)
vm_constants_tile_properties: 26 (Unused?)
declares: 26
