Attack Data Original size 66 Crunched size 66
Default MD font Original size 2048 Crunched size 2048
Map event data for lvl_cat Original size 28 Crunched size 28
Map event data for lvl_cat2 Original size 28 Crunched size 28
Map event data for lvl_column Original size 28 Crunched size 28
Map event data for lvl_endscreen Original size 28 Crunched size 28
Map event data for lvl_sew Original size 28 Crunched size 28
Map event data for lvl_sew2 Original size 28 Crunched size 28
Map event data for lvl_spider Original size 28 Crunched size 28
Map header lvl_cat Original size 9788 Crunched size 9788
Map header lvl_cat2 Original size 9788 Crunched size 9788
Map header lvl_column Original size 9788 Crunched size 9788
Map header lvl_endscreen Original size 9788 Crunched size 9788
Map header lvl_sew Original size 16188 Crunched size 16188
Map header lvl_sew2 Original size 16188 Crunched size 16188
Map header lvl_spider Original size 9788 Crunched size 9788
Map block data for lvl_cat Original size 288 Crunched size 288
Map block data for lvl_cat2 Original size 288 Crunched size 288
Map block data for lvl_column Original size 288 Crunched size 288
Map block data for lvl_endscreen Original size 288 Crunched size 288
Map block data for lvl_sew Original size 1188 Crunched size 66
Map block data for lvl_sew2 Original size 1188 Crunched size 66
Map block data for lvl_spider Original size 288 Crunched size 288
Map path node data for lvl_cat Original size 12 Crunched size 12
Map path node data for lvl_cat2 Original size 12 Crunched size 12
Map path node data for lvl_column Original size 12 Crunched size 12
Map path node data for lvl_endscreen Original size 12 Crunched size 12
Map path node data for lvl_sew Original size 12 Crunched size 12
Map path node data for lvl_sew2 Original size 12 Crunched size 12
Map path node data for lvl_spider Original size 12 Crunched size 12
MDS Sequence file Original size 218 Crunched size 218
MDS PCM file Original size 64115 Crunched size 64115
Map tile data  lvl_cat Original size 288 Crunched size 64
Map tile data  lvl_cat2 Original size 288 Crunched size 64
Map tile data  lvl_column Original size 288 Crunched size 64
Map tile data  lvl_endscreen Original size 288 Crunched size 64
Map tile data  lvl_sew Original size 1188 Crunched size 76
Map tile data  lvl_sew2 Original size 1188 Crunched size 76
Map tile data  lvl_spider Original size 288 Crunched size 64
Get Y lookup table lvl_cat Original size 64 Crunched size 64
Get Y lookup table lvl_cat2 Original size 64 Crunched size 64
Get Y lookup table lvl_column Original size 64 Crunched size 64
Get Y lookup table lvl_endscreen Original size 64 Crunched size 64
Get Y lookup table lvl_sew Original size 264 Crunched size 264
Get Y lookup table lvl_sew2 Original size 264 Crunched size 264
Get Y lookup table lvl_spider Original size 64 Crunched size 64
Default MD number font Original size 320 Crunched size 320
Project actors Original size 1200 Crunched size 1200
Project blocks Original size 156 Crunched size 156
Animation Frames Original size 400 Crunched size 400
Mega Drive header Original size 3660 Crunched size 3660
Images Original size 820 Crunched size 820
Panel  Original size 10322 Crunched size 10322
Panel column_destroy Original size 30146 Crunched size 30146
Panel column_fix Original size 29378 Crunched size 29378
Panel title Original size 12914 Crunched size 12914
Panel tryagain Original size 5266 Crunched size 5266
Animations Original size 272 Crunched size 272
Project patterns Original size 96 Crunched size 96
Pattern data for 1 Original size 768 Crunched size 768
Pattern data for 2 Original size 768 Crunched size 768
Pattern data for 3 Original size 286 Crunched size 286
Pattern data for 4 Original size 540 Crunched size 540
Pattern data for 5 Original size 3636 Crunched size 3636
Pattern data for 6 Original size 3600 Crunched size 3600
Pattern data for 7 Original size 1090 Crunched size 1090
Streamed project patterns Original size 83808 Crunched size 83808
Project sound Original size 168 Crunched size 168
Var Data Original size 16 Crunched size 16
Project virtual machine (codeblocks) Original size 10504 Crunched size 10504

=== Possibly unused Actors ===
bighand
cat
spider

=== Codeblocks by compiled size ===
load_level: 1012
endscreen_removecorner: 560
set_yresolution: 448
endscreen: 398
do_teleport: 362
on_bighandupdate: 360
flipscreen_smooth: 346 (Unused?)
level1: 322
flipxymove: 306 (Unused?)
level3_win: 282
level3_loop: 256
pause: 252 (Unused?)
on_catupdate: 248
startup: 234
level2: 218
level3: 210
pre_startup: 194
snap_to_screen: 190 (Unused?)
animate_rain: 188
level4_badending: 178
flipymove: 174 (Unused?)
flipxmove: 158 (Unused?)
load_panel: 146
pre_quit: 146
destroy_all_blocks: 124 (Unused?)
unload_level: 114
level4: 98
on_holerepaired: 98
load_panel_bottom: 96
load_panel_top: 96 (Unused?)
waitforfireup: 94
on_spiderupdate: 94
unload_panel: 92
wrap_screen_bottom: 92 (Unused?)
wrap_screen_right: 92 (Unused?)
waitforfiredown: 90
wrap_screen_left: 88 (Unused?)
wrap_screen_top: 88 (Unused?)
flipscreen: 86 (Unused?)
pre_anim5: 86 (Unused?)
waitforfirehit: 86
fadeout: 84
waitforframes: 78
level2_win: 76
quit: 66 (Unused?)
destroy_all_actors: 62 (Unused?)
jump_actor: 62 (Unused?)
load_music: 62 (Unused?)
unload_panel_bottom: 62
unload_panel_top: 62
fadein: 58
load_panel_finish: 56
destroy_actor: 54
regenerate_screen: 52
return: 52 (Unused?)
destroy_block: 48 (Unused?)
regenerate_screen_wait: 42
debug_dump: 30 (Unused?)
vm_registers: 26 (Unused?)
vm_constants: 26 (Unused?)
debug_breakpoint: 26 (Unused?)
vm_constants_controlbits: 26 (Unused?)
vm_constants_notes: 26 (Unused?)
vm_constants_tile_properties: 26 (Unused?)
vm_constants_platform: 26 (Unused?)
