=== Image optimisations ===
Reduce width of sprites\fox\fall1.png by 10 pixels to 16 to improve blit performance by 200.00%
Reduce width of sprites\fox\fall3.png by 14 pixels to 16 to improve blit performance by 200.00%
Reduce width of sprites\fox\fall1.png by 10 pixels to 16 to improve blit performance by 200.00%
Reduce width of sprites\fox\fall3.png by 14 pixels to 16 to improve blit performance by 200.00%
Reduce width of sprites\fox\skid.png by 13 pixels to 16 to improve blit performance by 200.00%
Reduce width of sprites\fox\idle.png by 9 pixels to 16 to improve blit performance by 200.00%
Reduce width of sprites\fox\dance1.png by 9 pixels to 16 to improve blit performance by 200.00%
Reduce width of sprites\fox\dance2.png by 5 pixels to 16 to improve blit performance by 200.00%
Reduce width of sprites\fox\dance3.png by 4 pixels to 16 to improve blit performance by 200.00%
Reduce width of sprites\fox\dance4.png by 5 pixels to 16 to improve blit performance by 200.00%
Reduce width of sprites\fox\dance5.png by 9 pixels to 16 to improve blit performance by 200.00%
Reduce width of sprites\fox\dance4.png by 5 pixels to 16 to improve blit performance by 200.00%
Reduce width of sprites\fox\dance3.png by 4 pixels to 16 to improve blit performance by 200.00%
Reduce width of sprites\fox\dance2.png by 5 pixels to 16 to improve blit performance by 200.00%
Reduce width of sprites\fox\skid.png by 13 pixels to 16 to improve blit performance by 200.00%
Reduce width of sprites\fox\idle.png by 9 pixels to 16 to improve blit performance by 200.00%
Reduce width of sprites\fox\dance1.png by 9 pixels to 16 to improve blit performance by 200.00%
Reduce width of sprites\fox\dance2.png by 5 pixels to 16 to improve blit performance by 200.00%
Reduce width of sprites\fox\dance3.png by 4 pixels to 16 to improve blit performance by 200.00%
Reduce width of sprites\fox\dance4.png by 5 pixels to 16 to improve blit performance by 200.00%
Reduce width of sprites\fox\dance5.png by 9 pixels to 16 to improve blit performance by 200.00%
Reduce width of sprites\fox\dance4.png by 5 pixels to 16 to improve blit performance by 200.00%
Reduce width of sprites\fox\dance3.png by 4 pixels to 16 to improve blit performance by 200.00%
Reduce width of sprites\fox\dance2.png by 5 pixels to 16 to improve blit performance by 200.00%
Reduce width of sprites\fox\jump1.png by 4 pixels to 32 to improve blit performance by 100.00%
Reduce width of sprites\fox\jump2.png by 1 pixels to 32 to improve blit performance by 100.00%
Reduce width of sprites\fox\jump3.png by 13 pixels to 16 to improve blit performance by 200.00%
Reduce width of sprites\fox\jump1.png by 4 pixels to 32 to improve blit performance by 100.00%
Reduce width of sprites\fox\jump2.png by 1 pixels to 32 to improve blit performance by 100.00%
Reduce width of sprites\fox\jump3.png by 13 pixels to 16 to improve blit performance by 200.00%
Reduce width of sprites\fox\run1.png by 15 pixels to 16 to improve blit performance by 200.00%
Reduce width of sprites\fox\run2.png by 1 pixels to 32 to improve blit performance by 100.00%
Reduce width of sprites\fox\run3.png by 2 pixels to 32 to improve blit performance by 100.00%
Reduce width of sprites\fox\run4.png by 15 pixels to 16 to improve blit performance by 200.00%
Reduce width of sprites\fox\run5.png by 15 pixels to 16 to improve blit performance by 200.00%
Reduce width of sprites\fox\run6.png by 15 pixels to 16 to improve blit performance by 200.00%
Reduce width of sprites\fox\run7.png by 2 pixels to 32 to improve blit performance by 100.00%
Reduce width of sprites\fox\run8.png by 1 pixels to 32 to improve blit performance by 100.00%
Reduce width of sprites\fox\srun1.png by 11 pixels to 32 to improve blit performance by 100.00%
Reduce width of sprites\fox\srun2.png by 13 pixels to 32 to improve blit performance by 100.00%
Reduce width of sprites\fox\run1.png by 15 pixels to 16 to improve blit performance by 200.00%
Reduce width of sprites\fox\run2.png by 1 pixels to 32 to improve blit performance by 100.00%
Reduce width of sprites\fox\run3.png by 2 pixels to 32 to improve blit performance by 100.00%
Reduce width of sprites\fox\run4.png by 15 pixels to 16 to improve blit performance by 200.00%
Reduce width of sprites\fox\run5.png by 15 pixels to 16 to improve blit performance by 200.00%
Reduce width of sprites\fox\run6.png by 15 pixels to 16 to improve blit performance by 200.00%
Reduce width of sprites\fox\run7.png by 2 pixels to 32 to improve blit performance by 100.00%
Reduce width of sprites\fox\run8.png by 1 pixels to 32 to improve blit performance by 100.00%
Reduce width of sprites\fox\srun1.png by 11 pixels to 32 to improve blit performance by 100.00%
Reduce width of sprites\fox\srun2.png by 13 pixels to 32 to improve blit performance by 100.00%

=== Estimated memory usages ===

For chip:
Map gfx (Panel: pnl_title): 41050
Music memory (song): 78332
BP Buffer memory: 132000
core sfx/gfx memory: 117246
Parallax memory: 0

For other:
Map cache memory: 0
Map header cache memory: 0
Map data memory: 6240
Map background memory: 2672
EXE memory: 202600
vm memory: 7008
project memory: 5222

Accounted memory chip: 368628
Accounted memory other: 223742
Accounted memory total: 592370

=== Misc ===
Maps and Asset Bundles Count: 2
Maps and Asset Bundles Data Size: 24
Actor Count: 3
Actor Data Size: 600
Block Count: 24
Block Data Size: 1248
Anim5 Count: 0
Anim5 Data Size: 0
Sound Count: 7
Sound Data Size: 168
Teleporter Count: 1
Teleporter Data Size: 8
Animations Count: 9
Animations Data Size: 144
AnimationFrame Count: 54
AnimationFrame Data Size: 864
ImageFrames: 47
ImageFrame Data Size: 2068
Sprites: 1
Sprites Data Size: 14
Attack Data: 1
Attack Data Size: 66
Misc data size: 16
Asset bundle 0 (Core project asset bundle) Original size 117246 Crunched size 37534
Asset bundle 1 (game_level) Original size 29600 Crunched size 8788
Background for map game_level Original size 2672 Crunched size 92
Music file song Original size 78332 Crunched size 46572
Tile data for map game_level (mem restrictions:None) Original size 6240 Crunched size 1332
Header data for map game_level Original size 7996 Crunched size 270
Project Data Original size 5222 Crunched size 1578
Project Header Original size 4032 Crunched size 1194
Panel scorpion_eng_splashscreen Original size 35930 Crunched size 3268
Panel pnl_title Original size 41050 Crunched size 7088
Project virtual machine (codeblocks) Original size 7008 Crunched size 2182
Project virtual machine redirects Original size 4 Crunched size 4

=== Possibly unused sound effects ===
sndblock
sndcoin
snddie
sndenemykill
sndshot
sndwater

=== Codeblocks by compiled size ===
load_level: 1012
set_yresolution: 448 (Unused?)
do_teleport: 362
flipscreen_smooth: 346 (Unused?)
flipxymove: 306 (Unused?)
pause: 252 (Unused?)
snap_to_screen: 190 (Unused?)
pre_startup: 188
flipymove: 174 (Unused?)
flipxmove: 158
blocktest: 156
load_panel: 146
pre_quit: 146
destroy_all_blocks: 124 (Unused?)
startup: 116
unload_level: 114
load_panel_bottom: 96 (Unused?)
load_panel_top: 96 (Unused?)
waitforfireup: 94
unload_panel: 92
wrap_screen_bottom: 92 (Unused?)
wrap_screen_right: 92 (Unused?)
waitforfiredown: 90
wrap_screen_left: 88 (Unused?)
wrap_screen_top: 88 (Unused?)
flipscreen: 86 (Unused?)
pre_anim5: 86 (Unused?)
waitforfirehit: 86
fadeout: 84
waitforframes: 78
quit: 66 (Unused?)
destroy_all_actors: 62 (Unused?)
jump_actor: 62 (Unused?)
load_music: 62 (Unused?)
unload_panel_bottom: 62
unload_panel_top: 62
fadein: 58
load_panel_finish: 56
destroy_actor: 54
regenerate_screen: 52
return: 52 (Unused?)
destroy_block: 48 (Unused?)
regenerate_screen_wait: 42
ai_forceleft: 42
ai_forceright: 42
debug_dump: 30 (Unused?)
vm_registers: 26 (Unused?)
vm_constants: 26 (Unused?)
debug_breakpoint: 26 (Unused?)
vm_constants_controlbits: 26 (Unused?)
vm_constants_notes: 26 (Unused?)
vm_constants_tile_properties: 26 (Unused?)
vm_constants_platform: 26 (Unused?)
