=== Image optimisations ===
Reduce width of sprites\alexkidd\monkeylad_punch.png by 8 pixels to 16 to improve blit performance by 200.00%
Reduce width of sprites\alexkidd\monkeylad_punch.png by 8 pixels to 16 to improve blit performance by 200.00%
Reduce width of sprites\alexkidd\monkeylad_punch.png by 8 pixels to 16 to improve blit performance by 200.00%
Reduce width of sprites\alexkidd\monkeylad_punch.png by 8 pixels to 16 to improve blit performance by 200.00%

=== Misc ===
Actor Count: 4
Actor Data Size: 1168
Block Count: 1
Block Data Size: 52
Anim5 Count: 1
Anim5 Data Size: 4
Sound Count: 1
Sound Data Size: 16
Teleporter Count: 1
Teleporter Data Size: 8
Animations Count: 14
Animations Data Size: 224
AnimationFrame Count: 21
AnimationFrame Data Size: 1680
Crunching Panel scorpion_eng_splashscreen as 0.img. Original size: 37106. Crunched size: 3322
Crunching Project virtual machine (codeblocks) as project.vm. Original size: 4980. Crunched size: 1684
Crunching Header data for map new_map as 1.mhd. Original size: 11556. Crunched size: 308
Crunching Data for map new_map as 1.map. Original size: 3988. Crunched size: 650
Crunching Asset bundle 0 as 0.gfx. Original size: 16800. Crunched size: 4258
Crunching Asset bundle 1 as 1.gfx. Original size: 13056. Crunched size: 1624
Crunching Project data as project.dat. Original size: 3152. Crunched size: 674
Crunching Scorpion header as project.hd. Original size: 3000. Crunched size: 1174

Estimated memory usages:

For chip:
Map gfx (Panel: scorpion_eng_splashscreen): 37106
Music memory: 0
BP Buffer memory: 131520
core sfx/gfx memory: 16800

For other:
Map cache memory: 0
Map header cache memory: 0
Map data memory: 3988
EXE memory: 197004
vm memory: 4980
project memory: 3152

Accounted memory chip: 185426
Accounted memory other: 209124
Accounted memory total: 394550
