Compiled on Wednesday, 10 July 2024 10:33:02 p.m.
Version string: SE2024.1.240710.14.52.EX

=== Misc ===
ImageFrames: 11
ImageFrame Data Size: 484
Maps and Asset Bundles Count: 2
Maps and Asset Bundles Data Size: 24
Actor Count: 5
Actor Data Size: 900
Block Count: 1
Block Data Size: 68
Anim5 Count: 0
Anim5 Data Size: 0
Sound Count: 1
Sound Data Size: 28
Teleporter Count: 1
Teleporter Data Size: 8
Animations Count: 5
Animations Data Size: 80
AnimationFrame Count: 14
AnimationFrame Data Size: 224
Sprites: 9
Sprites Data Size: 126
Attack Data: 2
Attack Data Size: 176
Misc data size: 28
=== Image optimisations ===
Panel scorpion_eng_splashscreen Original size 55172 Crunched size 3460
Panel newpanel Original size 8432 Crunched size 352
Project virtual machine (codeblocks) Original size 8358 Crunched size 2582
Header data for map map Original size 8000 Crunched size 266
Tile data for map map (mem restrictions:No_Blocks) Original size 1348 Crunched size 600
Background for map map Original size 1396 Crunched size 80
Asset bundle 0 (Core project asset bundle) Original size 2168 Crunched size 1098
Asset bundle 1 (map) Original size 21622 Crunched size 7506
Misc Data (paths, hurt boxes etc) Original size 2 Crunched size 2
Project Header Original size 4036 Crunched size 1188
Project Data Original size 2148 Crunched size 520
Project virtual machine redirects Original size 4 Crunched size 4

=== Accounted Memory Usage ===
(Note that this isn't a full account of memory usage, just the memory we can account for)

For chip:
Map gfx (Panel: scorpion_eng_splashscreen): 55172
Music memory (): 0
BP Buffer memory: 131040
core sfx/gfx memory: 2168
Parallax memory: 0
OS/other estimated: 99328

For other:
Map cache memory: 0
Map header cache memory: 0
Map data memory: 1348
Map background memory: 1396
EXE memory: 217016
vm memory: 8358
project memory: 2148
memory reserved for active actors on screen (32): 4616
memory reserved for dormant actors in map (256): 9216
OS/other estimated: 105472

Accounted memory chip: 287708
Accounted memory other: 349570
Accounted memory total: 637278

=== Possibly unused Actors ===
mouse_actor
mouse_actor_2

=== Codeblocks by compiled size ===
load_level: 568
do_teleport: 424
pre_startup: 354
flipscreen_smooth: 310 (Unused?)
mouse_actor_autogen_attack: 292
flipxymove: 278 (Unused?)
startup: 244
handle_right_click: 214
block_find: 206 (Unused?)
set_yresolution: 202
waitforframes: 194
check_talkpad: 192 (Unused?)
block_count: 178 (Unused?)
pause: 176 (Unused?)
flipymove: 162 (Unused?)
snap_to_screen: 158
pre_quit: 152
load_panel: 146
flipxmove: 142 (Unused?)
unload_level: 142
AUTOGEN_OUTOFSCREEN_snap_to_screen_snap_to_screen_snap_to_screen_snap_to_screen: 130
destroy_all_blocks: 128 (Unused?)
pre_load_level: 122
waitforfireup: 114
fadein: 112
waitforfiredown: 110
unload_panel: 106
load_panel_bottom: 96 (Unused?)
load_panel_top: 96 (Unused?)
destroy_child_actors: 94 (Unused?)
fadeout: 88
pre_anim5: 86 (Unused?)
waitforfirehit: 86
load_music: 78 (Unused?)
load_music_finish: 76
wrap_screen_bottom: 76 (Unused?)
wrap_screen_right: 76 (Unused?)
set_ntsc: 74 (Unused?)
flipscreen: 72 (Unused?)
wrap_screen_left: 72 (Unused?)
wrap_screen_top: 72 (Unused?)
quit: 70 (Unused?)
jump_actor: 66 (Unused?)
load_panel_finish: 66
unload_panel_bottom: 62
unload_panel_top: 62
destroy_all_actors: 60 (Unused?)
destroy_actor: 58
regenerate_screen: 58
destroy_block: 52 (Unused?)
return: 52 (Unused?)
regenerate_screen_wait: 46
shoot: 46
freeze_actor: 40 (Unused?)
unfreeze_actor: 40 (Unused?)
block_coll_force: 32 (Unused?)
block_coll_passthru: 32 (Unused?)
clear_block_collision: 32
vm_registers: 26 (Unused?)
debug_breakpoint: 26 (Unused?)
vm_constants_tile_properties: 26 (Unused?)
