Attack Data Original size 66 Crunched size 66
Default MD font Original size 2048 Crunched size 2048
Map event data for map1 Original size 20 Crunched size 20
Map header map1 Original size 11580 Crunched size 11580
Map block data for map1 Original size 544 Crunched size 76
Map path node data for map1 Original size 12 Crunched size 12
Map tile data  map1 Original size 544 Crunched size 92
Get Y lookup table map1 Original size 64 Crunched size 64
Default MD number font Original size 320 Crunched size 320
Project actors Original size 1000 Crunched size 1000
Project blocks Original size 208 Crunched size 208
Animation Frames Original size 192 Crunched size 192
Mega Drive header Original size 3660 Crunched size 3660
Images Original size 252 Crunched size 252
Panel  Original size 10292 Crunched size 10292
Animations Original size 144 Crunched size 144
Project patterns Original size 480 Crunched size 480
Streamed project patterns Original size 1056 Crunched size 1056
Pattern data for 1 Original size 2592 Crunched size 2592
Project sound Original size 24 Crunched size 24
Var Data Original size 16 Crunched size 16
Project virtual machine (codeblocks) Original size 7190 Crunched size 7190

=== Codeblocks by compiled size ===
load_level: 1012
set_yresolution: 448 (Unused?)
do_teleport: 362
flipscreen_smooth: 346 (Unused?)
flipxymove: 306 (Unused?)
on_button_press: 254
pause: 252 (Unused?)
on_button_pressed_update: 192
snap_to_screen: 190 (Unused?)
pre_startup: 188
flipymove: 174 (Unused?)
flipxmove: 158 (Unused?)
load_panel: 146
pre_quit: 146
destroy_all_blocks: 124 (Unused?)
unload_level: 114
load_panel_bottom: 96 (Unused?)
load_panel_top: 96 (Unused?)
waitforfireup: 94
unload_panel: 92
wrap_screen_bottom: 92 (Unused?)
wrap_screen_right: 92 (Unused?)
startup: 92
waitforfiredown: 90
wrap_screen_left: 88 (Unused?)
wrap_screen_top: 88 (Unused?)
flipscreen: 86 (Unused?)
pre_anim5: 86 (Unused?)
waitforfirehit: 86
fadeout: 84
waitforframes: 78
quit: 66 (Unused?)
destroy_all_actors: 62 (Unused?)
jump_actor: 62 (Unused?)
load_music: 62 (Unused?)
unload_panel_bottom: 62
unload_panel_top: 62
fadein: 58
load_panel_finish: 56
destroy_actor: 54
regenerate_screen: 52
return: 52 (Unused?)
destroy_block: 48 (Unused?)
regenerate_screen_wait: 42
debug_dump: 30 (Unused?)
vm_registers: 26 (Unused?)
vm_constants: 26 (Unused?)
debug_breakpoint: 26 (Unused?)
vm_constants_controlbits: 26 (Unused?)
vm_constants_notes: 26 (Unused?)
vm_constants_tile_properties: 26 (Unused?)
vm_constants_platform: 26 (Unused?)
