Compiled on Thursday, 8 May 2025 9:00:44 p.m.
Version string: SE2024.2.250507.23.16.EX

=== Misc ===
ImageFrames: 5
ImageFrame Data Size: 220
Maps and Asset Bundles Count: 2
Maps and Asset Bundles Data Size: 24
Actor Count: 4
Actor Data Size: 720
Block Count: 2
Block Data Size: 136
Anim5 Count: 0
Anim5 Data Size: 0
Sound Count: 1
Sound Data Size: 28
Teleporter Count: 1
Teleporter Data Size: 8
Animations Count: 5
Animations Data Size: 80
AnimationFrame Count: 6
AnimationFrame Data Size: 96
Sprites: 3
Sprites Data Size: 42
Attack Data: 2
Attack Data Size: 176
Misc data size: 50
=== Image optimisations ===
Panel (background color #000) Original size 1296 Crunched size 76
Panel scorpion_eng_splashscreen Original size 36792 Crunched size 3380
Parallax for background new_map_plx Original size 57076 Crunched size 8190
Panel (background)new_map_plx Original size 2052 Crunched size 440
Project virtual machine (codeblocks) Original size 10268 Crunched size 2972
Map actor data for new_map Original size 28 Crunched size 28
Header data for map new_map Original size 844 Crunched size 154
Tile data for map new_map (mem restrictions:None) Original size 5104 Crunched size 282
Asset bundle 0 (Core project asset bundle) Original size 2850 Crunched size 684
Asset bundle 1 (new_map) Original size 794 Crunched size 302
Misc Data (paths, hurt boxes etc) Original size 2 Crunched size 2
Project Header Original size 4408 Crunched size 1232
Project Data Original size 1582 Crunched size 424
Project virtual machine redirects Original size 4 Crunched size 4

=== Accounted Memory Usage ===
(Note that this isn't a full account of memory usage, just the memory we can account for)

For chip:
Map gfx (Panel: scorpion_eng_splashscreen): 36792
Music memory (): 0
BP Buffer memory: 105216
Core sfx/gfx memory: 2850
Parallax memory: 57076
OS/other estimated: 99328

For other:
Map cache memory: 0
Map header cache memory: 0
Map actor cache memory: 0
Map data memory: 5104
Map background memory: 2052
EXE memory: 203968
vm memory: 10268
project memory: 1582
memory reserved for active actors on screen (32): 4616
memory reserved for dormant actors in map (128): 4608
OS/other estimated: 105472

Accounted memory chip: 301262
Accounted memory other: 337670
Accounted memory total: 638932

=== Codeblocks by compiled size ===
level_manager: 1412
load_level: 550
pre_startup: 422
do_teleport: 402
flipscreen_smooth: 310 (Unused?)
flipxymove: 278 (Unused?)
player_autogen_attack: 278
load_next_level: 252 (Unused?)
block_find: 206 (Unused?)
set_yresolution: 202
waitforframes: 194
check_talkpad: 192 (Unused?)
pause: 184 (Unused?)
startup: 182
block_count: 178 (Unused?)
flipymove: 162 (Unused?)
pre_quit: 160
snap_to_screen: 158
load_panel: 146
flipxmove: 142 (Unused?)
unload_level: 142
AUTOGEN_OUTOFSCREEN_snap_to_screen_snap_to_screen_snap_to_screen_snap_to_screen: 130
AUTOGEN_OUTOFSCREEN_destroy_actor_destroy_actor_destroy_actor_destroy_actor: 130
destroy_all_blocks: 128 (Unused?)
restart_this_level: 128 (Unused?)
pre_load_level: 122
palette_cycle: 118
fadein: 112
unload_panel: 106
AUTOGEN_OUTOFSCREEN_destroy_actor_destroy_actor_None_destroy_actor: 106
waitforfireup: 102
waitforfiredown: 98
load_panel_bottom: 96 (Unused?)
load_panel_top: 96 (Unused?)
destroy_child_actors: 94 (Unused?)
fadeout: 88
pre_anim5: 86 (Unused?)
waitforfirehit: 86
load_music: 78 (Unused?)
load_music_finish: 76
wrap_screen_bottom: 76 (Unused?)
wrap_screen_right: 76 (Unused?)
set_ntsc: 74 (Unused?)
flipscreen: 72 (Unused?)
wrap_screen_left: 72 (Unused?)
wrap_screen_top: 72 (Unused?)
quit: 70
jump_actor: 66 (Unused?)
load_panel_finish: 66
unload_panel_bottom: 62
unload_panel_top: 62
destroy_all_actors: 60 (Unused?)
destroy_actor: 58
regenerate_screen: 58
playerhitboss: 58
destroy_block: 52 (Unused?)
return: 52 (Unused?)
regenerate_screen_wait: 46
freeze_actor: 40 (Unused?)
unfreeze_actor: 40 (Unused?)
block_coll_force: 32 (Unused?)
block_coll_passthru: 32 (Unused?)
clear_block_collision: 32
vm_registers: 26 (Unused?)
debug_breakpoint: 26 (Unused?)
vm_constants_tile_properties: 26 (Unused?)
