=== Image optimisations ===

=== Estimated memory usages ===

For chip:
Map gfx (level gfx bundle 1 ): 38240
Music memory: 0
BP Buffer memory: 131520
core sfx/gfx memory: 3608
Parallax memory: 57600

For other:
Map cache memory: 0
Map header cache memory: 0
Map data memory: 5068
Map background memory: 2672
EXE memory: 211020
vm memory: 7104
project memory: 2872

Accounted memory chip: 230968
Accounted memory other: 228736
Accounted memory total: 459704

=== Misc ===
Maps and Asset Bundles Count: 2
Maps and Asset Bundles Data Size: 24
Actor Count: 4
Actor Data Size: 1184
Block Count: 2
Block Data Size: 104
Anim5 Count: 1
Anim5 Data Size: 1036
Sound Count: 1
Sound Data Size: 32
Teleporter Count: 1
Teleporter Data Size: 8
Animations Count: 4
Animations Data Size: 64
AnimationFrame Count: 5
AnimationFrame Data Size: 80
ImageFrames: 5
ImageFrame Data Size: 340
Asset bundle 0 (Core project asset bundle) Original size 3608 Crunched size 674
Asset bundle 1 (new_map) Original size 38240 Crunched size 17656
Background for map new_map Original size 2672 Crunched size 398
Tile data for map new_map (mem restrictions:None) Original size 5068 Crunched size 956
Header data for map new_map Original size 8756 Crunched size 264
Parallax for map new_map Original size 57600 Crunched size 8218
Project Data Original size 2872 Crunched size 420
Project Header Original size 4040 Crunched size 1190
Panel scorpion_eng_splashscreen Original size 37090 Crunched size 3292
Project virtual machine (codeblocks) Original size 7104 Crunched size 2008
Project virtual machine redirects Original size 4 Crunched size 4
