Crunching song.mod as 1.mus. Original size: 78332. Crunched size: 46572
Actor Count: 14
Actor Data Size: 3696
Block Count: 13
Block Data Size: 676
Anim5 Count: 1
Anim5 Data Size: 4
Sound Count: 7
Sound Data Size: 56
Teleporter Count: 1
Teleporter Data Size: 8
Animations Count: 33
Animations Data Size: 528
AnimationFrame Count: 56
AnimationFrame Data Size: 3584
Crunching Panel pnl_title as 1.img. Original size: 42198. Crunched size: 7106
Crunching Project virtual machine (codeblocks) as project.vm. Original size: 2348. Crunched size: 874
Crunching Data for map level1 as 1.map. Original size: 47840. Crunched size: 2630
Crunching Data for map level2 as 2.map. Original size: 35412. Crunched size: 1854
Crunching Asset bundle 0 as 0.gfx. Original size: 36928. Crunched size: 16302
Crunching Asset bundle 1 as 1.gfx. Original size: 5888. Crunched size: 2764
Crunching Asset bundle 2 as 2.gfx. Original size: 3712. Crunched size: 1352
Crunching Project data as project.dat. Original size: 8652. Crunched size: 2380
