MDS Bin file Original size 8202 Crunched size 8202
MDS Sequence file Original size 422 Crunched size 422
Project sound Original size 364 Crunched size 364
Default MD font Original size 2048 Crunched size 2048
Default MD number font Original size 320 Crunched size 320
Project virtual machine (codeblocks) Original size 12568 Crunched size 12568
Panel healthbar Original size 1098 Crunched size 1098
Project blocks Original size 1292 Crunched size 1292
Project patterns Original size 704 Crunched size 704
Pattern data for 1 Original size 250 Crunched size 250
Dynamic pattern data for 1 Original size 32 Crunched size 32
Map block data for map Original size 2132 Crunched size 39
Map path node data for map Original size 12 Crunched size 12
Map event data for map Original size 32 Crunched size 32
Map block data for map3 Original size 468 Crunched size 11
MDS PCM file Original size 48187 Crunched size 48187
Panel  Original size 10332 Crunched size 10332
Panel theend Original size 4188 Crunched size 4188
Panel title Original size 12884 Crunched size 12884
Project actors Original size 5452 Crunched size 5452
Map header map Original size 10232 Crunched size 10232
Get Y lookup table map Original size 104 Crunched size 104
Map tile data  map Original size 2132 Crunched size 101
Pattern data for 2 Original size 276 Crunched size 276
Dynamic pattern data for 2 Original size 32 Crunched size 32
Map header map2 Original size 22712 Crunched size 22712
Get Y lookup table map2 Original size 208 Crunched size 208
Map tile data  map2 Original size 9672 Crunched size 646
Map block data for map2 Original size 9672 Crunched size 286
Map path node data for map2 Original size 12 Crunched size 12
Map event data for map2 Original size 32 Crunched size 32
Map animation data formap2 Original size 1596 Crunched size 1596
Pattern data for 3 Original size 228 Crunched size 228
Dynamic pattern data for 3 Original size 32 Crunched size 32
Map header map3 Original size 8440 Crunched size 8440
Get Y lookup table map3 Original size 104 Crunched size 104
Map tile data  map3 Original size 468 Crunched size 35
Map path node data for map3 Original size 12 Crunched size 12
Map event data for map3 Original size 32 Crunched size 32
Project name table Original size 1184 Crunched size 1184
Streamed project patterns Original size 40352 Crunched size 40352
Images Original size 4344 Crunched size 4344
Animations Original size 816 Crunched size 816
Animation Frames Original size 2672 Crunched size 2672
Mega Drive header Original size 2894 Crunched size 2894
Teleporters Original size 8 Crunched size 8
Var Data Original size 16 Crunched size 16
Attack Data Original size 66 Crunched size 66

=== Possibly unused Actors ===
blackness
blackness_endcutscene
bug
eleblock
man
man_end1
pickup_glove
pickup_hat

=== Possibly unused sound effects ===
jumpa
push

=== Codeblocks by compiled size ===
load_level: 686
startup: 482
on_exit: 390
set_yresolution: 386 (Unused?)
elephant_handler: 384
do_teleport: 348
on_eleblock_collide: 314 (Unused?)
flipscreen_smooth: 306 (Unused?)
walljump: 298
function_bomblava: 272
flipxymove: 250 (Unused?)
on_angerduck_collide: 250
on_buttonpress: 240
slime_collide: 202
on_duck_collide: 194
waitforframes: 186
pre_startup: 182
endcutscene_theend: 174
check_talkpad: 168 (Unused?)
snap_to_screen: 158 (Unused?)
endcutscene: 156
flipymove: 146 (Unused?)
load_panel: 146
pre_quit: 144 (Unused?)
flipxmove: 130
pause: 126 (Unused?)
on_hurt: 122
destroy_all_blocks: 120 (Unused?)
duck_decision: 120
load_music: 118
pre_load_level: 118
unload_level: 114
on_buglazer_collide: 112
on_barsopen: 110
endcutscene_dark2: 108
waitforfireup: 106
slime_slide: 106
on_hatcollect: 104
fadein: 102
waitforfiredown: 102
endcutscene_guyleft: 98
load_panel_bottom: 96 (Unused?)
load_panel_top: 96
unload_panel: 92
destroy_child_actors: 90 (Unused?)
endcutscene_endbow: 90
pre_anim5: 86 (Unused?)
waitforfirehit: 86
fadeout: 84
wrap_screen_bottom: 76 (Unused?)
wrap_screen_right: 76 (Unused?)
on_glovecollect: 76
wrap_screen_left: 72 (Unused?)
wrap_screen_top: 72 (Unused?)
flipscreen: 70 (Unused?)
duck_die_finish: 70
endcutscene_finaljump: 70
endcutscene_landed: 70
on_blackness_spawn: 70
on_bomb: 70
on_buglazer_hitground: 70
on_player_spawn: 70
on_duck_spawn: 66
load_music_finish: 64
jump_actor: 62 (Unused?)
unload_panel_bottom: 62
unload_panel_top: 62
on_buglazer_hit: 60
on_hurtstars_end: 60
on_buglazer_shoot: 58
destroy_all_actors: 56 (Unused?)
load_panel_finish: 56
try_walljump: 56
destroy_actor: 54
duck_cooldown: 54
endcutscene_dark1: 54
endcutscene_inbed: 54
on_end_walkcycle: 54
regenerate_screen: 52
return: 52 (Unused?)
player_hit_lava: 52
destroy_block: 48 (Unused?)
quit: 46 (Unused?)
zzz_testkeyboard: 44
regenerate_screen_wait: 42
testplatformland: 42
freeze_actor: 36 (Unused?)
unfreeze_actor: 36 (Unused?)
block_coll_force: 32 (Unused?)
block_coll_passthru: 32 (Unused?)
vm_registers: 26 (Unused?)
vm_constants: 26 (Unused?)
debug_breakpoint: 26 (Unused?)
vm_constants_audiodriver: 26 (Unused?)
vm_constants_controlbits: 26 (Unused?)
vm_constants_notes: 26 (Unused?)
vm_constants_platform: 26 (Unused?)
vm_constants_tile_properties: 26 (Unused?)
