=== Image optimisations ===

=== Estimated memory usages ===

For chip:
Map gfx (Panel: title): 52210
Music memory (vampire_ninjas_in_1_001124): 20900
BP Buffer memory: 112800
core sfx/gfx memory: 137384
Parallax memory: 0
OS/other estimated: 99328

For other:
Map cache memory: 0
Map header cache memory: 0
Map data memory: 48980
Map background memory: 1396
EXE memory: 210108
vm memory: 12538
project memory: 18194
memory reserved for active actors on screen (32): 4744
memory reserved for dormant actors in map (256): 9216
OS/other estimated: 105472

Accounted memory chip: 528094
Accounted memory other: 305176
Accounted memory total: 833270

=== Misc ===
Maps and Asset Bundles Count: 4
Maps and Asset Bundles Data Size: 48
Actor Count: 29
Actor Data Size: 5452
Block Count: 19
Block Data Size: 1292
Anim5 Count: 0
Anim5 Data Size: 0
Sound Count: 13
Sound Data Size: 364
Teleporter Count: 1
Teleporter Data Size: 8
Animations Count: 51
Animations Data Size: 816
AnimationFrame Count: 167
AnimationFrame Data Size: 2672
ImageFrames: 145
ImageFrame Data Size: 6380
Sprites: 77
Sprites Data Size: 1078
Attack Data: 1
Attack Data Size: 66
Misc data size: 16
Music file vampire_ninjas_in_1_001124 Original size 20900 Crunched size 8204
Panel scorpion_eng_splashscreen Original size 35158 Crunched size 3258
Panel healthbar Original size 4456 Crunched size 238
Panel theend Original size 12898 Crunched size 290
Panel title Original size 52210 Crunched size 8964
Header data for map map Original size 7992 Crunched size 292
Tile data for map map (mem restrictions:None) Original size 10928 Crunched size 748
Background for map map Original size 1396 Crunched size 80
Header data for map map2 Original size 7992 Crunched size 340
Tile data for map map2 (mem restrictions:None) Original size 48980 Crunched size 3634
Background for map map2 Original size 1396 Crunched size 80
Header data for map map3 Original size 7992 Crunched size 272
Tile data for map map3 (mem restrictions:None) Original size 2608 Crunched size 406
Background for map map3 Original size 1396 Crunched size 80
Asset bundle 0 (Core project asset bundle) Original size 137384 Crunched size 50966
Asset bundle 1 (map) Original size 5440 Crunched size 1950
Asset bundle 2 (map2) Original size 18104 Crunched size 2938
Asset bundle 3 (map3) Original size 4960 Crunched size 1744
Project Header Original size 4036 Crunched size 1196
Project Data Original size 18194 Crunched size 5406
Project virtual machine (codeblocks) Original size 12538 Crunched size 3574
Project virtual machine redirects Original size 4 Crunched size 4

=== Possibly unused Actors ===
blackness
blackness_endcutscene
bug
eleblock
man
man_end1
pickup_glove
pickup_hat

=== Possibly unused sound effects ===
jumpa
push

=== Codeblocks by compiled size ===
load_level: 986
startup: 490
set_yresolution: 446 (Unused?)
elephant_handler: 384
do_teleport: 320
on_eleblock_collide: 314 (Unused?)
flipscreen_smooth: 306 (Unused?)
walljump: 298
on_exit: 294
pre_startup: 290
function_bomblava: 272
pause: 252 (Unused?)
flipxymove: 250 (Unused?)
on_angerduck_collide: 250
on_buttonpress: 240
slime_collide: 202
on_duck_collide: 194
waitforframes: 186
endcutscene_theend: 174
snap_to_screen: 158 (Unused?)
flipymove: 146 (Unused?)
load_panel: 146
pre_quit: 144
flipxmove: 130
on_hurt: 122
destroy_all_blocks: 120 (Unused?)
duck_decision: 120
load_music: 118
pre_load_level: 118
unload_level: 114
on_buglazer_collide: 112
on_barsopen: 110
endcutscene: 108
endcutscene_dark2: 108
waitforfireup: 106
slime_slide: 106
on_hatcollect: 104
waitforfiredown: 102
endcutscene_guyleft: 98
load_panel_bottom: 96 (Unused?)
load_panel_top: 96
unload_panel: 92
endcutscene_endbow: 90
pre_anim5: 86 (Unused?)
waitforfirehit: 86
fadeout: 84
wrap_screen_bottom: 76 (Unused?)
wrap_screen_right: 76 (Unused?)
on_glovecollect: 76
wrap_screen_left: 72 (Unused?)
wrap_screen_top: 72 (Unused?)
flipscreen: 70 (Unused?)
duck_die_finish: 70
endcutscene_finaljump: 70
endcutscene_landed: 70
on_blackness_spawn: 70
on_bomb: 70
on_buglazer_hitground: 70
on_player_spawn: 70
quit: 66
on_duck_spawn: 66
jump_actor: 62 (Unused?)
unload_panel_bottom: 62
unload_panel_top: 62
on_buglazer_hit: 60
on_hurtstars_end: 60
fadein: 58
on_buglazer_shoot: 58
destroy_all_actors: 56 (Unused?)
load_panel_finish: 56
try_walljump: 56
destroy_actor: 54
duck_cooldown: 54
endcutscene_dark1: 54
endcutscene_inbed: 54
on_end_walkcycle: 54
load_music_finish: 52
regenerate_screen: 52
return: 52 (Unused?)
player_hit_lava: 52
destroy_block: 48 (Unused?)
zzz_testkeyboard: 44
regenerate_screen_wait: 42
testplatformland: 42
vm_registers: 26 (Unused?)
vm_constants: 26 (Unused?)
debug_breakpoint: 26 (Unused?)
vm_constants_controlbits: 26 (Unused?)
vm_constants_notes: 26 (Unused?)
vm_constants_platform: 26 (Unused?)
vm_constants_tile_properties: 26 (Unused?)
