Compiled on Sunday, 25 May 2025 9:02:28 p.m.
Version string: SE2024.2.250518.20.03.EX

=== Misc ===
ImageFrames: 166
ImageFrame Data Size: 7304
Maps and Asset Bundles Count: 4
Maps and Asset Bundles Data Size: 48
Actor Count: 29
Actor Data Size: 5220
Block Count: 19
Block Data Size: 1292
Anim5 Count: 0
Anim5 Data Size: 0
Sound Count: 13
Sound Data Size: 364
Teleporter Count: 1
Teleporter Data Size: 8
Animations Count: 51
Animations Data Size: 816
AnimationFrame Count: 167
AnimationFrame Data Size: 2672
Sprites: 77
Sprites Data Size: 1078
Attack Data: 2
Attack Data Size: 176
Misc data size: 176
=== Image optimisations ===
Music file vampire_ninjas_in_1_001124 Original size 20900 Crunched size 8204
Panel (background color #000) Original size 1296 Crunched size 76
Panel scorpion_eng_splashscreen Original size 36792 Crunched size 3380
Panel healthbar Original size 3424 Crunched size 194
Panel bobs healthbar Original size 104 Crunched size 94
Panel theend Original size 10752 Crunched size 278
Panel title Original size 46648 Crunched size 8464
Panel bobs title Original size 904 Crunched size 280
Project virtual machine (codeblocks) Original size 13680 Crunched size 3720
Map actor data for map Original size 140 Crunched size 102
Header data for map map Original size 844 Crunched size 180
Tile data for map map (mem restrictions:None) Original size 10940 Crunched size 756
Map actor data for map2 Original size 336 Crunched size 152
Header data for map map2 Original size 844 Crunched size 184
Tile data for map map2 (mem restrictions:None) Original size 48992 Crunched size 3692
Map actor data for map3 Original size 56 Crunched size 56
Header data for map map3 Original size 844 Crunched size 178
Tile data for map map3 (mem restrictions:None) Original size 2620 Crunched size 422
Asset bundle 0 (Core project asset bundle) Original size 137256 Crunched size 50992
Asset bundle 1 (map) Original size 5156 Crunched size 1938
Asset bundle 2 (map2) Original size 17822 Crunched size 2930
Asset bundle 3 (map3) Original size 4688 Crunched size 1736
Misc Data (paths, hurt boxes etc) Original size 2 Crunched size 2
Project Header Original size 4408 Crunched size 1244
Project Data Original size 19156 Crunched size 5872
Project virtual machine redirects Original size 4 Crunched size 4

=== Accounted Memory Usage ===
(Note that this isn't a full account of memory usage, just the memory we can account for)

For chip:
Map gfx (Panel: title): 46648
Music memory (vampire_ninjas_in_1_001124): 20900
BP Buffer memory: 112800
Core sfx/gfx memory: 137256
Parallax memory: 0
OS/other estimated: 99328

For other:
Map cache memory: 3692
Map header cache memory: 184
Map actor cache memory: 152
Map data memory: 48992
Map background memory: 1296
EXE memory: 204056
vm memory: 13680
project memory: 19156
memory reserved for active actors on screen (32): 4616
memory reserved for dormant actors in map (128): 4608
OS/other estimated: 105472

Accounted memory chip: 416932
Accounted memory other: 405904
Accounted memory total: 822836

=== Possibly unused sound effects ===
jumpa
push

=== Codeblocks by compiled size ===
load_level: 550
startup: 540
on_eleblock_collide: 450 (Unused?)
pre_startup: 422
do_teleport: 402
on_exit: 386
walljump: 332
flipscreen_smooth: 310 (Unused?)
function_bomblava: 308
on_angerduck_collide: 300
flipxymove: 278 (Unused?)
on_buttonpress: 258
load_next_level: 252 (Unused?)
on_duck_collide: 240
slime_collide: 230
block_find: 206 (Unused?)
set_yresolution: 202
waitforframes: 194
endcutscene_theend: 194
check_talkpad: 192 (Unused?)
pause: 184 (Unused?)
block_count: 178 (Unused?)
flipymove: 162 (Unused?)
pre_quit: 160
snap_to_screen: 158 (Unused?)
endcutscene: 154
load_panel: 146
on_hurt: 146
flipxmove: 142
unload_level: 142
duck_decision: 142
destroy_all_blocks: 128 (Unused?)
restart_this_level: 128 (Unused?)
on_buglazer_collide: 126
pre_load_level: 122
on_hatcollect: 122
endcutscene_guyleft: 116
slime_slide: 114
fadein: 112
endcutscene_dark2: 110
on_barsopen: 110
unload_panel: 106
waitforfireup: 102
waitforfiredown: 98
endcutscene_endbow: 98
load_panel_bottom: 96 (Unused?)
load_panel_top: 96
destroy_child_actors: 94 (Unused?)
on_glovecollect: 90
fadeout: 88
pre_anim5: 86 (Unused?)
waitforfirehit: 86
duck_die_finish: 84
on_bomb: 84
on_buglazer_hitground: 84
load_music: 78
endcutscene_finaljump: 78
endcutscene_landed: 78
load_music_finish: 76
wrap_screen_bottom: 76 (Unused?)
wrap_screen_right: 76 (Unused?)
set_ntsc: 74 (Unused?)
on_blackness_spawn: 74
on_player_spawn: 74
try_walljump: 74
flipscreen: 72 (Unused?)
wrap_screen_left: 72 (Unused?)
wrap_screen_top: 72 (Unused?)
on_buglazer_shoot: 72
quit: 70
on_duck_spawn: 70
player_hit_lava: 70
jump_actor: 66 (Unused?)
load_panel_finish: 66
on_buglazer_hit: 64
on_hurtstars_end: 64
unload_panel_bottom: 62
unload_panel_top: 62
destroy_all_actors: 60 (Unused?)
destroy_actor: 58
regenerate_screen: 58
duck_cooldown: 58
endcutscene_dark1: 58
endcutscene_inbed: 58
on_end_walkcycle: 58
destroy_block: 52 (Unused?)
return: 52 (Unused?)
separate_player_from_actor: 52
regenerate_screen_wait: 46
freeze_actor: 40 (Unused?)
unfreeze_actor: 40 (Unused?)
block_coll_force: 32 (Unused?)
block_coll_passthru: 32 (Unused?)
clear_block_collision: 32
vm_registers: 26 (Unused?)
debug_breakpoint: 26 (Unused?)
vm_constants_tile_properties: 26 (Unused?)
