Compiled on Wednesday, 17 July 2024 3:14:42 p.m.
Version string: SE2024.1.240716.23.57.EX

ImageFrames: 124
ImageFrame Data Size: 5486
Actor Count: 29
Actor Data Size: 5220
Animations Count: 51
Animations Data Size: 816
AnimationFrame Count: 167
AnimationFrame Data Size: 2672
Music file vampire_ninjas_in_1_001124 Original size 20900 Crunched size 8204
Project virtual machine (codeblocks) Original size 13846 Crunched size 13846
Panel  Original size 3118 Crunched size 3118
Panel healthbar Original size 990 Crunched size 990
Panel theend Original size 3118 Crunched size 3118
Panel title Original size 3174 Crunched size 3174
Project blocks Original size 1292 Crunched size 1292
Images Original size 5486 Crunched size 5486
Project actors Original size 5220 Crunched size 5220
Map block data for map Original size 2132 Crunched size 2132
Header data for map map Original size 8000 Crunched size 8000
Map tile data  map Original size 2132 Crunched size 2132
Tile data for map map (mem restrictions:None) Original size 4480 Crunched size 4480
Map event data for map Original size 40 Crunched size 40
Get Y lookup table map Original size 104 Crunched size 104
Map path node data for map Original size 12 Crunched size 12
Map block data for map2 Original size 9672 Crunched size 9672
Header data for map map2 Original size 8000 Crunched size 8000
Map tile data  map2 Original size 9672 Crunched size 9672
Tile data for map map2 (mem restrictions:None) Original size 29440 Crunched size 29440
Map event data for map2 Original size 40 Crunched size 40
Get Y lookup table map2 Original size 208 Crunched size 208
Map path node data for map2 Original size 12 Crunched size 12
Map block data for map3 Original size 468 Crunched size 468
Header data for map map3 Original size 8000 Crunched size 8000
Map tile data  map3 Original size 468 Crunched size 468
Tile data for map map3 (mem restrictions:None) Original size 896 Crunched size 896
Map event data for map3 Original size 40 Crunched size 40
Get Y lookup table map3 Original size 104 Crunched size 104
Map path node data for map3 Original size 12 Crunched size 12
Animations Original size 816 Crunched size 816
Animation Frames Original size 2672 Crunched size 2672
Project sound Original size 364 Crunched size 364
Misc Data (paths, hurt boxes etc) Original size 2 Crunched size 2
Project Header Original size 2902 Crunched size 2902
Var Data Original size 14 Crunched size 14
Attack Data Original size 176 Crunched size 176
Teleporters Original size 8 Crunched size 8

=== Accounted Memory Usage ===
(Note that this isn't a full account of memory usage, just the memory we can account for)
RAM reserved for level tiles: (largest level: map2): 19344
memory reserved for active actors on screen (32): 4616
memory reserved for dormant actors in map (256): 9216

Total: 33176 bytes

=== Possibly unused Actors ===
blackness
blackness_endcutscene
bug
eleblock
man
man_end1
pickup_glove
pickup_hat

=== Possibly unused sound effects ===
jumpa
push

=== Codeblocks by compiled size ===
startup: 558
load_level: 528
elephant_handler: 460
on_eleblock_collide: 450 (Unused?)
on_exit: 430
do_teleport: 404
walljump: 332
flipscreen_smooth: 310 (Unused?)
function_bomblava: 308
on_angerduck_collide: 300
pre_startup: 298
flipxymove: 278 (Unused?)
on_buttonpress: 270
set_yresolution: 256 (Unused?)
on_duck_collide: 240
slime_collide: 230
block_find: 206 (Unused?)
waitforframes: 194
man_autogen_attack: 184
block_count: 178 (Unused?)
endcutscene_theend: 178
endcutscene: 176
check_talkpad: 172 (Unused?)
flipymove: 162 (Unused?)
snap_to_screen: 158 (Unused?)
pre_quit: 152 (Unused?)
load_panel: 146
flipxmove: 142
unload_level: 142
on_hurt: 140
pause: 138 (Unused?)
duck_decision: 136
destroy_all_blocks: 128 (Unused?)
on_buglazer_collide: 126
pre_load_level: 122
on_barsopen: 122
on_hatcollect: 122
endcutscene_dark2: 120
endcutscene_guyleft: 116
waitforfireup: 114
slime_slide: 114
fadein: 112
waitforfiredown: 110
endcutscene_endbow: 108
unload_panel: 106
load_panel_bottom: 96 (Unused?)
load_panel_top: 96
destroy_child_actors: 94 (Unused?)
on_glovecollect: 90
fadeout: 88
pre_anim5: 86 (Unused?)
waitforfirehit: 86
duck_die_finish: 84
on_bomb: 84
on_buglazer_hitground: 84
endcutscene_finaljump: 78
endcutscene_landed: 78
load_music_finish: 76
wrap_screen_bottom: 76 (Unused?)
wrap_screen_right: 76 (Unused?)
on_blackness_spawn: 74
on_player_spawn: 74
try_walljump: 74
flipscreen: 72 (Unused?)
wrap_screen_left: 72 (Unused?)
wrap_screen_top: 72 (Unused?)
on_buglazer_shoot: 72
on_duck_spawn: 70
player_hit_lava: 70
jump_actor: 66 (Unused?)
load_panel_finish: 66
on_buglazer_hit: 64
on_hurtstars_end: 64
load_music: 62
unload_panel_bottom: 62
unload_panel_top: 62
destroy_all_actors: 60 (Unused?)
destroy_actor: 58
regenerate_screen: 58
duck_cooldown: 58
endcutscene_dark1: 58
endcutscene_inbed: 58
on_end_walkcycle: 58
destroy_block: 52 (Unused?)
return: 52 (Unused?)
quit: 50 (Unused?)
regenerate_screen_wait: 46
zzz_testkeyboard: 44
testplatformland: 42
freeze_actor: 40 (Unused?)
unfreeze_actor: 40 (Unused?)
block_coll_force: 32 (Unused?)
block_coll_passthru: 32 (Unused?)
clear_block_collision: 32
vm_registers: 26 (Unused?)
debug_breakpoint: 26 (Unused?)
set_ntsc: 26 (Unused?)
vm_constants_tile_properties: 26 (Unused?)
