Compiled on Sunday, 25 May 2025 9:33:48 p.m.
Version string: SE2024.2.250518.20.03.EX

ImageFrame Data Size: 4150
Actor Count: 29
Actor Data Size: 5220
Animations Count: 51
Animations Data Size: 816
AnimationFrame Count: 167
AnimationFrame Data Size: 2672
MDS Bin file Original size 8202 Crunched size 8202
MDS Sequence file Original size 422 Crunched size 422
Project sound Original size 364 Crunched size 364
Default MD font Original size 2048 Crunched size 2048
Panel healthbar Original size 1098 Crunched size 1098
Project patterns Original size 66 Crunched size 66
Map tile data  map Original size 2132 Crunched size 101
Pattern data for 1 Original size 256 Crunched size 256
Map event data for map Original size 44 Crunched size 44
Get Y lookup table map Original size 104 Crunched size 104
Map path node data for map Original size 12 Crunched size 12
Map actor data for map Original size 140 Crunched size 38
Map block data for map Original size 2132 Crunched size 39
Pattern data for 2 Original size 276 Crunched size 276
Map event data for map2 Original size 44 Crunched size 44
Map path node data for map2 Original size 12 Crunched size 12
Map actor data for map2 Original size 336 Crunched size 75
Map tile data  map3 Original size 468 Crunched size 35
Map event data for map3 Original size 44 Crunched size 44
Map path node data for map3 Original size 12 Crunched size 12
Map actor data for map3 Original size 56 Crunched size 19
Misc Data (paths, hurt boxes etc) Original size 2 Crunched size 2
MDS PCM file Original size 48187 Crunched size 48187
Project virtual machine (codeblocks) Original size 15352 Crunched size 15352
Panel  Original size 10362 Crunched size 10362
Panel theend Original size 4026 Crunched size 4026
Panel title Original size 11762 Crunched size 11762
Project blocks Original size 1292 Crunched size 1292
Images Original size 4150 Crunched size 4150
Project actors Original size 5220 Crunched size 5220
Tile data for map map (mem restrictions:None) Original size 2240 Crunched size 2240
Header data for map map Original size 844 Crunched size 844
Map tile data  map2 Original size 9672 Crunched size 646
Tile data for map map2 (mem restrictions:None) Original size 14720 Crunched size 14720
Get Y lookup table map2 Original size 208 Crunched size 208
Map animation data formap2 Original size 1596 Crunched size 1596
Header data for map map2 Original size 844 Crunched size 844
Map block data for map2 Original size 9672 Crunched size 286
Tile data for map map3 (mem restrictions:None) Original size 448 Crunched size 448
Pattern data for 3 Original size 234 Crunched size 234
Get Y lookup table map3 Original size 104 Crunched size 104
Header data for map map3 Original size 844 Crunched size 844
Map block data for map3 Original size 468 Crunched size 11
Project name table Original size 1184 Crunched size 1184
Streamed project patterns Original size 38656 Crunched size 38656
Animations Original size 816 Crunched size 816
Animation Frames Original size 2672 Crunched size 2672
Project Header Original size 3266 Crunched size 3266
Var Data Original size 176 Crunched size 176
Attack Data Original size 176 Crunched size 176
Teleporters Original size 8 Crunched size 8

=== Accounted Memory Usage ===
(Note that this isn't a full account of memory usage, just the memory we can account for)
RAM reserved for level tiles: (largest level: map2): 19344
memory reserved for active actors on screen (32): 4616
memory reserved for dormant actors in map (128): 4608

Total: 28568 bytes

=== Possibly unused sound effects ===
jumpa
push

=== Codeblocks by compiled size ===
load_level: 510
startup: 480
on_eleblock_collide: 450 (Unused?)
set_yresolution: 390 (Unused?)
on_exit: 386
do_teleport: 382
pre_startup: 360
walljump: 332
flipscreen_smooth: 310 (Unused?)
function_bomblava: 308
on_angerduck_collide: 300
flipxymove: 278 (Unused?)
on_buttonpress: 258
load_next_level: 252 (Unused?)
on_duck_collide: 240
slime_collide: 230
block_find: 206 (Unused?)
waitforframes: 194
endcutscene_theend: 194
block_count: 178 (Unused?)
check_talkpad: 172 (Unused?)
flipymove: 162 (Unused?)
pre_quit: 160 (Unused?)
snap_to_screen: 158 (Unused?)
endcutscene: 154
load_panel: 146
on_hurt: 146
flipxmove: 142
unload_level: 142
duck_decision: 142
pause: 138 (Unused?)
destroy_all_blocks: 128 (Unused?)
restart_this_level: 128 (Unused?)
on_buglazer_collide: 126
pre_load_level: 122
on_hatcollect: 122
endcutscene_guyleft: 116
slime_slide: 114
fadein: 112
endcutscene_dark2: 110
on_barsopen: 110
unload_panel: 106
waitforfireup: 102
waitforfiredown: 98
endcutscene_endbow: 98
load_panel_bottom: 96 (Unused?)
load_panel_top: 96
destroy_child_actors: 94 (Unused?)
on_glovecollect: 90
fadeout: 88
pre_anim5: 86 (Unused?)
waitforfirehit: 86
duck_die_finish: 84
on_bomb: 84
on_buglazer_hitground: 84
endcutscene_finaljump: 78
endcutscene_landed: 78
load_music_finish: 76
wrap_screen_bottom: 76 (Unused?)
wrap_screen_right: 76 (Unused?)
on_blackness_spawn: 74
on_player_spawn: 74
try_walljump: 74
flipscreen: 72 (Unused?)
wrap_screen_left: 72 (Unused?)
wrap_screen_top: 72 (Unused?)
on_buglazer_shoot: 72
load_music: 70 (Unused?)
on_duck_spawn: 70
player_hit_lava: 70
jump_actor: 66 (Unused?)
load_panel_finish: 66
on_buglazer_hit: 64
on_hurtstars_end: 64
unload_panel_bottom: 62
unload_panel_top: 62
destroy_all_actors: 60 (Unused?)
destroy_actor: 58
regenerate_screen: 58
duck_cooldown: 58
endcutscene_dark1: 58
endcutscene_inbed: 58
on_end_walkcycle: 58
destroy_block: 52 (Unused?)
return: 52 (Unused?)
separate_player_from_actor: 52
quit: 50 (Unused?)
regenerate_screen_wait: 46
freeze_actor: 40 (Unused?)
unfreeze_actor: 40 (Unused?)
block_coll_force: 32 (Unused?)
block_coll_passthru: 32 (Unused?)
clear_block_collision: 32
vm_registers: 26 (Unused?)
debug_breakpoint: 26 (Unused?)
set_ntsc: 26
vm_constants_tile_properties: 26 (Unused?)
