=== Image optimisations ===

=== Estimated memory usages ===

For chip:
Map gfx (Panel: scorpion_eng_splashscreen): 35930
Music memory: 0
BP Buffer memory: 131040
core sfx/gfx memory: 5600
Parallax memory: 0

For other:
Map cache memory: 0
Map header cache memory: 0
Map data memory: 1604
Map background memory: 2672
EXE memory: 201336
vm memory: 8540
project memory: 2228

Accounted memory chip: 172570
Accounted memory other: 216380
Accounted memory total: 388950

=== Misc ===
Maps and Asset Bundles Count: 2
Maps and Asset Bundles Data Size: 24
Actor Count: 1
Actor Data Size: 216
Block Count: 19
Block Data Size: 988
Anim5 Count: 0
Anim5 Data Size: 0
Sound Count: 1
Sound Data Size: 32
Teleporter Count: 1
Teleporter Data Size: 8
Animations Count: 1
Animations Data Size: 16
AnimationFrame Count: 2
AnimationFrame Data Size: 32
ImageFrames: 20
ImageFrame Data Size: 880
Sprites: 1
Sprites Data Size: 14
Attack Data: 0
Attack Data Size: 0
Misc data size: 16
Asset bundle 0 (Core project asset bundle) Original size 5600 Crunched size 1138
Asset bundle 1 (new_map) Original size 480 Crunched size 66
Background for map new_map Original size 2672 Crunched size 92
Tile data for map new_map (mem restrictions:None) Original size 1604 Crunched size 224
Header data for map new_map Original size 7988 Crunched size 242
Project Data Original size 2228 Crunched size 374
Project Header Original size 4040 Crunched size 1186
Panel scorpion_eng_splashscreen Original size 35930 Crunched size 3266
Project virtual machine (codeblocks) Original size 8540 Crunched size 2314
Project virtual machine redirects Original size 4 Crunched size 4

Codeblocks by compiled size: 

load_level: 988
startup: 448
do_teleport: 362
flipscreen_smooth: 346
flipxymove: 306
movehead_down: 222
movehead_left: 222
movehead_right: 222
movehead_up: 222
movetail_down: 222
movetail_left: 222
movetail_right: 222
movetail_up: 222
set_yresolution: 200
snap_to_screen: 190
pre_startup: 188
flipymove: 174
pre_quit: 166
flipxmove: 158
load_panel: 146
func_movehead: 126
func_movetail: 126
destroy_all_blocks: 124
unload_level: 114
func_spawnfood: 114
load_panel_bottom: 96
load_panel_top: 96
waitforfirehit: 96
unload_panel: 92
wrap_screen_bottom: 92
wrap_screen_right: 92
wrap_screen_left: 88
wrap_screen_top: 88
flipscreen: 86
pre_anim5: 86
fadeout: 84
waitforframes: 78
quit: 66
destroy_all_actors: 62
jump_actor: 62
load_music: 62
unload_panel_bottom: 62
unload_panel_top: 62
load_panel_finish: 56
destroy_actor: 54
fadein: 52
regenerate_screen: 52
return: 52
destroy_block: 48
regenerate_screen_wait: 42
debug_dump: 30
vm_registers: 26
vm_constants: 26
vm_registers_amiga: 26
debug_breakpoint: 26
vm_constants_notes: 26
vm_constants_tile_properties: 26
constants: 26
