=== Image optimisations ===
Reduce width of anims\jump1.png by 1 pixels to 16 to reduce sprites by 2
Reduce width of anims\jump1.png by 1 pixels to 16 to reduce sprites by 2
Reduce width of anims\walk4.png by 1 pixels to 16 to reduce sprites by 2
Reduce width of anims\walk4.png by 1 pixels to 16 to reduce sprites by 2

=== Estimated memory usages ===

For chip:
Map gfx (Panel: scorpion_eng_splashscreen): 35934
Music memory (): 0
BP Buffer memory: 131520
core sfx/gfx memory: 3488
Parallax memory: 0

For other:
Map cache memory: 0
Map header cache memory: 0
Map data memory: 3260
Map background memory: 2672
EXE memory: 203028
vm memory: 7148
project memory: 2404

Accounted memory chip: 170942
Accounted memory other: 218512
Accounted memory total: 389454

=== Misc ===
Maps and Asset Bundles Count: 2
Maps and Asset Bundles Data Size: 24
Actor Count: 3
Actor Data Size: 600
Block Count: 2
Block Data Size: 104
Anim5 Count: 0
Anim5 Data Size: 0
Sound Count: 1
Sound Data Size: 24
Teleporter Count: 1
Teleporter Data Size: 8
Animations Count: 11
Animations Data Size: 176
AnimationFrame Count: 23
AnimationFrame Data Size: 368
ImageFrames: 18
ImageFrame Data Size: 792
Sprites: 16
Sprites Data Size: 224
Attack Data: 1
Attack Data Size: 66
Misc data size: 16
Asset bundle 0 (Core project asset bundle) Original size 3488 Crunched size 1600
Asset bundle 1 (new_map) Original size 11532 Crunched size 2532
Background for map new_map Original size 2672 Crunched size 92
Tile data for map new_map (mem restrictions:None) Original size 3260 Crunched size 626
Header data for map new_map Original size 7996 Crunched size 244
Project Data Original size 2404 Crunched size 648
Project Header Original size 4032 Crunched size 1188
Panel scorpion_eng_splashscreen Original size 35934 Crunched size 3268
Project virtual machine (codeblocks) Original size 7148 Crunched size 2188
Project virtual machine redirects Original size 4 Crunched size 4

=== Codeblocks by compiled size ===
load_level: 1012
set_yresolution: 448 (Unused?)
do_teleport: 362
flipscreen_smooth: 346 (Unused?)
flipxymove: 306 (Unused?)
pause: 252 (Unused?)
pre_startup: 194
snap_to_screen: 190
flipymove: 174 (Unused?)
flipxmove: 158 (Unused?)
load_panel: 146
pre_quit: 146
ladder_enter: 144
ladder_climb_handler: 130 (Unused?)
destroy_all_blocks: 124 (Unused?)
ladder_exit: 122
unload_level: 114
startup: 102
load_panel_bottom: 96 (Unused?)
load_panel_top: 96 (Unused?)
waitforfireup: 94
unload_panel: 92
wrap_screen_bottom: 92 (Unused?)
wrap_screen_right: 92 (Unused?)
waitforfiredown: 90
wrap_screen_left: 88 (Unused?)
wrap_screen_top: 88 (Unused?)
flipscreen: 86 (Unused?)
pre_anim5: 86 (Unused?)
waitforfirehit: 86
fadeout: 84
waitforframes: 78
quit: 66 (Unused?)
destroy_all_actors: 62 (Unused?)
jump_actor: 62 (Unused?)
load_music: 62 (Unused?)
unload_panel_bottom: 62
unload_panel_top: 62
fadein: 58
load_panel_finish: 56
destroy_actor: 54
regenerate_screen: 52
return: 52 (Unused?)
destroy_block: 48 (Unused?)
regenerate_screen_wait: 42
debug_dump: 30 (Unused?)
vm_registers: 26 (Unused?)
vm_constants: 26 (Unused?)
debug_breakpoint: 26 (Unused?)
vm_constants_controlbits: 26 (Unused?)
vm_constants_notes: 26 (Unused?)
vm_constants_tile_properties: 26 (Unused?)
vm_constants_platform: 26 (Unused?)
