=== Image optimisations ===

=== Estimated memory usages ===

For chip:
Map gfx (level gfx bundle 1 ): 107520
Music memory: 0
BP Buffer memory: 132960
core sfx/gfx memory: 22984
Parallax memory: 0

For other:
Map cache memory: 0
Map header cache memory: 0
Map data memory: 7236
Map background memory: 2672
EXE memory: 201336
vm memory: 11016
project memory: 7872

Accounted memory chip: 263464
Accounted memory other: 230132
Accounted memory total: 493596

=== Misc ===
Maps and Asset Bundles Count: 2
Maps and Asset Bundles Data Size: 24
Actor Count: 14
Actor Data Size: 3024
Block Count: 1
Block Data Size: 52
Anim5 Count: 0
Anim5 Data Size: 0
Sound Count: 4
Sound Data Size: 128
Teleporter Count: 1
Teleporter Data Size: 8
Animations Count: 42
Animations Data Size: 672
AnimationFrame Count: 68
AnimationFrame Data Size: 1088
ImageFrames: 55
ImageFrame Data Size: 2420
Sprites: 1
Sprites Data Size: 14
Attack Data: 6
Attack Data Size: 396
Misc data size: 44
Asset bundle 0 (Core project asset bundle) Original size 22984 Crunched size 9820
Asset bundle 1 (map) Original size 107520 Crunched size 50198
Background for map map Original size 2672 Crunched size 92
Tile data for map map (mem restrictions:No_Blocks) Original size 7236 Crunched size 2066
Header data for map map Original size 7988 Crunched size 300
Project Data Original size 7872 Crunched size 2102
Project Header Original size 4040 Crunched size 1192
Panel scorpion_eng_splashscreen Original size 35930 Crunched size 3266
Panel scorepanel Original size 6070 Crunched size 552
Panel talkpad Original size 25770 Crunched size 4026
Panel titlepanel Original size 47408 Crunched size 11632
Project virtual machine (codeblocks) Original size 11016 Crunched size 3132
Project virtual machine redirects Original size 4 Crunched size 4

Codeblocks by compiled size: 

load_level: 988
startup: 824
season_next: 572
fallbottom: 452
update_season: 370
do_teleport: 362
flipscreen_smooth: 346
flipxymove: 306
pumpkin_hit: 286
shoot_lazer_dir: 234
push_actor: 214
push_player: 214
snowball_hit: 204
set_yresolution: 200
snap_to_screen: 190
pre_startup: 188
flipymove: 174
pre_quit: 166
flipxmove: 158
reset_seasonchanger: 148
load_panel: 146
shoot_lazer: 144
shoot_snowball: 138
destroy_all_blocks: 124
unload_level: 114
collider_with_player: 112
orb_bottom: 106
orb_left: 106
orb_right: 106
orb_top: 106
keep_onscreen: 98
load_panel_bottom: 96
load_panel_top: 96
waitforfirehit: 96
shoot_pumpkin: 94
unload_panel: 92
wrap_screen_bottom: 92
wrap_screen_right: 92
wrap_screen_left: 88
wrap_screen_top: 88
wrap_bottom: 88
flipscreen: 86
pre_anim5: 86
fadeout: 84
spawn_player2: 80
wrap_top: 80
waitforframes: 78
wrap_left: 74
wrap_right: 74
quit: 66
destroy_all_actors: 62
jump_actor: 62
load_music: 62
unload_panel_bottom: 62
unload_panel_top: 62
load_panel_finish: 56
destroy_actor: 54
post_move: 54
pre_move: 54
pumpkin_vanish: 54
fadein: 52
regenerate_screen: 52
return: 52
destroy_block: 48
regenerate_screen_wait: 42
debug_dump: 30
vm_registers: 26
vm_constants: 26
vm_registers_amiga: 26
debug_breakpoint: 26
vm_constants_notes: 26
vm_constants_tile_properties: 26
