Crunching bedappol_00111231125261_nocounter.mod as 1.mus. Original size: 86022. Crunched size: 58914
Actor Count: 3
Actor Data Size: 780
Block Count: 243
Block Data Size: 12636
Anim5 Count: 1
Anim5 Data Size: 4
Sound Count: 1
Sound Data Size: 8
Teleporter Count: 1
Teleporter Data Size: 8
Animations Count: 11
Animations Data Size: 176
AnimationFrame Count: 18
AnimationFrame Data Size: 1152
Crunching Panel title as 1.img. Original size: 46194. Crunched size: 2730
Crunching Project graphics as project.gfx. Original size: 8080. Crunched size: 2840
Crunching Project virtual machine (codeblocks) as project.vm. Original size: 1580. Crunched size: 640
Crunching Data for map new_map as 1.map. Original size: 391128. Crunched size: 50864
Crunching GFX tiles for map new_map as 1.gfx. Original size: 32. Crunched size: 32
Crunching Project data as project.dat. Original size: 14844. Crunched size: 2134
