=== Image optimisations ===

=== Estimated memory usages ===

For chip:
Map gfx (Panel: scorpion_eng_splashscreen): 35160
Music memory (): 0
BP Buffer memory: 131520
core sfx/gfx memory: 20588
Parallax memory: 0
OS/other estimated: 99328

For other:
Map cache memory: 0
Map header cache memory: 0
Map data memory: 2908
Map background memory: 1400
EXE memory: 210300
vm memory: 8198
project memory: 2172
memory reserved for active actors on screen (32): 4744
memory reserved for dormant actors in map (256): 9216
OS/other estimated: 105472

Accounted memory chip: 392068
Accounted memory other: 238938
Accounted memory total: 631006

=== Misc ===
Maps and Asset Bundles Count: 2
Maps and Asset Bundles Data Size: 24
Actor Count: 5
Actor Data Size: 940
Block Count: 4
Block Data Size: 272
Anim5 Count: 0
Anim5 Data Size: 0
Sound Count: 2
Sound Data Size: 56
Teleporter Count: 1
Teleporter Data Size: 8
Animations Count: 9
Animations Data Size: 144
AnimationFrame Count: 12
AnimationFrame Data Size: 192
ImageFrames: 10
ImageFrame Data Size: 440
Sprites: 1
Sprites Data Size: 14
Attack Data: 1
Attack Data Size: 66
Misc data size: 14
Panel scorpion_eng_splashscreen Original size 35160 Crunched size 3262
Header data for map map1 Original size 7996 Crunched size 246
Tile data for map map1 (mem restrictions:None) Original size 2908 Crunched size 562
Background for map map1 Original size 1400 Crunched size 82
Asset bundle 0 (Core project asset bundle) Original size 20588 Crunched size 12180
Asset bundle 1 (map1) Original size 9408 Crunched size 3032
Project Header Original size 4036 Crunched size 1188
Project Data Original size 2172 Crunched size 478
Project virtual machine (codeblocks) Original size 8198 Crunched size 2442
Project virtual machine redirects Original size 4 Crunched size 4

=== Possibly unused sound effects ===
jet

=== Codeblocks by compiled size ===
load_level: 764
set_yresolution: 458 (Unused?)
do_teleport: 424
flipscreen_smooth: 310 (Unused?)
on_button_press: 300
flipxymove: 278 (Unused?)
pre_startup: 204
waitforframes: 194
check_talkpad: 192 (Unused?)
on_button_pressed_update: 186
pause: 176 (Unused?)
flipymove: 162 (Unused?)
snap_to_screen: 158 (Unused?)
pre_quit: 152
startup: 150
load_panel: 146
flipxmove: 142 (Unused?)
unload_level: 142
load_music: 130 (Unused?)
destroy_all_blocks: 124 (Unused?)
pre_load_level: 122
waitforfireup: 114
fadein: 112
waitforfiredown: 110
unload_panel: 106
load_panel_bottom: 96 (Unused?)
load_panel_top: 96 (Unused?)
destroy_child_actors: 94 (Unused?)
fadeout: 88
pre_anim5: 86 (Unused?)
waitforfirehit: 86
load_music_finish: 76
wrap_screen_bottom: 76 (Unused?)
wrap_screen_right: 76 (Unused?)
set_ntsc: 74 (Unused?)
flipscreen: 72 (Unused?)
wrap_screen_left: 72 (Unused?)
wrap_screen_top: 72 (Unused?)
quit: 70 (Unused?)
jump_actor: 66 (Unused?)
load_panel_finish: 66
unload_panel_bottom: 62
unload_panel_top: 62
destroy_all_actors: 60 (Unused?)
destroy_actor: 58
regenerate_screen: 58
destroy_block: 52 (Unused?)
return: 52 (Unused?)
regenerate_screen_wait: 46
freeze_actor: 40 (Unused?)
unfreeze_actor: 40 (Unused?)
block_coll_force: 32 (Unused?)
block_coll_passthru: 32 (Unused?)
clear_block_collision: 32
vm_registers: 26 (Unused?)
vm_constants: 26 (Unused?)
debug_breakpoint: 26 (Unused?)
hardware_amiga: 26 (Unused?)
hardware_megadrive: 26 (Unused?)
vm_constants_audiodriver: 26 (Unused?)
vm_constants_controlbits: 26 (Unused?)
vm_constants_notes: 26 (Unused?)
vm_constants_platform: 26 (Unused?)
vm_constants_tile_properties: 26 (Unused?)
