MDS Bin file Original size 8202 Crunched size 8202
MDS Sequence file Original size 48 Crunched size 48
Project sound Original size 56 Crunched size 56
Default MD font Original size 2048 Crunched size 2048
Default MD number font Original size 320 Crunched size 320
Project virtual machine (codeblocks) Original size 7576 Crunched size 7576
Project blocks Original size 272 Crunched size 272
Project actors Original size 940 Crunched size 940
Project patterns Original size 224 Crunched size 224
Pattern data for 1 Original size 246 Crunched size 246
Dynamic pattern data for 1 Original size 32 Crunched size 32
Get Y lookup table map1 Original size 64 Crunched size 64
Map tile data  map1 Original size 544 Crunched size 33
Map block data for map1 Original size 544 Crunched size 21
Map path node data for map1 Original size 12 Crunched size 12
Map event data for map1 Original size 32 Crunched size 32
Project name table Original size 496 Crunched size 496
Streamed project patterns Original size 3648 Crunched size 3648
Images Original size 208 Crunched size 208
Animations Original size 144 Crunched size 144
Animation Frames Original size 192 Crunched size 192
Mega Drive header Original size 2894 Crunched size 2894
Teleporters Original size 8 Crunched size 8
Var Data Original size 16 Crunched size 16
MDS PCM file Original size 7656 Crunched size 7656
Panel  Original size 10332 Crunched size 10332
Map header map1 Original size 8888 Crunched size 8888
Attack Data Original size 66 Crunched size 66

=== Possibly unused sound effects ===
jet

=== Codeblocks by compiled size ===
load_level: 686
set_yresolution: 386 (Unused?)
do_teleport: 348
flipscreen_smooth: 306 (Unused?)
on_button_press: 276
flipxymove: 250 (Unused?)
waitforframes: 186
pre_startup: 182
on_button_pressed_update: 170
check_talkpad: 168 (Unused?)
snap_to_screen: 158 (Unused?)
flipymove: 146 (Unused?)
load_panel: 146
pre_quit: 144 (Unused?)
flipxmove: 130 (Unused?)
startup: 130
pause: 126 (Unused?)
destroy_all_blocks: 120 (Unused?)
load_music: 118 (Unused?)
pre_load_level: 118
unload_level: 114
waitforfireup: 106
fadein: 102
waitforfiredown: 102
load_panel_bottom: 96 (Unused?)
load_panel_top: 96 (Unused?)
unload_panel: 92
destroy_child_actors: 90 (Unused?)
pre_anim5: 86 (Unused?)
waitforfirehit: 86
fadeout: 84
wrap_screen_bottom: 76 (Unused?)
wrap_screen_right: 76 (Unused?)
wrap_screen_left: 72 (Unused?)
wrap_screen_top: 72 (Unused?)
flipscreen: 70 (Unused?)
load_music_finish: 64
jump_actor: 62 (Unused?)
unload_panel_bottom: 62
unload_panel_top: 62
destroy_all_actors: 56 (Unused?)
load_panel_finish: 56
destroy_actor: 54
regenerate_screen: 52
return: 52 (Unused?)
destroy_block: 48 (Unused?)
quit: 46 (Unused?)
regenerate_screen_wait: 42
freeze_actor: 36 (Unused?)
unfreeze_actor: 36 (Unused?)
block_coll_force: 32 (Unused?)
block_coll_passthru: 32 (Unused?)
vm_registers: 26 (Unused?)
vm_constants: 26 (Unused?)
debug_breakpoint: 26 (Unused?)
vm_constants_audiodriver: 26 (Unused?)
vm_constants_controlbits: 26 (Unused?)
vm_constants_notes: 26 (Unused?)
vm_constants_platform: 26 (Unused?)
vm_constants_tile_properties: 26 (Unused?)
