=== Image optimisations ===
Reduce width of sprites\player.png by 8 pixels to 16 to reduce sprites by 2
Reduce width of sprites\spinner1.png by 12 pixels to 16 to improve blit performance by 200.00%
Reduce width of sprites\spinner2.png by 12 pixels to 16 to improve blit performance by 200.00%
Reduce width of sprites\spinner3.png by 12 pixels to 16 to improve blit performance by 200.00%
Reduce width of sprites\spinner4.png by 12 pixels to 16 to improve blit performance by 200.00%

=== Estimated memory usages ===

For chip:
Map gfx (Panel: scorpion_eng_splashscreen): 35930
Music memory: 0
BP Buffer memory: 105600
core sfx/gfx memory: 6808
Parallax memory: 27588

For other:
Map cache memory: 0
Map header cache memory: 0
Map data memory: 4116
Map background memory: 2672
EXE memory: 201336
vm memory: 7674
project memory: 2488

Accounted memory chip: 175926
Accounted memory other: 218286
Accounted memory total: 394212

=== Misc ===
Maps and Asset Bundles Count: 2
Maps and Asset Bundles Data Size: 24
Actor Count: 5
Actor Data Size: 1080
Block Count: 1
Block Data Size: 52
Anim5 Count: 0
Anim5 Data Size: 0
Sound Count: 1
Sound Data Size: 32
Teleporter Count: 1
Teleporter Data Size: 8
Animations Count: 6
Animations Data Size: 96
AnimationFrame Count: 14
AnimationFrame Data Size: 224
ImageFrames: 14
ImageFrame Data Size: 616
Sprites: 9
Sprites Data Size: 126
Attack Data: 3
Attack Data Size: 198
Misc data size: 30
Asset bundle 0 (Core project asset bundle) Original size 6808 Crunched size 3420
Asset bundle 1 (level1) Original size 5760 Crunched size 2216
Background for map level1 Original size 2672 Crunched size 302
Tile data for map level1 (mem restrictions:No_Blocks) Original size 4116 Crunched size 446
Header data for map level1 Original size 7988 Crunched size 252
Parallax for map level1 Original size 27588 Crunched size 4306
Project Data Original size 2488 Crunched size 672
Project Header Original size 4040 Crunched size 1190
Panel scorpion_eng_splashscreen Original size 35930 Crunched size 3266
Project virtual machine (codeblocks) Original size 7674 Crunched size 2230
Project virtual machine redirects Original size 4 Crunched size 4

Codeblocks by compiled size: 

load_level: 988
handler_spinner: 512
startup: 442
do_teleport: 362
level1code: 350
flipscreen_smooth: 346
flipxymove: 306
set_yresolution: 200
snap_to_screen: 190
pre_startup: 188
flipymove: 174
pre_quit: 166
flipxmove: 158
handler_drone: 156
load_panel: 146
spawn_wave: 146
destroy_all_blocks: 124
unload_level: 114
projectile_hit: 104
load_panel_bottom: 96
load_panel_top: 96
waitforfirehit: 96
unload_panel: 92
wrap_screen_bottom: 92
wrap_screen_right: 92
wrap_screen_left: 88
wrap_screen_top: 88
flipscreen: 86
pre_anim5: 86
fadeout: 84
waitforframes: 78
quit: 66
destroy_all_actors: 62
jump_actor: 62
load_music: 62
unload_panel_bottom: 62
unload_panel_top: 62
load_panel_finish: 56
destroy_actor: 54
fadein: 52
regenerate_screen: 52
return: 52
destroy_block: 48
regenerate_screen_wait: 42
spawn_player: 42
debug_dump: 30
vm_registers: 26
vm_constants: 26
vm_registers_amiga: 26
debug_breakpoint: 26
vm_constants_notes: 26
vm_constants_tile_properties: 26
