=== Image optimisations ===

=== Estimated memory usages ===

For chip:
Map gfx (Panel: scorpion_eng_splashscreen): 35930
Music memory (): 0
BP Buffer memory: 131040
core sfx/gfx memory: 5600
Parallax memory: 0

For other:
Map cache memory: 0
Map header cache memory: 0
Map data memory: 1616
Map background memory: 2672
EXE memory: 202600
vm memory: 9278
project memory: 2160

Accounted memory chip: 172570
Accounted memory other: 218326
Accounted memory total: 390896

=== Misc ===
Maps and Asset Bundles Count: 2
Maps and Asset Bundles Data Size: 24
Actor Count: 1
Actor Data Size: 200
Block Count: 19
Block Data Size: 988
Anim5 Count: 0
Anim5 Data Size: 0
Sound Count: 1
Sound Data Size: 24
Teleporter Count: 1
Teleporter Data Size: 8
Animations Count: 1
Animations Data Size: 16
AnimationFrame Count: 2
AnimationFrame Data Size: 32
ImageFrames: 19
ImageFrame Data Size: 836
Sprites: 1
Sprites Data Size: 14
Attack Data: 0
Attack Data Size: 0
Misc data size: 16
Asset bundle 0 (Core project asset bundle) Original size 5600 Crunched size 1138
Asset bundle 1 (new_map) Original size 480 Crunched size 66
Background for map new_map Original size 2672 Crunched size 92
Tile data for map new_map (mem restrictions:None) Original size 1616 Crunched size 222
Header data for map new_map Original size 7996 Crunched size 244
Project Data Original size 2160 Crunched size 374
Project Header Original size 4032 Crunched size 1184
Panel scorpion_eng_splashscreen Original size 35930 Crunched size 3268
Project virtual machine (codeblocks) Original size 9278 Crunched size 2596
Project virtual machine redirects Original size 4 Crunched size 4

=== Codeblocks by compiled size ===
load_level: 1012
set_yresolution: 448 (Unused?)
startup: 448
do_teleport: 362
flipscreen_smooth: 346 (Unused?)
flipxymove: 306 (Unused?)
pause: 252 (Unused?)
movehead_down: 222
movehead_left: 222
movehead_right: 222
movehead_up: 222
movetail_down: 222
movetail_left: 222
movetail_right: 222
movetail_up: 222
snap_to_screen: 190 (Unused?)
pre_startup: 188
flipymove: 174 (Unused?)
flipxmove: 158 (Unused?)
load_panel: 146
pre_quit: 146
func_movehead: 126
func_movetail: 126
destroy_all_blocks: 124 (Unused?)
unload_level: 114
func_spawnfood: 114
load_panel_bottom: 96 (Unused?)
load_panel_top: 96 (Unused?)
waitforfireup: 94
unload_panel: 92
wrap_screen_bottom: 92 (Unused?)
wrap_screen_right: 92 (Unused?)
waitforfiredown: 90
wrap_screen_left: 88 (Unused?)
wrap_screen_top: 88 (Unused?)
flipscreen: 86 (Unused?)
pre_anim5: 86 (Unused?)
waitforfirehit: 86
fadeout: 84
waitforframes: 78
quit: 66 (Unused?)
destroy_all_actors: 62 (Unused?)
jump_actor: 62 (Unused?)
load_music: 62 (Unused?)
unload_panel_bottom: 62
unload_panel_top: 62
fadein: 58
load_panel_finish: 56
destroy_actor: 54
regenerate_screen: 52
return: 52 (Unused?)
destroy_block: 48 (Unused?)
regenerate_screen_wait: 42
debug_dump: 30 (Unused?)
vm_registers: 26 (Unused?)
vm_constants: 26 (Unused?)
debug_breakpoint: 26 (Unused?)
vm_constants_controlbits: 26 (Unused?)
vm_constants_notes: 26 (Unused?)
vm_constants_tile_properties: 26 (Unused?)
vm_constants_platform: 26 (Unused?)
constants: 26 (Unused?)
