=== Image optimisations ===

=== Estimated memory usages ===

For chip:
Map gfx (Panel: scorpion_eng_splashscreen): 35930
Music memory (): 0
BP Buffer memory: 135840
core sfx/gfx memory: 4
Parallax memory: 49408

For other:
Map cache memory: 0
Map header cache memory: 0
Map data memory: 14832
Map background memory: 3296
EXE memory: 202600
vm memory: 6942
project memory: 432

Accounted memory chip: 221182
Accounted memory other: 228102
Accounted memory total: 449284

=== Misc ===
Maps and Asset Bundles Count: 2
Maps and Asset Bundles Data Size: 24
Actor Count: 1
Actor Data Size: 200
Block Count: 1
Block Data Size: 52
Anim5 Count: 0
Anim5 Data Size: 0
Sound Count: 1
Sound Data Size: 24
Teleporter Count: 1
Teleporter Data Size: 8
Animations Count: 1
Animations Data Size: 16
AnimationFrame Count: 2
AnimationFrame Data Size: 32
ImageFrames: 1
ImageFrame Data Size: 44
Sprites: 1
Sprites Data Size: 14
Attack Data: 0
Attack Data Size: 0
Misc data size: 16
Asset bundle 0 (Core project asset bundle) Original size 4 Crunched size 4
Asset bundle 1 (map1) Original size 21120 Crunched size 12458
Background for map map1 Original size 3296 Crunched size 772
Tile data for map map1 (mem restrictions:No_Blocks) Original size 14832 Crunched size 1518
Header data for map map1 Original size 7996 Crunched size 228
Parallax for map map1 Original size 49408 Crunched size 14194
Project Data Original size 432 Crunched size 84
Project Header Original size 4032 Crunched size 1184
Panel scorpion_eng_splashscreen Original size 35930 Crunched size 3268
Panel talkpad Original size 16014 Crunched size 2580
Project virtual machine (codeblocks) Original size 6942 Crunched size 2208
Project virtual machine redirects Original size 4 Crunched size 4

=== Codeblocks by compiled size ===
load_level: 1012
set_yresolution: 448
do_teleport: 362
flipscreen_smooth: 346 (Unused?)
flipxymove: 306 (Unused?)
pause: 252 (Unused?)
startup: 196
snap_to_screen: 190 (Unused?)
pre_startup: 188
flipymove: 174 (Unused?)
flipxmove: 158 (Unused?)
load_panel: 146
pre_quit: 146
destroy_all_blocks: 124 (Unused?)
unload_level: 114
load_panel_bottom: 96
load_panel_top: 96 (Unused?)
waitforfireup: 94
unload_panel: 92
wrap_screen_bottom: 92 (Unused?)
wrap_screen_right: 92 (Unused?)
waitforfiredown: 90
camera_scroll_right: 90
wrap_screen_left: 88 (Unused?)
wrap_screen_top: 88 (Unused?)
flipscreen: 86 (Unused?)
pre_anim5: 86 (Unused?)
waitforfirehit: 86
fadeout: 84
waitforframes: 78
quit: 66 (Unused?)
destroy_all_actors: 62 (Unused?)
jump_actor: 62 (Unused?)
load_music: 62 (Unused?)
unload_panel_bottom: 62
unload_panel_top: 62
fadein: 58
load_panel_finish: 56
destroy_actor: 54
regenerate_screen: 52
return: 52 (Unused?)
destroy_block: 48 (Unused?)
regenerate_screen_wait: 42
debug_dump: 30 (Unused?)
vm_registers: 26 (Unused?)
vm_constants: 26 (Unused?)
debug_breakpoint: 26 (Unused?)
vm_constants_controlbits: 26 (Unused?)
vm_constants_notes: 26 (Unused?)
vm_constants_tile_properties: 26 (Unused?)
vm_constants_platform: 26 (Unused?)
