=== Image optimisations ===

=== Misc ===
Actor Count: 1
Actor Data Size: 292
Block Count: 19
Block Data Size: 988
Anim5 Count: 1
Anim5 Data Size: 4
Sound Count: 1
Sound Data Size: 16
Teleporter Count: 1
Teleporter Data Size: 8
Animations Count: 1
Animations Data Size: 16
AnimationFrame Count: 2
AnimationFrame Data Size: 136
Crunching Project virtual machine (codeblocks) as project.vm. Original size: 3442. Crunched size: 1014
Crunching Data for map new_map as 1.map. Original size: 13400. Crunched size: 398
Crunching Asset bundle 0 as 0.gfx. Original size: 5600. Crunched size: 1138
Crunching Asset bundle 1 as 1.gfx. Original size: 480. Crunched size: 66
Crunching Project data as project.dat. Original size: 4432. Crunched size: 1324
